[0.017s] Invoking command in '/home/hyoin/service/build/serial': CMAKE_PREFIX_PATH=/opt/ros/humble /usr/bin/cmake /home/hyoin/service/src/serial -DAMENT_CMAKE_SYMLINK_INSTALL=1 -DCMAKE_INSTALL_PREFIX=/home/hyoin/service/install/serial
[0.082s] -- The C compiler identification is GNU 11.4.0
[0.149s] -- The CXX compiler identification is GNU 11.4.0
[0.161s] -- Detecting C compiler ABI info
[0.223s] -- Detecting C compiler ABI info - done
[0.235s] -- Check for working C compiler: /usr/bin/cc - skipped
[0.235s] -- Detecting C compile features
[0.235s] -- Detecting C compile features - done
[0.238s] -- Detecting CXX compiler ABI info
[0.315s] -- Detecting CXX compiler ABI info - done
[0.326s] -- Check for working CXX compiler: /usr/bin/c++ - skipped
[0.326s] -- Detecting CXX compile features
[0.326s] -- Detecting CXX compile features - done
[0.327s] -- Found ament_cmake: 1.3.11 (/opt/ros/humble/share/ament_cmake/cmake)
[0.492s] -- Found Python3: /usr/bin/python3 (found version "3.10.12") found components: Interpreter 
[0.565s] -- Override CMake install command with custom implementation using symlinks instead of copying resources
[0.596s] -- Found ament_cmake_gtest: 1.3.11 (/opt/ros/humble/share/ament_cmake_gtest/cmake)
[0.599s] -- Found gtest sources under '/opt/ros/humble/src/gtest_vendor': C++ tests using 'Google Test' will be built
[0.602s] -- Looking for pthread.h
[0.675s] -- Looking for pthread.h - found
[0.676s] -- Performing Test CMAKE_HAVE_LIBC_PTHREAD
[0.767s] -- Performing Test CMAKE_HAVE_LIBC_PTHREAD - Success
[0.767s] -- Found Threads: TRUE  
[0.991s] -- Configuring done
[1.018s] -- Generating done
[1.029s] -- Build files have been written to: /home/hyoin/service/build/serial
[1.039s] Invoked command in '/home/hyoin/service/build/serial' returned '0': CMAKE_PREFIX_PATH=/opt/ros/humble /usr/bin/cmake /home/hyoin/service/src/serial -DAMENT_CMAKE_SYMLINK_INSTALL=1 -DCMAKE_INSTALL_PREFIX=/home/hyoin/service/install/serial
[1.039s] Invoking command in '/home/hyoin/service/build/serial': CMAKE_PREFIX_PATH=/opt/ros/humble /usr/bin/cmake --build /home/hyoin/service/build/serial -- -j8 -l8
[1.129s] [  7%] [32mBuilding CXX object CMakeFiles/serial.dir/src/impl/list_ports/list_ports_linux.cc.o[0m
[1.129s] [ 14%] [32mBuilding CXX object CMakeFiles/serial.dir/src/serial.cc.o[0m
[1.133s] [ 21%] [32mBuilding CXX object gtest/CMakeFiles/gtest_main.dir/src/gtest_main.cc.o[0m
[1.138s] [ 28%] [32mBuilding CXX object gtest/CMakeFiles/gtest.dir/src/gtest-all.cc.o[0m
[1.144s] [ 35%] [32mBuilding CXX object CMakeFiles/serial.dir/src/impl/unix.cc.o[0m
[1.857s] [ 42%] [32m[1mLinking CXX static library libserial.a[0m
[1.884s] [ 42%] Built target serial
[1.899s] [ 50%] [32mBuilding CXX object CMakeFiles/serial_example.dir/examples/serial_example.cc.o[0m
[2.082s] [ 57%] [32m[1mLinking CXX static library libgtest_main.a[0m
[2.112s] [ 57%] Built target gtest_main
[2.238s] [ 64%] [32m[1mLinking CXX executable serial_example[0m
[2.333s] [ 64%] Built target serial_example
[4.881s] [ 71%] [32m[1mLinking CXX static library libgtest.a[0m
[4.949s] [ 71%] Built target gtest
[4.991s] [ 78%] [32mBuilding CXX object tests/CMakeFiles/serial-test-timer.dir/unit/unix_timer_tests.cc.o[0m
[4.995s] [ 85%] [32mBuilding CXX object tests/CMakeFiles/serial-test.dir/unix_serial_tests.cc.o[0m
[6.449s] [ 92%] [32m[1mLinking CXX executable serial-test[0m
[6.762s] [ 92%] Built target serial-test
[6.768s] [100%] [32m[1mLinking CXX executable serial-test-timer[0m
[6.924s] [100%] Built target serial-test-timer
[6.936s] Invoked command in '/home/hyoin/service/build/serial' returned '0': CMAKE_PREFIX_PATH=/opt/ros/humble /usr/bin/cmake --build /home/hyoin/service/build/serial -- -j8 -l8
[6.937s] Invoking command in '/home/hyoin/service/build/serial': CMAKE_PREFIX_PATH=/opt/ros/humble /usr/bin/cmake --install /home/hyoin/service/build/serial
[6.942s] -- Install configuration: ""
[6.943s] -- Execute custom install script
[6.943s] -- Symlinking: /home/hyoin/service/install/serial/lib/libserial.a
[6.949s] -- Symlinking: /home/hyoin/service/install/serial/include/serial/impl/unix.h
[6.956s] -- Symlinking: /home/hyoin/service/install/serial/include/serial/impl/win.h
[6.962s] -- Symlinking: /home/hyoin/service/install/serial/include/serial/serial.h
[6.968s] -- Symlinking: /home/hyoin/service/install/serial/include/serial/v8stdint.h
[6.974s] -- Symlinking: /home/hyoin/service/install/serial/bin/serial_example
[6.980s] -- Symlinking: /home/hyoin/service/install/serial/share/serial/environment/library_path.sh
[6.985s] -- Symlinking: /home/hyoin/service/install/serial/share/serial/environment/library_path.dsv
[6.990s] -- Symlinking: /home/hyoin/service/install/serial/share/ament_index/resource_index/package_run_dependencies/serial
[6.996s] -- Symlinking: /home/hyoin/service/install/serial/share/ament_index/resource_index/parent_prefix_path/serial
[7.001s] -- Symlinking: /home/hyoin/service/install/serial/share/serial/environment/ament_prefix_path.sh
[7.007s] -- Symlinking: /home/hyoin/service/install/serial/share/serial/environment/ament_prefix_path.dsv
[7.012s] -- Symlinking: /home/hyoin/service/install/serial/share/serial/environment/path.sh
[7.017s] -- Symlinking: /home/hyoin/service/install/serial/share/serial/environment/path.dsv
[7.022s] -- Symlinking: /home/hyoin/service/install/serial/share/serial/local_setup.bash
[7.028s] -- Symlinking: /home/hyoin/service/install/serial/share/serial/local_setup.sh
[7.033s] -- Symlinking: /home/hyoin/service/install/serial/share/serial/local_setup.zsh
[7.038s] -- Symlinking: /home/hyoin/service/install/serial/share/serial/local_setup.dsv
[7.043s] -- Symlinking: /home/hyoin/service/install/serial/share/serial/package.dsv
[7.049s] -- Symlinking: /home/hyoin/service/install/serial/share/ament_index/resource_index/packages/serial
[7.054s] -- Symlinking: /home/hyoin/service/install/serial/share/serial/cmake/ament_cmake_export_include_directories-extras.cmake
[7.059s] -- Symlinking: /home/hyoin/service/install/serial/share/serial/cmake/ament_cmake_export_libraries-extras.cmake
[7.066s] -- Symlinking: /home/hyoin/service/install/serial/share/serial/cmake/serialConfig.cmake
[7.071s] -- Symlinking: /home/hyoin/service/install/serial/share/serial/cmake/serialConfig-version.cmake
[7.076s] -- Symlinking: /home/hyoin/service/install/serial/share/serial/package.xml
[7.084s] Invoked command in '/home/hyoin/service/build/serial' returned '0': CMAKE_PREFIX_PATH=/opt/ros/humble /usr/bin/cmake --install /home/hyoin/service/build/serial
