[0.067s] DEBUG:colcon:Command line arguments: ['/usr/bin/colcon', 'build', '--symlink-install']
[0.067s] DEBUG:colcon:Parsed command line arguments: Namespace(log_base=None, log_level=None, verb_name='build', build_base='build', install_base='install', merge_install=False, symlink_install=True, test_result_base=None, continue_on_error=False, executor='parallel', parallel_workers=8, event_handlers=None, ignore_user_meta=False, metas=['./colcon.meta'], base_paths=['.'], packages_ignore=None, packages_ignore_regex=None, paths=None, packages_up_to=None, packages_up_to_regex=None, packages_above=None, packages_above_and_dependencies=None, packages_above_depth=None, packages_select_by_dep=None, packages_skip_by_dep=None, packages_skip_up_to=None, packages_select_build_failed=False, packages_skip_build_finished=False, packages_select_test_failures=False, packages_skip_test_passed=False, packages_select=None, packages_skip=None, packages_select_regex=None, packages_skip_regex=None, packages_start=None, packages_end=None, allow_overriding=[], cmake_args=None, cmake_target=None, cmake_target_skip_unavailable=False, cmake_clean_cache=False, cmake_clean_first=False, cmake_force_configure=False, ament_cmake_args=None, catkin_cmake_args=None, catkin_skip_building_tests=False, verb_parser=<colcon_defaults.argument_parser.defaults.DefaultArgumentsDecorator object at 0x7a9f5d439150>, verb_extension=<colcon_core.verb.build.BuildVerb object at 0x7a9f5d438a90>, main=<bound method BuildVerb.main of <colcon_core.verb.build.BuildVerb object at 0x7a9f5d438a90>>)
[0.168s] Level 1:colcon.colcon_core.package_discovery:discover_packages(colcon_meta) check parameters
[0.168s] Level 1:colcon.colcon_core.package_discovery:discover_packages(recursive) check parameters
[0.168s] Level 1:colcon.colcon_core.package_discovery:discover_packages(ignore) check parameters
[0.168s] Level 1:colcon.colcon_core.package_discovery:discover_packages(path) check parameters
[0.168s] Level 1:colcon.colcon_core.package_discovery:discover_packages(colcon_meta) discover
[0.168s] Level 1:colcon.colcon_core.package_discovery:discover_packages(recursive) discover
[0.169s] INFO:colcon.colcon_core.package_discovery:Crawling recursively for packages in '/home/hyoin/service'
[0.169s] Level 1:colcon.colcon_core.package_identification:_identify(.) by extensions ['ignore', 'ignore_ament_install']
[0.169s] Level 1:colcon.colcon_core.package_identification:_identify(.) by extension 'ignore'
[0.169s] Level 1:colcon.colcon_core.package_identification:_identify(.) by extension 'ignore_ament_install'
[0.169s] Level 1:colcon.colcon_core.package_identification:_identify(.) by extensions ['colcon_pkg']
[0.169s] Level 1:colcon.colcon_core.package_identification:_identify(.) by extension 'colcon_pkg'
[0.169s] Level 1:colcon.colcon_core.package_identification:_identify(.) by extensions ['colcon_meta']
[0.169s] Level 1:colcon.colcon_core.package_identification:_identify(.) by extension 'colcon_meta'
[0.169s] Level 1:colcon.colcon_core.package_identification:_identify(.) by extensions ['ros']
[0.169s] Level 1:colcon.colcon_core.package_identification:_identify(.) by extension 'ros'
[0.178s] Level 1:colcon.colcon_core.package_identification:_identify(.) by extensions ['cmake', 'python']
[0.178s] Level 1:colcon.colcon_core.package_identification:_identify(.) by extension 'cmake'
[0.178s] Level 1:colcon.colcon_core.package_identification:_identify(.) by extension 'python'
[0.178s] Level 1:colcon.colcon_core.package_identification:_identify(.) by extensions ['python_setup_py']
[0.178s] Level 1:colcon.colcon_core.package_identification:_identify(.) by extension 'python_setup_py'
[0.178s] Level 1:colcon.colcon_core.package_identification:_identify(build) by extensions ['ignore', 'ignore_ament_install']
[0.178s] Level 1:colcon.colcon_core.package_identification:_identify(build) by extension 'ignore'
[0.178s] Level 1:colcon.colcon_core.package_identification:_identify(build) ignored
[0.178s] Level 1:colcon.colcon_core.package_identification:_identify(install) by extensions ['ignore', 'ignore_ament_install']
[0.178s] Level 1:colcon.colcon_core.package_identification:_identify(install) by extension 'ignore'
[0.178s] Level 1:colcon.colcon_core.package_identification:_identify(install) ignored
[0.178s] Level 1:colcon.colcon_core.package_identification:_identify(log) by extensions ['ignore', 'ignore_ament_install']
[0.179s] Level 1:colcon.colcon_core.package_identification:_identify(log) by extension 'ignore'
[0.179s] Level 1:colcon.colcon_core.package_identification:_identify(log) ignored
[0.179s] Level 1:colcon.colcon_core.package_identification:_identify(src) by extensions ['ignore', 'ignore_ament_install']
[0.179s] Level 1:colcon.colcon_core.package_identification:_identify(src) by extension 'ignore'
[0.179s] Level 1:colcon.colcon_core.package_identification:_identify(src) by extension 'ignore_ament_install'
[0.179s] Level 1:colcon.colcon_core.package_identification:_identify(src) by extensions ['colcon_pkg']
[0.179s] Level 1:colcon.colcon_core.package_identification:_identify(src) by extension 'colcon_pkg'
[0.179s] Level 1:colcon.colcon_core.package_identification:_identify(src) by extensions ['colcon_meta']
[0.179s] Level 1:colcon.colcon_core.package_identification:_identify(src) by extension 'colcon_meta'
[0.179s] Level 1:colcon.colcon_core.package_identification:_identify(src) by extensions ['ros']
[0.179s] Level 1:colcon.colcon_core.package_identification:_identify(src) by extension 'ros'
[0.179s] Level 1:colcon.colcon_core.package_identification:_identify(src) by extensions ['cmake', 'python']
[0.179s] Level 1:colcon.colcon_core.package_identification:_identify(src) by extension 'cmake'
[0.179s] Level 1:colcon.colcon_core.package_identification:_identify(src) by extension 'python'
[0.179s] Level 1:colcon.colcon_core.package_identification:_identify(src) by extensions ['python_setup_py']
[0.179s] Level 1:colcon.colcon_core.package_identification:_identify(src) by extension 'python_setup_py'
[0.179s] Level 1:colcon.colcon_core.package_identification:_identify(src/md) by extensions ['ignore', 'ignore_ament_install']
[0.179s] Level 1:colcon.colcon_core.package_identification:_identify(src/md) by extension 'ignore'
[0.179s] Level 1:colcon.colcon_core.package_identification:_identify(src/md) by extension 'ignore_ament_install'
[0.179s] Level 1:colcon.colcon_core.package_identification:_identify(src/md) by extensions ['colcon_pkg']
[0.179s] Level 1:colcon.colcon_core.package_identification:_identify(src/md) by extension 'colcon_pkg'
[0.179s] Level 1:colcon.colcon_core.package_identification:_identify(src/md) by extensions ['colcon_meta']
[0.179s] Level 1:colcon.colcon_core.package_identification:_identify(src/md) by extension 'colcon_meta'
[0.179s] Level 1:colcon.colcon_core.package_identification:_identify(src/md) by extensions ['ros']
[0.179s] Level 1:colcon.colcon_core.package_identification:_identify(src/md) by extension 'ros'
[0.181s] DEBUG:colcon.colcon_core.package_identification:Package 'src/md' with type 'ros.ament_cmake' and name 'md'
[0.181s] Level 1:colcon.colcon_core.package_identification:_identify(src/serial) by extensions ['ignore', 'ignore_ament_install']
[0.181s] Level 1:colcon.colcon_core.package_identification:_identify(src/serial) by extension 'ignore'
[0.181s] Level 1:colcon.colcon_core.package_identification:_identify(src/serial) by extension 'ignore_ament_install'
[0.181s] Level 1:colcon.colcon_core.package_identification:_identify(src/serial) by extensions ['colcon_pkg']
[0.181s] Level 1:colcon.colcon_core.package_identification:_identify(src/serial) by extension 'colcon_pkg'
[0.181s] Level 1:colcon.colcon_core.package_identification:_identify(src/serial) by extensions ['colcon_meta']
[0.181s] Level 1:colcon.colcon_core.package_identification:_identify(src/serial) by extension 'colcon_meta'
[0.181s] Level 1:colcon.colcon_core.package_identification:_identify(src/serial) by extensions ['ros']
[0.181s] Level 1:colcon.colcon_core.package_identification:_identify(src/serial) by extension 'ros'
[0.182s] DEBUG:colcon.colcon_core.package_identification:Package 'src/serial' with type 'ros.ament_cmake' and name 'serial'
[0.182s] Level 1:colcon.colcon_core.package_discovery:discover_packages(recursive) using defaults
[0.182s] Level 1:colcon.colcon_core.package_discovery:discover_packages(ignore) discover
[0.182s] Level 1:colcon.colcon_core.package_discovery:discover_packages(ignore) using defaults
[0.182s] Level 1:colcon.colcon_core.package_discovery:discover_packages(path) discover
[0.182s] Level 1:colcon.colcon_core.package_discovery:discover_packages(path) using defaults
[0.195s] Level 1:colcon.colcon_core.package_discovery:discover_packages(prefix_path) check parameters
[0.195s] Level 1:colcon.colcon_core.package_discovery:discover_packages(prefix_path) discover
[0.196s] WARNING:colcon.colcon_ros.prefix_path.ament:The path '/home/hyoin/service/install/turtlebot3' in the environment variable AMENT_PREFIX_PATH doesn't exist
[0.196s] WARNING:colcon.colcon_ros.prefix_path.ament:The path '/home/hyoin/service/install/turtlebot3_teleop' in the environment variable AMENT_PREFIX_PATH doesn't exist
[0.196s] WARNING:colcon.colcon_ros.prefix_path.ament:The path '/home/hyoin/service/install/turtlebot3_bringup' in the environment variable AMENT_PREFIX_PATH doesn't exist
[0.196s] WARNING:colcon.colcon_ros.prefix_path.ament:The path '/home/hyoin/service/install/turtlebot3_node' in the environment variable AMENT_PREFIX_PATH doesn't exist
[0.196s] WARNING:colcon.colcon_ros.prefix_path.ament:The path '/home/hyoin/service/install/turtlebot3_navigation2' in the environment variable AMENT_PREFIX_PATH doesn't exist
[0.196s] WARNING:colcon.colcon_ros.prefix_path.ament:The path '/home/hyoin/service/install/turtlebot3_example' in the environment variable AMENT_PREFIX_PATH doesn't exist
[0.196s] WARNING:colcon.colcon_ros.prefix_path.ament:The path '/home/hyoin/service/install/turtlebot3_msgs' in the environment variable AMENT_PREFIX_PATH doesn't exist
[0.196s] WARNING:colcon.colcon_ros.prefix_path.ament:The path '/home/hyoin/service/install/turtlebot3_description' in the environment variable AMENT_PREFIX_PATH doesn't exist
[0.196s] WARNING:colcon.colcon_ros.prefix_path.ament:The path '/home/hyoin/service/install/turtlebot3_cartographer' in the environment variable AMENT_PREFIX_PATH doesn't exist
[0.196s] WARNING:colcon.colcon_ros.prefix_path.ament:The path '/home/hyoin/service/install/md' in the environment variable AMENT_PREFIX_PATH doesn't exist
[0.196s] WARNING:colcon.colcon_ros.prefix_path.ament:The path '/home/hyoin/service/install/serial' in the environment variable AMENT_PREFIX_PATH doesn't exist
[0.196s] WARNING:colcon.colcon_ros.prefix_path.catkin:The path '/home/hyoin/service/install/turtlebot3' in the environment variable CMAKE_PREFIX_PATH doesn't exist
[0.196s] WARNING:colcon.colcon_ros.prefix_path.catkin:The path '/home/hyoin/service/install/turtlebot3_bringup' in the environment variable CMAKE_PREFIX_PATH doesn't exist
[0.196s] WARNING:colcon.colcon_ros.prefix_path.catkin:The path '/home/hyoin/service/install/turtlebot3_node' in the environment variable CMAKE_PREFIX_PATH doesn't exist
[0.196s] WARNING:colcon.colcon_ros.prefix_path.catkin:The path '/home/hyoin/service/install/turtlebot3_navigation2' in the environment variable CMAKE_PREFIX_PATH doesn't exist
[0.196s] WARNING:colcon.colcon_ros.prefix_path.catkin:The path '/home/hyoin/service/install/turtlebot3_msgs' in the environment variable CMAKE_PREFIX_PATH doesn't exist
[0.196s] WARNING:colcon.colcon_ros.prefix_path.catkin:The path '/home/hyoin/service/install/turtlebot3_description' in the environment variable CMAKE_PREFIX_PATH doesn't exist
[0.196s] WARNING:colcon.colcon_ros.prefix_path.catkin:The path '/home/hyoin/service/install/turtlebot3_cartographer' in the environment variable CMAKE_PREFIX_PATH doesn't exist
[0.196s] WARNING:colcon.colcon_ros.prefix_path.catkin:The path '/home/hyoin/service/install/md' in the environment variable CMAKE_PREFIX_PATH doesn't exist
[0.196s] WARNING:colcon.colcon_ros.prefix_path.catkin:The path '/home/hyoin/service/install/serial' in the environment variable CMAKE_PREFIX_PATH doesn't exist
[0.197s] DEBUG:colcon.colcon_installed_package_information.package_discovery:Found 0 installed packages in /home/hyoin/service/install
[0.198s] DEBUG:colcon.colcon_installed_package_information.package_discovery:Found 319 installed packages in /opt/ros/humble
[0.199s] Level 1:colcon.colcon_core.package_discovery:discover_packages(prefix_path) using defaults
[0.234s] Level 5:colcon.colcon_core.verb:set package 'serial' build argument 'cmake_args' from command line to 'None'
[0.235s] Level 5:colcon.colcon_core.verb:set package 'serial' build argument 'cmake_target' from command line to 'None'
[0.235s] Level 5:colcon.colcon_core.verb:set package 'serial' build argument 'cmake_target_skip_unavailable' from command line to 'False'
[0.235s] Level 5:colcon.colcon_core.verb:set package 'serial' build argument 'cmake_clean_cache' from command line to 'False'
[0.235s] Level 5:colcon.colcon_core.verb:set package 'serial' build argument 'cmake_clean_first' from command line to 'False'
[0.235s] Level 5:colcon.colcon_core.verb:set package 'serial' build argument 'cmake_force_configure' from command line to 'False'
[0.235s] Level 5:colcon.colcon_core.verb:set package 'serial' build argument 'ament_cmake_args' from command line to 'None'
[0.235s] Level 5:colcon.colcon_core.verb:set package 'serial' build argument 'catkin_cmake_args' from command line to 'None'
[0.235s] Level 5:colcon.colcon_core.verb:set package 'serial' build argument 'catkin_skip_building_tests' from command line to 'False'
[0.235s] DEBUG:colcon.colcon_core.verb:Building package 'serial' with the following arguments: {'ament_cmake_args': None, 'build_base': '/home/hyoin/service/build/serial', 'catkin_cmake_args': None, 'catkin_skip_building_tests': False, 'cmake_args': None, 'cmake_clean_cache': False, 'cmake_clean_first': False, 'cmake_force_configure': False, 'cmake_target': None, 'cmake_target_skip_unavailable': False, 'install_base': '/home/hyoin/service/install/serial', 'merge_install': False, 'path': '/home/hyoin/service/src/serial', 'symlink_install': True, 'test_result_base': None}
[0.235s] Level 5:colcon.colcon_core.verb:set package 'md' build argument 'cmake_args' from command line to 'None'
[0.235s] Level 5:colcon.colcon_core.verb:set package 'md' build argument 'cmake_target' from command line to 'None'
[0.235s] Level 5:colcon.colcon_core.verb:set package 'md' build argument 'cmake_target_skip_unavailable' from command line to 'False'
[0.235s] Level 5:colcon.colcon_core.verb:set package 'md' build argument 'cmake_clean_cache' from command line to 'False'
[0.235s] Level 5:colcon.colcon_core.verb:set package 'md' build argument 'cmake_clean_first' from command line to 'False'
[0.235s] Level 5:colcon.colcon_core.verb:set package 'md' build argument 'cmake_force_configure' from command line to 'False'
[0.235s] Level 5:colcon.colcon_core.verb:set package 'md' build argument 'ament_cmake_args' from command line to 'None'
[0.235s] Level 5:colcon.colcon_core.verb:set package 'md' build argument 'catkin_cmake_args' from command line to 'None'
[0.235s] Level 5:colcon.colcon_core.verb:set package 'md' build argument 'catkin_skip_building_tests' from command line to 'False'
[0.235s] DEBUG:colcon.colcon_core.verb:Building package 'md' with the following arguments: {'ament_cmake_args': None, 'build_base': '/home/hyoin/service/build/md', 'catkin_cmake_args': None, 'catkin_skip_building_tests': False, 'cmake_args': None, 'cmake_clean_cache': False, 'cmake_clean_first': False, 'cmake_force_configure': False, 'cmake_target': None, 'cmake_target_skip_unavailable': False, 'install_base': '/home/hyoin/service/install/md', 'merge_install': False, 'path': '/home/hyoin/service/src/md', 'symlink_install': True, 'test_result_base': None}
[0.235s] INFO:colcon.colcon_core.executor:Executing jobs using 'parallel' executor
[0.236s] DEBUG:colcon.colcon_parallel_executor.executor.parallel:run_until_complete
[0.236s] INFO:colcon.colcon_ros.task.ament_cmake.build:Building ROS package in '/home/hyoin/service/src/serial' with build type 'ament_cmake'
[0.236s] INFO:colcon.colcon_cmake.task.cmake.build:Building CMake package in '/home/hyoin/service/src/serial'
[0.238s] INFO:colcon.colcon_core.plugin_system:Skipping extension 'colcon_core.shell.bat': Not used on non-Windows systems
[0.238s] INFO:colcon.colcon_core.shell:Skip shell extension 'powershell' for command environment: Not usable outside of PowerShell
[0.238s] DEBUG:colcon.colcon_core.shell:Skip shell extension 'dsv' for command environment
[0.243s] DEBUG:colcon.colcon_core.event_handler.log_command:Invoking command in '/home/hyoin/service/build/serial': CMAKE_PREFIX_PATH=${CMAKE_PREFIX_PATH}:/home/hyoin/service/install/turtlebot3_teleop:/home/hyoin/service/install/turtlebot3_example:/opt/ros/humble /usr/bin/cmake /home/hyoin/service/src/serial -DAMENT_CMAKE_SYMLINK_INSTALL=1 -DCMAKE_INSTALL_PREFIX=/home/hyoin/service/install/serial
[0.793s] DEBUG:colcon.colcon_core.event_handler.log_command:Invoked command in '/home/hyoin/service/build/serial' returned '0': CMAKE_PREFIX_PATH=${CMAKE_PREFIX_PATH}:/home/hyoin/service/install/turtlebot3_teleop:/home/hyoin/service/install/turtlebot3_example:/opt/ros/humble /usr/bin/cmake /home/hyoin/service/src/serial -DAMENT_CMAKE_SYMLINK_INSTALL=1 -DCMAKE_INSTALL_PREFIX=/home/hyoin/service/install/serial
[0.794s] DEBUG:colcon.colcon_core.event_handler.log_command:Invoking command in '/home/hyoin/service/build/serial': CMAKE_PREFIX_PATH=${CMAKE_PREFIX_PATH}:/home/hyoin/service/install/turtlebot3_teleop:/home/hyoin/service/install/turtlebot3_example:/opt/ros/humble /usr/bin/cmake --build /home/hyoin/service/build/serial -- -j8 -l8
[3.863s] DEBUG:colcon.colcon_core.event_handler.log_command:Invoked command in '/home/hyoin/service/build/serial' returned '0': CMAKE_PREFIX_PATH=${CMAKE_PREFIX_PATH}:/home/hyoin/service/install/turtlebot3_teleop:/home/hyoin/service/install/turtlebot3_example:/opt/ros/humble /usr/bin/cmake --build /home/hyoin/service/build/serial -- -j8 -l8
[3.869s] DEBUG:colcon.colcon_core.event_handler.log_command:Invoking command in '/home/hyoin/service/build/serial': CMAKE_PREFIX_PATH=${CMAKE_PREFIX_PATH}:/home/hyoin/service/install/turtlebot3_teleop:/home/hyoin/service/install/turtlebot3_example:/opt/ros/humble /usr/bin/cmake --install /home/hyoin/service/build/serial
[4.021s] Level 1:colcon.colcon_core.environment:create_environment_scripts_only(serial)
[4.021s] DEBUG:colcon.colcon_core.event_handler.log_command:Invoked command in '/home/hyoin/service/build/serial' returned '0': CMAKE_PREFIX_PATH=${CMAKE_PREFIX_PATH}:/home/hyoin/service/install/turtlebot3_teleop:/home/hyoin/service/install/turtlebot3_example:/opt/ros/humble /usr/bin/cmake --install /home/hyoin/service/build/serial
[4.023s] Level 1:colcon.colcon_core.environment:checking '/home/hyoin/service/install/serial' for CMake module files
[4.023s] Level 1:colcon.colcon_core.environment:checking '/home/hyoin/service/install/serial' for CMake config files
[4.023s] Level 1:colcon.colcon_core.shell:create_environment_hook('serial', 'cmake_prefix_path')
[4.023s] INFO:colcon.colcon_core.shell:Creating environment hook '/home/hyoin/service/install/serial/share/serial/hook/cmake_prefix_path.ps1'
[4.024s] INFO:colcon.colcon_core.shell:Creating environment descriptor '/home/hyoin/service/install/serial/share/serial/hook/cmake_prefix_path.dsv'
[4.024s] INFO:colcon.colcon_core.shell:Creating environment hook '/home/hyoin/service/install/serial/share/serial/hook/cmake_prefix_path.sh'
[4.024s] Level 1:colcon.colcon_core.environment:checking '/home/hyoin/service/install/serial/lib'
[4.025s] Level 1:colcon.colcon_core.environment:checking '/home/hyoin/service/install/serial/bin'
[4.025s] Level 1:colcon.colcon_core.shell:create_environment_hook('serial', 'path')
[4.025s] INFO:colcon.colcon_core.shell:Creating environment hook '/home/hyoin/service/install/serial/share/serial/hook/path.ps1'
[4.025s] INFO:colcon.colcon_core.shell:Creating environment descriptor '/home/hyoin/service/install/serial/share/serial/hook/path.dsv'
[4.025s] INFO:colcon.colcon_core.shell:Creating environment hook '/home/hyoin/service/install/serial/share/serial/hook/path.sh'
[4.025s] Level 1:colcon.colcon_core.environment:checking '/home/hyoin/service/install/serial/lib/pkgconfig/serial.pc'
[4.025s] Level 1:colcon.colcon_core.environment:checking '/home/hyoin/service/install/serial/lib/python3.10/site-packages'
[4.026s] Level 1:colcon.colcon_core.environment:checking '/home/hyoin/service/install/serial/bin'
[4.026s] Level 1:colcon.colcon_core.shell:create_environment_hook('serial', 'pythonscriptspath')
[4.026s] INFO:colcon.colcon_core.shell:Creating environment hook '/home/hyoin/service/install/serial/share/serial/hook/pythonscriptspath.ps1'
[4.026s] INFO:colcon.colcon_core.shell:Creating environment descriptor '/home/hyoin/service/install/serial/share/serial/hook/pythonscriptspath.dsv'
[4.026s] INFO:colcon.colcon_core.shell:Creating environment hook '/home/hyoin/service/install/serial/share/serial/hook/pythonscriptspath.sh'
[4.027s] INFO:colcon.colcon_core.shell:Creating package script '/home/hyoin/service/install/serial/share/serial/package.ps1'
[4.027s] INFO:colcon.colcon_core.shell:Creating package descriptor '/home/hyoin/service/install/serial/share/serial/package.dsv'
[4.027s] INFO:colcon.colcon_core.shell:Creating package script '/home/hyoin/service/install/serial/share/serial/package.sh'
[4.028s] INFO:colcon.colcon_core.shell:Creating package script '/home/hyoin/service/install/serial/share/serial/package.bash'
[4.028s] INFO:colcon.colcon_core.shell:Creating package script '/home/hyoin/service/install/serial/share/serial/package.zsh'
[4.029s] Level 1:colcon.colcon_core.environment:create_file_with_runtime_dependencies(/home/hyoin/service/install/serial/share/colcon-core/packages/serial)
[4.029s] Level 1:colcon.colcon_core.environment:create_environment_scripts_only(serial)
[4.029s] Level 1:colcon.colcon_core.environment:checking '/home/hyoin/service/install/serial' for CMake module files
[4.030s] Level 1:colcon.colcon_core.environment:checking '/home/hyoin/service/install/serial' for CMake config files
[4.030s] Level 1:colcon.colcon_core.shell:create_environment_hook('serial', 'cmake_prefix_path')
[4.030s] INFO:colcon.colcon_core.shell:Creating environment hook '/home/hyoin/service/install/serial/share/serial/hook/cmake_prefix_path.ps1'
[4.030s] INFO:colcon.colcon_core.shell:Creating environment descriptor '/home/hyoin/service/install/serial/share/serial/hook/cmake_prefix_path.dsv'
[4.030s] INFO:colcon.colcon_core.shell:Creating environment hook '/home/hyoin/service/install/serial/share/serial/hook/cmake_prefix_path.sh'
[4.030s] Level 1:colcon.colcon_core.environment:checking '/home/hyoin/service/install/serial/lib'
[4.030s] Level 1:colcon.colcon_core.environment:checking '/home/hyoin/service/install/serial/bin'
[4.031s] Level 1:colcon.colcon_core.shell:create_environment_hook('serial', 'path')
[4.031s] INFO:colcon.colcon_core.shell:Creating environment hook '/home/hyoin/service/install/serial/share/serial/hook/path.ps1'
[4.031s] INFO:colcon.colcon_core.shell:Creating environment descriptor '/home/hyoin/service/install/serial/share/serial/hook/path.dsv'
[4.031s] INFO:colcon.colcon_core.shell:Creating environment hook '/home/hyoin/service/install/serial/share/serial/hook/path.sh'
[4.031s] Level 1:colcon.colcon_core.environment:checking '/home/hyoin/service/install/serial/lib/pkgconfig/serial.pc'
[4.031s] Level 1:colcon.colcon_core.environment:checking '/home/hyoin/service/install/serial/lib/python3.10/site-packages'
[4.032s] Level 1:colcon.colcon_core.environment:checking '/home/hyoin/service/install/serial/bin'
[4.032s] Level 1:colcon.colcon_core.shell:create_environment_hook('serial', 'pythonscriptspath')
[4.032s] INFO:colcon.colcon_core.shell:Creating environment hook '/home/hyoin/service/install/serial/share/serial/hook/pythonscriptspath.ps1'
[4.032s] INFO:colcon.colcon_core.shell:Creating environment descriptor '/home/hyoin/service/install/serial/share/serial/hook/pythonscriptspath.dsv'
[4.032s] INFO:colcon.colcon_core.shell:Creating environment hook '/home/hyoin/service/install/serial/share/serial/hook/pythonscriptspath.sh'
[4.032s] INFO:colcon.colcon_core.shell:Creating package script '/home/hyoin/service/install/serial/share/serial/package.ps1'
[4.033s] INFO:colcon.colcon_core.shell:Creating package descriptor '/home/hyoin/service/install/serial/share/serial/package.dsv'
[4.033s] INFO:colcon.colcon_core.shell:Creating package script '/home/hyoin/service/install/serial/share/serial/package.sh'
[4.033s] INFO:colcon.colcon_core.shell:Creating package script '/home/hyoin/service/install/serial/share/serial/package.bash'
[4.033s] INFO:colcon.colcon_core.shell:Creating package script '/home/hyoin/service/install/serial/share/serial/package.zsh'
[4.034s] Level 1:colcon.colcon_core.environment:create_file_with_runtime_dependencies(/home/hyoin/service/install/serial/share/colcon-core/packages/serial)
[4.034s] INFO:colcon.colcon_ros.task.ament_cmake.build:Building ROS package in '/home/hyoin/service/src/md' with build type 'ament_cmake'
[4.034s] INFO:colcon.colcon_cmake.task.cmake.build:Building CMake package in '/home/hyoin/service/src/md'
[4.034s] INFO:colcon.colcon_core.shell:Skip shell extension 'powershell' for command environment: Not usable outside of PowerShell
[4.034s] DEBUG:colcon.colcon_core.shell:Skip shell extension 'dsv' for command environment
[4.041s] DEBUG:colcon.colcon_core.event_handler.log_command:Invoking command in '/home/hyoin/service/build/md': CMAKE_PREFIX_PATH=/home/hyoin/service/install/serial:/home/hyoin/service/install/turtlebot3:/home/hyoin/service/install/turtlebot3_bringup:/home/hyoin/service/install/turtlebot3_node:/home/hyoin/service/install/turtlebot3_navigation2:/home/hyoin/service/install/turtlebot3_msgs:/home/hyoin/service/install/turtlebot3_description:/home/hyoin/service/install/turtlebot3_cartographer:/home/hyoin/service/install/md:/home/hyoin/service/install/turtlebot3_teleop:/home/hyoin/service/install/turtlebot3_example:/opt/ros/humble /usr/bin/cmake /home/hyoin/service/src/md -DAMENT_CMAKE_SYMLINK_INSTALL=1 -DCMAKE_INSTALL_PREFIX=/home/hyoin/service/install/md
[5.495s] DEBUG:colcon.colcon_core.event_handler.log_command:Invoked command in '/home/hyoin/service/build/md' returned '0': CMAKE_PREFIX_PATH=/home/hyoin/service/install/serial:/home/hyoin/service/install/turtlebot3:/home/hyoin/service/install/turtlebot3_bringup:/home/hyoin/service/install/turtlebot3_node:/home/hyoin/service/install/turtlebot3_navigation2:/home/hyoin/service/install/turtlebot3_msgs:/home/hyoin/service/install/turtlebot3_description:/home/hyoin/service/install/turtlebot3_cartographer:/home/hyoin/service/install/md:/home/hyoin/service/install/turtlebot3_teleop:/home/hyoin/service/install/turtlebot3_example:/opt/ros/humble /usr/bin/cmake /home/hyoin/service/src/md -DAMENT_CMAKE_SYMLINK_INSTALL=1 -DCMAKE_INSTALL_PREFIX=/home/hyoin/service/install/md
[5.496s] DEBUG:colcon.colcon_core.event_handler.log_command:Invoking command in '/home/hyoin/service/build/md': CMAKE_PREFIX_PATH=/home/hyoin/service/install/serial:/home/hyoin/service/install/turtlebot3:/home/hyoin/service/install/turtlebot3_bringup:/home/hyoin/service/install/turtlebot3_node:/home/hyoin/service/install/turtlebot3_navigation2:/home/hyoin/service/install/turtlebot3_msgs:/home/hyoin/service/install/turtlebot3_description:/home/hyoin/service/install/turtlebot3_cartographer:/home/hyoin/service/install/md:/home/hyoin/service/install/turtlebot3_teleop:/home/hyoin/service/install/turtlebot3_example:/opt/ros/humble /usr/bin/cmake --build /home/hyoin/service/build/md -- -j8 -l8
[14.873s] DEBUG:colcon.colcon_core.event_handler.log_command:Invoked command in '/home/hyoin/service/build/md' returned '0': CMAKE_PREFIX_PATH=/home/hyoin/service/install/serial:/home/hyoin/service/install/turtlebot3:/home/hyoin/service/install/turtlebot3_bringup:/home/hyoin/service/install/turtlebot3_node:/home/hyoin/service/install/turtlebot3_navigation2:/home/hyoin/service/install/turtlebot3_msgs:/home/hyoin/service/install/turtlebot3_description:/home/hyoin/service/install/turtlebot3_cartographer:/home/hyoin/service/install/md:/home/hyoin/service/install/turtlebot3_teleop:/home/hyoin/service/install/turtlebot3_example:/opt/ros/humble /usr/bin/cmake --build /home/hyoin/service/build/md -- -j8 -l8
[14.874s] DEBUG:colcon.colcon_core.event_handler.log_command:Invoking command in '/home/hyoin/service/build/md': CMAKE_PREFIX_PATH=/home/hyoin/service/install/serial:/home/hyoin/service/install/turtlebot3:/home/hyoin/service/install/turtlebot3_bringup:/home/hyoin/service/install/turtlebot3_node:/home/hyoin/service/install/turtlebot3_navigation2:/home/hyoin/service/install/turtlebot3_msgs:/home/hyoin/service/install/turtlebot3_description:/home/hyoin/service/install/turtlebot3_cartographer:/home/hyoin/service/install/md:/home/hyoin/service/install/turtlebot3_teleop:/home/hyoin/service/install/turtlebot3_example:/opt/ros/humble /usr/bin/cmake --install /home/hyoin/service/build/md
[15.382s] Level 1:colcon.colcon_core.environment:create_environment_scripts_only(md)
[15.382s] Level 1:colcon.colcon_core.environment:checking '/home/hyoin/service/install/md' for CMake module files
[15.383s] DEBUG:colcon.colcon_core.event_handler.log_command:Invoked command in '/home/hyoin/service/build/md' returned '0': CMAKE_PREFIX_PATH=/home/hyoin/service/install/serial:/home/hyoin/service/install/turtlebot3:/home/hyoin/service/install/turtlebot3_bringup:/home/hyoin/service/install/turtlebot3_node:/home/hyoin/service/install/turtlebot3_navigation2:/home/hyoin/service/install/turtlebot3_msgs:/home/hyoin/service/install/turtlebot3_description:/home/hyoin/service/install/turtlebot3_cartographer:/home/hyoin/service/install/md:/home/hyoin/service/install/turtlebot3_teleop:/home/hyoin/service/install/turtlebot3_example:/opt/ros/humble /usr/bin/cmake --install /home/hyoin/service/build/md
[15.383s] Level 1:colcon.colcon_core.environment:checking '/home/hyoin/service/install/md' for CMake config files
[15.383s] Level 1:colcon.colcon_core.shell:create_environment_hook('md', 'cmake_prefix_path')
[15.383s] INFO:colcon.colcon_core.shell:Creating environment hook '/home/hyoin/service/install/md/share/md/hook/cmake_prefix_path.ps1'
[15.384s] INFO:colcon.colcon_core.shell:Creating environment descriptor '/home/hyoin/service/install/md/share/md/hook/cmake_prefix_path.dsv'
[15.384s] INFO:colcon.colcon_core.shell:Creating environment hook '/home/hyoin/service/install/md/share/md/hook/cmake_prefix_path.sh'
[15.384s] Level 1:colcon.colcon_core.environment:checking '/home/hyoin/service/install/md/lib'
[15.384s] Level 1:colcon.colcon_core.shell:create_environment_hook('md', 'ld_library_path_lib')
[15.384s] INFO:colcon.colcon_core.shell:Creating environment hook '/home/hyoin/service/install/md/share/md/hook/ld_library_path_lib.ps1'
[15.384s] INFO:colcon.colcon_core.shell:Creating environment descriptor '/home/hyoin/service/install/md/share/md/hook/ld_library_path_lib.dsv'
[15.385s] INFO:colcon.colcon_core.shell:Creating environment hook '/home/hyoin/service/install/md/share/md/hook/ld_library_path_lib.sh'
[15.385s] Level 1:colcon.colcon_core.environment:checking '/home/hyoin/service/install/md/bin'
[15.385s] Level 1:colcon.colcon_core.environment:checking '/home/hyoin/service/install/md/lib/pkgconfig/md.pc'
[15.385s] Level 1:colcon.colcon_core.environment:checking '/home/hyoin/service/install/md/lib/python3.10/site-packages'
[15.385s] Level 1:colcon.colcon_core.environment:checking '/home/hyoin/service/install/md/bin'
[15.385s] INFO:colcon.colcon_core.shell:Creating package script '/home/hyoin/service/install/md/share/md/package.ps1'
[15.386s] INFO:colcon.colcon_core.shell:Creating package descriptor '/home/hyoin/service/install/md/share/md/package.dsv'
[15.386s] INFO:colcon.colcon_core.shell:Creating package script '/home/hyoin/service/install/md/share/md/package.sh'
[15.386s] INFO:colcon.colcon_core.shell:Creating package script '/home/hyoin/service/install/md/share/md/package.bash'
[15.386s] INFO:colcon.colcon_core.shell:Creating package script '/home/hyoin/service/install/md/share/md/package.zsh'
[15.386s] Level 1:colcon.colcon_core.environment:create_file_with_runtime_dependencies(/home/hyoin/service/install/md/share/colcon-core/packages/md)
[15.387s] Level 1:colcon.colcon_core.environment:create_environment_scripts_only(md)
[15.387s] Level 1:colcon.colcon_core.environment:checking '/home/hyoin/service/install/md' for CMake module files
[15.387s] Level 1:colcon.colcon_core.environment:checking '/home/hyoin/service/install/md' for CMake config files
[15.387s] Level 1:colcon.colcon_core.shell:create_environment_hook('md', 'cmake_prefix_path')
[15.388s] INFO:colcon.colcon_core.shell:Creating environment hook '/home/hyoin/service/install/md/share/md/hook/cmake_prefix_path.ps1'
[15.388s] INFO:colcon.colcon_core.shell:Creating environment descriptor '/home/hyoin/service/install/md/share/md/hook/cmake_prefix_path.dsv'
[15.388s] INFO:colcon.colcon_core.shell:Creating environment hook '/home/hyoin/service/install/md/share/md/hook/cmake_prefix_path.sh'
[15.388s] Level 1:colcon.colcon_core.environment:checking '/home/hyoin/service/install/md/lib'
[15.388s] Level 1:colcon.colcon_core.shell:create_environment_hook('md', 'ld_library_path_lib')
[15.388s] INFO:colcon.colcon_core.shell:Creating environment hook '/home/hyoin/service/install/md/share/md/hook/ld_library_path_lib.ps1'
[15.389s] INFO:colcon.colcon_core.shell:Creating environment descriptor '/home/hyoin/service/install/md/share/md/hook/ld_library_path_lib.dsv'
[15.389s] INFO:colcon.colcon_core.shell:Creating environment hook '/home/hyoin/service/install/md/share/md/hook/ld_library_path_lib.sh'
[15.389s] Level 1:colcon.colcon_core.environment:checking '/home/hyoin/service/install/md/bin'
[15.389s] Level 1:colcon.colcon_core.environment:checking '/home/hyoin/service/install/md/lib/pkgconfig/md.pc'
[15.389s] Level 1:colcon.colcon_core.environment:checking '/home/hyoin/service/install/md/lib/python3.10/site-packages'
[15.389s] Level 1:colcon.colcon_core.environment:checking '/home/hyoin/service/install/md/bin'
[15.389s] INFO:colcon.colcon_core.shell:Creating package script '/home/hyoin/service/install/md/share/md/package.ps1'
[15.390s] INFO:colcon.colcon_core.shell:Creating package descriptor '/home/hyoin/service/install/md/share/md/package.dsv'
[15.390s] INFO:colcon.colcon_core.shell:Creating package script '/home/hyoin/service/install/md/share/md/package.sh'
[15.390s] INFO:colcon.colcon_core.shell:Creating package script '/home/hyoin/service/install/md/share/md/package.bash'
[15.391s] INFO:colcon.colcon_core.shell:Creating package script '/home/hyoin/service/install/md/share/md/package.zsh'
[15.391s] Level 1:colcon.colcon_core.environment:create_file_with_runtime_dependencies(/home/hyoin/service/install/md/share/colcon-core/packages/md)
[15.391s] DEBUG:colcon.colcon_parallel_executor.executor.parallel:closing loop
[15.391s] DEBUG:colcon.colcon_parallel_executor.executor.parallel:loop closed
[15.391s] DEBUG:colcon.colcon_parallel_executor.executor.parallel:run_until_complete finished with '0'
[15.391s] DEBUG:colcon.colcon_core.event_reactor:joining thread
[15.394s] INFO:colcon.colcon_core.plugin_system:Skipping extension 'colcon_notification.desktop_notification.terminal_notifier': Not used on non-Darwin systems
[15.394s] INFO:colcon.colcon_core.plugin_system:Skipping extension 'colcon_notification.desktop_notification.win32': Not used on non-Windows systems
[15.394s] INFO:colcon.colcon_notification.desktop_notification:Sending desktop notification using 'notify2'
[15.402s] DEBUG:colcon.colcon_core.event_reactor:joined thread
[15.402s] INFO:colcon.colcon_core.shell:Creating prefix script '/home/hyoin/service/install/local_setup.ps1'
[15.403s] INFO:colcon.colcon_core.shell:Creating prefix util module '/home/hyoin/service/install/_local_setup_util_ps1.py'
[15.403s] INFO:colcon.colcon_core.shell:Creating prefix chain script '/home/hyoin/service/install/setup.ps1'
[15.404s] INFO:colcon.colcon_core.shell:Creating prefix script '/home/hyoin/service/install/local_setup.sh'
[15.404s] INFO:colcon.colcon_core.shell:Creating prefix util module '/home/hyoin/service/install/_local_setup_util_sh.py'
[15.405s] INFO:colcon.colcon_core.shell:Creating prefix chain script '/home/hyoin/service/install/setup.sh'
[15.405s] INFO:colcon.colcon_core.shell:Creating prefix script '/home/hyoin/service/install/local_setup.bash'
[15.406s] INFO:colcon.colcon_core.shell:Creating prefix chain script '/home/hyoin/service/install/setup.bash'
[15.406s] INFO:colcon.colcon_core.shell:Creating prefix script '/home/hyoin/service/install/local_setup.zsh'
[15.407s] INFO:colcon.colcon_core.shell:Creating prefix chain script '/home/hyoin/service/install/setup.zsh'
