[0.022s] Invoking command in '/home/hyoin/service/build/turtlebot3_cartographer': CMAKE_PREFIX_PATH=/opt/ros/humble /usr/bin/cmake /home/hyoin/service/src/turtlebot3/turtlebot3_cartographer -DCMAKE_INSTALL_PREFIX=/home/hyoin/service/install/turtlebot3_cartographer
[0.036s] -- Found ament_cmake: 1.3.11 (/opt/ros/humble/share/ament_cmake/cmake)
[0.157s] -- Override CMake install command with custom implementation using symlinks instead of copying resources
[0.231s] -- Configuring done
[0.233s] -- Generating done
[0.235s] -- Build files have been written to: /home/hyoin/service/build/turtlebot3_cartographer
[0.286s] Invoked command in '/home/hyoin/service/build/turtlebot3_cartographer' returned '0': CMAKE_PREFIX_PATH=/opt/ros/humble /usr/bin/cmake /home/hyoin/service/src/turtlebot3/turtlebot3_cartographer -DCMAKE_INSTALL_PREFIX=/home/hyoin/service/install/turtlebot3_cartographer
[0.287s] Invoking command in '/home/hyoin/service/build/turtlebot3_cartographer': CMAKE_PREFIX_PATH=/opt/ros/humble /usr/bin/cmake --build /home/hyoin/service/build/turtlebot3_cartographer -- -j8 -l8
[0.319s] Invoked command in '/home/hyoin/service/build/turtlebot3_cartographer' returned '0': CMAKE_PREFIX_PATH=/opt/ros/humble /usr/bin/cmake --build /home/hyoin/service/build/turtlebot3_cartographer -- -j8 -l8
[0.327s] Invoking command in '/home/hyoin/service/build/turtlebot3_cartographer': CMAKE_PREFIX_PATH=/opt/ros/humble /usr/bin/cmake --install /home/hyoin/service/build/turtlebot3_cartographer
[0.336s] -- Install configuration: ""
[0.336s] -- Execute custom install script
[0.336s] -- Up-to-date symlink: /home/hyoin/service/install/turtlebot3_cartographer/share/turtlebot3_cartographer/config/turtlebot3_lds_2d.lua
[0.336s] -- Up-to-date symlink: /home/hyoin/service/install/turtlebot3_cartographer/share/turtlebot3_cartographer/launch/cartographer.launch.py
[0.336s] -- Up-to-date symlink: /home/hyoin/service/install/turtlebot3_cartographer/share/turtlebot3_cartographer/launch/occupancy_grid.launch.py
[0.338s] -- Up-to-date symlink: /home/hyoin/service/install/turtlebot3_cartographer/share/turtlebot3_cartographer/rviz/tb3_cartographer.rviz
[0.338s] -- Up-to-date symlink: /home/hyoin/service/install/turtlebot3_cartographer/share/ament_index/resource_index/package_run_dependencies/turtlebot3_cartographer
[0.338s] -- Up-to-date symlink: /home/hyoin/service/install/turtlebot3_cartographer/share/ament_index/resource_index/parent_prefix_path/turtlebot3_cartographer
[0.338s] -- Up-to-date symlink: /home/hyoin/service/install/turtlebot3_cartographer/share/turtlebot3_cartographer/environment/ament_prefix_path.sh
[0.338s] -- Up-to-date symlink: /home/hyoin/service/install/turtlebot3_cartographer/share/turtlebot3_cartographer/environment/ament_prefix_path.dsv
[0.338s] -- Up-to-date symlink: /home/hyoin/service/install/turtlebot3_cartographer/share/turtlebot3_cartographer/environment/path.sh
[0.339s] -- Up-to-date symlink: /home/hyoin/service/install/turtlebot3_cartographer/share/turtlebot3_cartographer/environment/path.dsv
[0.339s] -- Up-to-date symlink: /home/hyoin/service/install/turtlebot3_cartographer/share/turtlebot3_cartographer/local_setup.bash
[0.339s] -- Up-to-date symlink: /home/hyoin/service/install/turtlebot3_cartographer/share/turtlebot3_cartographer/local_setup.sh
[0.339s] -- Up-to-date symlink: /home/hyoin/service/install/turtlebot3_cartographer/share/turtlebot3_cartographer/local_setup.zsh
[0.339s] -- Up-to-date symlink: /home/hyoin/service/install/turtlebot3_cartographer/share/turtlebot3_cartographer/local_setup.dsv
[0.339s] -- Symlinking: /home/hyoin/service/install/turtlebot3_cartographer/share/turtlebot3_cartographer/package.dsv
[0.350s] -- Up-to-date symlink: /home/hyoin/service/install/turtlebot3_cartographer/share/ament_index/resource_index/packages/turtlebot3_cartographer
[0.351s] -- Up-to-date symlink: /home/hyoin/service/install/turtlebot3_cartographer/share/turtlebot3_cartographer/cmake/turtlebot3_cartographerConfig.cmake
[0.351s] -- Up-to-date symlink: /home/hyoin/service/install/turtlebot3_cartographer/share/turtlebot3_cartographer/cmake/turtlebot3_cartographerConfig-version.cmake
[0.351s] -- Up-to-date symlink: /home/hyoin/service/install/turtlebot3_cartographer/share/turtlebot3_cartographer/package.xml
[0.364s] Invoked command in '/home/hyoin/service/build/turtlebot3_cartographer' returned '0': CMAKE_PREFIX_PATH=/opt/ros/humble /usr/bin/cmake --install /home/hyoin/service/build/turtlebot3_cartographer
