[0.535s] Invoking command in '/home/hyoin/service/build/turtlebot3_teleop': PYTHONPATH=/home/hyoin/service/build/turtlebot3_teleop/prefix_override:/usr/lib/python3/dist-packages/colcon_core/task/python/colcon_distutils_commands:/home/hyoin/service/install/turtlebot3_teleop/lib/python3.10/site-packages:${PYTHONPATH} /usr/bin/python3 -W ignore:setup.py install is deprecated -W ignore:easy_install command is deprecated setup.py develop --uninstall --editable --build-directory /home/hyoin/service/build/turtlebot3_teleop/build
[0.698s] running develop
[0.797s] Removing /home/hyoin/service/install/turtlebot3_teleop/lib/python3.10/site-packages/turtlebot3-teleop.egg-link (link to .)
[0.818s] Invoked command in '/home/hyoin/service/build/turtlebot3_teleop' returned '0': PYTHONPATH=/home/hyoin/service/build/turtlebot3_teleop/prefix_override:/usr/lib/python3/dist-packages/colcon_core/task/python/colcon_distutils_commands:/home/hyoin/service/install/turtlebot3_teleop/lib/python3.10/site-packages:${PYTHONPATH} /usr/bin/python3 -W ignore:setup.py install is deprecated -W ignore:easy_install command is deprecated setup.py develop --uninstall --editable --build-directory /home/hyoin/service/build/turtlebot3_teleop/build
[0.819s] Invoking command in '/home/hyoin/service/src/turtlebot3/turtlebot3_teleop': PYTHONPATH=/home/hyoin/service/build/turtlebot3_teleop/prefix_override:/usr/lib/python3/dist-packages/colcon_core/task/python/colcon_distutils_commands:/home/hyoin/service/install/turtlebot3_teleop/lib/python3.10/site-packages:${PYTHONPATH} /usr/bin/python3 -W ignore:setup.py install is deprecated -W ignore:easy_install command is deprecated setup.py egg_info --egg-base ../../../build/turtlebot3_teleop build --build-base /home/hyoin/service/build/turtlebot3_teleop/build install --record /home/hyoin/service/build/turtlebot3_teleop/install.log --single-version-externally-managed install_data --force
[0.998s] running egg_info
[0.999s] writing ../../../build/turtlebot3_teleop/turtlebot3_teleop.egg-info/PKG-INFO
[0.999s] writing dependency_links to ../../../build/turtlebot3_teleop/turtlebot3_teleop.egg-info/dependency_links.txt
[0.999s] writing entry points to ../../../build/turtlebot3_teleop/turtlebot3_teleop.egg-info/entry_points.txt
[0.999s] writing requirements to ../../../build/turtlebot3_teleop/turtlebot3_teleop.egg-info/requires.txt
[0.999s] writing top-level names to ../../../build/turtlebot3_teleop/turtlebot3_teleop.egg-info/top_level.txt
[1.000s] reading manifest file '../../../build/turtlebot3_teleop/turtlebot3_teleop.egg-info/SOURCES.txt'
[1.001s] writing manifest file '../../../build/turtlebot3_teleop/turtlebot3_teleop.egg-info/SOURCES.txt'
[1.001s] running build
[1.001s] running build_py
[1.001s] creating /home/hyoin/service/build/turtlebot3_teleop/build
[1.001s] creating /home/hyoin/service/build/turtlebot3_teleop/build/lib
[1.001s] creating /home/hyoin/service/build/turtlebot3_teleop/build/lib/turtlebot3_teleop
[1.001s] copying turtlebot3_teleop/__init__.py -> /home/hyoin/service/build/turtlebot3_teleop/build/lib/turtlebot3_teleop
[1.001s] creating /home/hyoin/service/build/turtlebot3_teleop/build/lib/turtlebot3_teleop/script
[1.001s] copying turtlebot3_teleop/script/__init__.py -> /home/hyoin/service/build/turtlebot3_teleop/build/lib/turtlebot3_teleop/script
[1.001s] copying turtlebot3_teleop/script/teleop_keyboard.py -> /home/hyoin/service/build/turtlebot3_teleop/build/lib/turtlebot3_teleop/script
[1.001s] running install
[1.002s] running install_lib
[1.002s] creating /home/hyoin/service/install/turtlebot3_teleop/lib/python3.10/site-packages/turtlebot3_teleop
[1.002s] copying /home/hyoin/service/build/turtlebot3_teleop/build/lib/turtlebot3_teleop/__init__.py -> /home/hyoin/service/install/turtlebot3_teleop/lib/python3.10/site-packages/turtlebot3_teleop
[1.002s] creating /home/hyoin/service/install/turtlebot3_teleop/lib/python3.10/site-packages/turtlebot3_teleop/script
[1.003s] copying /home/hyoin/service/build/turtlebot3_teleop/build/lib/turtlebot3_teleop/script/__init__.py -> /home/hyoin/service/install/turtlebot3_teleop/lib/python3.10/site-packages/turtlebot3_teleop/script
[1.003s] copying /home/hyoin/service/build/turtlebot3_teleop/build/lib/turtlebot3_teleop/script/teleop_keyboard.py -> /home/hyoin/service/install/turtlebot3_teleop/lib/python3.10/site-packages/turtlebot3_teleop/script
[1.003s] byte-compiling /home/hyoin/service/install/turtlebot3_teleop/lib/python3.10/site-packages/turtlebot3_teleop/__init__.py to __init__.cpython-310.pyc
[1.003s] byte-compiling /home/hyoin/service/install/turtlebot3_teleop/lib/python3.10/site-packages/turtlebot3_teleop/script/__init__.py to __init__.cpython-310.pyc
[1.003s] byte-compiling /home/hyoin/service/install/turtlebot3_teleop/lib/python3.10/site-packages/turtlebot3_teleop/script/teleop_keyboard.py to teleop_keyboard.cpython-310.pyc
[1.004s] running install_data
[1.004s] copying resource/turtlebot3_teleop -> /home/hyoin/service/install/turtlebot3_teleop/share/ament_index/resource_index/packages
[1.004s] copying package.xml -> /home/hyoin/service/install/turtlebot3_teleop/share/turtlebot3_teleop
[1.004s] running install_egg_info
[1.006s] Copying ../../../build/turtlebot3_teleop/turtlebot3_teleop.egg-info to /home/hyoin/service/install/turtlebot3_teleop/lib/python3.10/site-packages/turtlebot3_teleop-2.1.5-py3.10.egg-info
[1.006s] running install_scripts
[1.022s] Installing teleop_keyboard script to /home/hyoin/service/install/turtlebot3_teleop/lib/turtlebot3_teleop
[1.022s] writing list of installed files to '/home/hyoin/service/build/turtlebot3_teleop/install.log'
[1.040s] Invoked command in '/home/hyoin/service/src/turtlebot3/turtlebot3_teleop' returned '0': PYTHONPATH=/home/hyoin/service/build/turtlebot3_teleop/prefix_override:/usr/lib/python3/dist-packages/colcon_core/task/python/colcon_distutils_commands:/home/hyoin/service/install/turtlebot3_teleop/lib/python3.10/site-packages:${PYTHONPATH} /usr/bin/python3 -W ignore:setup.py install is deprecated -W ignore:easy_install command is deprecated setup.py egg_info --egg-base ../../../build/turtlebot3_teleop build --build-base /home/hyoin/service/build/turtlebot3_teleop/build install --record /home/hyoin/service/build/turtlebot3_teleop/install.log --single-version-externally-managed install_data --force
