[0.571s] Invoking command in '/home/hyoin/service/build/turtlebot3_teleop': PYTHONPATH=/home/hyoin/service/build/turtlebot3_teleop/prefix_override:/usr/lib/python3/dist-packages/colcon_core/task/python/colcon_distutils_commands:/home/hyoin/service/install/turtlebot3_teleop/lib/python3.10/site-packages:${PYTHONPATH} /usr/bin/python3 -W ignore:setup.py install is deprecated -W ignore:easy_install command is deprecated setup.py develop --uninstall --editable --build-directory /home/hyoin/service/build/turtlebot3_teleop/build
[0.742s] running develop
[0.840s] Removing /home/hyoin/service/install/turtlebot3_teleop/lib/python3.10/site-packages/turtlebot3-teleop.egg-link (link to .)
[0.860s] Invoked command in '/home/hyoin/service/build/turtlebot3_teleop' returned '0': PYTHONPATH=/home/hyoin/service/build/turtlebot3_teleop/prefix_override:/usr/lib/python3/dist-packages/colcon_core/task/python/colcon_distutils_commands:/home/hyoin/service/install/turtlebot3_teleop/lib/python3.10/site-packages:${PYTHONPATH} /usr/bin/python3 -W ignore:setup.py install is deprecated -W ignore:easy_install command is deprecated setup.py develop --uninstall --editable --build-directory /home/hyoin/service/build/turtlebot3_teleop/build
[0.861s] Invoking command in '/home/hyoin/service/src/turtlebot3/turtlebot3_teleop': PYTHONPATH=/home/hyoin/service/build/turtlebot3_teleop/prefix_override:/usr/lib/python3/dist-packages/colcon_core/task/python/colcon_distutils_commands:/home/hyoin/service/install/turtlebot3_teleop/lib/python3.10/site-packages:${PYTHONPATH} /usr/bin/python3 -W ignore:setup.py install is deprecated -W ignore:easy_install command is deprecated setup.py egg_info --egg-base ../../../build/turtlebot3_teleop build --build-base /home/hyoin/service/build/turtlebot3_teleop/build install --record /home/hyoin/service/build/turtlebot3_teleop/install.log --single-version-externally-managed install_data --force
[1.119s] running egg_info
[1.119s] writing ../../../build/turtlebot3_teleop/turtlebot3_teleop.egg-info/PKG-INFO
[1.120s] writing dependency_links to ../../../build/turtlebot3_teleop/turtlebot3_teleop.egg-info/dependency_links.txt
[1.120s] writing entry points to ../../../build/turtlebot3_teleop/turtlebot3_teleop.egg-info/entry_points.txt
[1.120s] writing requirements to ../../../build/turtlebot3_teleop/turtlebot3_teleop.egg-info/requires.txt
[1.120s] writing top-level names to ../../../build/turtlebot3_teleop/turtlebot3_teleop.egg-info/top_level.txt
[1.122s] reading manifest file '../../../build/turtlebot3_teleop/turtlebot3_teleop.egg-info/SOURCES.txt'
[1.123s] writing manifest file '../../../build/turtlebot3_teleop/turtlebot3_teleop.egg-info/SOURCES.txt'
[1.124s] running build
[1.124s] running build_py
[1.124s] running install
[1.125s] running install_lib
[1.125s] creating /home/hyoin/service/install/turtlebot3_teleop/lib/python3.10/site-packages/turtlebot3_teleop
[1.125s] copying /home/hyoin/service/build/turtlebot3_teleop/build/lib/turtlebot3_teleop/__init__.py -> /home/hyoin/service/install/turtlebot3_teleop/lib/python3.10/site-packages/turtlebot3_teleop
[1.126s] creating /home/hyoin/service/install/turtlebot3_teleop/lib/python3.10/site-packages/turtlebot3_teleop/script
[1.126s] copying /home/hyoin/service/build/turtlebot3_teleop/build/lib/turtlebot3_teleop/script/__init__.py -> /home/hyoin/service/install/turtlebot3_teleop/lib/python3.10/site-packages/turtlebot3_teleop/script
[1.126s] copying /home/hyoin/service/build/turtlebot3_teleop/build/lib/turtlebot3_teleop/script/teleop_keyboard.py -> /home/hyoin/service/install/turtlebot3_teleop/lib/python3.10/site-packages/turtlebot3_teleop/script
[1.127s] byte-compiling /home/hyoin/service/install/turtlebot3_teleop/lib/python3.10/site-packages/turtlebot3_teleop/__init__.py to __init__.cpython-310.pyc
[1.127s] byte-compiling /home/hyoin/service/install/turtlebot3_teleop/lib/python3.10/site-packages/turtlebot3_teleop/script/__init__.py to __init__.cpython-310.pyc
[1.129s] byte-compiling /home/hyoin/service/install/turtlebot3_teleop/lib/python3.10/site-packages/turtlebot3_teleop/script/teleop_keyboard.py to teleop_keyboard.cpython-310.pyc
[1.129s] running install_data
[1.129s] copying resource/turtlebot3_teleop -> /home/hyoin/service/install/turtlebot3_teleop/share/ament_index/resource_index/packages
[1.129s] copying package.xml -> /home/hyoin/service/install/turtlebot3_teleop/share/turtlebot3_teleop
[1.129s] running install_egg_info
[1.131s] Copying ../../../build/turtlebot3_teleop/turtlebot3_teleop.egg-info to /home/hyoin/service/install/turtlebot3_teleop/lib/python3.10/site-packages/turtlebot3_teleop-2.1.5-py3.10.egg-info
[1.133s] running install_scripts
[1.157s] Installing teleop_keyboard script to /home/hyoin/service/install/turtlebot3_teleop/lib/turtlebot3_teleop
[1.157s] writing list of installed files to '/home/hyoin/service/build/turtlebot3_teleop/install.log'
[1.184s] Invoked command in '/home/hyoin/service/src/turtlebot3/turtlebot3_teleop' returned '0': PYTHONPATH=/home/hyoin/service/build/turtlebot3_teleop/prefix_override:/usr/lib/python3/dist-packages/colcon_core/task/python/colcon_distutils_commands:/home/hyoin/service/install/turtlebot3_teleop/lib/python3.10/site-packages:${PYTHONPATH} /usr/bin/python3 -W ignore:setup.py install is deprecated -W ignore:easy_install command is deprecated setup.py egg_info --egg-base ../../../build/turtlebot3_teleop build --build-base /home/hyoin/service/build/turtlebot3_teleop/build install --record /home/hyoin/service/build/turtlebot3_teleop/install.log --single-version-externally-managed install_data --force
