-- The C compiler identification is GNU 11.4.0
-- The CXX compiler identification is GNU 11.4.0
-- Detecting C compiler ABI info
-- Detecting C compiler ABI info - done
-- Check for working C compiler: /usr/bin/cc - skipped
-- Detecting C compile features
-- Detecting C compile features - done
-- Detecting CXX compiler ABI info
-- Detecting CXX compiler ABI info - done
-- Check for working CXX compiler: /usr/bin/c++ - skipped
-- Detecting CXX compile features
-- Detecting CXX compile features - done
-- Found ament_cmake: 1.3.11 (/opt/ros/humble/share/ament_cmake/cmake)
-- Found Python3: /usr/bin/python3 (found version "3.10.12") found components: Interpreter 
-- Override CMake install command with custom implementation using symlinks instead of copying resources
-- Found rclcpp: 16.0.11 (/opt/ros/humble/share/rclcpp/cmake)
-- Found rosidl_generator_c: 3.1.6 (/opt/ros/humble/share/rosidl_generator_c/cmake)
-- Found rosidl_adapter: 3.1.6 (/opt/ros/humble/share/rosidl_adapter/cmake)
-- Found rosidl_generator_cpp: 3.1.6 (/opt/ros/humble/share/rosidl_generator_cpp/cmake)
-- Using all available rosidl_typesupport_c: rosidl_typesupport_fastrtps_c;rosidl_typesupport_introspection_c
-- Using all available rosidl_typesupport_cpp: rosidl_typesupport_fastrtps_cpp;rosidl_typesupport_introspection_cpp
-- Found rmw_implementation_cmake: 6.1.2 (/opt/ros/humble/share/rmw_implementation_cmake/cmake)
-- Found rmw_fastrtps_cpp: 6.2.7 (/opt/ros/humble/share/rmw_fastrtps_cpp/cmake)
-- Found OpenSSL: /usr/lib/x86_64-linux-gnu/libcrypto.so (found version "3.0.2")  
-- Found FastRTPS: /opt/ros/humble/include  
-- Using RMW implementation 'rmw_fastrtps_cpp' as default
-- Looking for pthread.h
-- Looking for pthread.h - found
-- Performing Test CMAKE_HAVE_LIBC_PTHREAD
-- Performing Test CMAKE_HAVE_LIBC_PTHREAD - Success
-- Found Threads: TRUE  
-- Found rclcpp_components: 16.0.11 (/opt/ros/humble/share/rclcpp_components/cmake)
-- Found geometry_msgs: 4.2.4 (/opt/ros/humble/share/geometry_msgs/cmake)
-- Found sensor_msgs: 4.2.4 (/opt/ros/humble/share/sensor_msgs/cmake)
-- Found nav_msgs: 4.2.4 (/opt/ros/humble/share/nav_msgs/cmake)
-- Found serial: 1.2.1 (/home/hyoin/service/install/serial/share/serial/cmake)
-- Found rosidl_default_generators: 1.2.0 (/opt/ros/humble/share/rosidl_default_generators/cmake)
-- Found ament_cmake_ros: 0.10.0 (/opt/ros/humble/share/ament_cmake_ros/cmake)
-- Using all available rosidl_typesupport_c: rosidl_typesupport_fastrtps_c;rosidl_typesupport_introspection_c
-- Using all available rosidl_typesupport_cpp: rosidl_typesupport_fastrtps_cpp;rosidl_typesupport_introspection_cpp
-- Found PythonInterp: /usr/bin/python3 (found suitable version "3.10.12", minimum required is "3.6") 
-- Found python_cmake_module: 0.10.0 (/opt/ros/humble/share/python_cmake_module/cmake)
-- Found PythonLibs: /usr/lib/x86_64-linux-gnu/libpython3.10.so (found suitable version "3.10.12", minimum required is "3.5") 
-- Using PYTHON_EXECUTABLE: /usr/bin/python3
-- Using PYTHON_INCLUDE_DIRS: /usr/include/python3.10
-- Using PYTHON_LIBRARIES: /usr/lib/x86_64-linux-gnu/libpython3.10.so
-- Found PythonExtra: .so  
-- Configuring done
-- Generating done
-- Build files have been written to: /home/hyoin/service/build/md
[  2%] [34m[1mGenerating C code for ROS interfaces[0m
[  4%] [34m[1mGenerating C++ code for ROS interfaces[0m
[  4%] Built target ament_cmake_python_symlink_md
running egg_info
creating md.egg-info
writing md.egg-info/PKG-INFO
writing dependency_links to md.egg-info/dependency_links.txt
writing top-level names to md.egg-info/top_level.txt
writing manifest file 'md.egg-info/SOURCES.txt'
reading manifest file 'md.egg-info/SOURCES.txt'
writing manifest file 'md.egg-info/SOURCES.txt'
[  4%] Built target ament_cmake_python_build_md_egg
[  4%] Built target md__cpp
[  9%] [34m[1mGenerating C++ type support for eProsima Fast-RTPS[0m
[  9%] [34m[1mGenerating C++ type support dispatch for ROS interfaces[0m
[ 11%] [34m[1mGenerating C++ introspection for ROS interfaces[0m
[ 13%] [32mBuilding C object CMakeFiles/md__rosidl_generator_c.dir/rosidl_generator_c/md/msg/detail/md_robot_msg1__functions.c.o[0m
[ 16%] [32mBuilding C object CMakeFiles/md__rosidl_generator_c.dir/rosidl_generator_c/md/msg/detail/md_robot_msg2__functions.c.o[0m
[ 18%] [32m[1mLinking C shared library libmd__rosidl_generator_c.so[0m
[ 18%] Built target md__rosidl_generator_c
[ 20%] [34m[1mGenerating C introspection for ROS interfaces[0m
[ 23%] [34m[1mGenerating C type support for eProsima Fast-RTPS[0m
[ 25%] [34m[1mGenerating C type support dispatch for ROS interfaces[0m
[ 27%] [32mBuilding CXX object CMakeFiles/md__rosidl_typesupport_introspection_cpp.dir/rosidl_typesupport_introspection_cpp/md/msg/detail/md_robot_msg1__type_support.cpp.o[0m
[ 30%] [32mBuilding CXX object CMakeFiles/md__rosidl_typesupport_introspection_cpp.dir/rosidl_typesupport_introspection_cpp/md/msg/detail/md_robot_msg2__type_support.cpp.o[0m
[ 32%] [32mBuilding CXX object CMakeFiles/md__rosidl_typesupport_cpp.dir/rosidl_typesupport_cpp/md/msg/md_robot_msg1__type_support.cpp.o[0m
[ 34%] [32mBuilding CXX object CMakeFiles/md__rosidl_typesupport_cpp.dir/rosidl_typesupport_cpp/md/msg/md_robot_msg2__type_support.cpp.o[0m
[ 37%] [32mBuilding CXX object CMakeFiles/md__rosidl_typesupport_fastrtps_cpp.dir/rosidl_typesupport_fastrtps_cpp/md/msg/detail/dds_fastrtps/md_robot_msg1__type_support.cpp.o[0m
[ 39%] [32mBuilding CXX object CMakeFiles/md__rosidl_typesupport_c.dir/rosidl_typesupport_c/md/msg/md_robot_msg1__type_support.cpp.o[0m
[ 41%] [32mBuilding CXX object CMakeFiles/md__rosidl_typesupport_c.dir/rosidl_typesupport_c/md/msg/md_robot_msg2__type_support.cpp.o[0m
[ 44%] [32mBuilding C object CMakeFiles/md__rosidl_typesupport_introspection_c.dir/rosidl_typesupport_introspection_c/md/msg/detail/md_robot_msg1__type_support.c.o[0m
[ 46%] [32mBuilding CXX object CMakeFiles/md__rosidl_typesupport_fastrtps_cpp.dir/rosidl_typesupport_fastrtps_cpp/md/msg/detail/dds_fastrtps/md_robot_msg2__type_support.cpp.o[0m
[ 48%] [32mBuilding C object CMakeFiles/md__rosidl_typesupport_introspection_c.dir/rosidl_typesupport_introspection_c/md/msg/detail/md_robot_msg2__type_support.c.o[0m
[ 51%] [32m[1mLinking CXX shared library libmd__rosidl_typesupport_c.so[0m
[ 53%] [32mBuilding CXX object CMakeFiles/md__rosidl_typesupport_fastrtps_c.dir/rosidl_typesupport_fastrtps_c/md/msg/detail/md_robot_msg1__type_support_c.cpp.o[0m
[ 55%] [32m[1mLinking C shared library libmd__rosidl_typesupport_introspection_c.so[0m
[ 55%] Built target md__rosidl_typesupport_c
[ 58%] [32mBuilding CXX object CMakeFiles/md__rosidl_typesupport_fastrtps_c.dir/rosidl_typesupport_fastrtps_c/md/msg/detail/md_robot_msg2__type_support_c.cpp.o[0m
[ 58%] Built target md__rosidl_typesupport_introspection_c
[ 60%] [32m[1mLinking CXX shared library libmd__rosidl_typesupport_cpp.so[0m
[ 60%] Built target md__rosidl_typesupport_cpp
[ 62%] [32mBuilding CXX object CMakeFiles/md_robot_node.dir/src/md_robot_node/main.cpp.o[0m
[ 67%] [32mBuilding CXX object CMakeFiles/md_robot_node.dir/src/md_robot_node/com.cpp.o[0m
[ 67%] [32mBuilding CXX object CMakeFiles/md_robot_node.dir/src/md_robot_node/robot.cpp.o[0m
[ 69%] [32m[1mLinking CXX shared library libmd__rosidl_typesupport_introspection_cpp.so[0m
[ 69%] Built target md__rosidl_typesupport_introspection_cpp
[ 72%] [32m[1mLinking CXX shared library libmd__rosidl_typesupport_fastrtps_c.so[0m
[ 74%] [32m[1mLinking CXX shared library libmd__rosidl_typesupport_fastrtps_cpp.so[0m
[ 74%] Built target md__rosidl_typesupport_fastrtps_c
[ 74%] Built target md__rosidl_typesupport_fastrtps_cpp
[ 74%] Built target md
[ 76%] [34m[1mGenerating Python code for ROS interfaces[0m
[ 76%] Built target md__py
[ 79%] [32mBuilding C object CMakeFiles/md__rosidl_generator_py.dir/rosidl_generator_py/md/msg/_md_robot_msg1_s.c.o[0m
[ 81%] [32mBuilding C object CMakeFiles/md__rosidl_generator_py.dir/rosidl_generator_py/md/msg/_md_robot_msg2_s.c.o[0m
[ 83%] [32m[1mLinking C shared library rosidl_generator_py/md/libmd__rosidl_generator_py.so[0m
[ 83%] Built target md__rosidl_generator_py
[ 86%] [32mBuilding C object CMakeFiles/md__rosidl_typesupport_introspection_c__pyext.dir/rosidl_generator_py/md/_md_s.ep.rosidl_typesupport_introspection_c.c.o[0m
[ 88%] [32mBuilding C object CMakeFiles/md__rosidl_typesupport_c__pyext.dir/rosidl_generator_py/md/_md_s.ep.rosidl_typesupport_c.c.o[0m
[ 90%] [32mBuilding C object CMakeFiles/md__rosidl_typesupport_fastrtps_c__pyext.dir/rosidl_generator_py/md/_md_s.ep.rosidl_typesupport_fastrtps_c.c.o[0m
[ 93%] [32m[1mLinking C shared library rosidl_generator_py/md/md_s__rosidl_typesupport_introspection_c.cpython-310-x86_64-linux-gnu.so[0m
[ 95%] [32m[1mLinking C shared library rosidl_generator_py/md/md_s__rosidl_typesupport_c.cpython-310-x86_64-linux-gnu.so[0m
[ 95%] Built target md__rosidl_typesupport_introspection_c__pyext
[ 95%] Built target md__rosidl_typesupport_c__pyext
[ 97%] [32m[1mLinking C shared library rosidl_generator_py/md/md_s__rosidl_typesupport_fastrtps_c.cpython-310-x86_64-linux-gnu.so[0m
[ 97%] Built target md__rosidl_typesupport_fastrtps_c__pyext
[100%] [32m[1mLinking CXX executable md_robot_node[0m
[100%] Built target md_robot_node
-- Install configuration: ""
-- Execute custom install script
-- Symlinking: /home/hyoin/service/install/md/share/ament_index/resource_index/rosidl_interfaces/md
-- Symlinking: /home/hyoin/service/install/md/include/md/md/msg/detail/md_robot_msg1__functions.h
-- Symlinking: /home/hyoin/service/install/md/include/md/md/msg/detail/md_robot_msg1__struct.h
-- Symlinking: /home/hyoin/service/install/md/include/md/md/msg/detail/md_robot_msg1__type_support.h
-- Symlinking: /home/hyoin/service/install/md/include/md/md/msg/detail/md_robot_msg2__functions.h
-- Symlinking: /home/hyoin/service/install/md/include/md/md/msg/detail/md_robot_msg2__struct.h
-- Symlinking: /home/hyoin/service/install/md/include/md/md/msg/detail/md_robot_msg2__type_support.h
-- Symlinking: /home/hyoin/service/install/md/include/md/md/msg/md_robot_msg1.h
-- Symlinking: /home/hyoin/service/install/md/include/md/md/msg/md_robot_msg2.h
-- Symlinking: /home/hyoin/service/install/md/include/md/md/msg/rosidl_generator_c__visibility_control.h
-- Symlinking: /home/hyoin/service/install/md/share/md/environment/library_path.sh
-- Symlinking: /home/hyoin/service/install/md/share/md/environment/library_path.dsv
-- Symlinking: /home/hyoin/service/install/md/include/md/md/msg/detail/md_robot_msg1__rosidl_typesupport_fastrtps_c.h
-- Symlinking: /home/hyoin/service/install/md/include/md/md/msg/detail/md_robot_msg2__rosidl_typesupport_fastrtps_c.h
-- Symlinking: /home/hyoin/service/install/md/include/md/md/msg/rosidl_typesupport_fastrtps_c__visibility_control.h
-- Symlinking: /home/hyoin/service/install/md/include/md/md/msg/detail/md_robot_msg1__builder.hpp
-- Symlinking: /home/hyoin/service/install/md/include/md/md/msg/detail/md_robot_msg1__struct.hpp
-- Symlinking: /home/hyoin/service/install/md/include/md/md/msg/detail/md_robot_msg1__traits.hpp
-- Symlinking: /home/hyoin/service/install/md/include/md/md/msg/detail/md_robot_msg1__type_support.hpp
-- Symlinking: /home/hyoin/service/install/md/include/md/md/msg/detail/md_robot_msg2__builder.hpp
-- Symlinking: /home/hyoin/service/install/md/include/md/md/msg/detail/md_robot_msg2__struct.hpp
-- Symlinking: /home/hyoin/service/install/md/include/md/md/msg/detail/md_robot_msg2__traits.hpp
-- Symlinking: /home/hyoin/service/install/md/include/md/md/msg/detail/md_robot_msg2__type_support.hpp
-- Symlinking: /home/hyoin/service/install/md/include/md/md/msg/md_robot_msg1.hpp
-- Symlinking: /home/hyoin/service/install/md/include/md/md/msg/md_robot_msg2.hpp
-- Symlinking: /home/hyoin/service/install/md/include/md/md/msg/rosidl_generator_cpp__visibility_control.hpp
-- Symlinking: /home/hyoin/service/install/md/include/md/md/msg/detail/md_robot_msg1__rosidl_typesupport_fastrtps_cpp.hpp
-- Symlinking: /home/hyoin/service/install/md/include/md/md/msg/detail/md_robot_msg2__rosidl_typesupport_fastrtps_cpp.hpp
-- Symlinking: /home/hyoin/service/install/md/include/md/md/msg/rosidl_typesupport_fastrtps_cpp__visibility_control.h
-- Symlinking: /home/hyoin/service/install/md/include/md/md/msg/detail/md_robot_msg1__rosidl_typesupport_introspection_c.h
-- Symlinking: /home/hyoin/service/install/md/include/md/md/msg/detail/md_robot_msg2__rosidl_typesupport_introspection_c.h
-- Symlinking: /home/hyoin/service/install/md/include/md/md/msg/rosidl_typesupport_introspection_c__visibility_control.h
-- Symlinking: /home/hyoin/service/install/md/include/md/md/msg/detail/md_robot_msg1__rosidl_typesupport_introspection_cpp.hpp
-- Symlinking: /home/hyoin/service/install/md/include/md/md/msg/detail/md_robot_msg2__rosidl_typesupport_introspection_cpp.hpp
-- Symlinking: /home/hyoin/service/install/md/share/md/environment/pythonpath.sh
-- Symlinking: /home/hyoin/service/install/md/share/md/environment/pythonpath.dsv
-- Symlinking: /home/hyoin/service/install/md/local/lib/python3.10/dist-packages/md-0.0.0-py3.10.egg-info/PKG-INFO
-- Symlinking: /home/hyoin/service/install/md/local/lib/python3.10/dist-packages/md-0.0.0-py3.10.egg-info/SOURCES.txt
-- Symlinking: /home/hyoin/service/install/md/local/lib/python3.10/dist-packages/md-0.0.0-py3.10.egg-info/dependency_links.txt
-- Symlinking: /home/hyoin/service/install/md/local/lib/python3.10/dist-packages/md-0.0.0-py3.10.egg-info/top_level.txt
-- Symlinking: /home/hyoin/service/install/md/local/lib/python3.10/dist-packages/md/__init__.py
-- Symlinking: /home/hyoin/service/install/md/local/lib/python3.10/dist-packages/md/_md_s.ep.rosidl_typesupport_c.c
-- Symlinking: /home/hyoin/service/install/md/local/lib/python3.10/dist-packages/md/_md_s.ep.rosidl_typesupport_fastrtps_c.c
-- Symlinking: /home/hyoin/service/install/md/local/lib/python3.10/dist-packages/md/_md_s.ep.rosidl_typesupport_introspection_c.c
-- Symlinking: /home/hyoin/service/install/md/local/lib/python3.10/dist-packages/md/libmd__rosidl_generator_py.so
-- Symlinking: /home/hyoin/service/install/md/local/lib/python3.10/dist-packages/md/md_s__rosidl_typesupport_c.cpython-310-x86_64-linux-gnu.so
-- Symlinking: /home/hyoin/service/install/md/local/lib/python3.10/dist-packages/md/md_s__rosidl_typesupport_fastrtps_c.cpython-310-x86_64-linux-gnu.so
-- Symlinking: /home/hyoin/service/install/md/local/lib/python3.10/dist-packages/md/md_s__rosidl_typesupport_introspection_c.cpython-310-x86_64-linux-gnu.so
-- Symlinking: /home/hyoin/service/install/md/local/lib/python3.10/dist-packages/md/msg/__init__.py
-- Symlinking: /home/hyoin/service/install/md/local/lib/python3.10/dist-packages/md/msg/_md_robot_msg1.py
-- Symlinking: /home/hyoin/service/install/md/local/lib/python3.10/dist-packages/md/msg/_md_robot_msg1_s.c
-- Symlinking: /home/hyoin/service/install/md/local/lib/python3.10/dist-packages/md/msg/_md_robot_msg2.py
-- Symlinking: /home/hyoin/service/install/md/local/lib/python3.10/dist-packages/md/msg/_md_robot_msg2_s.c
-- Up-to-date symlink: /home/hyoin/service/install/md/local/lib/python3.10/dist-packages/md/md_s__rosidl_typesupport_fastrtps_c.cpython-310-x86_64-linux-gnu.so
-- Up-to-date symlink: /home/hyoin/service/install/md/local/lib/python3.10/dist-packages/md/md_s__rosidl_typesupport_introspection_c.cpython-310-x86_64-linux-gnu.so
-- Up-to-date symlink: /home/hyoin/service/install/md/local/lib/python3.10/dist-packages/md/md_s__rosidl_typesupport_c.cpython-310-x86_64-linux-gnu.so
-- Symlinking: /home/hyoin/service/install/md/share/md/msg/MdRobotMsg1.idl
-- Symlinking: /home/hyoin/service/install/md/share/md/msg/MdRobotMsg2.idl
-- Symlinking: /home/hyoin/service/install/md/share/md/msg/MdRobotMsg1.msg
-- Symlinking: /home/hyoin/service/install/md/share/md/msg/MdRobotMsg2.msg
-- Symlinking: /home/hyoin/service/install/md/lib//md_robot_node
-- Symlinking: /home/hyoin/service/install/md/include//md_robot_node/com.hpp
-- Symlinking: /home/hyoin/service/install/md/include//md_robot_node/global.hpp
-- Symlinking: /home/hyoin/service/install/md/include//md_robot_node/main.hpp
-- Symlinking: /home/hyoin/service/install/md/include//md_robot_node/robot.hpp
-- Symlinking: /home/hyoin/service/install/md/share/md/launch/md_robot_node.launch.py
-- Symlinking: /home/hyoin/service/install/md/share/md/launch/md_robot_node_use_MDUI.launch.py
-- Symlinking: /home/hyoin/service/install/md/share/ament_index/resource_index/package_run_dependencies/md
-- Symlinking: /home/hyoin/service/install/md/share/ament_index/resource_index/parent_prefix_path/md
-- Symlinking: /home/hyoin/service/install/md/share/md/environment/ament_prefix_path.sh
-- Symlinking: /home/hyoin/service/install/md/share/md/environment/ament_prefix_path.dsv
-- Symlinking: /home/hyoin/service/install/md/share/md/environment/path.sh
-- Symlinking: /home/hyoin/service/install/md/share/md/environment/path.dsv
-- Symlinking: /home/hyoin/service/install/md/share/md/local_setup.bash
-- Symlinking: /home/hyoin/service/install/md/share/md/local_setup.sh
-- Symlinking: /home/hyoin/service/install/md/share/md/local_setup.zsh
-- Symlinking: /home/hyoin/service/install/md/share/md/local_setup.dsv
-- Symlinking: /home/hyoin/service/install/md/share/md/package.dsv
-- Symlinking: /home/hyoin/service/install/md/share/ament_index/resource_index/packages/md
-- Symlinking: /home/hyoin/service/install/md/share/md/cmake/rosidl_cmake-extras.cmake
-- Symlinking: /home/hyoin/service/install/md/share/md/cmake/ament_cmake_export_dependencies-extras.cmake
-- Symlinking: /home/hyoin/service/install/md/share/md/cmake/ament_cmake_export_include_directories-extras.cmake
-- Symlinking: /home/hyoin/service/install/md/share/md/cmake/ament_cmake_export_libraries-extras.cmake
-- Symlinking: /home/hyoin/service/install/md/share/md/cmake/ament_cmake_export_targets-extras.cmake
-- Symlinking: /home/hyoin/service/install/md/share/md/cmake/rosidl_cmake_export_typesupport_targets-extras.cmake
-- Symlinking: /home/hyoin/service/install/md/share/md/cmake/rosidl_cmake_export_typesupport_libraries-extras.cmake
-- Symlinking: /home/hyoin/service/install/md/share/md/cmake/mdConfig.cmake
-- Symlinking: /home/hyoin/service/install/md/share/md/cmake/mdConfig-version.cmake
-- Symlinking: /home/hyoin/service/install/md/share/md/package.xml
-- Installing: /home/hyoin/service/install/md/lib/libmd__rosidl_generator_c.so
-- Set runtime path of "/home/hyoin/service/install/md/lib/libmd__rosidl_generator_c.so" to ""
-- Installing: /home/hyoin/service/install/md/lib/libmd__rosidl_typesupport_fastrtps_c.so
-- Set runtime path of "/home/hyoin/service/install/md/lib/libmd__rosidl_typesupport_fastrtps_c.so" to ""
-- Installing: /home/hyoin/service/install/md/lib/libmd__rosidl_typesupport_fastrtps_cpp.so
-- Set runtime path of "/home/hyoin/service/install/md/lib/libmd__rosidl_typesupport_fastrtps_cpp.so" to ""
-- Installing: /home/hyoin/service/install/md/lib/libmd__rosidl_typesupport_introspection_c.so
-- Set runtime path of "/home/hyoin/service/install/md/lib/libmd__rosidl_typesupport_introspection_c.so" to ""
-- Installing: /home/hyoin/service/install/md/lib/libmd__rosidl_typesupport_c.so
-- Set runtime path of "/home/hyoin/service/install/md/lib/libmd__rosidl_typesupport_c.so" to ""
-- Installing: /home/hyoin/service/install/md/lib/libmd__rosidl_typesupport_introspection_cpp.so
-- Set runtime path of "/home/hyoin/service/install/md/lib/libmd__rosidl_typesupport_introspection_cpp.so" to ""
-- Installing: /home/hyoin/service/install/md/lib/libmd__rosidl_typesupport_cpp.so
-- Set runtime path of "/home/hyoin/service/install/md/lib/libmd__rosidl_typesupport_cpp.so" to ""
Listing '/home/hyoin/service/install/md/local/lib/python3.10/dist-packages/md'...
Compiling '/home/hyoin/service/install/md/local/lib/python3.10/dist-packages/md/__init__.py'...
Listing '/home/hyoin/service/install/md/local/lib/python3.10/dist-packages/md/msg'...
Compiling '/home/hyoin/service/install/md/local/lib/python3.10/dist-packages/md/msg/__init__.py'...
Compiling '/home/hyoin/service/install/md/local/lib/python3.10/dist-packages/md/msg/_md_robot_msg1.py'...
Compiling '/home/hyoin/service/install/md/local/lib/python3.10/dist-packages/md/msg/_md_robot_msg2.py'...
-- Installing: /home/hyoin/service/install/md/lib/libmd__rosidl_generator_py.so
-- Set runtime path of "/home/hyoin/service/install/md/lib/libmd__rosidl_generator_py.so" to ""
-- Installing: /home/hyoin/service/install/md/share/md/cmake/export_md__rosidl_generator_cExport.cmake
-- Installing: /home/hyoin/service/install/md/share/md/cmake/export_md__rosidl_generator_cExport-noconfig.cmake
-- Installing: /home/hyoin/service/install/md/share/md/cmake/export_md__rosidl_typesupport_fastrtps_cExport.cmake
-- Installing: /home/hyoin/service/install/md/share/md/cmake/export_md__rosidl_typesupport_fastrtps_cExport-noconfig.cmake
-- Installing: /home/hyoin/service/install/md/share/md/cmake/export_md__rosidl_generator_cppExport.cmake
-- Installing: /home/hyoin/service/install/md/share/md/cmake/export_md__rosidl_typesupport_fastrtps_cppExport.cmake
-- Installing: /home/hyoin/service/install/md/share/md/cmake/export_md__rosidl_typesupport_fastrtps_cppExport-noconfig.cmake
-- Installing: /home/hyoin/service/install/md/share/md/cmake/md__rosidl_typesupport_introspection_cExport.cmake
-- Installing: /home/hyoin/service/install/md/share/md/cmake/md__rosidl_typesupport_introspection_cExport-noconfig.cmake
-- Installing: /home/hyoin/service/install/md/share/md/cmake/md__rosidl_typesupport_cExport.cmake
-- Installing: /home/hyoin/service/install/md/share/md/cmake/md__rosidl_typesupport_cExport-noconfig.cmake
-- Installing: /home/hyoin/service/install/md/share/md/cmake/md__rosidl_typesupport_introspection_cppExport.cmake
-- Installing: /home/hyoin/service/install/md/share/md/cmake/md__rosidl_typesupport_introspection_cppExport-noconfig.cmake
-- Installing: /home/hyoin/service/install/md/share/md/cmake/md__rosidl_typesupport_cppExport.cmake
-- Installing: /home/hyoin/service/install/md/share/md/cmake/md__rosidl_typesupport_cppExport-noconfig.cmake
-- Installing: /home/hyoin/service/install/md/share/md/cmake/export_md__rosidl_generator_pyExport.cmake
-- Installing: /home/hyoin/service/install/md/share/md/cmake/export_md__rosidl_generator_pyExport-noconfig.cmake
