[0.005s] Invoking command in '/home/hyoin/service/build/md': AMENT_PREFIX_PATH=/home/hyoin/service/install/serial:${AMENT_PREFIX_PATH} CMAKE_PREFIX_PATH=/home/hyoin/service/install/serial:/opt/ros/humble LD_LIBRARY_PATH=/home/hyoin/service/install/serial/lib:${LD_LIBRARY_PATH} PATH=/home/hyoin/service/install/serial/bin:${PATH} /usr/bin/cmake /home/hyoin/service/src/md -DAMENT_CMAKE_SYMLINK_INSTALL=1 -DCMAKE_INSTALL_PREFIX=/home/hyoin/service/install/md
[0.040s] -- The C compiler identification is GNU 11.4.0
[0.083s] -- The CXX compiler identification is GNU 11.4.0
[0.088s] -- Detecting C compiler ABI info
[0.130s] -- Detecting C compiler ABI info - done
[0.135s] -- Check for working C compiler: /usr/bin/cc - skipped
[0.135s] -- Detecting C compile features
[0.135s] -- Detecting C compile features - done
[0.137s] -- Detecting CXX compiler ABI info
[0.188s] -- Detecting CXX compiler ABI info - done
[0.193s] -- Check for working CXX compiler: /usr/bin/c++ - skipped
[0.193s] -- Detecting CXX compile features
[0.194s] -- Detecting CXX compile features - done
[0.195s] -- Found ament_cmake: 1.3.11 (/opt/ros/humble/share/ament_cmake/cmake)
[0.298s] -- Found Python3: /usr/bin/python3 (found version "3.10.12") found components: Interpreter 
[0.339s] -- Override CMake install command with custom implementation using symlinks instead of copying resources
[0.363s] -- Found rclcpp: 16.0.11 (/opt/ros/humble/share/rclcpp/cmake)
[0.393s] -- Found rosidl_generator_c: 3.1.6 (/opt/ros/humble/share/rosidl_generator_c/cmake)
[0.396s] -- Found rosidl_adapter: 3.1.6 (/opt/ros/humble/share/rosidl_adapter/cmake)
[0.402s] -- Found rosidl_generator_cpp: 3.1.6 (/opt/ros/humble/share/rosidl_generator_cpp/cmake)
[0.415s] -- Using all available rosidl_typesupport_c: rosidl_typesupport_fastrtps_c;rosidl_typesupport_introspection_c
[0.430s] -- Using all available rosidl_typesupport_cpp: rosidl_typesupport_fastrtps_cpp;rosidl_typesupport_introspection_cpp
[0.459s] -- Found rmw_implementation_cmake: 6.1.2 (/opt/ros/humble/share/rmw_implementation_cmake/cmake)
[0.460s] -- Found rmw_fastrtps_cpp: 6.2.7 (/opt/ros/humble/share/rmw_fastrtps_cpp/cmake)
[0.513s] -- Found OpenSSL: /usr/lib/x86_64-linux-gnu/libcrypto.so (found version "3.0.2")  
[0.531s] -- Found FastRTPS: /opt/ros/humble/include  
[0.557s] -- Using RMW implementation 'rmw_fastrtps_cpp' as default
[0.562s] -- Looking for pthread.h
[0.607s] -- Looking for pthread.h - found
[0.607s] -- Performing Test CMAKE_HAVE_LIBC_PTHREAD
[0.655s] -- Performing Test CMAKE_HAVE_LIBC_PTHREAD - Success
[0.655s] -- Found Threads: TRUE  
[0.692s] -- Found rclcpp_components: 16.0.11 (/opt/ros/humble/share/rclcpp_components/cmake)
[0.714s] -- Found geometry_msgs: 4.2.4 (/opt/ros/humble/share/geometry_msgs/cmake)
[0.725s] -- Found sensor_msgs: 4.2.4 (/opt/ros/humble/share/sensor_msgs/cmake)
[0.741s] -- Found nav_msgs: 4.2.4 (/opt/ros/humble/share/nav_msgs/cmake)
[0.755s] -- Found serial: 1.2.1 (/home/hyoin/service/install/serial/share/serial/cmake)
[0.756s] -- Found rosidl_default_generators: 1.2.0 (/opt/ros/humble/share/rosidl_default_generators/cmake)
[0.970s] -- Found ament_cmake_ros: 0.10.0 (/opt/ros/humble/share/ament_cmake_ros/cmake)
[1.251s] -- Using all available rosidl_typesupport_c: rosidl_typesupport_fastrtps_c;rosidl_typesupport_introspection_c
[1.373s] -- Using all available rosidl_typesupport_cpp: rosidl_typesupport_fastrtps_cpp;rosidl_typesupport_introspection_cpp
[1.397s] -- Found PythonInterp: /usr/bin/python3 (found suitable version "3.10.12", minimum required is "3.6") 
[1.397s] -- Found python_cmake_module: 0.10.0 (/opt/ros/humble/share/python_cmake_module/cmake)
[1.430s] -- Found PythonLibs: /usr/lib/x86_64-linux-gnu/libpython3.10.so (found suitable version "3.10.12", minimum required is "3.5") 
[1.430s] -- Using PYTHON_EXECUTABLE: /usr/bin/python3
[1.430s] -- Using PYTHON_INCLUDE_DIRS: /usr/include/python3.10
[1.430s] -- Using PYTHON_LIBRARIES: /usr/lib/x86_64-linux-gnu/libpython3.10.so
[1.458s] -- Found PythonExtra: .so  
[1.531s] -- Configuring done
[1.559s] -- Generating done
[1.569s] -- Build files have been written to: /home/hyoin/service/build/md
[1.579s] Invoked command in '/home/hyoin/service/build/md' returned '0': AMENT_PREFIX_PATH=/home/hyoin/service/install/serial:${AMENT_PREFIX_PATH} CMAKE_PREFIX_PATH=/home/hyoin/service/install/serial:/opt/ros/humble LD_LIBRARY_PATH=/home/hyoin/service/install/serial/lib:${LD_LIBRARY_PATH} PATH=/home/hyoin/service/install/serial/bin:${PATH} /usr/bin/cmake /home/hyoin/service/src/md -DAMENT_CMAKE_SYMLINK_INSTALL=1 -DCMAKE_INSTALL_PREFIX=/home/hyoin/service/install/md
[1.581s] Invoking command in '/home/hyoin/service/build/md': AMENT_PREFIX_PATH=/home/hyoin/service/install/serial:${AMENT_PREFIX_PATH} CMAKE_PREFIX_PATH=/home/hyoin/service/install/serial:/opt/ros/humble LD_LIBRARY_PATH=/home/hyoin/service/install/serial/lib:${LD_LIBRARY_PATH} PATH=/home/hyoin/service/install/serial/bin:${PATH} /usr/bin/cmake --build /home/hyoin/service/build/md -- -j8 -l8
[1.622s] [  2%] [34m[1mGenerating C code for ROS interfaces[0m
[1.636s] [  4%] [34m[1mGenerating C++ code for ROS interfaces[0m
[1.641s] [  4%] Built target ament_cmake_python_symlink_md
[1.859s] running egg_info
[1.860s] creating md.egg-info
[1.860s] writing md.egg-info/PKG-INFO
[1.860s] writing dependency_links to md.egg-info/dependency_links.txt
[1.860s] writing top-level names to md.egg-info/top_level.txt
[1.860s] writing manifest file 'md.egg-info/SOURCES.txt'
[1.865s] reading manifest file 'md.egg-info/SOURCES.txt'
[1.865s] writing manifest file 'md.egg-info/SOURCES.txt'
[1.890s] [  4%] Built target ament_cmake_python_build_md_egg
[1.974s] [  4%] Built target md__cpp
[1.984s] [  9%] [34m[1mGenerating C++ type support for eProsima Fast-RTPS[0m
[1.985s] [  9%] [34m[1mGenerating C++ type support dispatch for ROS interfaces[0m
[1.985s] [ 11%] [34m[1mGenerating C++ introspection for ROS interfaces[0m
[2.086s] [ 13%] [32mBuilding C object CMakeFiles/md__rosidl_generator_c.dir/rosidl_generator_c/md/msg/detail/md_robot_msg1__functions.c.o[0m
[2.087s] [ 16%] [32mBuilding C object CMakeFiles/md__rosidl_generator_c.dir/rosidl_generator_c/md/msg/detail/md_robot_msg2__functions.c.o[0m
[2.139s] [ 18%] [32m[1mLinking C shared library libmd__rosidl_generator_c.so[0m
[2.173s] [ 18%] Built target md__rosidl_generator_c
[2.183s] [ 20%] [34m[1mGenerating C introspection for ROS interfaces[0m
[2.184s] [ 23%] [34m[1mGenerating C type support for eProsima Fast-RTPS[0m
[2.188s] [ 25%] [34m[1mGenerating C type support dispatch for ROS interfaces[0m
[2.325s] [ 27%] [32mBuilding CXX object CMakeFiles/md__rosidl_typesupport_introspection_cpp.dir/rosidl_typesupport_introspection_cpp/md/msg/detail/md_robot_msg1__type_support.cpp.o[0m
[2.327s] [ 30%] [32mBuilding CXX object CMakeFiles/md__rosidl_typesupport_introspection_cpp.dir/rosidl_typesupport_introspection_cpp/md/msg/detail/md_robot_msg2__type_support.cpp.o[0m
[2.348s] [ 32%] [32mBuilding CXX object CMakeFiles/md__rosidl_typesupport_cpp.dir/rosidl_typesupport_cpp/md/msg/md_robot_msg1__type_support.cpp.o[0m
[2.359s] [ 34%] [32mBuilding CXX object CMakeFiles/md__rosidl_typesupport_cpp.dir/rosidl_typesupport_cpp/md/msg/md_robot_msg2__type_support.cpp.o[0m
[2.457s] [ 37%] [32mBuilding CXX object CMakeFiles/md__rosidl_typesupport_fastrtps_cpp.dir/rosidl_typesupport_fastrtps_cpp/md/msg/detail/dds_fastrtps/md_robot_msg1__type_support.cpp.o[0m
[2.556s] [ 39%] [32mBuilding CXX object CMakeFiles/md__rosidl_typesupport_c.dir/rosidl_typesupport_c/md/msg/md_robot_msg1__type_support.cpp.o[0m
[2.623s] [ 41%] [32mBuilding CXX object CMakeFiles/md__rosidl_typesupport_c.dir/rosidl_typesupport_c/md/msg/md_robot_msg2__type_support.cpp.o[0m
[2.628s] [ 44%] [32mBuilding C object CMakeFiles/md__rosidl_typesupport_introspection_c.dir/rosidl_typesupport_introspection_c/md/msg/detail/md_robot_msg1__type_support.c.o[0m
[2.663s] [ 46%] [32mBuilding CXX object CMakeFiles/md__rosidl_typesupport_fastrtps_cpp.dir/rosidl_typesupport_fastrtps_cpp/md/msg/detail/dds_fastrtps/md_robot_msg2__type_support.cpp.o[0m
[2.670s] [ 48%] [32mBuilding C object CMakeFiles/md__rosidl_typesupport_introspection_c.dir/rosidl_typesupport_introspection_c/md/msg/detail/md_robot_msg2__type_support.c.o[0m
[2.673s] [ 51%] [32m[1mLinking CXX shared library libmd__rosidl_typesupport_c.so[0m
[2.674s] [ 53%] [32mBuilding CXX object CMakeFiles/md__rosidl_typesupport_fastrtps_c.dir/rosidl_typesupport_fastrtps_c/md/msg/detail/md_robot_msg1__type_support_c.cpp.o[0m
[2.723s] [ 55%] [32m[1mLinking C shared library libmd__rosidl_typesupport_introspection_c.so[0m
[2.728s] [ 55%] Built target md__rosidl_typesupport_c
[2.739s] [ 58%] [32mBuilding CXX object CMakeFiles/md__rosidl_typesupport_fastrtps_c.dir/rosidl_typesupport_fastrtps_c/md/msg/detail/md_robot_msg2__type_support_c.cpp.o[0m
[2.791s] [ 58%] Built target md__rosidl_typesupport_introspection_c
[2.800s] [ 60%] [32m[1mLinking CXX shared library libmd__rosidl_typesupport_cpp.so[0m
[2.849s] [ 60%] Built target md__rosidl_typesupport_cpp
[2.868s] [ 62%] [32mBuilding CXX object CMakeFiles/md_robot_node.dir/src/md_robot_node/main.cpp.o[0m
[2.877s] [ 67%] [32mBuilding CXX object CMakeFiles/md_robot_node.dir/src/md_robot_node/com.cpp.o[0m
[2.877s] [ 67%] [32mBuilding CXX object CMakeFiles/md_robot_node.dir/src/md_robot_node/robot.cpp.o[0m
[2.889s] [ 69%] [32m[1mLinking CXX shared library libmd__rosidl_typesupport_introspection_cpp.so[0m
[2.971s] [ 69%] Built target md__rosidl_typesupport_introspection_cpp
[3.160s] [ 72%] [32m[1mLinking CXX shared library libmd__rosidl_typesupport_fastrtps_c.so[0m
[3.189s] [ 74%] [32m[1mLinking CXX shared library libmd__rosidl_typesupport_fastrtps_cpp.so[0m
[3.262s] [ 74%] Built target md__rosidl_typesupport_fastrtps_c
[3.282s] [ 74%] Built target md__rosidl_typesupport_fastrtps_cpp
[3.304s] [ 74%] Built target md
[3.325s] [ 76%] [34m[1mGenerating Python code for ROS interfaces[0m
[3.974s] [ 76%] Built target md__py
[3.996s] [ 79%] [32mBuilding C object CMakeFiles/md__rosidl_generator_py.dir/rosidl_generator_py/md/msg/_md_robot_msg1_s.c.o[0m
[3.996s] [ 81%] [32mBuilding C object CMakeFiles/md__rosidl_generator_py.dir/rosidl_generator_py/md/msg/_md_robot_msg2_s.c.o[0m
[4.131s] [ 83%] [32m[1mLinking C shared library rosidl_generator_py/md/libmd__rosidl_generator_py.so[0m
[4.176s] [ 83%] Built target md__rosidl_generator_py
[4.198s] [ 86%] [32mBuilding C object CMakeFiles/md__rosidl_typesupport_introspection_c__pyext.dir/rosidl_generator_py/md/_md_s.ep.rosidl_typesupport_introspection_c.c.o[0m
[4.206s] [ 88%] [32mBuilding C object CMakeFiles/md__rosidl_typesupport_c__pyext.dir/rosidl_generator_py/md/_md_s.ep.rosidl_typesupport_c.c.o[0m
[4.214s] [ 90%] [32mBuilding C object CMakeFiles/md__rosidl_typesupport_fastrtps_c__pyext.dir/rosidl_generator_py/md/_md_s.ep.rosidl_typesupport_fastrtps_c.c.o[0m
[4.327s] [ 93%] [32m[1mLinking C shared library rosidl_generator_py/md/md_s__rosidl_typesupport_introspection_c.cpython-310-x86_64-linux-gnu.so[0m
[4.358s] [ 95%] [32m[1mLinking C shared library rosidl_generator_py/md/md_s__rosidl_typesupport_c.cpython-310-x86_64-linux-gnu.so[0m
[4.408s] [ 95%] Built target md__rosidl_typesupport_introspection_c__pyext
[4.413s] [ 95%] Built target md__rosidl_typesupport_c__pyext
[4.426s] [ 97%] [32m[1mLinking C shared library rosidl_generator_py/md/md_s__rosidl_typesupport_fastrtps_c.cpython-310-x86_64-linux-gnu.so[0m
[4.470s] [ 97%] Built target md__rosidl_typesupport_fastrtps_c__pyext
[17.217s] [100%] [32m[1mLinking CXX executable md_robot_node[0m
[17.707s] [100%] Built target md_robot_node
[17.717s] Invoked command in '/home/hyoin/service/build/md' returned '0': AMENT_PREFIX_PATH=/home/hyoin/service/install/serial:${AMENT_PREFIX_PATH} CMAKE_PREFIX_PATH=/home/hyoin/service/install/serial:/opt/ros/humble LD_LIBRARY_PATH=/home/hyoin/service/install/serial/lib:${LD_LIBRARY_PATH} PATH=/home/hyoin/service/install/serial/bin:${PATH} /usr/bin/cmake --build /home/hyoin/service/build/md -- -j8 -l8
[17.718s] Invoking command in '/home/hyoin/service/build/md': AMENT_PREFIX_PATH=/home/hyoin/service/install/serial:${AMENT_PREFIX_PATH} CMAKE_PREFIX_PATH=/home/hyoin/service/install/serial:/opt/ros/humble LD_LIBRARY_PATH=/home/hyoin/service/install/serial/lib:${LD_LIBRARY_PATH} PATH=/home/hyoin/service/install/serial/bin:${PATH} /usr/bin/cmake --install /home/hyoin/service/build/md
[17.724s] -- Install configuration: ""
[17.724s] -- Execute custom install script
[17.724s] -- Symlinking: /home/hyoin/service/install/md/share/ament_index/resource_index/rosidl_interfaces/md
[17.731s] -- Symlinking: /home/hyoin/service/install/md/include/md/md/msg/detail/md_robot_msg1__functions.h
[17.736s] -- Symlinking: /home/hyoin/service/install/md/include/md/md/msg/detail/md_robot_msg1__struct.h
[17.741s] -- Symlinking: /home/hyoin/service/install/md/include/md/md/msg/detail/md_robot_msg1__type_support.h
[17.747s] -- Symlinking: /home/hyoin/service/install/md/include/md/md/msg/detail/md_robot_msg2__functions.h
[17.753s] -- Symlinking: /home/hyoin/service/install/md/include/md/md/msg/detail/md_robot_msg2__struct.h
[17.759s] -- Symlinking: /home/hyoin/service/install/md/include/md/md/msg/detail/md_robot_msg2__type_support.h
[17.765s] -- Symlinking: /home/hyoin/service/install/md/include/md/md/msg/md_robot_msg1.h
[17.770s] -- Symlinking: /home/hyoin/service/install/md/include/md/md/msg/md_robot_msg2.h
[17.775s] -- Symlinking: /home/hyoin/service/install/md/include/md/md/msg/rosidl_generator_c__visibility_control.h
[17.781s] -- Symlinking: /home/hyoin/service/install/md/share/md/environment/library_path.sh
[17.786s] -- Symlinking: /home/hyoin/service/install/md/share/md/environment/library_path.dsv
[17.792s] -- Symlinking: /home/hyoin/service/install/md/include/md/md/msg/detail/md_robot_msg1__rosidl_typesupport_fastrtps_c.h
[17.798s] -- Symlinking: /home/hyoin/service/install/md/include/md/md/msg/detail/md_robot_msg2__rosidl_typesupport_fastrtps_c.h
[17.803s] -- Symlinking: /home/hyoin/service/install/md/include/md/md/msg/rosidl_typesupport_fastrtps_c__visibility_control.h
[17.809s] -- Symlinking: /home/hyoin/service/install/md/include/md/md/msg/detail/md_robot_msg1__builder.hpp
[17.815s] -- Symlinking: /home/hyoin/service/install/md/include/md/md/msg/detail/md_robot_msg1__struct.hpp
[17.820s] -- Symlinking: /home/hyoin/service/install/md/include/md/md/msg/detail/md_robot_msg1__traits.hpp
[17.826s] -- Symlinking: /home/hyoin/service/install/md/include/md/md/msg/detail/md_robot_msg1__type_support.hpp
[17.832s] -- Symlinking: /home/hyoin/service/install/md/include/md/md/msg/detail/md_robot_msg2__builder.hpp
[17.837s] -- Symlinking: /home/hyoin/service/install/md/include/md/md/msg/detail/md_robot_msg2__struct.hpp
[17.843s] -- Symlinking: /home/hyoin/service/install/md/include/md/md/msg/detail/md_robot_msg2__traits.hpp
[17.848s] -- Symlinking: /home/hyoin/service/install/md/include/md/md/msg/detail/md_robot_msg2__type_support.hpp
[17.853s] -- Symlinking: /home/hyoin/service/install/md/include/md/md/msg/md_robot_msg1.hpp
[17.861s] -- Symlinking: /home/hyoin/service/install/md/include/md/md/msg/md_robot_msg2.hpp
[17.866s] -- Symlinking: /home/hyoin/service/install/md/include/md/md/msg/rosidl_generator_cpp__visibility_control.hpp
[17.872s] -- Symlinking: /home/hyoin/service/install/md/include/md/md/msg/detail/md_robot_msg1__rosidl_typesupport_fastrtps_cpp.hpp
[17.877s] -- Symlinking: /home/hyoin/service/install/md/include/md/md/msg/detail/md_robot_msg2__rosidl_typesupport_fastrtps_cpp.hpp
[17.883s] -- Symlinking: /home/hyoin/service/install/md/include/md/md/msg/rosidl_typesupport_fastrtps_cpp__visibility_control.h
[17.889s] -- Symlinking: /home/hyoin/service/install/md/include/md/md/msg/detail/md_robot_msg1__rosidl_typesupport_introspection_c.h
[17.894s] -- Symlinking: /home/hyoin/service/install/md/include/md/md/msg/detail/md_robot_msg2__rosidl_typesupport_introspection_c.h
[17.900s] -- Symlinking: /home/hyoin/service/install/md/include/md/md/msg/rosidl_typesupport_introspection_c__visibility_control.h
[17.905s] -- Symlinking: /home/hyoin/service/install/md/include/md/md/msg/detail/md_robot_msg1__rosidl_typesupport_introspection_cpp.hpp
[17.912s] -- Symlinking: /home/hyoin/service/install/md/include/md/md/msg/detail/md_robot_msg2__rosidl_typesupport_introspection_cpp.hpp
[17.917s] -- Symlinking: /home/hyoin/service/install/md/share/md/environment/pythonpath.sh
[17.924s] -- Symlinking: /home/hyoin/service/install/md/share/md/environment/pythonpath.dsv
[17.930s] -- Symlinking: /home/hyoin/service/install/md/local/lib/python3.10/dist-packages/md-0.0.0-py3.10.egg-info/PKG-INFO
[17.935s] -- Symlinking: /home/hyoin/service/install/md/local/lib/python3.10/dist-packages/md-0.0.0-py3.10.egg-info/SOURCES.txt
[17.941s] -- Symlinking: /home/hyoin/service/install/md/local/lib/python3.10/dist-packages/md-0.0.0-py3.10.egg-info/dependency_links.txt
[17.947s] -- Symlinking: /home/hyoin/service/install/md/local/lib/python3.10/dist-packages/md-0.0.0-py3.10.egg-info/top_level.txt
[17.953s] -- Symlinking: /home/hyoin/service/install/md/local/lib/python3.10/dist-packages/md/__init__.py
[17.959s] -- Symlinking: /home/hyoin/service/install/md/local/lib/python3.10/dist-packages/md/_md_s.ep.rosidl_typesupport_c.c
[17.965s] -- Symlinking: /home/hyoin/service/install/md/local/lib/python3.10/dist-packages/md/_md_s.ep.rosidl_typesupport_fastrtps_c.c
[17.971s] -- Symlinking: /home/hyoin/service/install/md/local/lib/python3.10/dist-packages/md/_md_s.ep.rosidl_typesupport_introspection_c.c
[17.976s] -- Symlinking: /home/hyoin/service/install/md/local/lib/python3.10/dist-packages/md/libmd__rosidl_generator_py.so
[17.981s] -- Symlinking: /home/hyoin/service/install/md/local/lib/python3.10/dist-packages/md/md_s__rosidl_typesupport_c.cpython-310-x86_64-linux-gnu.so
[17.987s] -- Symlinking: /home/hyoin/service/install/md/local/lib/python3.10/dist-packages/md/md_s__rosidl_typesupport_fastrtps_c.cpython-310-x86_64-linux-gnu.so
[17.992s] -- Symlinking: /home/hyoin/service/install/md/local/lib/python3.10/dist-packages/md/md_s__rosidl_typesupport_introspection_c.cpython-310-x86_64-linux-gnu.so
[17.998s] -- Symlinking: /home/hyoin/service/install/md/local/lib/python3.10/dist-packages/md/msg/__init__.py
[18.003s] -- Symlinking: /home/hyoin/service/install/md/local/lib/python3.10/dist-packages/md/msg/_md_robot_msg1.py
[18.008s] -- Symlinking: /home/hyoin/service/install/md/local/lib/python3.10/dist-packages/md/msg/_md_robot_msg1_s.c
[18.013s] -- Symlinking: /home/hyoin/service/install/md/local/lib/python3.10/dist-packages/md/msg/_md_robot_msg2.py
[18.018s] -- Symlinking: /home/hyoin/service/install/md/local/lib/python3.10/dist-packages/md/msg/_md_robot_msg2_s.c
[18.024s] -- Up-to-date symlink: /home/hyoin/service/install/md/local/lib/python3.10/dist-packages/md/md_s__rosidl_typesupport_fastrtps_c.cpython-310-x86_64-linux-gnu.so
[18.024s] -- Up-to-date symlink: /home/hyoin/service/install/md/local/lib/python3.10/dist-packages/md/md_s__rosidl_typesupport_introspection_c.cpython-310-x86_64-linux-gnu.so
[18.024s] -- Up-to-date symlink: /home/hyoin/service/install/md/local/lib/python3.10/dist-packages/md/md_s__rosidl_typesupport_c.cpython-310-x86_64-linux-gnu.so
[18.024s] -- Symlinking: /home/hyoin/service/install/md/share/md/msg/MdRobotMsg1.idl
[18.029s] -- Symlinking: /home/hyoin/service/install/md/share/md/msg/MdRobotMsg2.idl
[18.035s] -- Symlinking: /home/hyoin/service/install/md/share/md/msg/MdRobotMsg1.msg
[18.040s] -- Symlinking: /home/hyoin/service/install/md/share/md/msg/MdRobotMsg2.msg
[18.046s] -- Symlinking: /home/hyoin/service/install/md/lib//md_robot_node
[18.052s] -- Symlinking: /home/hyoin/service/install/md/include//md_robot_node/com.hpp
[18.057s] -- Symlinking: /home/hyoin/service/install/md/include//md_robot_node/global.hpp
[18.062s] -- Symlinking: /home/hyoin/service/install/md/include//md_robot_node/main.hpp
[18.068s] -- Symlinking: /home/hyoin/service/install/md/include//md_robot_node/robot.hpp
[18.073s] -- Symlinking: /home/hyoin/service/install/md/share/md/launch/md_robot_node.launch.py
[18.078s] -- Symlinking: /home/hyoin/service/install/md/share/md/launch/md_robot_node_use_MDUI.launch.py
[18.084s] -- Symlinking: /home/hyoin/service/install/md/share/ament_index/resource_index/package_run_dependencies/md
[18.089s] -- Symlinking: /home/hyoin/service/install/md/share/ament_index/resource_index/parent_prefix_path/md
[18.094s] -- Symlinking: /home/hyoin/service/install/md/share/md/environment/ament_prefix_path.sh
[18.100s] -- Symlinking: /home/hyoin/service/install/md/share/md/environment/ament_prefix_path.dsv
[18.105s] -- Symlinking: /home/hyoin/service/install/md/share/md/environment/path.sh
[18.111s] -- Symlinking: /home/hyoin/service/install/md/share/md/environment/path.dsv
[18.116s] -- Symlinking: /home/hyoin/service/install/md/share/md/local_setup.bash
[18.122s] -- Symlinking: /home/hyoin/service/install/md/share/md/local_setup.sh
[18.127s] -- Symlinking: /home/hyoin/service/install/md/share/md/local_setup.zsh
[18.132s] -- Symlinking: /home/hyoin/service/install/md/share/md/local_setup.dsv
[18.138s] -- Symlinking: /home/hyoin/service/install/md/share/md/package.dsv
[18.143s] -- Symlinking: /home/hyoin/service/install/md/share/ament_index/resource_index/packages/md
[18.149s] -- Symlinking: /home/hyoin/service/install/md/share/md/cmake/rosidl_cmake-extras.cmake
[18.154s] -- Symlinking: /home/hyoin/service/install/md/share/md/cmake/ament_cmake_export_dependencies-extras.cmake
[18.160s] -- Symlinking: /home/hyoin/service/install/md/share/md/cmake/ament_cmake_export_include_directories-extras.cmake
[18.165s] -- Symlinking: /home/hyoin/service/install/md/share/md/cmake/ament_cmake_export_libraries-extras.cmake
[18.171s] -- Symlinking: /home/hyoin/service/install/md/share/md/cmake/ament_cmake_export_targets-extras.cmake
[18.177s] -- Symlinking: /home/hyoin/service/install/md/share/md/cmake/rosidl_cmake_export_typesupport_targets-extras.cmake
[18.182s] -- Symlinking: /home/hyoin/service/install/md/share/md/cmake/rosidl_cmake_export_typesupport_libraries-extras.cmake
[18.188s] -- Symlinking: /home/hyoin/service/install/md/share/md/cmake/mdConfig.cmake
[18.193s] -- Symlinking: /home/hyoin/service/install/md/share/md/cmake/mdConfig-version.cmake
[18.199s] -- Symlinking: /home/hyoin/service/install/md/share/md/package.xml
[18.204s] -- Installing: /home/hyoin/service/install/md/lib/libmd__rosidl_generator_c.so
[18.204s] -- Set runtime path of "/home/hyoin/service/install/md/lib/libmd__rosidl_generator_c.so" to ""
[18.204s] -- Installing: /home/hyoin/service/install/md/lib/libmd__rosidl_typesupport_fastrtps_c.so
[18.204s] -- Set runtime path of "/home/hyoin/service/install/md/lib/libmd__rosidl_typesupport_fastrtps_c.so" to ""
[18.204s] -- Installing: /home/hyoin/service/install/md/lib/libmd__rosidl_typesupport_fastrtps_cpp.so
[18.205s] -- Set runtime path of "/home/hyoin/service/install/md/lib/libmd__rosidl_typesupport_fastrtps_cpp.so" to ""
[18.205s] -- Installing: /home/hyoin/service/install/md/lib/libmd__rosidl_typesupport_introspection_c.so
[18.205s] -- Set runtime path of "/home/hyoin/service/install/md/lib/libmd__rosidl_typesupport_introspection_c.so" to ""
[18.205s] -- Installing: /home/hyoin/service/install/md/lib/libmd__rosidl_typesupport_c.so
[18.205s] -- Set runtime path of "/home/hyoin/service/install/md/lib/libmd__rosidl_typesupport_c.so" to ""
[18.205s] -- Installing: /home/hyoin/service/install/md/lib/libmd__rosidl_typesupport_introspection_cpp.so
[18.205s] -- Set runtime path of "/home/hyoin/service/install/md/lib/libmd__rosidl_typesupport_introspection_cpp.so" to ""
[18.205s] -- Installing: /home/hyoin/service/install/md/lib/libmd__rosidl_typesupport_cpp.so
[18.205s] -- Set runtime path of "/home/hyoin/service/install/md/lib/libmd__rosidl_typesupport_cpp.so" to ""
[18.229s] Listing '/home/hyoin/service/install/md/local/lib/python3.10/dist-packages/md'...
[18.229s] Compiling '/home/hyoin/service/install/md/local/lib/python3.10/dist-packages/md/__init__.py'...
[18.229s] Listing '/home/hyoin/service/install/md/local/lib/python3.10/dist-packages/md/msg'...
[18.229s] Compiling '/home/hyoin/service/install/md/local/lib/python3.10/dist-packages/md/msg/__init__.py'...
[18.229s] Compiling '/home/hyoin/service/install/md/local/lib/python3.10/dist-packages/md/msg/_md_robot_msg1.py'...
[18.229s] Compiling '/home/hyoin/service/install/md/local/lib/python3.10/dist-packages/md/msg/_md_robot_msg2.py'...
[18.231s] -- Installing: /home/hyoin/service/install/md/lib/libmd__rosidl_generator_py.so
[18.232s] -- Set runtime path of "/home/hyoin/service/install/md/lib/libmd__rosidl_generator_py.so" to ""
[18.232s] -- Installing: /home/hyoin/service/install/md/share/md/cmake/export_md__rosidl_generator_cExport.cmake
[18.232s] -- Installing: /home/hyoin/service/install/md/share/md/cmake/export_md__rosidl_generator_cExport-noconfig.cmake
[18.232s] -- Installing: /home/hyoin/service/install/md/share/md/cmake/export_md__rosidl_typesupport_fastrtps_cExport.cmake
[18.232s] -- Installing: /home/hyoin/service/install/md/share/md/cmake/export_md__rosidl_typesupport_fastrtps_cExport-noconfig.cmake
[18.232s] -- Installing: /home/hyoin/service/install/md/share/md/cmake/export_md__rosidl_generator_cppExport.cmake
[18.232s] -- Installing: /home/hyoin/service/install/md/share/md/cmake/export_md__rosidl_typesupport_fastrtps_cppExport.cmake
[18.232s] -- Installing: /home/hyoin/service/install/md/share/md/cmake/export_md__rosidl_typesupport_fastrtps_cppExport-noconfig.cmake
[18.232s] -- Installing: /home/hyoin/service/install/md/share/md/cmake/md__rosidl_typesupport_introspection_cExport.cmake
[18.232s] -- Installing: /home/hyoin/service/install/md/share/md/cmake/md__rosidl_typesupport_introspection_cExport-noconfig.cmake
[18.232s] -- Installing: /home/hyoin/service/install/md/share/md/cmake/md__rosidl_typesupport_cExport.cmake
[18.232s] -- Installing: /home/hyoin/service/install/md/share/md/cmake/md__rosidl_typesupport_cExport-noconfig.cmake
[18.232s] -- Installing: /home/hyoin/service/install/md/share/md/cmake/md__rosidl_typesupport_introspection_cppExport.cmake
[18.232s] -- Installing: /home/hyoin/service/install/md/share/md/cmake/md__rosidl_typesupport_introspection_cppExport-noconfig.cmake
[18.232s] -- Installing: /home/hyoin/service/install/md/share/md/cmake/md__rosidl_typesupport_cppExport.cmake
[18.233s] -- Installing: /home/hyoin/service/install/md/share/md/cmake/md__rosidl_typesupport_cppExport-noconfig.cmake
[18.233s] -- Installing: /home/hyoin/service/install/md/share/md/cmake/export_md__rosidl_generator_pyExport.cmake
[18.233s] -- Installing: /home/hyoin/service/install/md/share/md/cmake/export_md__rosidl_generator_pyExport-noconfig.cmake
[18.234s] Invoked command in '/home/hyoin/service/build/md' returned '0': AMENT_PREFIX_PATH=/home/hyoin/service/install/serial:${AMENT_PREFIX_PATH} CMAKE_PREFIX_PATH=/home/hyoin/service/install/serial:/opt/ros/humble LD_LIBRARY_PATH=/home/hyoin/service/install/serial/lib:${LD_LIBRARY_PATH} PATH=/home/hyoin/service/install/serial/bin:${PATH} /usr/bin/cmake --install /home/hyoin/service/build/md
