[0.006s] Invoking command in '/home/hyoin/service/build/dynamixel_sdk_examples': AMENT_PREFIX_PATH=/home/hyoin/service/install/dynamixel_sdk_custom_interfaces:/home/hyoin/service/install/dynamixel_sdk:${AMENT_PREFIX_PATH} CMAKE_PREFIX_PATH=/home/hyoin/service/install/dynamixel_sdk_custom_interfaces:/home/hyoin/service/install/dynamixel_sdk:/opt/ros/humble LD_LIBRARY_PATH=/home/hyoin/service/install/dynamixel_sdk_custom_interfaces/lib:/home/hyoin/service/install/dynamixel_sdk/lib:${LD_LIBRARY_PATH} PYTHONPATH=/home/hyoin/service/install/dynamixel_sdk_custom_interfaces/local/lib/python3.10/dist-packages:${PYTHONPATH} /usr/bin/cmake /home/hyoin/service/src/DynamixelSDK/dynamixel_sdk_examples -DCMAKE_INSTALL_PREFIX=/home/hyoin/service/install/dynamixel_sdk_examples
[0.014s] -- Found ament_cmake: 1.3.11 (/opt/ros/humble/share/ament_cmake/cmake)
[0.096s] -- Override CMake install command with custom implementation using symlinks instead of copying resources
[0.100s] -- Found dynamixel_sdk: 3.7.60 (/home/hyoin/service/install/dynamixel_sdk/share/dynamixel_sdk/cmake)
[0.101s] -- Found dynamixel_sdk_custom_interfaces: 3.7.60 (/home/hyoin/service/install/dynamixel_sdk_custom_interfaces/share/dynamixel_sdk_custom_interfaces/cmake)
[0.116s] -- Found rosidl_generator_c: 3.1.6 (/opt/ros/humble/share/rosidl_generator_c/cmake)
[0.118s] -- Found rosidl_adapter: 3.1.6 (/opt/ros/humble/share/rosidl_adapter/cmake)
[0.121s] -- Found rosidl_generator_cpp: 3.1.6 (/opt/ros/humble/share/rosidl_generator_cpp/cmake)
[0.127s] -- Using all available rosidl_typesupport_c: rosidl_typesupport_fastrtps_c;rosidl_typesupport_introspection_c
[0.136s] -- Using all available rosidl_typesupport_cpp: rosidl_typesupport_fastrtps_cpp;rosidl_typesupport_introspection_cpp
[0.150s] -- Found rclcpp: 16.0.11 (/opt/ros/humble/share/rclcpp/cmake)
[0.169s] -- Found rmw_implementation_cmake: 6.1.2 (/opt/ros/humble/share/rmw_implementation_cmake/cmake)
[0.169s] -- Found rmw_fastrtps_cpp: 6.2.7 (/opt/ros/humble/share/rmw_fastrtps_cpp/cmake)
[0.237s] -- Using RMW implementation 'rmw_fastrtps_cpp' as default
[0.281s] -- Found ament_lint_auto: 0.12.11 (/opt/ros/humble/share/ament_lint_auto/cmake)
[0.333s] -- Added test 'copyright' to check source files copyright and LICENSE
[0.333s] -- Added test 'cppcheck' to perform static code analysis on C / C++ code
[0.333s] -- Configured cppcheck include dirs: /home/hyoin/service/src/DynamixelSDK/dynamixel_sdk_examples/include
[0.333s] -- Configured cppcheck exclude dirs and/or files: 
[0.334s] -- Added test 'cpplint' to check C / C++ code against the Google style
[0.334s] -- Configured cpplint exclude dirs and/or files: 
[0.335s] -- Added test 'lint_cmake' to check CMake code style
[0.335s] -- Added test 'uncrustify' to check C / C++ code style
[0.335s] -- Configured uncrustify additional arguments: 
[0.336s] -- Added test 'xmllint' to check XML markup files
[0.337s] -- Configuring done
[0.346s] -- Generating done
[0.349s] -- Build files have been written to: /home/hyoin/service/build/dynamixel_sdk_examples
[0.366s] Invoked command in '/home/hyoin/service/build/dynamixel_sdk_examples' returned '0': AMENT_PREFIX_PATH=/home/hyoin/service/install/dynamixel_sdk_custom_interfaces:/home/hyoin/service/install/dynamixel_sdk:${AMENT_PREFIX_PATH} CMAKE_PREFIX_PATH=/home/hyoin/service/install/dynamixel_sdk_custom_interfaces:/home/hyoin/service/install/dynamixel_sdk:/opt/ros/humble LD_LIBRARY_PATH=/home/hyoin/service/install/dynamixel_sdk_custom_interfaces/lib:/home/hyoin/service/install/dynamixel_sdk/lib:${LD_LIBRARY_PATH} PYTHONPATH=/home/hyoin/service/install/dynamixel_sdk_custom_interfaces/local/lib/python3.10/dist-packages:${PYTHONPATH} /usr/bin/cmake /home/hyoin/service/src/DynamixelSDK/dynamixel_sdk_examples -DCMAKE_INSTALL_PREFIX=/home/hyoin/service/install/dynamixel_sdk_examples
[0.367s] Invoking command in '/home/hyoin/service/build/dynamixel_sdk_examples': AMENT_PREFIX_PATH=/home/hyoin/service/install/dynamixel_sdk_custom_interfaces:/home/hyoin/service/install/dynamixel_sdk:${AMENT_PREFIX_PATH} CMAKE_PREFIX_PATH=/home/hyoin/service/install/dynamixel_sdk_custom_interfaces:/home/hyoin/service/install/dynamixel_sdk:/opt/ros/humble LD_LIBRARY_PATH=/home/hyoin/service/install/dynamixel_sdk_custom_interfaces/lib:/home/hyoin/service/install/dynamixel_sdk/lib:${LD_LIBRARY_PATH} PYTHONPATH=/home/hyoin/service/install/dynamixel_sdk_custom_interfaces/local/lib/python3.10/dist-packages:${PYTHONPATH} /usr/bin/cmake --build /home/hyoin/service/build/dynamixel_sdk_examples -- -j8 -l8
[0.394s] [35m[1mConsolidate compiler generated dependencies of target read_write_node[0m
[0.412s] [100%] Built target read_write_node
[0.423s] Invoked command in '/home/hyoin/service/build/dynamixel_sdk_examples' returned '0': AMENT_PREFIX_PATH=/home/hyoin/service/install/dynamixel_sdk_custom_interfaces:/home/hyoin/service/install/dynamixel_sdk:${AMENT_PREFIX_PATH} CMAKE_PREFIX_PATH=/home/hyoin/service/install/dynamixel_sdk_custom_interfaces:/home/hyoin/service/install/dynamixel_sdk:/opt/ros/humble LD_LIBRARY_PATH=/home/hyoin/service/install/dynamixel_sdk_custom_interfaces/lib:/home/hyoin/service/install/dynamixel_sdk/lib:${LD_LIBRARY_PATH} PYTHONPATH=/home/hyoin/service/install/dynamixel_sdk_custom_interfaces/local/lib/python3.10/dist-packages:${PYTHONPATH} /usr/bin/cmake --build /home/hyoin/service/build/dynamixel_sdk_examples -- -j8 -l8
[0.429s] Invoking command in '/home/hyoin/service/build/dynamixel_sdk_examples': AMENT_PREFIX_PATH=/home/hyoin/service/install/dynamixel_sdk_custom_interfaces:/home/hyoin/service/install/dynamixel_sdk:${AMENT_PREFIX_PATH} CMAKE_PREFIX_PATH=/home/hyoin/service/install/dynamixel_sdk_custom_interfaces:/home/hyoin/service/install/dynamixel_sdk:/opt/ros/humble LD_LIBRARY_PATH=/home/hyoin/service/install/dynamixel_sdk_custom_interfaces/lib:/home/hyoin/service/install/dynamixel_sdk/lib:${LD_LIBRARY_PATH} PYTHONPATH=/home/hyoin/service/install/dynamixel_sdk_custom_interfaces/local/lib/python3.10/dist-packages:${PYTHONPATH} /usr/bin/cmake --install /home/hyoin/service/build/dynamixel_sdk_examples
[0.431s] -- Install configuration: ""
[0.432s] -- Execute custom install script
[0.432s] -- Up-to-date symlink: /home/hyoin/service/install/dynamixel_sdk_examples/lib/dynamixel_sdk_examples/read_write_node
[0.432s] -- Up-to-date symlink: /home/hyoin/service/install/dynamixel_sdk_examples/share/ament_index/resource_index/package_run_dependencies/dynamixel_sdk_examples
[0.432s] -- Up-to-date symlink: /home/hyoin/service/install/dynamixel_sdk_examples/share/ament_index/resource_index/parent_prefix_path/dynamixel_sdk_examples
[0.433s] -- Up-to-date symlink: /home/hyoin/service/install/dynamixel_sdk_examples/share/dynamixel_sdk_examples/environment/ament_prefix_path.sh
[0.433s] -- Up-to-date symlink: /home/hyoin/service/install/dynamixel_sdk_examples/share/dynamixel_sdk_examples/environment/ament_prefix_path.dsv
[0.433s] -- Up-to-date symlink: /home/hyoin/service/install/dynamixel_sdk_examples/share/dynamixel_sdk_examples/environment/path.sh
[0.433s] -- Up-to-date symlink: /home/hyoin/service/install/dynamixel_sdk_examples/share/dynamixel_sdk_examples/environment/path.dsv
[0.433s] -- Up-to-date symlink: /home/hyoin/service/install/dynamixel_sdk_examples/share/dynamixel_sdk_examples/local_setup.bash
[0.434s] -- Up-to-date symlink: /home/hyoin/service/install/dynamixel_sdk_examples/share/dynamixel_sdk_examples/local_setup.sh
[0.434s] -- Up-to-date symlink: /home/hyoin/service/install/dynamixel_sdk_examples/share/dynamixel_sdk_examples/local_setup.zsh
[0.434s] -- Up-to-date symlink: /home/hyoin/service/install/dynamixel_sdk_examples/share/dynamixel_sdk_examples/local_setup.dsv
[0.434s] -- Symlinking: /home/hyoin/service/install/dynamixel_sdk_examples/share/dynamixel_sdk_examples/package.dsv
[0.444s] -- Up-to-date symlink: /home/hyoin/service/install/dynamixel_sdk_examples/share/ament_index/resource_index/packages/dynamixel_sdk_examples
[0.444s] -- Up-to-date symlink: /home/hyoin/service/install/dynamixel_sdk_examples/share/dynamixel_sdk_examples/cmake/dynamixel_sdk_examplesConfig.cmake
[0.444s] -- Up-to-date symlink: /home/hyoin/service/install/dynamixel_sdk_examples/share/dynamixel_sdk_examples/cmake/dynamixel_sdk_examplesConfig-version.cmake
[0.444s] -- Up-to-date symlink: /home/hyoin/service/install/dynamixel_sdk_examples/share/dynamixel_sdk_examples/package.xml
[0.445s] Invoked command in '/home/hyoin/service/build/dynamixel_sdk_examples' returned '0': AMENT_PREFIX_PATH=/home/hyoin/service/install/dynamixel_sdk_custom_interfaces:/home/hyoin/service/install/dynamixel_sdk:${AMENT_PREFIX_PATH} CMAKE_PREFIX_PATH=/home/hyoin/service/install/dynamixel_sdk_custom_interfaces:/home/hyoin/service/install/dynamixel_sdk:/opt/ros/humble LD_LIBRARY_PATH=/home/hyoin/service/install/dynamixel_sdk_custom_interfaces/lib:/home/hyoin/service/install/dynamixel_sdk/lib:${LD_LIBRARY_PATH} PYTHONPATH=/home/hyoin/service/install/dynamixel_sdk_custom_interfaces/local/lib/python3.10/dist-packages:${PYTHONPATH} /usr/bin/cmake --install /home/hyoin/service/build/dynamixel_sdk_examples
