[0.021s] Invoking command in '/home/hyoin/service/build/dynamixel_sdk': CMAKE_PREFIX_PATH=/opt/ros/humble /usr/bin/cmake /home/hyoin/service/src/DynamixelSDK/dynamixel_sdk -DAMENT_CMAKE_SYMLINK_INSTALL=1 -DCMAKE_INSTALL_PREFIX=/home/hyoin/service/install/dynamixel_sdk
[0.092s] -- The C compiler identification is GNU 11.4.0
[0.159s] -- The CXX compiler identification is GNU 11.4.0
[0.170s] -- Detecting C compiler ABI info
[0.233s] -- Detecting C compiler ABI info - done
[0.242s] -- Check for working C compiler: /usr/bin/cc - skipped
[0.244s] -- Detecting C compile features
[0.244s] -- Detecting C compile features - done
[0.248s] -- Detecting CXX compiler ABI info
[0.327s] -- Detecting CXX compiler ABI info - done
[0.340s] -- Check for working CXX compiler: /usr/bin/c++ - skipped
[0.341s] -- Detecting CXX compile features
[0.341s] -- Detecting CXX compile features - done
[0.346s] -- Found ament_cmake: 1.3.11 (/opt/ros/humble/share/ament_cmake/cmake)
[0.502s] -- Found Python3: /usr/bin/python3 (found version "3.10.12") found components: Interpreter 
[0.575s] -- Override CMake install command with custom implementation using symlinks instead of copying resources
[0.678s] -- Configuring done
[0.682s] -- Generating done
[0.685s] -- Build files have been written to: /home/hyoin/service/build/dynamixel_sdk
[0.692s] Invoked command in '/home/hyoin/service/build/dynamixel_sdk' returned '0': CMAKE_PREFIX_PATH=/opt/ros/humble /usr/bin/cmake /home/hyoin/service/src/DynamixelSDK/dynamixel_sdk -DAMENT_CMAKE_SYMLINK_INSTALL=1 -DCMAKE_INSTALL_PREFIX=/home/hyoin/service/install/dynamixel_sdk
[0.693s] Invoking command in '/home/hyoin/service/build/dynamixel_sdk': CMAKE_PREFIX_PATH=/opt/ros/humble /usr/bin/cmake --build /home/hyoin/service/build/dynamixel_sdk -- -j8 -l8
[0.739s] [ 10%] [32mBuilding CXX object CMakeFiles/dynamixel_sdk.dir/src/dynamixel_sdk/packet_handler.cpp.o[0m
[0.739s] [ 20%] [32mBuilding CXX object CMakeFiles/dynamixel_sdk.dir/src/dynamixel_sdk/protocol1_packet_handler.cpp.o[0m
[0.739s] [ 30%] [32mBuilding CXX object CMakeFiles/dynamixel_sdk.dir/src/dynamixel_sdk/group_sync_write.cpp.o[0m
[0.739s] [ 40%] [32mBuilding CXX object CMakeFiles/dynamixel_sdk.dir/src/dynamixel_sdk/group_sync_read.cpp.o[0m
[0.747s] [ 50%] [32mBuilding CXX object CMakeFiles/dynamixel_sdk.dir/src/dynamixel_sdk/group_bulk_read.cpp.o[0m
[0.747s] [ 60%] [32mBuilding CXX object CMakeFiles/dynamixel_sdk.dir/src/dynamixel_sdk/protocol2_packet_handler.cpp.o[0m
[0.747s] [ 70%] [32mBuilding CXX object CMakeFiles/dynamixel_sdk.dir/src/dynamixel_sdk/group_bulk_write.cpp.o[0m
[0.747s] [ 80%] [32mBuilding CXX object CMakeFiles/dynamixel_sdk.dir/src/dynamixel_sdk/port_handler.cpp.o[0m
[0.822s] [ 90%] [32mBuilding CXX object CMakeFiles/dynamixel_sdk.dir/src/dynamixel_sdk/port_handler_linux.cpp.o[0m
[1.473s] [100%] [32m[1mLinking CXX shared library libdynamixel_sdk.so[0m
[1.617s] [100%] Built target dynamixel_sdk
[1.633s] Invoked command in '/home/hyoin/service/build/dynamixel_sdk' returned '0': CMAKE_PREFIX_PATH=/opt/ros/humble /usr/bin/cmake --build /home/hyoin/service/build/dynamixel_sdk -- -j8 -l8
[1.634s] Invoking command in '/home/hyoin/service/build/dynamixel_sdk': CMAKE_PREFIX_PATH=/opt/ros/humble /usr/bin/cmake --install /home/hyoin/service/build/dynamixel_sdk
[1.638s] -- Install configuration: ""
[1.639s] -- Execute custom install script
[1.639s] -- Symlinking: /home/hyoin/service/install/dynamixel_sdk/include//dynamixel_sdk/dynamixel_sdk.h
[1.648s] -- Symlinking: /home/hyoin/service/install/dynamixel_sdk/include//dynamixel_sdk/group_bulk_read.h
[1.657s] -- Symlinking: /home/hyoin/service/install/dynamixel_sdk/include//dynamixel_sdk/group_bulk_write.h
[1.667s] -- Symlinking: /home/hyoin/service/install/dynamixel_sdk/include//dynamixel_sdk/group_sync_read.h
[1.676s] -- Symlinking: /home/hyoin/service/install/dynamixel_sdk/include//dynamixel_sdk/group_sync_write.h
[1.684s] -- Symlinking: /home/hyoin/service/install/dynamixel_sdk/include//dynamixel_sdk/packet_handler.h
[1.694s] -- Symlinking: /home/hyoin/service/install/dynamixel_sdk/include//dynamixel_sdk/port_handler.h
[1.703s] -- Symlinking: /home/hyoin/service/install/dynamixel_sdk/include//dynamixel_sdk/port_handler_arduino.h
[1.712s] -- Symlinking: /home/hyoin/service/install/dynamixel_sdk/include//dynamixel_sdk/port_handler_linux.h
[1.719s] -- Symlinking: /home/hyoin/service/install/dynamixel_sdk/include//dynamixel_sdk/port_handler_mac.h
[1.725s] -- Symlinking: /home/hyoin/service/install/dynamixel_sdk/include//dynamixel_sdk/port_handler_windows.h
[1.732s] -- Symlinking: /home/hyoin/service/install/dynamixel_sdk/include//dynamixel_sdk/protocol1_packet_handler.h
[1.737s] -- Symlinking: /home/hyoin/service/install/dynamixel_sdk/include//dynamixel_sdk/protocol2_packet_handler.h
[1.744s] -- Symlinking: /home/hyoin/service/install/dynamixel_sdk/lib/libdynamixel_sdk.so
[1.750s] -- Symlinking: /home/hyoin/service/install/dynamixel_sdk/share/dynamixel_sdk/environment/library_path.sh
[1.756s] -- Symlinking: /home/hyoin/service/install/dynamixel_sdk/share/dynamixel_sdk/environment/library_path.dsv
[1.762s] -- Symlinking: /home/hyoin/service/install/dynamixel_sdk/share/ament_index/resource_index/package_run_dependencies/dynamixel_sdk
[1.768s] -- Symlinking: /home/hyoin/service/install/dynamixel_sdk/share/ament_index/resource_index/parent_prefix_path/dynamixel_sdk
[1.774s] -- Symlinking: /home/hyoin/service/install/dynamixel_sdk/share/dynamixel_sdk/environment/ament_prefix_path.sh
[1.780s] -- Symlinking: /home/hyoin/service/install/dynamixel_sdk/share/dynamixel_sdk/environment/ament_prefix_path.dsv
[1.786s] -- Symlinking: /home/hyoin/service/install/dynamixel_sdk/share/dynamixel_sdk/environment/path.sh
[1.792s] -- Symlinking: /home/hyoin/service/install/dynamixel_sdk/share/dynamixel_sdk/environment/path.dsv
[1.800s] -- Symlinking: /home/hyoin/service/install/dynamixel_sdk/share/dynamixel_sdk/local_setup.bash
[1.809s] -- Symlinking: /home/hyoin/service/install/dynamixel_sdk/share/dynamixel_sdk/local_setup.sh
[1.818s] -- Symlinking: /home/hyoin/service/install/dynamixel_sdk/share/dynamixel_sdk/local_setup.zsh
[1.826s] -- Symlinking: /home/hyoin/service/install/dynamixel_sdk/share/dynamixel_sdk/local_setup.dsv
[1.834s] -- Symlinking: /home/hyoin/service/install/dynamixel_sdk/share/dynamixel_sdk/package.dsv
[1.843s] -- Symlinking: /home/hyoin/service/install/dynamixel_sdk/share/ament_index/resource_index/packages/dynamixel_sdk
[1.850s] -- Symlinking: /home/hyoin/service/install/dynamixel_sdk/share/dynamixel_sdk/cmake/ament_cmake_export_include_directories-extras.cmake
[1.856s] -- Symlinking: /home/hyoin/service/install/dynamixel_sdk/share/dynamixel_sdk/cmake/ament_cmake_export_libraries-extras.cmake
[1.862s] -- Symlinking: /home/hyoin/service/install/dynamixel_sdk/share/dynamixel_sdk/cmake/dynamixel_sdkConfig.cmake
[1.869s] -- Symlinking: /home/hyoin/service/install/dynamixel_sdk/share/dynamixel_sdk/cmake/dynamixel_sdkConfig-version.cmake
[1.875s] -- Symlinking: /home/hyoin/service/install/dynamixel_sdk/share/dynamixel_sdk/package.xml
[1.883s] Invoked command in '/home/hyoin/service/build/dynamixel_sdk' returned '0': CMAKE_PREFIX_PATH=/opt/ros/humble /usr/bin/cmake --install /home/hyoin/service/build/dynamixel_sdk
