[0.029s] Invoking command in '/home/hyoin/service/build/md': AMENT_PREFIX_PATH=/home/hyoin/service/install/serial:${AMENT_PREFIX_PATH} CMAKE_PREFIX_PATH=/home/hyoin/service/install/serial:/opt/ros/humble LD_LIBRARY_PATH=/home/hyoin/service/install/serial/lib:${LD_LIBRARY_PATH} PATH=/home/hyoin/service/install/serial/bin:${PATH} /usr/bin/cmake --build /home/hyoin/service/build/md -- -j8 -l8
[0.061s] [  1%] Built target md__cpp
[0.064s] [ 11%] Built target md__rosidl_generator_c
[0.073s] [ 11%] Built target ament_cmake_python_symlink_md
[0.087s] [ 21%] Built target md__rosidl_typesupport_fastrtps_cpp
[0.088s] [ 31%] Built target md__rosidl_typesupport_introspection_cpp
[0.088s] [ 41%] Built target md__rosidl_typesupport_cpp
[0.093s] [ 50%] Built target md__rosidl_typesupport_introspection_c
[0.093s] [ 60%] Built target md__rosidl_typesupport_c
[0.094s] [ 70%] Built target md__rosidl_typesupport_fastrtps_c
[0.102s] [35m[1mConsolidate compiler generated dependencies of target md_robot_node[0m
[0.107s] [ 70%] Built target md
[0.118s] [ 72%] [32mBuilding CXX object CMakeFiles/md_robot_node.dir/src/md_robot_node/com.cpp.o[0m
[0.123s] [ 74%] Built target md__py
[0.138s] [ 82%] Built target md__rosidl_generator_py
[0.159s] [ 94%] Built target md__rosidl_typesupport_introspection_c__pyext
[0.159s] [ 94%] Built target md__rosidl_typesupport_c__pyext
[0.159s] [ 94%] Built target md__rosidl_typesupport_fastrtps_c__pyext
[0.244s] running egg_info
[0.245s] writing md.egg-info/PKG-INFO
[0.245s] writing dependency_links to md.egg-info/dependency_links.txt
[0.245s] writing top-level names to md.egg-info/top_level.txt
[0.247s] reading manifest file 'md.egg-info/SOURCES.txt'
[0.247s] writing manifest file 'md.egg-info/SOURCES.txt'
[0.267s] [ 94%] Built target ament_cmake_python_build_md_egg
[2.025s] [ 96%] [32m[1mLinking CXX executable md_robot_node[0m
[2.445s] [100%] Built target md_robot_node
[2.456s] Invoked command in '/home/hyoin/service/build/md' returned '0': AMENT_PREFIX_PATH=/home/hyoin/service/install/serial:${AMENT_PREFIX_PATH} CMAKE_PREFIX_PATH=/home/hyoin/service/install/serial:/opt/ros/humble LD_LIBRARY_PATH=/home/hyoin/service/install/serial/lib:${LD_LIBRARY_PATH} PATH=/home/hyoin/service/install/serial/bin:${PATH} /usr/bin/cmake --build /home/hyoin/service/build/md -- -j8 -l8
[2.457s] Invoking command in '/home/hyoin/service/build/md': AMENT_PREFIX_PATH=/home/hyoin/service/install/serial:${AMENT_PREFIX_PATH} CMAKE_PREFIX_PATH=/home/hyoin/service/install/serial:/opt/ros/humble LD_LIBRARY_PATH=/home/hyoin/service/install/serial/lib:${LD_LIBRARY_PATH} PATH=/home/hyoin/service/install/serial/bin:${PATH} /usr/bin/cmake --install /home/hyoin/service/build/md
[2.462s] -- Install configuration: ""
[2.462s] -- Execute custom install script
[2.462s] -- Up-to-date symlink: /home/hyoin/service/install/md/share/ament_index/resource_index/rosidl_interfaces/md
[2.463s] -- Up-to-date symlink: /home/hyoin/service/install/md/include/md/md/msg/detail/md_robot_msg1__functions.h
[2.463s] -- Up-to-date symlink: /home/hyoin/service/install/md/include/md/md/msg/detail/md_robot_msg1__struct.h
[2.463s] -- Up-to-date symlink: /home/hyoin/service/install/md/include/md/md/msg/detail/md_robot_msg1__type_support.h
[2.463s] -- Up-to-date symlink: /home/hyoin/service/install/md/include/md/md/msg/detail/md_robot_msg2__functions.h
[2.463s] -- Up-to-date symlink: /home/hyoin/service/install/md/include/md/md/msg/detail/md_robot_msg2__struct.h
[2.463s] -- Up-to-date symlink: /home/hyoin/service/install/md/include/md/md/msg/detail/md_robot_msg2__type_support.h
[2.463s] -- Up-to-date symlink: /home/hyoin/service/install/md/include/md/md/msg/detail/pose__functions.h
[2.463s] -- Up-to-date symlink: /home/hyoin/service/install/md/include/md/md/msg/detail/pose__struct.h
[2.463s] -- Up-to-date symlink: /home/hyoin/service/install/md/include/md/md/msg/detail/pose__type_support.h
[2.463s] -- Up-to-date symlink: /home/hyoin/service/install/md/include/md/md/msg/md_robot_msg1.h
[2.463s] -- Up-to-date symlink: /home/hyoin/service/install/md/include/md/md/msg/md_robot_msg2.h
[2.463s] -- Up-to-date symlink: /home/hyoin/service/install/md/include/md/md/msg/pose.h
[2.463s] -- Up-to-date symlink: /home/hyoin/service/install/md/include/md/md/msg/rosidl_generator_c__visibility_control.h
[2.464s] -- Up-to-date symlink: /home/hyoin/service/install/md/share/md/environment/library_path.sh
[2.464s] -- Up-to-date symlink: /home/hyoin/service/install/md/share/md/environment/library_path.dsv
[2.464s] -- Up-to-date symlink: /home/hyoin/service/install/md/include/md/md/msg/detail/md_robot_msg1__rosidl_typesupport_fastrtps_c.h
[2.464s] -- Up-to-date symlink: /home/hyoin/service/install/md/include/md/md/msg/detail/md_robot_msg2__rosidl_typesupport_fastrtps_c.h
[2.464s] -- Up-to-date symlink: /home/hyoin/service/install/md/include/md/md/msg/detail/pose__rosidl_typesupport_fastrtps_c.h
[2.464s] -- Up-to-date symlink: /home/hyoin/service/install/md/include/md/md/msg/rosidl_typesupport_fastrtps_c__visibility_control.h
[2.464s] -- Up-to-date symlink: /home/hyoin/service/install/md/include/md/md/msg/detail/md_robot_msg1__builder.hpp
[2.464s] -- Up-to-date symlink: /home/hyoin/service/install/md/include/md/md/msg/detail/md_robot_msg1__struct.hpp
[2.465s] -- Up-to-date symlink: /home/hyoin/service/install/md/include/md/md/msg/detail/md_robot_msg1__traits.hpp
[2.465s] -- Up-to-date symlink: /home/hyoin/service/install/md/include/md/md/msg/detail/md_robot_msg1__type_support.hpp
[2.465s] -- Up-to-date symlink: /home/hyoin/service/install/md/include/md/md/msg/detail/md_robot_msg2__builder.hpp
[2.465s] -- Up-to-date symlink: /home/hyoin/service/install/md/include/md/md/msg/detail/md_robot_msg2__struct.hpp
[2.465s] -- Up-to-date symlink: /home/hyoin/service/install/md/include/md/md/msg/detail/md_robot_msg2__traits.hpp
[2.465s] -- Up-to-date symlink: /home/hyoin/service/install/md/include/md/md/msg/detail/md_robot_msg2__type_support.hpp
[2.465s] -- Up-to-date symlink: /home/hyoin/service/install/md/include/md/md/msg/detail/pose__builder.hpp
[2.465s] -- Up-to-date symlink: /home/hyoin/service/install/md/include/md/md/msg/detail/pose__struct.hpp
[2.465s] -- Up-to-date symlink: /home/hyoin/service/install/md/include/md/md/msg/detail/pose__traits.hpp
[2.465s] -- Up-to-date symlink: /home/hyoin/service/install/md/include/md/md/msg/detail/pose__type_support.hpp
[2.465s] -- Up-to-date symlink: /home/hyoin/service/install/md/include/md/md/msg/md_robot_msg1.hpp
[2.465s] -- Up-to-date symlink: /home/hyoin/service/install/md/include/md/md/msg/md_robot_msg2.hpp
[2.465s] -- Up-to-date symlink: /home/hyoin/service/install/md/include/md/md/msg/pose.hpp
[2.465s] -- Up-to-date symlink: /home/hyoin/service/install/md/include/md/md/msg/rosidl_generator_cpp__visibility_control.hpp
[2.466s] -- Up-to-date symlink: /home/hyoin/service/install/md/include/md/md/msg/detail/md_robot_msg1__rosidl_typesupport_fastrtps_cpp.hpp
[2.466s] -- Up-to-date symlink: /home/hyoin/service/install/md/include/md/md/msg/detail/md_robot_msg2__rosidl_typesupport_fastrtps_cpp.hpp
[2.466s] -- Up-to-date symlink: /home/hyoin/service/install/md/include/md/md/msg/detail/pose__rosidl_typesupport_fastrtps_cpp.hpp
[2.466s] -- Up-to-date symlink: /home/hyoin/service/install/md/include/md/md/msg/rosidl_typesupport_fastrtps_cpp__visibility_control.h
[2.466s] -- Up-to-date symlink: /home/hyoin/service/install/md/include/md/md/msg/detail/md_robot_msg1__rosidl_typesupport_introspection_c.h
[2.466s] -- Up-to-date symlink: /home/hyoin/service/install/md/include/md/md/msg/detail/md_robot_msg2__rosidl_typesupport_introspection_c.h
[2.466s] -- Up-to-date symlink: /home/hyoin/service/install/md/include/md/md/msg/detail/pose__rosidl_typesupport_introspection_c.h
[2.466s] -- Up-to-date symlink: /home/hyoin/service/install/md/include/md/md/msg/rosidl_typesupport_introspection_c__visibility_control.h
[2.466s] -- Up-to-date symlink: /home/hyoin/service/install/md/include/md/md/msg/detail/md_robot_msg1__rosidl_typesupport_introspection_cpp.hpp
[2.466s] -- Up-to-date symlink: /home/hyoin/service/install/md/include/md/md/msg/detail/md_robot_msg2__rosidl_typesupport_introspection_cpp.hpp
[2.467s] -- Up-to-date symlink: /home/hyoin/service/install/md/include/md/md/msg/detail/pose__rosidl_typesupport_introspection_cpp.hpp
[2.467s] -- Up-to-date symlink: /home/hyoin/service/install/md/share/md/environment/pythonpath.sh
[2.467s] -- Up-to-date symlink: /home/hyoin/service/install/md/share/md/environment/pythonpath.dsv
[2.467s] -- Up-to-date symlink: /home/hyoin/service/install/md/local/lib/python3.10/dist-packages/md-0.0.0-py3.10.egg-info/PKG-INFO
[2.467s] -- Up-to-date symlink: /home/hyoin/service/install/md/local/lib/python3.10/dist-packages/md-0.0.0-py3.10.egg-info/SOURCES.txt
[2.467s] -- Up-to-date symlink: /home/hyoin/service/install/md/local/lib/python3.10/dist-packages/md-0.0.0-py3.10.egg-info/dependency_links.txt
[2.467s] -- Up-to-date symlink: /home/hyoin/service/install/md/local/lib/python3.10/dist-packages/md-0.0.0-py3.10.egg-info/top_level.txt
[2.467s] -- Up-to-date symlink: /home/hyoin/service/install/md/local/lib/python3.10/dist-packages/md/__init__.py
[2.467s] -- Up-to-date symlink: /home/hyoin/service/install/md/local/lib/python3.10/dist-packages/md/_md_s.ep.rosidl_typesupport_c.c
[2.467s] -- Up-to-date symlink: /home/hyoin/service/install/md/local/lib/python3.10/dist-packages/md/_md_s.ep.rosidl_typesupport_fastrtps_c.c
[2.468s] -- Up-to-date symlink: /home/hyoin/service/install/md/local/lib/python3.10/dist-packages/md/_md_s.ep.rosidl_typesupport_introspection_c.c
[2.468s] -- Up-to-date symlink: /home/hyoin/service/install/md/local/lib/python3.10/dist-packages/md/libmd__rosidl_generator_py.so
[2.468s] -- Up-to-date symlink: /home/hyoin/service/install/md/local/lib/python3.10/dist-packages/md/md_s__rosidl_typesupport_c.cpython-310-x86_64-linux-gnu.so
[2.468s] -- Up-to-date symlink: /home/hyoin/service/install/md/local/lib/python3.10/dist-packages/md/md_s__rosidl_typesupport_fastrtps_c.cpython-310-x86_64-linux-gnu.so
[2.468s] -- Up-to-date symlink: /home/hyoin/service/install/md/local/lib/python3.10/dist-packages/md/md_s__rosidl_typesupport_introspection_c.cpython-310-x86_64-linux-gnu.so
[2.468s] -- Up-to-date symlink: /home/hyoin/service/install/md/local/lib/python3.10/dist-packages/md/msg/__init__.py
[2.468s] -- Up-to-date symlink: /home/hyoin/service/install/md/local/lib/python3.10/dist-packages/md/msg/_md_robot_msg1.py
[2.468s] -- Up-to-date symlink: /home/hyoin/service/install/md/local/lib/python3.10/dist-packages/md/msg/_md_robot_msg1_s.c
[2.468s] -- Up-to-date symlink: /home/hyoin/service/install/md/local/lib/python3.10/dist-packages/md/msg/_md_robot_msg2.py
[2.468s] -- Up-to-date symlink: /home/hyoin/service/install/md/local/lib/python3.10/dist-packages/md/msg/_md_robot_msg2_s.c
[2.468s] -- Up-to-date symlink: /home/hyoin/service/install/md/local/lib/python3.10/dist-packages/md/msg/_pose.py
[2.468s] -- Up-to-date symlink: /home/hyoin/service/install/md/local/lib/python3.10/dist-packages/md/msg/_pose_s.c
[2.468s] -- Up-to-date symlink: /home/hyoin/service/install/md/local/lib/python3.10/dist-packages/md/md_s__rosidl_typesupport_fastrtps_c.cpython-310-x86_64-linux-gnu.so
[2.468s] -- Up-to-date symlink: /home/hyoin/service/install/md/local/lib/python3.10/dist-packages/md/md_s__rosidl_typesupport_introspection_c.cpython-310-x86_64-linux-gnu.so
[2.469s] -- Up-to-date symlink: /home/hyoin/service/install/md/local/lib/python3.10/dist-packages/md/md_s__rosidl_typesupport_c.cpython-310-x86_64-linux-gnu.so
[2.469s] -- Up-to-date symlink: /home/hyoin/service/install/md/share/md/msg/MdRobotMsg1.idl
[2.469s] -- Up-to-date symlink: /home/hyoin/service/install/md/share/md/msg/MdRobotMsg2.idl
[2.469s] -- Up-to-date symlink: /home/hyoin/service/install/md/share/md/msg/Pose.idl
[2.469s] -- Up-to-date symlink: /home/hyoin/service/install/md/share/md/msg/MdRobotMsg1.msg
[2.469s] -- Up-to-date symlink: /home/hyoin/service/install/md/share/md/msg/MdRobotMsg2.msg
[2.469s] -- Up-to-date symlink: /home/hyoin/service/install/md/share/md/msg/Pose.msg
[2.469s] -- Up-to-date symlink: /home/hyoin/service/install/md/lib//md_robot_node
[2.469s] -- Up-to-date symlink: /home/hyoin/service/install/md/include//md_robot_node/com.hpp
[2.469s] -- Up-to-date symlink: /home/hyoin/service/install/md/include//md_robot_node/global.hpp
[2.469s] -- Up-to-date symlink: /home/hyoin/service/install/md/include//md_robot_node/main.hpp
[2.469s] -- Up-to-date symlink: /home/hyoin/service/install/md/include//md_robot_node/robot.hpp
[2.470s] -- Up-to-date symlink: /home/hyoin/service/install/md/share/md/launch/md_robot_node.launch.py
[2.470s] -- Up-to-date symlink: /home/hyoin/service/install/md/share/md/launch/md_robot_node_use_MDUI.launch.py
[2.470s] -- Up-to-date symlink: /home/hyoin/service/install/md/share/ament_index/resource_index/package_run_dependencies/md
[2.470s] -- Up-to-date symlink: /home/hyoin/service/install/md/share/ament_index/resource_index/parent_prefix_path/md
[2.470s] -- Up-to-date symlink: /home/hyoin/service/install/md/share/md/environment/ament_prefix_path.sh
[2.470s] -- Up-to-date symlink: /home/hyoin/service/install/md/share/md/environment/ament_prefix_path.dsv
[2.470s] -- Up-to-date symlink: /home/hyoin/service/install/md/share/md/environment/path.sh
[2.470s] -- Up-to-date symlink: /home/hyoin/service/install/md/share/md/environment/path.dsv
[2.470s] -- Up-to-date symlink: /home/hyoin/service/install/md/share/md/local_setup.bash
[2.470s] -- Up-to-date symlink: /home/hyoin/service/install/md/share/md/local_setup.sh
[2.470s] -- Up-to-date symlink: /home/hyoin/service/install/md/share/md/local_setup.zsh
[2.470s] -- Up-to-date symlink: /home/hyoin/service/install/md/share/md/local_setup.dsv
[2.470s] -- Symlinking: /home/hyoin/service/install/md/share/md/package.dsv
[2.476s] -- Up-to-date symlink: /home/hyoin/service/install/md/share/ament_index/resource_index/packages/md
[2.476s] -- Up-to-date symlink: /home/hyoin/service/install/md/share/md/cmake/rosidl_cmake-extras.cmake
[2.476s] -- Up-to-date symlink: /home/hyoin/service/install/md/share/md/cmake/ament_cmake_export_dependencies-extras.cmake
[2.476s] -- Up-to-date symlink: /home/hyoin/service/install/md/share/md/cmake/ament_cmake_export_include_directories-extras.cmake
[2.476s] -- Up-to-date symlink: /home/hyoin/service/install/md/share/md/cmake/ament_cmake_export_libraries-extras.cmake
[2.476s] -- Up-to-date symlink: /home/hyoin/service/install/md/share/md/cmake/ament_cmake_export_targets-extras.cmake
[2.476s] -- Up-to-date symlink: /home/hyoin/service/install/md/share/md/cmake/rosidl_cmake_export_typesupport_targets-extras.cmake
[2.476s] -- Up-to-date symlink: /home/hyoin/service/install/md/share/md/cmake/rosidl_cmake_export_typesupport_libraries-extras.cmake
[2.477s] -- Up-to-date symlink: /home/hyoin/service/install/md/share/md/cmake/mdConfig.cmake
[2.477s] -- Up-to-date symlink: /home/hyoin/service/install/md/share/md/cmake/mdConfig-version.cmake
[2.477s] -- Up-to-date symlink: /home/hyoin/service/install/md/share/md/package.xml
[2.477s] -- Up-to-date: /home/hyoin/service/install/md/lib/libmd__rosidl_generator_c.so
[2.477s] -- Up-to-date: /home/hyoin/service/install/md/lib/libmd__rosidl_typesupport_fastrtps_c.so
[2.477s] -- Up-to-date: /home/hyoin/service/install/md/lib/libmd__rosidl_typesupport_fastrtps_cpp.so
[2.477s] -- Up-to-date: /home/hyoin/service/install/md/lib/libmd__rosidl_typesupport_introspection_c.so
[2.477s] -- Up-to-date: /home/hyoin/service/install/md/lib/libmd__rosidl_typesupport_c.so
[2.477s] -- Up-to-date: /home/hyoin/service/install/md/lib/libmd__rosidl_typesupport_introspection_cpp.so
[2.478s] -- Up-to-date: /home/hyoin/service/install/md/lib/libmd__rosidl_typesupport_cpp.so
[2.496s] Listing '/home/hyoin/service/install/md/local/lib/python3.10/dist-packages/md'...
[2.496s] Listing '/home/hyoin/service/install/md/local/lib/python3.10/dist-packages/md/msg'...
[2.499s] -- Up-to-date: /home/hyoin/service/install/md/lib/libmd__rosidl_generator_py.so
[2.499s] -- Up-to-date: /home/hyoin/service/install/md/share/md/cmake/export_md__rosidl_generator_cExport.cmake
[2.499s] -- Up-to-date: /home/hyoin/service/install/md/share/md/cmake/export_md__rosidl_generator_cExport-noconfig.cmake
[2.499s] -- Up-to-date: /home/hyoin/service/install/md/share/md/cmake/export_md__rosidl_typesupport_fastrtps_cExport.cmake
[2.499s] -- Up-to-date: /home/hyoin/service/install/md/share/md/cmake/export_md__rosidl_typesupport_fastrtps_cExport-noconfig.cmake
[2.499s] -- Up-to-date: /home/hyoin/service/install/md/share/md/cmake/export_md__rosidl_generator_cppExport.cmake
[2.499s] -- Up-to-date: /home/hyoin/service/install/md/share/md/cmake/export_md__rosidl_typesupport_fastrtps_cppExport.cmake
[2.499s] -- Up-to-date: /home/hyoin/service/install/md/share/md/cmake/export_md__rosidl_typesupport_fastrtps_cppExport-noconfig.cmake
[2.499s] -- Up-to-date: /home/hyoin/service/install/md/share/md/cmake/md__rosidl_typesupport_introspection_cExport.cmake
[2.499s] -- Up-to-date: /home/hyoin/service/install/md/share/md/cmake/md__rosidl_typesupport_introspection_cExport-noconfig.cmake
[2.499s] -- Up-to-date: /home/hyoin/service/install/md/share/md/cmake/md__rosidl_typesupport_cExport.cmake
[2.500s] -- Up-to-date: /home/hyoin/service/install/md/share/md/cmake/md__rosidl_typesupport_cExport-noconfig.cmake
[2.500s] -- Up-to-date: /home/hyoin/service/install/md/share/md/cmake/md__rosidl_typesupport_introspection_cppExport.cmake
[2.500s] -- Up-to-date: /home/hyoin/service/install/md/share/md/cmake/md__rosidl_typesupport_introspection_cppExport-noconfig.cmake
[2.500s] -- Up-to-date: /home/hyoin/service/install/md/share/md/cmake/md__rosidl_typesupport_cppExport.cmake
[2.500s] -- Up-to-date: /home/hyoin/service/install/md/share/md/cmake/md__rosidl_typesupport_cppExport-noconfig.cmake
[2.500s] -- Up-to-date: /home/hyoin/service/install/md/share/md/cmake/export_md__rosidl_generator_pyExport.cmake
[2.500s] -- Up-to-date: /home/hyoin/service/install/md/share/md/cmake/export_md__rosidl_generator_pyExport-noconfig.cmake
[2.501s] Invoked command in '/home/hyoin/service/build/md' returned '0': AMENT_PREFIX_PATH=/home/hyoin/service/install/serial:${AMENT_PREFIX_PATH} CMAKE_PREFIX_PATH=/home/hyoin/service/install/serial:/opt/ros/humble LD_LIBRARY_PATH=/home/hyoin/service/install/serial/lib:${LD_LIBRARY_PATH} PATH=/home/hyoin/service/install/serial/bin:${PATH} /usr/bin/cmake --install /home/hyoin/service/build/md
