[0.011s] Invoking command in '/home/hyoin/service/build/turtlebot3_node': AMENT_PREFIX_PATH=/home/hyoin/service/install/turtlebot3_msgs:/home/hyoin/service/install/dynamixel_sdk:${AMENT_PREFIX_PATH} CMAKE_PREFIX_PATH=/home/hyoin/service/install/turtlebot3_msgs:/home/hyoin/service/install/dynamixel_sdk:/opt/ros/humble LD_LIBRARY_PATH=/home/hyoin/service/install/turtlebot3_msgs/lib:/home/hyoin/service/install/dynamixel_sdk/lib:${LD_LIBRARY_PATH} PYTHONPATH=/home/hyoin/service/install/turtlebot3_msgs/local/lib/python3.10/dist-packages:${PYTHONPATH} /usr/bin/cmake --build /home/hyoin/service/build/turtlebot3_node -- -j8 -l8
[0.182s] [ 85%] Built target turtlebot3_node_lib
[0.182s] [100%] Built target turtlebot3_ros
[0.184s] Invoked command in '/home/hyoin/service/build/turtlebot3_node' returned '0': AMENT_PREFIX_PATH=/home/hyoin/service/install/turtlebot3_msgs:/home/hyoin/service/install/dynamixel_sdk:${AMENT_PREFIX_PATH} CMAKE_PREFIX_PATH=/home/hyoin/service/install/turtlebot3_msgs:/home/hyoin/service/install/dynamixel_sdk:/opt/ros/humble LD_LIBRARY_PATH=/home/hyoin/service/install/turtlebot3_msgs/lib:/home/hyoin/service/install/dynamixel_sdk/lib:${LD_LIBRARY_PATH} PYTHONPATH=/home/hyoin/service/install/turtlebot3_msgs/local/lib/python3.10/dist-packages:${PYTHONPATH} /usr/bin/cmake --build /home/hyoin/service/build/turtlebot3_node -- -j8 -l8
[0.184s] Invoking command in '/home/hyoin/service/build/turtlebot3_node': AMENT_PREFIX_PATH=/home/hyoin/service/install/turtlebot3_msgs:/home/hyoin/service/install/dynamixel_sdk:${AMENT_PREFIX_PATH} CMAKE_PREFIX_PATH=/home/hyoin/service/install/turtlebot3_msgs:/home/hyoin/service/install/dynamixel_sdk:/opt/ros/humble LD_LIBRARY_PATH=/home/hyoin/service/install/turtlebot3_msgs/lib:/home/hyoin/service/install/dynamixel_sdk/lib:${LD_LIBRARY_PATH} PYTHONPATH=/home/hyoin/service/install/turtlebot3_msgs/local/lib/python3.10/dist-packages:${PYTHONPATH} /usr/bin/cmake --install /home/hyoin/service/build/turtlebot3_node
[0.191s] -- Install configuration: ""
[0.191s] -- Execute custom install script
[0.191s] -- Up-to-date symlink: /home/hyoin/service/install/turtlebot3_node/share/turtlebot3_node/param/burger.yaml
[0.192s] -- Up-to-date symlink: /home/hyoin/service/install/turtlebot3_node/share/turtlebot3_node/param/waffle.yaml
[0.192s] -- Up-to-date symlink: /home/hyoin/service/install/turtlebot3_node/share/turtlebot3_node/param/waffle_pi.yaml
[0.192s] -- Up-to-date symlink: /home/hyoin/service/install/turtlebot3_node/lib/turtlebot3_node/turtlebot3_ros
[0.192s] -- Up-to-date symlink: /home/hyoin/service/install/turtlebot3_node/share/ament_index/resource_index/package_run_dependencies/turtlebot3_node
[0.192s] -- Up-to-date symlink: /home/hyoin/service/install/turtlebot3_node/share/ament_index/resource_index/parent_prefix_path/turtlebot3_node
[0.192s] -- Up-to-date symlink: /home/hyoin/service/install/turtlebot3_node/share/turtlebot3_node/environment/ament_prefix_path.sh
[0.192s] -- Up-to-date symlink: /home/hyoin/service/install/turtlebot3_node/share/turtlebot3_node/environment/ament_prefix_path.dsv
[0.193s] -- Up-to-date symlink: /home/hyoin/service/install/turtlebot3_node/share/turtlebot3_node/environment/path.sh
[0.193s] -- Up-to-date symlink: /home/hyoin/service/install/turtlebot3_node/share/turtlebot3_node/environment/path.dsv
[0.193s] -- Up-to-date symlink: /home/hyoin/service/install/turtlebot3_node/share/turtlebot3_node/local_setup.bash
[0.193s] -- Up-to-date symlink: /home/hyoin/service/install/turtlebot3_node/share/turtlebot3_node/local_setup.sh
[0.193s] -- Up-to-date symlink: /home/hyoin/service/install/turtlebot3_node/share/turtlebot3_node/local_setup.zsh
[0.193s] -- Up-to-date symlink: /home/hyoin/service/install/turtlebot3_node/share/turtlebot3_node/local_setup.dsv
[0.194s] -- Symlinking: /home/hyoin/service/install/turtlebot3_node/share/turtlebot3_node/package.dsv
[0.203s] -- Up-to-date symlink: /home/hyoin/service/install/turtlebot3_node/share/ament_index/resource_index/packages/turtlebot3_node
[0.203s] -- Up-to-date symlink: /home/hyoin/service/install/turtlebot3_node/share/turtlebot3_node/cmake/ament_cmake_export_include_directories-extras.cmake
[0.203s] -- Up-to-date symlink: /home/hyoin/service/install/turtlebot3_node/share/turtlebot3_node/cmake/turtlebot3_nodeConfig.cmake
[0.204s] -- Up-to-date symlink: /home/hyoin/service/install/turtlebot3_node/share/turtlebot3_node/cmake/turtlebot3_nodeConfig-version.cmake
[0.204s] -- Up-to-date symlink: /home/hyoin/service/install/turtlebot3_node/share/turtlebot3_node/package.xml
[0.210s] Invoked command in '/home/hyoin/service/build/turtlebot3_node' returned '0': AMENT_PREFIX_PATH=/home/hyoin/service/install/turtlebot3_msgs:/home/hyoin/service/install/dynamixel_sdk:${AMENT_PREFIX_PATH} CMAKE_PREFIX_PATH=/home/hyoin/service/install/turtlebot3_msgs:/home/hyoin/service/install/dynamixel_sdk:/opt/ros/humble LD_LIBRARY_PATH=/home/hyoin/service/install/turtlebot3_msgs/lib:/home/hyoin/service/install/dynamixel_sdk/lib:${LD_LIBRARY_PATH} PYTHONPATH=/home/hyoin/service/install/turtlebot3_msgs/local/lib/python3.10/dist-packages:${PYTHONPATH} /usr/bin/cmake --install /home/hyoin/service/build/turtlebot3_node
