[0.750s] Invoking command in '/home/hyoin/service/src/turtlebot3/turtlebot3_teleop': PYTHONPATH=/home/hyoin/service/build/turtlebot3_teleop/prefix_override:/usr/lib/python3/dist-packages/colcon_core/task/python/colcon_distutils_commands:/home/hyoin/service/install/turtlebot3_teleop/lib/python3.10/site-packages:${PYTHONPATH} /usr/bin/python3 -W ignore:setup.py install is deprecated -W ignore:easy_install command is deprecated setup.py egg_info --egg-base ../../../build/turtlebot3_teleop build --build-base /home/hyoin/service/build/turtlebot3_teleop/build install --record /home/hyoin/service/build/turtlebot3_teleop/install.log --single-version-externally-managed install_data
[0.927s] running egg_info
[0.928s] writing ../../../build/turtlebot3_teleop/turtlebot3_teleop.egg-info/PKG-INFO
[0.928s] writing dependency_links to ../../../build/turtlebot3_teleop/turtlebot3_teleop.egg-info/dependency_links.txt
[0.928s] writing entry points to ../../../build/turtlebot3_teleop/turtlebot3_teleop.egg-info/entry_points.txt
[0.928s] writing requirements to ../../../build/turtlebot3_teleop/turtlebot3_teleop.egg-info/requires.txt
[0.929s] writing top-level names to ../../../build/turtlebot3_teleop/turtlebot3_teleop.egg-info/top_level.txt
[0.930s] reading manifest file '../../../build/turtlebot3_teleop/turtlebot3_teleop.egg-info/SOURCES.txt'
[0.930s] writing manifest file '../../../build/turtlebot3_teleop/turtlebot3_teleop.egg-info/SOURCES.txt'
[0.931s] running build
[0.931s] running build_py
[0.931s] running install
[0.931s] running install_lib
[0.932s] running install_data
[0.932s] running install_egg_info
[0.933s] removing '/home/hyoin/service/install/turtlebot3_teleop/lib/python3.10/site-packages/turtlebot3_teleop-2.1.5-py3.10.egg-info' (and everything under it)
[0.934s] Copying ../../../build/turtlebot3_teleop/turtlebot3_teleop.egg-info to /home/hyoin/service/install/turtlebot3_teleop/lib/python3.10/site-packages/turtlebot3_teleop-2.1.5-py3.10.egg-info
[0.934s] running install_scripts
[0.949s] Installing teleop_keyboard script to /home/hyoin/service/install/turtlebot3_teleop/lib/turtlebot3_teleop
[0.949s] writing list of installed files to '/home/hyoin/service/build/turtlebot3_teleop/install.log'
[0.968s] Invoked command in '/home/hyoin/service/src/turtlebot3/turtlebot3_teleop' returned '0': PYTHONPATH=/home/hyoin/service/build/turtlebot3_teleop/prefix_override:/usr/lib/python3/dist-packages/colcon_core/task/python/colcon_distutils_commands:/home/hyoin/service/install/turtlebot3_teleop/lib/python3.10/site-packages:${PYTHONPATH} /usr/bin/python3 -W ignore:setup.py install is deprecated -W ignore:easy_install command is deprecated setup.py egg_info --egg-base ../../../build/turtlebot3_teleop build --build-base /home/hyoin/service/build/turtlebot3_teleop/build install --record /home/hyoin/service/build/turtlebot3_teleop/install.log --single-version-externally-managed install_data
