[0.010s] Invoking command in '/home/hyoin/service/build/turtlebot3': AMENT_PREFIX_PATH=/home/hyoin/service/install/turtlebot3_bringup:/home/hyoin/service/install/turtlebot3_node:/home/hyoin/service/install/turtlebot3_example:/home/hyoin/service/install/turtlebot3_teleop:/home/hyoin/service/install/turtlebot3_navigation2:/home/hyoin/service/install/turtlebot3_msgs:/home/hyoin/service/install/turtlebot3_description:/home/hyoin/service/install/turtlebot3_cartographer:/home/hyoin/service/install/dynamixel_sdk:${AMENT_PREFIX_PATH} CMAKE_PREFIX_PATH=/home/hyoin/service/install/turtlebot3_bringup:/home/hyoin/service/install/turtlebot3_node:/home/hyoin/service/install/turtlebot3_navigation2:/home/hyoin/service/install/turtlebot3_msgs:/home/hyoin/service/install/turtlebot3_description:/home/hyoin/service/install/turtlebot3_cartographer:/home/hyoin/service/install/dynamixel_sdk:/opt/ros/humble LD_LIBRARY_PATH=/home/hyoin/service/install/turtlebot3_msgs/lib:/home/hyoin/service/install/dynamixel_sdk/lib:${LD_LIBRARY_PATH} PYTHONPATH=/home/hyoin/service/build/turtlebot3_example:/home/hyoin/service/install/turtlebot3_example/lib/python3.10/site-packages:/home/hyoin/service/build/turtlebot3_teleop:/home/hyoin/service/install/turtlebot3_teleop/lib/python3.10/site-packages:/home/hyoin/service/install/turtlebot3_msgs/local/lib/python3.10/dist-packages:${PYTHONPATH} /usr/bin/cmake /home/hyoin/service/src/turtlebot3/turtlebot3 -DAMENT_CMAKE_SYMLINK_INSTALL=1 -DCMAKE_INSTALL_PREFIX=/home/hyoin/service/install/turtlebot3
[0.052s] -- The C compiler identification is GNU 11.4.0
[0.093s] -- The CXX compiler identification is GNU 11.4.0
[0.098s] -- Detecting C compiler ABI info
[0.144s] -- Detecting C compiler ABI info - done
[0.150s] -- Check for working C compiler: /usr/bin/cc - skipped
[0.150s] -- Detecting C compile features
[0.151s] -- Detecting C compile features - done
[0.153s] -- Detecting CXX compiler ABI info
[0.204s] -- Detecting CXX compiler ABI info - done
[0.209s] -- Check for working CXX compiler: /usr/bin/c++ - skipped
[0.209s] -- Detecting CXX compile features
[0.210s] -- Detecting CXX compile features - done
[0.211s] -- Found ament_cmake: 1.3.11 (/opt/ros/humble/share/ament_cmake/cmake)
[0.313s] -- Found Python3: /usr/bin/python3 (found version "3.10.12") found components: Interpreter 
[0.352s] -- Override CMake install command with custom implementation using symlinks instead of copying resources
[0.410s] -- Configuring done
[0.412s] -- Generating done
[0.413s] -- Build files have been written to: /home/hyoin/service/build/turtlebot3
[0.416s] Invoked command in '/home/hyoin/service/build/turtlebot3' returned '0': AMENT_PREFIX_PATH=/home/hyoin/service/install/turtlebot3_bringup:/home/hyoin/service/install/turtlebot3_node:/home/hyoin/service/install/turtlebot3_example:/home/hyoin/service/install/turtlebot3_teleop:/home/hyoin/service/install/turtlebot3_navigation2:/home/hyoin/service/install/turtlebot3_msgs:/home/hyoin/service/install/turtlebot3_description:/home/hyoin/service/install/turtlebot3_cartographer:/home/hyoin/service/install/dynamixel_sdk:${AMENT_PREFIX_PATH} CMAKE_PREFIX_PATH=/home/hyoin/service/install/turtlebot3_bringup:/home/hyoin/service/install/turtlebot3_node:/home/hyoin/service/install/turtlebot3_navigation2:/home/hyoin/service/install/turtlebot3_msgs:/home/hyoin/service/install/turtlebot3_description:/home/hyoin/service/install/turtlebot3_cartographer:/home/hyoin/service/install/dynamixel_sdk:/opt/ros/humble LD_LIBRARY_PATH=/home/hyoin/service/install/turtlebot3_msgs/lib:/home/hyoin/service/install/dynamixel_sdk/lib:${LD_LIBRARY_PATH} PYTHONPATH=/home/hyoin/service/build/turtlebot3_example:/home/hyoin/service/install/turtlebot3_example/lib/python3.10/site-packages:/home/hyoin/service/build/turtlebot3_teleop:/home/hyoin/service/install/turtlebot3_teleop/lib/python3.10/site-packages:/home/hyoin/service/install/turtlebot3_msgs/local/lib/python3.10/dist-packages:${PYTHONPATH} /usr/bin/cmake /home/hyoin/service/src/turtlebot3/turtlebot3 -DAMENT_CMAKE_SYMLINK_INSTALL=1 -DCMAKE_INSTALL_PREFIX=/home/hyoin/service/install/turtlebot3
[0.417s] Invoking command in '/home/hyoin/service/build/turtlebot3': AMENT_PREFIX_PATH=/home/hyoin/service/install/turtlebot3_bringup:/home/hyoin/service/install/turtlebot3_node:/home/hyoin/service/install/turtlebot3_example:/home/hyoin/service/install/turtlebot3_teleop:/home/hyoin/service/install/turtlebot3_navigation2:/home/hyoin/service/install/turtlebot3_msgs:/home/hyoin/service/install/turtlebot3_description:/home/hyoin/service/install/turtlebot3_cartographer:/home/hyoin/service/install/dynamixel_sdk:${AMENT_PREFIX_PATH} CMAKE_PREFIX_PATH=/home/hyoin/service/install/turtlebot3_bringup:/home/hyoin/service/install/turtlebot3_node:/home/hyoin/service/install/turtlebot3_navigation2:/home/hyoin/service/install/turtlebot3_msgs:/home/hyoin/service/install/turtlebot3_description:/home/hyoin/service/install/turtlebot3_cartographer:/home/hyoin/service/install/dynamixel_sdk:/opt/ros/humble LD_LIBRARY_PATH=/home/hyoin/service/install/turtlebot3_msgs/lib:/home/hyoin/service/install/dynamixel_sdk/lib:${LD_LIBRARY_PATH} PYTHONPATH=/home/hyoin/service/build/turtlebot3_example:/home/hyoin/service/install/turtlebot3_example/lib/python3.10/site-packages:/home/hyoin/service/build/turtlebot3_teleop:/home/hyoin/service/install/turtlebot3_teleop/lib/python3.10/site-packages:/home/hyoin/service/install/turtlebot3_msgs/local/lib/python3.10/dist-packages:${PYTHONPATH} /usr/bin/cmake --build /home/hyoin/service/build/turtlebot3 -- -j8 -l8
[0.441s] Invoked command in '/home/hyoin/service/build/turtlebot3' returned '0': AMENT_PREFIX_PATH=/home/hyoin/service/install/turtlebot3_bringup:/home/hyoin/service/install/turtlebot3_node:/home/hyoin/service/install/turtlebot3_example:/home/hyoin/service/install/turtlebot3_teleop:/home/hyoin/service/install/turtlebot3_navigation2:/home/hyoin/service/install/turtlebot3_msgs:/home/hyoin/service/install/turtlebot3_description:/home/hyoin/service/install/turtlebot3_cartographer:/home/hyoin/service/install/dynamixel_sdk:${AMENT_PREFIX_PATH} CMAKE_PREFIX_PATH=/home/hyoin/service/install/turtlebot3_bringup:/home/hyoin/service/install/turtlebot3_node:/home/hyoin/service/install/turtlebot3_navigation2:/home/hyoin/service/install/turtlebot3_msgs:/home/hyoin/service/install/turtlebot3_description:/home/hyoin/service/install/turtlebot3_cartographer:/home/hyoin/service/install/dynamixel_sdk:/opt/ros/humble LD_LIBRARY_PATH=/home/hyoin/service/install/turtlebot3_msgs/lib:/home/hyoin/service/install/dynamixel_sdk/lib:${LD_LIBRARY_PATH} PYTHONPATH=/home/hyoin/service/build/turtlebot3_example:/home/hyoin/service/install/turtlebot3_example/lib/python3.10/site-packages:/home/hyoin/service/build/turtlebot3_teleop:/home/hyoin/service/install/turtlebot3_teleop/lib/python3.10/site-packages:/home/hyoin/service/install/turtlebot3_msgs/local/lib/python3.10/dist-packages:${PYTHONPATH} /usr/bin/cmake --build /home/hyoin/service/build/turtlebot3 -- -j8 -l8
[0.442s] Invoking command in '/home/hyoin/service/build/turtlebot3': AMENT_PREFIX_PATH=/home/hyoin/service/install/turtlebot3_bringup:/home/hyoin/service/install/turtlebot3_node:/home/hyoin/service/install/turtlebot3_example:/home/hyoin/service/install/turtlebot3_teleop:/home/hyoin/service/install/turtlebot3_navigation2:/home/hyoin/service/install/turtlebot3_msgs:/home/hyoin/service/install/turtlebot3_description:/home/hyoin/service/install/turtlebot3_cartographer:/home/hyoin/service/install/dynamixel_sdk:${AMENT_PREFIX_PATH} CMAKE_PREFIX_PATH=/home/hyoin/service/install/turtlebot3_bringup:/home/hyoin/service/install/turtlebot3_node:/home/hyoin/service/install/turtlebot3_navigation2:/home/hyoin/service/install/turtlebot3_msgs:/home/hyoin/service/install/turtlebot3_description:/home/hyoin/service/install/turtlebot3_cartographer:/home/hyoin/service/install/dynamixel_sdk:/opt/ros/humble LD_LIBRARY_PATH=/home/hyoin/service/install/turtlebot3_msgs/lib:/home/hyoin/service/install/dynamixel_sdk/lib:${LD_LIBRARY_PATH} PYTHONPATH=/home/hyoin/service/build/turtlebot3_example:/home/hyoin/service/install/turtlebot3_example/lib/python3.10/site-packages:/home/hyoin/service/build/turtlebot3_teleop:/home/hyoin/service/install/turtlebot3_teleop/lib/python3.10/site-packages:/home/hyoin/service/install/turtlebot3_msgs/local/lib/python3.10/dist-packages:${PYTHONPATH} /usr/bin/cmake --install /home/hyoin/service/build/turtlebot3
[0.446s] -- Install configuration: ""
[0.447s] -- Execute custom install script
[0.447s] -- Symlinking: /home/hyoin/service/install/turtlebot3/share/ament_index/resource_index/package_run_dependencies/turtlebot3
[0.453s] -- Symlinking: /home/hyoin/service/install/turtlebot3/share/ament_index/resource_index/parent_prefix_path/turtlebot3
[0.461s] -- Symlinking: /home/hyoin/service/install/turtlebot3/share/turtlebot3/environment/ament_prefix_path.sh
[0.467s] -- Symlinking: /home/hyoin/service/install/turtlebot3/share/turtlebot3/environment/ament_prefix_path.dsv
[0.474s] -- Symlinking: /home/hyoin/service/install/turtlebot3/share/turtlebot3/environment/path.sh
[0.480s] -- Symlinking: /home/hyoin/service/install/turtlebot3/share/turtlebot3/environment/path.dsv
[0.486s] -- Symlinking: /home/hyoin/service/install/turtlebot3/share/turtlebot3/local_setup.bash
[0.491s] -- Symlinking: /home/hyoin/service/install/turtlebot3/share/turtlebot3/local_setup.sh
[0.497s] -- Symlinking: /home/hyoin/service/install/turtlebot3/share/turtlebot3/local_setup.zsh
[0.502s] -- Symlinking: /home/hyoin/service/install/turtlebot3/share/turtlebot3/local_setup.dsv
[0.507s] -- Symlinking: /home/hyoin/service/install/turtlebot3/share/turtlebot3/package.dsv
[0.512s] -- Symlinking: /home/hyoin/service/install/turtlebot3/share/ament_index/resource_index/packages/turtlebot3
[0.518s] -- Symlinking: /home/hyoin/service/install/turtlebot3/share/turtlebot3/cmake/turtlebot3Config.cmake
[0.523s] -- Symlinking: /home/hyoin/service/install/turtlebot3/share/turtlebot3/cmake/turtlebot3Config-version.cmake
[0.528s] -- Symlinking: /home/hyoin/service/install/turtlebot3/share/turtlebot3/package.xml
[0.534s] Invoked command in '/home/hyoin/service/build/turtlebot3' returned '0': AMENT_PREFIX_PATH=/home/hyoin/service/install/turtlebot3_bringup:/home/hyoin/service/install/turtlebot3_node:/home/hyoin/service/install/turtlebot3_example:/home/hyoin/service/install/turtlebot3_teleop:/home/hyoin/service/install/turtlebot3_navigation2:/home/hyoin/service/install/turtlebot3_msgs:/home/hyoin/service/install/turtlebot3_description:/home/hyoin/service/install/turtlebot3_cartographer:/home/hyoin/service/install/dynamixel_sdk:${AMENT_PREFIX_PATH} CMAKE_PREFIX_PATH=/home/hyoin/service/install/turtlebot3_bringup:/home/hyoin/service/install/turtlebot3_node:/home/hyoin/service/install/turtlebot3_navigation2:/home/hyoin/service/install/turtlebot3_msgs:/home/hyoin/service/install/turtlebot3_description:/home/hyoin/service/install/turtlebot3_cartographer:/home/hyoin/service/install/dynamixel_sdk:/opt/ros/humble LD_LIBRARY_PATH=/home/hyoin/service/install/turtlebot3_msgs/lib:/home/hyoin/service/install/dynamixel_sdk/lib:${LD_LIBRARY_PATH} PYTHONPATH=/home/hyoin/service/build/turtlebot3_example:/home/hyoin/service/install/turtlebot3_example/lib/python3.10/site-packages:/home/hyoin/service/build/turtlebot3_teleop:/home/hyoin/service/install/turtlebot3_teleop/lib/python3.10/site-packages:/home/hyoin/service/install/turtlebot3_msgs/local/lib/python3.10/dist-packages:${PYTHONPATH} /usr/bin/cmake --install /home/hyoin/service/build/turtlebot3
