[0.016s] Invoking command in '/home/hyoin/service/build/turtlebot3_cartographer': CMAKE_PREFIX_PATH=${CMAKE_PREFIX_PATH}:/home/hyoin/service/install/turtlebot3_teleop:/home/hyoin/service/install/turtlebot3_example:/opt/ros/humble /usr/bin/cmake /home/hyoin/service/src/turtlebot3/turtlebot3_cartographer -DCMAKE_INSTALL_PREFIX=/home/hyoin/service/install/turtlebot3_cartographer
[0.066s] -- The C compiler identification is GNU 11.4.0
[0.124s] -- The CXX compiler identification is GNU 11.4.0
[0.130s] -- Detecting C compiler ABI info
[0.182s] -- Detecting C compiler ABI info - done
[0.191s] -- Check for working C compiler: /usr/bin/cc - skipped
[0.192s] -- Detecting C compile features
[0.192s] -- Detecting C compile features - done
[0.195s] -- Detecting CXX compiler ABI info
[0.253s] -- Detecting CXX compiler ABI info - done
[0.262s] -- Check for working CXX compiler: /usr/bin/c++ - skipped
[0.262s] -- Detecting CXX compile features
[0.264s] -- Detecting CXX compile features - done
[0.265s] -- Found ament_cmake: 1.3.11 (/opt/ros/humble/share/ament_cmake/cmake)
[0.413s] -- Found Python3: /usr/bin/python3 (found version "3.10.12") found components: Interpreter 
[0.563s] -- Configuring done
[0.564s] -- Generating done
[0.565s] -- Build files have been written to: /home/hyoin/service/build/turtlebot3_cartographer
[0.568s] Invoked command in '/home/hyoin/service/build/turtlebot3_cartographer' returned '0': CMAKE_PREFIX_PATH=${CMAKE_PREFIX_PATH}:/home/hyoin/service/install/turtlebot3_teleop:/home/hyoin/service/install/turtlebot3_example:/opt/ros/humble /usr/bin/cmake /home/hyoin/service/src/turtlebot3/turtlebot3_cartographer -DCMAKE_INSTALL_PREFIX=/home/hyoin/service/install/turtlebot3_cartographer
[0.569s] Invoking command in '/home/hyoin/service/build/turtlebot3_cartographer': CMAKE_PREFIX_PATH=${CMAKE_PREFIX_PATH}:/home/hyoin/service/install/turtlebot3_teleop:/home/hyoin/service/install/turtlebot3_example:/opt/ros/humble /usr/bin/cmake --build /home/hyoin/service/build/turtlebot3_cartographer -- -j8 -l8
[0.595s] Invoked command in '/home/hyoin/service/build/turtlebot3_cartographer' returned '0': CMAKE_PREFIX_PATH=${CMAKE_PREFIX_PATH}:/home/hyoin/service/install/turtlebot3_teleop:/home/hyoin/service/install/turtlebot3_example:/opt/ros/humble /usr/bin/cmake --build /home/hyoin/service/build/turtlebot3_cartographer -- -j8 -l8
[0.595s] Invoking command in '/home/hyoin/service/build/turtlebot3_cartographer': CMAKE_PREFIX_PATH=${CMAKE_PREFIX_PATH}:/home/hyoin/service/install/turtlebot3_teleop:/home/hyoin/service/install/turtlebot3_example:/opt/ros/humble /usr/bin/cmake --install /home/hyoin/service/build/turtlebot3_cartographer
[0.601s] -- Install configuration: ""
[0.601s] -- Installing: /home/hyoin/service/install/turtlebot3_cartographer/share/turtlebot3_cartographer/config
[0.601s] -- Installing: /home/hyoin/service/install/turtlebot3_cartographer/share/turtlebot3_cartographer/config/turtlebot3_lds_2d.lua
[0.601s] -- Installing: /home/hyoin/service/install/turtlebot3_cartographer/share/turtlebot3_cartographer/launch
[0.601s] -- Installing: /home/hyoin/service/install/turtlebot3_cartographer/share/turtlebot3_cartographer/launch/occupancy_grid.launch.py
[0.602s] -- Installing: /home/hyoin/service/install/turtlebot3_cartographer/share/turtlebot3_cartographer/launch/cartographer.launch.py
[0.602s] -- Installing: /home/hyoin/service/install/turtlebot3_cartographer/share/turtlebot3_cartographer/rviz
[0.602s] -- Installing: /home/hyoin/service/install/turtlebot3_cartographer/share/turtlebot3_cartographer/rviz/tb3_cartographer.rviz
[0.602s] -- Installing: /home/hyoin/service/install/turtlebot3_cartographer/share/ament_index/resource_index/package_run_dependencies/turtlebot3_cartographer
[0.602s] -- Installing: /home/hyoin/service/install/turtlebot3_cartographer/share/ament_index/resource_index/parent_prefix_path/turtlebot3_cartographer
[0.602s] -- Installing: /home/hyoin/service/install/turtlebot3_cartographer/share/turtlebot3_cartographer/environment/ament_prefix_path.sh
[0.602s] -- Installing: /home/hyoin/service/install/turtlebot3_cartographer/share/turtlebot3_cartographer/environment/ament_prefix_path.dsv
[0.602s] -- Installing: /home/hyoin/service/install/turtlebot3_cartographer/share/turtlebot3_cartographer/environment/path.sh
[0.602s] -- Installing: /home/hyoin/service/install/turtlebot3_cartographer/share/turtlebot3_cartographer/environment/path.dsv
[0.602s] -- Installing: /home/hyoin/service/install/turtlebot3_cartographer/share/turtlebot3_cartographer/local_setup.bash
[0.602s] -- Installing: /home/hyoin/service/install/turtlebot3_cartographer/share/turtlebot3_cartographer/local_setup.sh
[0.602s] -- Installing: /home/hyoin/service/install/turtlebot3_cartographer/share/turtlebot3_cartographer/local_setup.zsh
[0.603s] -- Installing: /home/hyoin/service/install/turtlebot3_cartographer/share/turtlebot3_cartographer/local_setup.dsv
[0.603s] -- Installing: /home/hyoin/service/install/turtlebot3_cartographer/share/turtlebot3_cartographer/package.dsv
[0.603s] -- Installing: /home/hyoin/service/install/turtlebot3_cartographer/share/ament_index/resource_index/packages/turtlebot3_cartographer
[0.603s] -- Installing: /home/hyoin/service/install/turtlebot3_cartographer/share/turtlebot3_cartographer/cmake/turtlebot3_cartographerConfig.cmake
[0.603s] -- Installing: /home/hyoin/service/install/turtlebot3_cartographer/share/turtlebot3_cartographer/cmake/turtlebot3_cartographerConfig-version.cmake
[0.603s] -- Installing: /home/hyoin/service/install/turtlebot3_cartographer/share/turtlebot3_cartographer/package.xml
[0.604s] Invoked command in '/home/hyoin/service/build/turtlebot3_cartographer' returned '0': CMAKE_PREFIX_PATH=${CMAKE_PREFIX_PATH}:/home/hyoin/service/install/turtlebot3_teleop:/home/hyoin/service/install/turtlebot3_example:/opt/ros/humble /usr/bin/cmake --install /home/hyoin/service/build/turtlebot3_cartographer
