[0.007s] Invoking command in '/home/hyoin/service/build/turtlebot3_bringup': CMAKE_PREFIX_PATH=/home/hyoin/service/install/turtlebot3_node:/home/hyoin/service/install/turtlebot3_msgs:/home/hyoin/service/install/turtlebot3_description:/home/hyoin/service/install/turtlebot3:/home/hyoin/service/install/turtlebot3_bringup:/home/hyoin/service/install/turtlebot3_navigation2:/home/hyoin/service/install/turtlebot3_cartographer:/home/hyoin/service/install/md:/home/hyoin/service/install/serial:/home/hyoin/service/install/turtlebot3_teleop:/home/hyoin/service/install/turtlebot3_example:/opt/ros/humble /usr/bin/cmake /home/hyoin/service/src/turtlebot3/turtlebot3_bringup -DCMAKE_INSTALL_PREFIX=/home/hyoin/service/install/turtlebot3_bringup
[0.046s] -- The C compiler identification is GNU 11.4.0
[0.087s] -- The CXX compiler identification is GNU 11.4.0
[0.092s] -- Detecting C compiler ABI info
[0.144s] -- Detecting C compiler ABI info - done
[0.152s] -- Check for working C compiler: /usr/bin/cc - skipped
[0.152s] -- Detecting C compile features
[0.152s] -- Detecting C compile features - done
[0.155s] -- Detecting CXX compiler ABI info
[0.210s] -- Detecting CXX compiler ABI info - done
[0.215s] -- Check for working CXX compiler: /usr/bin/c++ - skipped
[0.215s] -- Detecting CXX compile features
[0.215s] -- Detecting CXX compile features - done
[0.217s] -- Found ament_cmake: 1.3.11 (/opt/ros/humble/share/ament_cmake/cmake)
[0.319s] -- Found Python3: /usr/bin/python3 (found version "3.10.12") found components: Interpreter 
[0.425s] -- Configuring done
[0.427s] -- Generating done
[0.428s] -- Build files have been written to: /home/hyoin/service/build/turtlebot3_bringup
[0.430s] Invoked command in '/home/hyoin/service/build/turtlebot3_bringup' returned '0': CMAKE_PREFIX_PATH=/home/hyoin/service/install/turtlebot3_node:/home/hyoin/service/install/turtlebot3_msgs:/home/hyoin/service/install/turtlebot3_description:/home/hyoin/service/install/turtlebot3:/home/hyoin/service/install/turtlebot3_bringup:/home/hyoin/service/install/turtlebot3_navigation2:/home/hyoin/service/install/turtlebot3_cartographer:/home/hyoin/service/install/md:/home/hyoin/service/install/serial:/home/hyoin/service/install/turtlebot3_teleop:/home/hyoin/service/install/turtlebot3_example:/opt/ros/humble /usr/bin/cmake /home/hyoin/service/src/turtlebot3/turtlebot3_bringup -DCMAKE_INSTALL_PREFIX=/home/hyoin/service/install/turtlebot3_bringup
[0.431s] Invoking command in '/home/hyoin/service/build/turtlebot3_bringup': CMAKE_PREFIX_PATH=/home/hyoin/service/install/turtlebot3_node:/home/hyoin/service/install/turtlebot3_msgs:/home/hyoin/service/install/turtlebot3_description:/home/hyoin/service/install/turtlebot3:/home/hyoin/service/install/turtlebot3_bringup:/home/hyoin/service/install/turtlebot3_navigation2:/home/hyoin/service/install/turtlebot3_cartographer:/home/hyoin/service/install/md:/home/hyoin/service/install/serial:/home/hyoin/service/install/turtlebot3_teleop:/home/hyoin/service/install/turtlebot3_example:/opt/ros/humble /usr/bin/cmake --build /home/hyoin/service/build/turtlebot3_bringup -- -j8 -l8
[0.455s] Invoked command in '/home/hyoin/service/build/turtlebot3_bringup' returned '0': CMAKE_PREFIX_PATH=/home/hyoin/service/install/turtlebot3_node:/home/hyoin/service/install/turtlebot3_msgs:/home/hyoin/service/install/turtlebot3_description:/home/hyoin/service/install/turtlebot3:/home/hyoin/service/install/turtlebot3_bringup:/home/hyoin/service/install/turtlebot3_navigation2:/home/hyoin/service/install/turtlebot3_cartographer:/home/hyoin/service/install/md:/home/hyoin/service/install/serial:/home/hyoin/service/install/turtlebot3_teleop:/home/hyoin/service/install/turtlebot3_example:/opt/ros/humble /usr/bin/cmake --build /home/hyoin/service/build/turtlebot3_bringup -- -j8 -l8
[0.456s] Invoking command in '/home/hyoin/service/build/turtlebot3_bringup': CMAKE_PREFIX_PATH=/home/hyoin/service/install/turtlebot3_node:/home/hyoin/service/install/turtlebot3_msgs:/home/hyoin/service/install/turtlebot3_description:/home/hyoin/service/install/turtlebot3:/home/hyoin/service/install/turtlebot3_bringup:/home/hyoin/service/install/turtlebot3_navigation2:/home/hyoin/service/install/turtlebot3_cartographer:/home/hyoin/service/install/md:/home/hyoin/service/install/serial:/home/hyoin/service/install/turtlebot3_teleop:/home/hyoin/service/install/turtlebot3_example:/opt/ros/humble /usr/bin/cmake --install /home/hyoin/service/build/turtlebot3_bringup
[0.461s] -- Install configuration: ""
[0.461s] -- Installing: /home/hyoin/service/install/turtlebot3_bringup/share/turtlebot3_bringup/launch
[0.461s] -- Installing: /home/hyoin/service/install/turtlebot3_bringup/share/turtlebot3_bringup/launch/turtlebot3_state_publisher.launch.py
[0.461s] -- Installing: /home/hyoin/service/install/turtlebot3_bringup/share/turtlebot3_bringup/launch/robot.launch.py
[0.461s] -- Installing: /home/hyoin/service/install/turtlebot3_bringup/share/turtlebot3_bringup/launch/rviz2.launch.py
[0.461s] -- Installing: /home/hyoin/service/install/turtlebot3_bringup/share/turtlebot3_bringup/param
[0.461s] -- Installing: /home/hyoin/service/install/turtlebot3_bringup/share/turtlebot3_bringup/param/waffle.yaml
[0.461s] -- Installing: /home/hyoin/service/install/turtlebot3_bringup/share/turtlebot3_bringup/param/burger.yaml
[0.461s] -- Installing: /home/hyoin/service/install/turtlebot3_bringup/share/turtlebot3_bringup/param/waffle_pi.yaml
[0.461s] -- Installing: /home/hyoin/service/install/turtlebot3_bringup/share/turtlebot3_bringup/script
[0.461s] -- Installing: /home/hyoin/service/install/turtlebot3_bringup/share/turtlebot3_bringup/script/create_udev_rules
[0.461s] -- Installing: /home/hyoin/service/install/turtlebot3_bringup/share/turtlebot3_bringup/script/99-turtlebot3-cdc.rules
[0.461s] -- Installing: /home/hyoin/service/install/turtlebot3_bringup/share/ament_index/resource_index/package_run_dependencies/turtlebot3_bringup
[0.461s] -- Installing: /home/hyoin/service/install/turtlebot3_bringup/share/ament_index/resource_index/parent_prefix_path/turtlebot3_bringup
[0.461s] -- Installing: /home/hyoin/service/install/turtlebot3_bringup/share/turtlebot3_bringup/environment/ament_prefix_path.sh
[0.462s] -- Installing: /home/hyoin/service/install/turtlebot3_bringup/share/turtlebot3_bringup/environment/ament_prefix_path.dsv
[0.462s] -- Installing: /home/hyoin/service/install/turtlebot3_bringup/share/turtlebot3_bringup/environment/path.sh
[0.462s] -- Installing: /home/hyoin/service/install/turtlebot3_bringup/share/turtlebot3_bringup/environment/path.dsv
[0.462s] -- Installing: /home/hyoin/service/install/turtlebot3_bringup/share/turtlebot3_bringup/local_setup.bash
[0.462s] -- Installing: /home/hyoin/service/install/turtlebot3_bringup/share/turtlebot3_bringup/local_setup.sh
[0.462s] -- Installing: /home/hyoin/service/install/turtlebot3_bringup/share/turtlebot3_bringup/local_setup.zsh
[0.462s] -- Installing: /home/hyoin/service/install/turtlebot3_bringup/share/turtlebot3_bringup/local_setup.dsv
[0.462s] -- Installing: /home/hyoin/service/install/turtlebot3_bringup/share/turtlebot3_bringup/package.dsv
[0.462s] -- Installing: /home/hyoin/service/install/turtlebot3_bringup/share/ament_index/resource_index/packages/turtlebot3_bringup
[0.462s] -- Installing: /home/hyoin/service/install/turtlebot3_bringup/share/turtlebot3_bringup/cmake/turtlebot3_bringupConfig.cmake
[0.462s] -- Installing: /home/hyoin/service/install/turtlebot3_bringup/share/turtlebot3_bringup/cmake/turtlebot3_bringupConfig-version.cmake
[0.462s] -- Installing: /home/hyoin/service/install/turtlebot3_bringup/share/turtlebot3_bringup/package.xml
[0.464s] Invoked command in '/home/hyoin/service/build/turtlebot3_bringup' returned '0': CMAKE_PREFIX_PATH=/home/hyoin/service/install/turtlebot3_node:/home/hyoin/service/install/turtlebot3_msgs:/home/hyoin/service/install/turtlebot3_description:/home/hyoin/service/install/turtlebot3:/home/hyoin/service/install/turtlebot3_bringup:/home/hyoin/service/install/turtlebot3_navigation2:/home/hyoin/service/install/turtlebot3_cartographer:/home/hyoin/service/install/md:/home/hyoin/service/install/serial:/home/hyoin/service/install/turtlebot3_teleop:/home/hyoin/service/install/turtlebot3_example:/opt/ros/humble /usr/bin/cmake --install /home/hyoin/service/build/turtlebot3_bringup
