[0.008s] Invoking command in '/home/hyoin/service/build/dynamixel_sdk_examples': AMENT_PREFIX_PATH=/home/hyoin/service/install/dynamixel_sdk_custom_interfaces:/home/hyoin/service/install/dynamixel_sdk:${AMENT_PREFIX_PATH} CMAKE_PREFIX_PATH=/home/hyoin/service/install/dynamixel_sdk_custom_interfaces:/home/hyoin/service/install/dynamixel_sdk:/opt/ros/humble LD_LIBRARY_PATH=/home/hyoin/service/install/dynamixel_sdk_custom_interfaces/lib:/home/hyoin/service/install/dynamixel_sdk/lib:${LD_LIBRARY_PATH} PYTHONPATH=/home/hyoin/service/install/dynamixel_sdk_custom_interfaces/local/lib/python3.10/dist-packages:${PYTHONPATH} /usr/bin/cmake /home/hyoin/service/src/DynamixelSDK/dynamixel_sdk_examples -DAMENT_CMAKE_SYMLINK_INSTALL=1 -DCMAKE_INSTALL_PREFIX=/home/hyoin/service/install/dynamixel_sdk_examples
[0.018s] -- Found ament_cmake: 1.3.11 (/opt/ros/humble/share/ament_cmake/cmake)
[0.097s] -- Override CMake install command with custom implementation using symlinks instead of copying resources
[0.101s] -- Found dynamixel_sdk: 3.7.60 (/home/hyoin/service/install/dynamixel_sdk/share/dynamixel_sdk/cmake)
[0.102s] -- Found dynamixel_sdk_custom_interfaces: 3.7.60 (/home/hyoin/service/install/dynamixel_sdk_custom_interfaces/share/dynamixel_sdk_custom_interfaces/cmake)
[0.117s] -- Found rosidl_generator_c: 3.1.6 (/opt/ros/humble/share/rosidl_generator_c/cmake)
[0.119s] -- Found rosidl_adapter: 3.1.6 (/opt/ros/humble/share/rosidl_adapter/cmake)
[0.123s] -- Found rosidl_generator_cpp: 3.1.6 (/opt/ros/humble/share/rosidl_generator_cpp/cmake)
[0.129s] -- Using all available rosidl_typesupport_c: rosidl_typesupport_fastrtps_c;rosidl_typesupport_introspection_c
[0.137s] -- Using all available rosidl_typesupport_cpp: rosidl_typesupport_fastrtps_cpp;rosidl_typesupport_introspection_cpp
[0.153s] -- Found rclcpp: 16.0.11 (/opt/ros/humble/share/rclcpp/cmake)
[0.170s] -- Found rmw_implementation_cmake: 6.1.2 (/opt/ros/humble/share/rmw_implementation_cmake/cmake)
[0.171s] -- Found rmw_fastrtps_cpp: 6.2.7 (/opt/ros/humble/share/rmw_fastrtps_cpp/cmake)
[0.238s] -- Using RMW implementation 'rmw_fastrtps_cpp' as default
[0.273s] -- Found ament_lint_auto: 0.12.11 (/opt/ros/humble/share/ament_lint_auto/cmake)
[0.322s] -- Added test 'copyright' to check source files copyright and LICENSE
[0.322s] -- Added test 'cppcheck' to perform static code analysis on C / C++ code
[0.322s] -- Configured cppcheck include dirs: /home/hyoin/service/src/DynamixelSDK/dynamixel_sdk_examples/include
[0.322s] -- Configured cppcheck exclude dirs and/or files: 
[0.323s] -- Added test 'cpplint' to check C / C++ code against the Google style
[0.323s] -- Configured cpplint exclude dirs and/or files: 
[0.323s] -- Added test 'lint_cmake' to check CMake code style
[0.324s] -- Added test 'uncrustify' to check C / C++ code style
[0.324s] -- Configured uncrustify additional arguments: 
[0.324s] -- Added test 'xmllint' to check XML markup files
[0.324s] -- Configuring done
[0.330s] -- Generating done
[0.332s] -- Build files have been written to: /home/hyoin/service/build/dynamixel_sdk_examples
[0.421s] Invoked command in '/home/hyoin/service/build/dynamixel_sdk_examples' returned '0': AMENT_PREFIX_PATH=/home/hyoin/service/install/dynamixel_sdk_custom_interfaces:/home/hyoin/service/install/dynamixel_sdk:${AMENT_PREFIX_PATH} CMAKE_PREFIX_PATH=/home/hyoin/service/install/dynamixel_sdk_custom_interfaces:/home/hyoin/service/install/dynamixel_sdk:/opt/ros/humble LD_LIBRARY_PATH=/home/hyoin/service/install/dynamixel_sdk_custom_interfaces/lib:/home/hyoin/service/install/dynamixel_sdk/lib:${LD_LIBRARY_PATH} PYTHONPATH=/home/hyoin/service/install/dynamixel_sdk_custom_interfaces/local/lib/python3.10/dist-packages:${PYTHONPATH} /usr/bin/cmake /home/hyoin/service/src/DynamixelSDK/dynamixel_sdk_examples -DAMENT_CMAKE_SYMLINK_INSTALL=1 -DCMAKE_INSTALL_PREFIX=/home/hyoin/service/install/dynamixel_sdk_examples
[0.422s] Invoking command in '/home/hyoin/service/build/dynamixel_sdk_examples': AMENT_PREFIX_PATH=/home/hyoin/service/install/dynamixel_sdk_custom_interfaces:/home/hyoin/service/install/dynamixel_sdk:${AMENT_PREFIX_PATH} CMAKE_PREFIX_PATH=/home/hyoin/service/install/dynamixel_sdk_custom_interfaces:/home/hyoin/service/install/dynamixel_sdk:/opt/ros/humble LD_LIBRARY_PATH=/home/hyoin/service/install/dynamixel_sdk_custom_interfaces/lib:/home/hyoin/service/install/dynamixel_sdk/lib:${LD_LIBRARY_PATH} PYTHONPATH=/home/hyoin/service/install/dynamixel_sdk_custom_interfaces/local/lib/python3.10/dist-packages:${PYTHONPATH} /usr/bin/cmake --build /home/hyoin/service/build/dynamixel_sdk_examples -- -j8 -l8
[0.447s] [35m[1mConsolidate compiler generated dependencies of target read_write_node[0m
[0.458s] [100%] Built target read_write_node
[0.469s] Invoked command in '/home/hyoin/service/build/dynamixel_sdk_examples' returned '0': AMENT_PREFIX_PATH=/home/hyoin/service/install/dynamixel_sdk_custom_interfaces:/home/hyoin/service/install/dynamixel_sdk:${AMENT_PREFIX_PATH} CMAKE_PREFIX_PATH=/home/hyoin/service/install/dynamixel_sdk_custom_interfaces:/home/hyoin/service/install/dynamixel_sdk:/opt/ros/humble LD_LIBRARY_PATH=/home/hyoin/service/install/dynamixel_sdk_custom_interfaces/lib:/home/hyoin/service/install/dynamixel_sdk/lib:${LD_LIBRARY_PATH} PYTHONPATH=/home/hyoin/service/install/dynamixel_sdk_custom_interfaces/local/lib/python3.10/dist-packages:${PYTHONPATH} /usr/bin/cmake --build /home/hyoin/service/build/dynamixel_sdk_examples -- -j8 -l8
[0.469s] Invoking command in '/home/hyoin/service/build/dynamixel_sdk_examples': AMENT_PREFIX_PATH=/home/hyoin/service/install/dynamixel_sdk_custom_interfaces:/home/hyoin/service/install/dynamixel_sdk:${AMENT_PREFIX_PATH} CMAKE_PREFIX_PATH=/home/hyoin/service/install/dynamixel_sdk_custom_interfaces:/home/hyoin/service/install/dynamixel_sdk:/opt/ros/humble LD_LIBRARY_PATH=/home/hyoin/service/install/dynamixel_sdk_custom_interfaces/lib:/home/hyoin/service/install/dynamixel_sdk/lib:${LD_LIBRARY_PATH} PYTHONPATH=/home/hyoin/service/install/dynamixel_sdk_custom_interfaces/local/lib/python3.10/dist-packages:${PYTHONPATH} /usr/bin/cmake --install /home/hyoin/service/build/dynamixel_sdk_examples
[0.474s] -- Install configuration: ""
[0.475s] -- Execute custom install script
[0.475s] -- Up-to-date symlink: /home/hyoin/service/install/dynamixel_sdk_examples/lib/dynamixel_sdk_examples/read_write_node
[0.475s] -- Up-to-date symlink: /home/hyoin/service/install/dynamixel_sdk_examples/share/ament_index/resource_index/package_run_dependencies/dynamixel_sdk_examples
[0.475s] -- Up-to-date symlink: /home/hyoin/service/install/dynamixel_sdk_examples/share/ament_index/resource_index/parent_prefix_path/dynamixel_sdk_examples
[0.475s] -- Up-to-date symlink: /home/hyoin/service/install/dynamixel_sdk_examples/share/dynamixel_sdk_examples/environment/ament_prefix_path.sh
[0.476s] -- Up-to-date symlink: /home/hyoin/service/install/dynamixel_sdk_examples/share/dynamixel_sdk_examples/environment/ament_prefix_path.dsv
[0.476s] -- Up-to-date symlink: /home/hyoin/service/install/dynamixel_sdk_examples/share/dynamixel_sdk_examples/environment/path.sh
[0.476s] -- Up-to-date symlink: /home/hyoin/service/install/dynamixel_sdk_examples/share/dynamixel_sdk_examples/environment/path.dsv
[0.476s] -- Up-to-date symlink: /home/hyoin/service/install/dynamixel_sdk_examples/share/dynamixel_sdk_examples/local_setup.bash
[0.476s] -- Up-to-date symlink: /home/hyoin/service/install/dynamixel_sdk_examples/share/dynamixel_sdk_examples/local_setup.sh
[0.476s] -- Up-to-date symlink: /home/hyoin/service/install/dynamixel_sdk_examples/share/dynamixel_sdk_examples/local_setup.zsh
[0.476s] -- Up-to-date symlink: /home/hyoin/service/install/dynamixel_sdk_examples/share/dynamixel_sdk_examples/local_setup.dsv
[0.477s] -- Symlinking: /home/hyoin/service/install/dynamixel_sdk_examples/share/dynamixel_sdk_examples/package.dsv
[0.486s] -- Up-to-date symlink: /home/hyoin/service/install/dynamixel_sdk_examples/share/ament_index/resource_index/packages/dynamixel_sdk_examples
[0.486s] -- Up-to-date symlink: /home/hyoin/service/install/dynamixel_sdk_examples/share/dynamixel_sdk_examples/cmake/dynamixel_sdk_examplesConfig.cmake
[0.487s] -- Up-to-date symlink: /home/hyoin/service/install/dynamixel_sdk_examples/share/dynamixel_sdk_examples/cmake/dynamixel_sdk_examplesConfig-version.cmake
[0.487s] -- Up-to-date symlink: /home/hyoin/service/install/dynamixel_sdk_examples/share/dynamixel_sdk_examples/package.xml
[0.497s] Invoked command in '/home/hyoin/service/build/dynamixel_sdk_examples' returned '0': AMENT_PREFIX_PATH=/home/hyoin/service/install/dynamixel_sdk_custom_interfaces:/home/hyoin/service/install/dynamixel_sdk:${AMENT_PREFIX_PATH} CMAKE_PREFIX_PATH=/home/hyoin/service/install/dynamixel_sdk_custom_interfaces:/home/hyoin/service/install/dynamixel_sdk:/opt/ros/humble LD_LIBRARY_PATH=/home/hyoin/service/install/dynamixel_sdk_custom_interfaces/lib:/home/hyoin/service/install/dynamixel_sdk/lib:${LD_LIBRARY_PATH} PYTHONPATH=/home/hyoin/service/install/dynamixel_sdk_custom_interfaces/local/lib/python3.10/dist-packages:${PYTHONPATH} /usr/bin/cmake --install /home/hyoin/service/build/dynamixel_sdk_examples
