[0.641s] Invoking command in '/home/hyoin/service/build/turtlebot3_teleop': PYTHONPATH=/home/hyoin/service/build/turtlebot3_teleop/prefix_override:/usr/lib/python3/dist-packages/colcon_core/task/python/colcon_distutils_commands:/home/hyoin/service/install/turtlebot3_teleop/lib/python3.10/site-packages:${PYTHONPATH} /usr/bin/python3 -W ignore:setup.py install is deprecated -W ignore:easy_install command is deprecated setup.py develop --editable --build-directory /home/hyoin/service/build/turtlebot3_teleop/build --no-deps symlink_data
[1.012s] running develop
[1.187s] running egg_info
[1.187s] creating turtlebot3_teleop.egg-info
[1.188s] writing turtlebot3_teleop.egg-info/PKG-INFO
[1.188s] writing dependency_links to turtlebot3_teleop.egg-info/dependency_links.txt
[1.189s] writing entry points to turtlebot3_teleop.egg-info/entry_points.txt
[1.189s] writing requirements to turtlebot3_teleop.egg-info/requires.txt
[1.189s] writing top-level names to turtlebot3_teleop.egg-info/top_level.txt
[1.191s] writing manifest file 'turtlebot3_teleop.egg-info/SOURCES.txt'
[1.192s] reading manifest file 'turtlebot3_teleop.egg-info/SOURCES.txt'
[1.193s] writing manifest file 'turtlebot3_teleop.egg-info/SOURCES.txt'
[1.195s] running build_ext
[1.195s] Creating /home/hyoin/service/install/turtlebot3_teleop/lib/python3.10/site-packages/turtlebot3-teleop.egg-link (link to .)
[1.202s] Installing teleop_keyboard script to /home/hyoin/service/install/turtlebot3_teleop/lib/turtlebot3_teleop
[1.202s] 
[1.202s] Installed /home/hyoin/service/build/turtlebot3_teleop
[1.202s] running symlink_data
[1.202s] creating /home/hyoin/service/install/turtlebot3_teleop/share/ament_index
[1.202s] creating /home/hyoin/service/install/turtlebot3_teleop/share/ament_index/resource_index
[1.204s] creating /home/hyoin/service/install/turtlebot3_teleop/share/ament_index/resource_index/packages
[1.204s] symbolically linking /home/hyoin/service/build/turtlebot3_teleop/resource/turtlebot3_teleop -> /home/hyoin/service/install/turtlebot3_teleop/share/ament_index/resource_index/packages
[1.204s] symbolically linking /home/hyoin/service/build/turtlebot3_teleop/package.xml -> /home/hyoin/service/install/turtlebot3_teleop/share/turtlebot3_teleop
[1.248s] Invoked command in '/home/hyoin/service/build/turtlebot3_teleop' returned '0': PYTHONPATH=/home/hyoin/service/build/turtlebot3_teleop/prefix_override:/usr/lib/python3/dist-packages/colcon_core/task/python/colcon_distutils_commands:/home/hyoin/service/install/turtlebot3_teleop/lib/python3.10/site-packages:${PYTHONPATH} /usr/bin/python3 -W ignore:setup.py install is deprecated -W ignore:easy_install command is deprecated setup.py develop --editable --build-directory /home/hyoin/service/build/turtlebot3_teleop/build --no-deps symlink_data
