[0.013s] Invoking command in '/home/hyoin/service/build/md': AMENT_PREFIX_PATH=/home/hyoin/service/install/serial:${AMENT_PREFIX_PATH} CMAKE_PREFIX_PATH=/home/hyoin/service/install/serial:/opt/ros/humble LD_LIBRARY_PATH=/home/hyoin/service/install/serial/lib:${LD_LIBRARY_PATH} PATH=/home/hyoin/service/install/serial/bin:${PATH} /usr/bin/cmake --build /home/hyoin/service/build/md -- -j8 -l8
[0.049s] [  1%] Built target md__cpp
[0.063s] [ 11%] Built target md__rosidl_generator_c
[0.067s] [ 11%] Built target ament_cmake_python_symlink_md
[0.075s] [ 21%] Built target md__rosidl_typesupport_cpp
[0.075s] [ 31%] Built target md__rosidl_typesupport_introspection_cpp
[0.077s] [ 41%] Built target md__rosidl_typesupport_c
[0.087s] [ 50%] Built target md__rosidl_typesupport_fastrtps_cpp
[0.087s] [ 60%] Built target md__rosidl_typesupport_introspection_c
[0.088s] [ 70%] Built target md__rosidl_typesupport_fastrtps_c
[0.094s] [35m[1mConsolidate compiler generated dependencies of target md_robot_node[0m
[0.105s] [ 70%] Built target md
[0.114s] [ 72%] [32mBuilding CXX object CMakeFiles/md_robot_node.dir/src/md_robot_node/robot.cpp.o[0m
[0.124s] [ 74%] Built target md__py
[0.147s] [ 82%] Built target md__rosidl_generator_py
[0.171s] [ 86%] Built target md__rosidl_typesupport_fastrtps_c__pyext
[0.173s] [ 90%] Built target md__rosidl_typesupport_introspection_c__pyext
[0.180s] [ 94%] Built target md__rosidl_typesupport_c__pyext
[0.269s] running egg_info
[0.270s] writing md.egg-info/PKG-INFO
[0.270s] writing dependency_links to md.egg-info/dependency_links.txt
[0.270s] writing top-level names to md.egg-info/top_level.txt
[0.271s] reading manifest file 'md.egg-info/SOURCES.txt'
[0.272s] writing manifest file 'md.egg-info/SOURCES.txt'
[0.292s] [ 94%] Built target ament_cmake_python_build_md_egg
[1.726s] [01m[K/home/hyoin/service/src/md/src/md_robot_node/robot.cpp:[m[K In function ‘[01m[Kvoid MakeMDRobot_Status_Message(MDRobotNode&, PID_PNT_MAIN_DATA_t*)[m[K’:
[1.726s] [01m[K/home/hyoin/service/src/md/src/md_robot_node/robot.cpp:127:39:[m[K [01;31m[Kerror: [m[K‘[01m[Kstruct ROBOT_PARAMETER_t[m[K’ has no member named ‘[01m[Kmotor_count_per_degree[m[K’
[1.726s]   127 |     v_left*= node.getRobotParamData().[01;31m[Kmotor_count_per_degree[m[K; // 엔코더 카운트 값을 각도로 변환
[1.726s]       |                                       [01;31m[K^~~~~~~~~~~~~~~~~~~~~~[m[K
[1.726s] [01m[K/home/hyoin/service/src/md/src/md_robot_node/robot.cpp:128:40:[m[K [01;31m[Kerror: [m[Kexpected unqualified-id before ‘[01m[K.[m[K’ token
[1.726s]   128 |     v_right*= node.getRobotParamData().[01;31m[K.[m[Kmotor_count_per_degree; // 엔코더 카운트 값을 각도로 변환
[1.726s]       |                                        [01;31m[K^[m[K
[2.006s] gmake[2]: *** [CMakeFiles/md_robot_node.dir/build.make:104: CMakeFiles/md_robot_node.dir/src/md_robot_node/robot.cpp.o] 오류 1
[2.007s] gmake[1]: *** [CMakeFiles/Makefile2:593: CMakeFiles/md_robot_node.dir/all] 오류 2
[2.007s] gmake: *** [Makefile:146: all] 오류 2
[2.009s] Invoked command in '/home/hyoin/service/build/md' returned '2': AMENT_PREFIX_PATH=/home/hyoin/service/install/serial:${AMENT_PREFIX_PATH} CMAKE_PREFIX_PATH=/home/hyoin/service/install/serial:/opt/ros/humble LD_LIBRARY_PATH=/home/hyoin/service/install/serial/lib:${LD_LIBRARY_PATH} PATH=/home/hyoin/service/install/serial/bin:${PATH} /usr/bin/cmake --build /home/hyoin/service/build/md -- -j8 -l8
