[0.007s] Invoking command in '/home/hyoin/service/build/turtlebot3_bringup': AMENT_PREFIX_PATH=/home/hyoin/service/install/turtlebot3_node:/home/hyoin/service/install/turtlebot3_msgs:/home/hyoin/service/install/turtlebot3_description:/home/hyoin/service/install/dynamixel_sdk:${AMENT_PREFIX_PATH} CMAKE_PREFIX_PATH=/home/hyoin/service/install/turtlebot3_node:/home/hyoin/service/install/turtlebot3_msgs:/home/hyoin/service/install/turtlebot3_description:/home/hyoin/service/install/dynamixel_sdk:/opt/ros/humble LD_LIBRARY_PATH=/home/hyoin/service/install/turtlebot3_msgs/lib:/home/hyoin/service/install/dynamixel_sdk/lib:${LD_LIBRARY_PATH} PYTHONPATH=/home/hyoin/service/install/turtlebot3_msgs/local/lib/python3.10/dist-packages:${PYTHONPATH} /usr/bin/cmake /home/hyoin/service/src/turtlebot3/turtlebot3_bringup -DAMENT_CMAKE_SYMLINK_INSTALL=1 -DCMAKE_INSTALL_PREFIX=/home/hyoin/service/install/turtlebot3_bringup
[0.047s] -- The C compiler identification is GNU 11.4.0
[0.083s] -- The CXX compiler identification is GNU 11.4.0
[0.088s] -- Detecting C compiler ABI info
[0.132s] -- Detecting C compiler ABI info - done
[0.137s] -- Check for working C compiler: /usr/bin/cc - skipped
[0.137s] -- Detecting C compile features
[0.138s] -- Detecting C compile features - done
[0.140s] -- Detecting CXX compiler ABI info
[0.191s] -- Detecting CXX compiler ABI info - done
[0.196s] -- Check for working CXX compiler: /usr/bin/c++ - skipped
[0.196s] -- Detecting CXX compile features
[0.197s] -- Detecting CXX compile features - done
[0.198s] -- Found ament_cmake: 1.3.11 (/opt/ros/humble/share/ament_cmake/cmake)
[0.294s] -- Found Python3: /usr/bin/python3 (found version "3.10.12") found components: Interpreter 
[0.332s] -- Override CMake install command with custom implementation using symlinks instead of copying resources
[0.389s] -- Configuring done
[0.390s] -- Generating done
[0.391s] -- Build files have been written to: /home/hyoin/service/build/turtlebot3_bringup
[0.399s] Invoked command in '/home/hyoin/service/build/turtlebot3_bringup' returned '0': AMENT_PREFIX_PATH=/home/hyoin/service/install/turtlebot3_node:/home/hyoin/service/install/turtlebot3_msgs:/home/hyoin/service/install/turtlebot3_description:/home/hyoin/service/install/dynamixel_sdk:${AMENT_PREFIX_PATH} CMAKE_PREFIX_PATH=/home/hyoin/service/install/turtlebot3_node:/home/hyoin/service/install/turtlebot3_msgs:/home/hyoin/service/install/turtlebot3_description:/home/hyoin/service/install/dynamixel_sdk:/opt/ros/humble LD_LIBRARY_PATH=/home/hyoin/service/install/turtlebot3_msgs/lib:/home/hyoin/service/install/dynamixel_sdk/lib:${LD_LIBRARY_PATH} PYTHONPATH=/home/hyoin/service/install/turtlebot3_msgs/local/lib/python3.10/dist-packages:${PYTHONPATH} /usr/bin/cmake /home/hyoin/service/src/turtlebot3/turtlebot3_bringup -DAMENT_CMAKE_SYMLINK_INSTALL=1 -DCMAKE_INSTALL_PREFIX=/home/hyoin/service/install/turtlebot3_bringup
[0.399s] Invoking command in '/home/hyoin/service/build/turtlebot3_bringup': AMENT_PREFIX_PATH=/home/hyoin/service/install/turtlebot3_node:/home/hyoin/service/install/turtlebot3_msgs:/home/hyoin/service/install/turtlebot3_description:/home/hyoin/service/install/dynamixel_sdk:${AMENT_PREFIX_PATH} CMAKE_PREFIX_PATH=/home/hyoin/service/install/turtlebot3_node:/home/hyoin/service/install/turtlebot3_msgs:/home/hyoin/service/install/turtlebot3_description:/home/hyoin/service/install/dynamixel_sdk:/opt/ros/humble LD_LIBRARY_PATH=/home/hyoin/service/install/turtlebot3_msgs/lib:/home/hyoin/service/install/dynamixel_sdk/lib:${LD_LIBRARY_PATH} PYTHONPATH=/home/hyoin/service/install/turtlebot3_msgs/local/lib/python3.10/dist-packages:${PYTHONPATH} /usr/bin/cmake --build /home/hyoin/service/build/turtlebot3_bringup -- -j8 -l8
[0.418s] Invoked command in '/home/hyoin/service/build/turtlebot3_bringup' returned '0': AMENT_PREFIX_PATH=/home/hyoin/service/install/turtlebot3_node:/home/hyoin/service/install/turtlebot3_msgs:/home/hyoin/service/install/turtlebot3_description:/home/hyoin/service/install/dynamixel_sdk:${AMENT_PREFIX_PATH} CMAKE_PREFIX_PATH=/home/hyoin/service/install/turtlebot3_node:/home/hyoin/service/install/turtlebot3_msgs:/home/hyoin/service/install/turtlebot3_description:/home/hyoin/service/install/dynamixel_sdk:/opt/ros/humble LD_LIBRARY_PATH=/home/hyoin/service/install/turtlebot3_msgs/lib:/home/hyoin/service/install/dynamixel_sdk/lib:${LD_LIBRARY_PATH} PYTHONPATH=/home/hyoin/service/install/turtlebot3_msgs/local/lib/python3.10/dist-packages:${PYTHONPATH} /usr/bin/cmake --build /home/hyoin/service/build/turtlebot3_bringup -- -j8 -l8
[0.419s] Invoking command in '/home/hyoin/service/build/turtlebot3_bringup': AMENT_PREFIX_PATH=/home/hyoin/service/install/turtlebot3_node:/home/hyoin/service/install/turtlebot3_msgs:/home/hyoin/service/install/turtlebot3_description:/home/hyoin/service/install/dynamixel_sdk:${AMENT_PREFIX_PATH} CMAKE_PREFIX_PATH=/home/hyoin/service/install/turtlebot3_node:/home/hyoin/service/install/turtlebot3_msgs:/home/hyoin/service/install/turtlebot3_description:/home/hyoin/service/install/dynamixel_sdk:/opt/ros/humble LD_LIBRARY_PATH=/home/hyoin/service/install/turtlebot3_msgs/lib:/home/hyoin/service/install/dynamixel_sdk/lib:${LD_LIBRARY_PATH} PYTHONPATH=/home/hyoin/service/install/turtlebot3_msgs/local/lib/python3.10/dist-packages:${PYTHONPATH} /usr/bin/cmake --install /home/hyoin/service/build/turtlebot3_bringup
[0.424s] -- Install configuration: ""
[0.424s] -- Execute custom install script
[0.424s] -- Symlinking: /home/hyoin/service/install/turtlebot3_bringup/share/turtlebot3_bringup/launch/robot.launch.py
[0.430s] -- Symlinking: /home/hyoin/service/install/turtlebot3_bringup/share/turtlebot3_bringup/launch/rviz2.launch.py
[0.435s] -- Symlinking: /home/hyoin/service/install/turtlebot3_bringup/share/turtlebot3_bringup/launch/turtlebot3_state_publisher.launch.py
[0.442s] -- Symlinking: /home/hyoin/service/install/turtlebot3_bringup/share/turtlebot3_bringup/param/burger.yaml
[0.448s] -- Symlinking: /home/hyoin/service/install/turtlebot3_bringup/share/turtlebot3_bringup/param/waffle.yaml
[0.453s] -- Symlinking: /home/hyoin/service/install/turtlebot3_bringup/share/turtlebot3_bringup/param/waffle_pi.yaml
[0.458s] -- Symlinking: /home/hyoin/service/install/turtlebot3_bringup/share/turtlebot3_bringup/script/99-turtlebot3-cdc.rules
[0.463s] -- Symlinking: /home/hyoin/service/install/turtlebot3_bringup/share/turtlebot3_bringup/script/create_udev_rules
[0.469s] -- Symlinking: /home/hyoin/service/install/turtlebot3_bringup/share/ament_index/resource_index/package_run_dependencies/turtlebot3_bringup
[0.474s] -- Symlinking: /home/hyoin/service/install/turtlebot3_bringup/share/ament_index/resource_index/parent_prefix_path/turtlebot3_bringup
[0.479s] -- Symlinking: /home/hyoin/service/install/turtlebot3_bringup/share/turtlebot3_bringup/environment/ament_prefix_path.sh
[0.484s] -- Symlinking: /home/hyoin/service/install/turtlebot3_bringup/share/turtlebot3_bringup/environment/ament_prefix_path.dsv
[0.489s] -- Symlinking: /home/hyoin/service/install/turtlebot3_bringup/share/turtlebot3_bringup/environment/path.sh
[0.494s] -- Symlinking: /home/hyoin/service/install/turtlebot3_bringup/share/turtlebot3_bringup/environment/path.dsv
[0.499s] -- Symlinking: /home/hyoin/service/install/turtlebot3_bringup/share/turtlebot3_bringup/local_setup.bash
[0.503s] -- Symlinking: /home/hyoin/service/install/turtlebot3_bringup/share/turtlebot3_bringup/local_setup.sh
[0.509s] -- Symlinking: /home/hyoin/service/install/turtlebot3_bringup/share/turtlebot3_bringup/local_setup.zsh
[0.514s] -- Symlinking: /home/hyoin/service/install/turtlebot3_bringup/share/turtlebot3_bringup/local_setup.dsv
[0.519s] -- Symlinking: /home/hyoin/service/install/turtlebot3_bringup/share/turtlebot3_bringup/package.dsv
[0.525s] -- Symlinking: /home/hyoin/service/install/turtlebot3_bringup/share/ament_index/resource_index/packages/turtlebot3_bringup
[0.530s] -- Symlinking: /home/hyoin/service/install/turtlebot3_bringup/share/turtlebot3_bringup/cmake/turtlebot3_bringupConfig.cmake
[0.535s] -- Symlinking: /home/hyoin/service/install/turtlebot3_bringup/share/turtlebot3_bringup/cmake/turtlebot3_bringupConfig-version.cmake
[0.541s] -- Symlinking: /home/hyoin/service/install/turtlebot3_bringup/share/turtlebot3_bringup/package.xml
[0.548s] Invoked command in '/home/hyoin/service/build/turtlebot3_bringup' returned '0': AMENT_PREFIX_PATH=/home/hyoin/service/install/turtlebot3_node:/home/hyoin/service/install/turtlebot3_msgs:/home/hyoin/service/install/turtlebot3_description:/home/hyoin/service/install/dynamixel_sdk:${AMENT_PREFIX_PATH} CMAKE_PREFIX_PATH=/home/hyoin/service/install/turtlebot3_node:/home/hyoin/service/install/turtlebot3_msgs:/home/hyoin/service/install/turtlebot3_description:/home/hyoin/service/install/dynamixel_sdk:/opt/ros/humble LD_LIBRARY_PATH=/home/hyoin/service/install/turtlebot3_msgs/lib:/home/hyoin/service/install/dynamixel_sdk/lib:${LD_LIBRARY_PATH} PYTHONPATH=/home/hyoin/service/install/turtlebot3_msgs/local/lib/python3.10/dist-packages:${PYTHONPATH} /usr/bin/cmake --install /home/hyoin/service/build/turtlebot3_bringup
