[0.020s] Invoking command in '/home/hyoin/service/build/dynamixel_sdk': CMAKE_PREFIX_PATH=/opt/ros/humble /usr/bin/cmake /home/hyoin/service/src/DynamixelSDK/dynamixel_sdk -DCMAKE_INSTALL_PREFIX=/home/hyoin/service/install/dynamixel_sdk
[0.286s] -- Found ament_cmake: 1.3.11 (/opt/ros/humble/share/ament_cmake/cmake)
[0.286s] -- Override CMake install command with custom implementation using symlinks instead of copying resources
[0.286s] -- Configuring done
[0.286s] -- Generating done
[0.286s] -- Build files have been written to: /home/hyoin/service/build/dynamixel_sdk
[0.289s] Invoked command in '/home/hyoin/service/build/dynamixel_sdk' returned '0': CMAKE_PREFIX_PATH=/opt/ros/humble /usr/bin/cmake /home/hyoin/service/src/DynamixelSDK/dynamixel_sdk -DCMAKE_INSTALL_PREFIX=/home/hyoin/service/install/dynamixel_sdk
[0.290s] Invoking command in '/home/hyoin/service/build/dynamixel_sdk': CMAKE_PREFIX_PATH=/opt/ros/humble /usr/bin/cmake --build /home/hyoin/service/build/dynamixel_sdk -- -j8 -l8
[0.323s] [35m[1mConsolidate compiler generated dependencies of target dynamixel_sdk[0m
[0.346s] [100%] Built target dynamixel_sdk
[0.377s] Invoked command in '/home/hyoin/service/build/dynamixel_sdk' returned '0': CMAKE_PREFIX_PATH=/opt/ros/humble /usr/bin/cmake --build /home/hyoin/service/build/dynamixel_sdk -- -j8 -l8
[0.378s] Invoking command in '/home/hyoin/service/build/dynamixel_sdk': CMAKE_PREFIX_PATH=/opt/ros/humble /usr/bin/cmake --install /home/hyoin/service/build/dynamixel_sdk
[0.383s] -- Install configuration: ""
[0.384s] -- Execute custom install script
[0.384s] -- Up-to-date symlink: /home/hyoin/service/install/dynamixel_sdk/include//dynamixel_sdk/dynamixel_sdk.h
[0.384s] -- Up-to-date symlink: /home/hyoin/service/install/dynamixel_sdk/include//dynamixel_sdk/group_bulk_read.h
[0.384s] -- Up-to-date symlink: /home/hyoin/service/install/dynamixel_sdk/include//dynamixel_sdk/group_bulk_write.h
[0.385s] -- Up-to-date symlink: /home/hyoin/service/install/dynamixel_sdk/include//dynamixel_sdk/group_sync_read.h
[0.385s] -- Up-to-date symlink: /home/hyoin/service/install/dynamixel_sdk/include//dynamixel_sdk/group_sync_write.h
[0.385s] -- Up-to-date symlink: /home/hyoin/service/install/dynamixel_sdk/include//dynamixel_sdk/packet_handler.h
[0.385s] -- Up-to-date symlink: /home/hyoin/service/install/dynamixel_sdk/include//dynamixel_sdk/port_handler.h
[0.385s] -- Up-to-date symlink: /home/hyoin/service/install/dynamixel_sdk/include//dynamixel_sdk/port_handler_arduino.h
[0.385s] -- Up-to-date symlink: /home/hyoin/service/install/dynamixel_sdk/include//dynamixel_sdk/port_handler_linux.h
[0.385s] -- Up-to-date symlink: /home/hyoin/service/install/dynamixel_sdk/include//dynamixel_sdk/port_handler_mac.h
[0.385s] -- Up-to-date symlink: /home/hyoin/service/install/dynamixel_sdk/include//dynamixel_sdk/port_handler_windows.h
[0.385s] -- Up-to-date symlink: /home/hyoin/service/install/dynamixel_sdk/include//dynamixel_sdk/protocol1_packet_handler.h
[0.385s] -- Up-to-date symlink: /home/hyoin/service/install/dynamixel_sdk/include//dynamixel_sdk/protocol2_packet_handler.h
[0.386s] -- Up-to-date symlink: /home/hyoin/service/install/dynamixel_sdk/lib/libdynamixel_sdk.so
[0.386s] -- Up-to-date symlink: /home/hyoin/service/install/dynamixel_sdk/share/dynamixel_sdk/environment/library_path.sh
[0.386s] -- Up-to-date symlink: /home/hyoin/service/install/dynamixel_sdk/share/dynamixel_sdk/environment/library_path.dsv
[0.386s] -- Up-to-date symlink: /home/hyoin/service/install/dynamixel_sdk/share/ament_index/resource_index/package_run_dependencies/dynamixel_sdk
[0.386s] -- Up-to-date symlink: /home/hyoin/service/install/dynamixel_sdk/share/ament_index/resource_index/parent_prefix_path/dynamixel_sdk
[0.386s] -- Up-to-date symlink: /home/hyoin/service/install/dynamixel_sdk/share/dynamixel_sdk/environment/ament_prefix_path.sh
[0.386s] -- Up-to-date symlink: /home/hyoin/service/install/dynamixel_sdk/share/dynamixel_sdk/environment/ament_prefix_path.dsv
[0.386s] -- Up-to-date symlink: /home/hyoin/service/install/dynamixel_sdk/share/dynamixel_sdk/environment/path.sh
[0.386s] -- Up-to-date symlink: /home/hyoin/service/install/dynamixel_sdk/share/dynamixel_sdk/environment/path.dsv
[0.386s] -- Up-to-date symlink: /home/hyoin/service/install/dynamixel_sdk/share/dynamixel_sdk/local_setup.bash
[0.387s] -- Up-to-date symlink: /home/hyoin/service/install/dynamixel_sdk/share/dynamixel_sdk/local_setup.sh
[0.387s] -- Up-to-date symlink: /home/hyoin/service/install/dynamixel_sdk/share/dynamixel_sdk/local_setup.zsh
[0.387s] -- Up-to-date symlink: /home/hyoin/service/install/dynamixel_sdk/share/dynamixel_sdk/local_setup.dsv
[0.387s] -- Symlinking: /home/hyoin/service/install/dynamixel_sdk/share/dynamixel_sdk/package.dsv
[0.393s] -- Up-to-date symlink: /home/hyoin/service/install/dynamixel_sdk/share/ament_index/resource_index/packages/dynamixel_sdk
[0.394s] -- Up-to-date symlink: /home/hyoin/service/install/dynamixel_sdk/share/dynamixel_sdk/cmake/ament_cmake_export_include_directories-extras.cmake
[0.394s] -- Up-to-date symlink: /home/hyoin/service/install/dynamixel_sdk/share/dynamixel_sdk/cmake/ament_cmake_export_libraries-extras.cmake
[0.394s] -- Up-to-date symlink: /home/hyoin/service/install/dynamixel_sdk/share/dynamixel_sdk/cmake/dynamixel_sdkConfig.cmake
[0.394s] -- Up-to-date symlink: /home/hyoin/service/install/dynamixel_sdk/share/dynamixel_sdk/cmake/dynamixel_sdkConfig-version.cmake
[0.394s] -- Up-to-date symlink: /home/hyoin/service/install/dynamixel_sdk/share/dynamixel_sdk/package.xml
[0.403s] Invoked command in '/home/hyoin/service/build/dynamixel_sdk' returned '0': CMAKE_PREFIX_PATH=/opt/ros/humble /usr/bin/cmake --install /home/hyoin/service/build/dynamixel_sdk
