[0.715s] Invoking command in '/home/hyoin/service/build/turtlebot3_example': AMENT_PREFIX_PATH=/home/hyoin/service/install/turtlebot3_msgs:${AMENT_PREFIX_PATH} CMAKE_PREFIX_PATH=/home/hyoin/service/install/turtlebot3_msgs LD_LIBRARY_PATH=/home/hyoin/service/install/turtlebot3_msgs/lib:${LD_LIBRARY_PATH} PYTHONPATH=/home/hyoin/service/build/turtlebot3_example/prefix_override:/usr/lib/python3/dist-packages/colcon_core/task/python/colcon_distutils_commands:/home/hyoin/service/install/turtlebot3_example/lib/python3.10/site-packages:/home/hyoin/service/install/turtlebot3_msgs/local/lib/python3.10/dist-packages:${PYTHONPATH} /usr/bin/python3 -W ignore:setup.py install is deprecated -W ignore:easy_install command is deprecated setup.py develop --editable --build-directory /home/hyoin/service/build/turtlebot3_example/build --no-deps symlink_data
[1.047s] running develop
[1.203s] running egg_info
[1.204s] creating turtlebot3_example.egg-info
[1.204s] writing turtlebot3_example.egg-info/PKG-INFO
[1.204s] writing dependency_links to turtlebot3_example.egg-info/dependency_links.txt
[1.204s] writing entry points to turtlebot3_example.egg-info/entry_points.txt
[1.204s] writing requirements to turtlebot3_example.egg-info/requires.txt
[1.204s] writing top-level names to turtlebot3_example.egg-info/top_level.txt
[1.204s] writing manifest file 'turtlebot3_example.egg-info/SOURCES.txt'
[1.207s] reading manifest file 'turtlebot3_example.egg-info/SOURCES.txt'
[1.207s] writing manifest file 'turtlebot3_example.egg-info/SOURCES.txt'
[1.209s] running build_ext
[1.209s] Creating /home/hyoin/service/install/turtlebot3_example/lib/python3.10/site-packages/turtlebot3-example.egg-link (link to .)
[1.210s] Installing turtlebot3_obstacle_detection script to /home/hyoin/service/install/turtlebot3_example/lib/turtlebot3_example
[1.210s] Installing turtlebot3_patrol_client script to /home/hyoin/service/install/turtlebot3_example/lib/turtlebot3_example
[1.210s] Installing turtlebot3_patrol_server script to /home/hyoin/service/install/turtlebot3_example/lib/turtlebot3_example
[1.210s] Installing turtlebot3_position_control script to /home/hyoin/service/install/turtlebot3_example/lib/turtlebot3_example
[1.210s] 
[1.210s] Installed /home/hyoin/service/build/turtlebot3_example
[1.210s] running symlink_data
[1.210s] creating /home/hyoin/service/install/turtlebot3_example/share/ament_index
[1.211s] creating /home/hyoin/service/install/turtlebot3_example/share/ament_index/resource_index
[1.211s] creating /home/hyoin/service/install/turtlebot3_example/share/ament_index/resource_index/packages
[1.211s] symbolically linking /home/hyoin/service/build/turtlebot3_example/resource/turtlebot3_example -> /home/hyoin/service/install/turtlebot3_example/share/ament_index/resource_index/packages
[1.211s] symbolically linking /home/hyoin/service/build/turtlebot3_example/package.xml -> /home/hyoin/service/install/turtlebot3_example/share/turtlebot3_example
[1.243s] Invoked command in '/home/hyoin/service/build/turtlebot3_example' returned '0': AMENT_PREFIX_PATH=/home/hyoin/service/install/turtlebot3_msgs:${AMENT_PREFIX_PATH} CMAKE_PREFIX_PATH=/home/hyoin/service/install/turtlebot3_msgs LD_LIBRARY_PATH=/home/hyoin/service/install/turtlebot3_msgs/lib:${LD_LIBRARY_PATH} PYTHONPATH=/home/hyoin/service/build/turtlebot3_example/prefix_override:/usr/lib/python3/dist-packages/colcon_core/task/python/colcon_distutils_commands:/home/hyoin/service/install/turtlebot3_example/lib/python3.10/site-packages:/home/hyoin/service/install/turtlebot3_msgs/local/lib/python3.10/dist-packages:${PYTHONPATH} /usr/bin/python3 -W ignore:setup.py install is deprecated -W ignore:easy_install command is deprecated setup.py develop --editable --build-directory /home/hyoin/service/build/turtlebot3_example/build --no-deps symlink_data
