[0.006s] Invoking command in '/home/hyoin/service/build/md': AMENT_PREFIX_PATH=/home/hyoin/service/install/serial:${AMENT_PREFIX_PATH} CMAKE_PREFIX_PATH=/home/hyoin/service/install/serial:/opt/ros/humble LD_LIBRARY_PATH=/home/hyoin/service/install/serial/lib:${LD_LIBRARY_PATH} PATH=/home/hyoin/service/install/serial/bin:${PATH} /usr/bin/cmake /home/hyoin/service/src/md -DAMENT_CMAKE_SYMLINK_INSTALL=1 -DCMAKE_INSTALL_PREFIX=/home/hyoin/service/install/md
[0.013s] -- Found ament_cmake: 1.3.11 (/opt/ros/humble/share/ament_cmake/cmake)
[0.108s] -- Override CMake install command with custom implementation using symlinks instead of copying resources
[0.115s] -- Found rclcpp: 16.0.11 (/opt/ros/humble/share/rclcpp/cmake)
[0.138s] -- Found rosidl_generator_c: 3.1.6 (/opt/ros/humble/share/rosidl_generator_c/cmake)
[0.140s] -- Found rosidl_adapter: 3.1.6 (/opt/ros/humble/share/rosidl_adapter/cmake)
[0.144s] -- Found rosidl_generator_cpp: 3.1.6 (/opt/ros/humble/share/rosidl_generator_cpp/cmake)
[0.150s] -- Using all available rosidl_typesupport_c: rosidl_typesupport_fastrtps_c;rosidl_typesupport_introspection_c
[0.159s] -- Using all available rosidl_typesupport_cpp: rosidl_typesupport_fastrtps_cpp;rosidl_typesupport_introspection_cpp
[0.180s] -- Found rmw_implementation_cmake: 6.1.2 (/opt/ros/humble/share/rmw_implementation_cmake/cmake)
[0.181s] -- Found rmw_fastrtps_cpp: 6.2.7 (/opt/ros/humble/share/rmw_fastrtps_cpp/cmake)
[0.246s] -- Using RMW implementation 'rmw_fastrtps_cpp' as default
[0.279s] -- Found rclcpp_components: 16.0.11 (/opt/ros/humble/share/rclcpp_components/cmake)
[0.291s] -- Found geometry_msgs: 4.2.4 (/opt/ros/humble/share/geometry_msgs/cmake)
[0.300s] -- Found sensor_msgs: 4.2.4 (/opt/ros/humble/share/sensor_msgs/cmake)
[0.312s] -- Found nav_msgs: 4.2.4 (/opt/ros/humble/share/nav_msgs/cmake)
[0.323s] -- Found serial: 1.2.1 (/home/hyoin/service/install/serial/share/serial/cmake)
[0.324s] -- Found rosidl_default_generators: 1.2.0 (/opt/ros/humble/share/rosidl_default_generators/cmake)
[0.548s] -- Found ament_cmake_ros: 0.10.0 (/opt/ros/humble/share/ament_cmake_ros/cmake)
[0.892s] -- Using all available rosidl_typesupport_c: rosidl_typesupport_fastrtps_c;rosidl_typesupport_introspection_c
[1.007s] -- Using all available rosidl_typesupport_cpp: rosidl_typesupport_fastrtps_cpp;rosidl_typesupport_introspection_cpp
[1.022s] -- Found python_cmake_module: 0.10.0 (/opt/ros/humble/share/python_cmake_module/cmake)
[1.037s] -- Using PYTHON_EXECUTABLE: /usr/bin/python3
[1.037s] -- Using PYTHON_INCLUDE_DIRS: /usr/include/python3.10
[1.037s] -- Using PYTHON_LIBRARIES: /usr/lib/x86_64-linux-gnu/libpython3.10.so
[1.071s] -- Configuring done
[1.098s] -- Generating done
[1.108s] -- Build files have been written to: /home/hyoin/service/build/md
[1.115s] Invoked command in '/home/hyoin/service/build/md' returned '0': AMENT_PREFIX_PATH=/home/hyoin/service/install/serial:${AMENT_PREFIX_PATH} CMAKE_PREFIX_PATH=/home/hyoin/service/install/serial:/opt/ros/humble LD_LIBRARY_PATH=/home/hyoin/service/install/serial/lib:${LD_LIBRARY_PATH} PATH=/home/hyoin/service/install/serial/bin:${PATH} /usr/bin/cmake /home/hyoin/service/src/md -DAMENT_CMAKE_SYMLINK_INSTALL=1 -DCMAKE_INSTALL_PREFIX=/home/hyoin/service/install/md
[1.116s] Invoking command in '/home/hyoin/service/build/md': AMENT_PREFIX_PATH=/home/hyoin/service/install/serial:${AMENT_PREFIX_PATH} CMAKE_PREFIX_PATH=/home/hyoin/service/install/serial:/opt/ros/humble LD_LIBRARY_PATH=/home/hyoin/service/install/serial/lib:${LD_LIBRARY_PATH} PATH=/home/hyoin/service/install/serial/bin:${PATH} /usr/bin/cmake --build /home/hyoin/service/build/md -- -j8 -l8
[1.144s] [35m[1mConsolidate compiler generated dependencies of target md__rosidl_generator_c[0m
[1.148s] [  2%] Built target md__cpp
[1.157s] [ 11%] Built target md__rosidl_generator_c
[1.159s] [35m[1mConsolidate compiler generated dependencies of target md__rosidl_typesupport_introspection_cpp[0m
[1.159s] [35m[1mConsolidate compiler generated dependencies of target md__rosidl_typesupport_cpp[0m
[1.159s] [35m[1mConsolidate compiler generated dependencies of target md__rosidl_typesupport_fastrtps_cpp[0m
[1.160s] [ 11%] Built target ament_cmake_python_symlink_md
[1.169s] [35m[1mConsolidate compiler generated dependencies of target md__rosidl_typesupport_introspection_c[0m
[1.170s] [35m[1mConsolidate compiler generated dependencies of target md__rosidl_typesupport_fastrtps_c[0m
[1.171s] [35m[1mConsolidate compiler generated dependencies of target md__rosidl_typesupport_c[0m
[1.182s] [ 30%] Built target md__rosidl_typesupport_introspection_cpp
[1.182s] [ 30%] Built target md__rosidl_typesupport_cpp
[1.182s] [ 39%] Built target md__rosidl_typesupport_fastrtps_cpp
[1.183s] [ 48%] Built target md__rosidl_typesupport_fastrtps_c
[1.184s] [ 58%] Built target md__rosidl_typesupport_c
[1.188s] [ 67%] Built target md__rosidl_typesupport_introspection_c
[1.188s] [35m[1mConsolidate compiler generated dependencies of target md_robot_node[0m
[1.200s] [ 67%] Built target md
[1.200s] [ 69%] [32mBuilding CXX object CMakeFiles/md_robot_node.dir/src/md_robot_node/main.cpp.o[0m
[1.214s] [ 72%] Built target md__py
[1.220s] [35m[1mConsolidate compiler generated dependencies of target md__rosidl_generator_py[0m
[1.232s] [ 79%] Built target md__rosidl_generator_py
[1.240s] [35m[1mConsolidate compiler generated dependencies of target md__rosidl_typesupport_fastrtps_c__pyext[0m
[1.242s] [35m[1mConsolidate compiler generated dependencies of target md__rosidl_typesupport_introspection_c__pyext[0m
[1.243s] [35m[1mConsolidate compiler generated dependencies of target md__rosidl_typesupport_c__pyext[0m
[1.250s] [ 83%] Built target md__rosidl_typesupport_fastrtps_c__pyext
[1.253s] [ 88%] Built target md__rosidl_typesupport_c__pyext
[1.254s] [ 93%] Built target md__rosidl_typesupport_introspection_c__pyext
[1.398s] running egg_info
[1.399s] writing md.egg-info/PKG-INFO
[1.399s] writing dependency_links to md.egg-info/dependency_links.txt
[1.399s] writing top-level names to md.egg-info/top_level.txt
[1.400s] reading manifest file 'md.egg-info/SOURCES.txt'
[1.401s] writing manifest file 'md.egg-info/SOURCES.txt'
[1.418s] [ 93%] Built target ament_cmake_python_build_md_egg
[8.577s] [ 95%] [32m[1mLinking CXX executable md_robot_node[0m
[8.972s] [100%] Built target md_robot_node
[8.983s] Invoked command in '/home/hyoin/service/build/md' returned '0': AMENT_PREFIX_PATH=/home/hyoin/service/install/serial:${AMENT_PREFIX_PATH} CMAKE_PREFIX_PATH=/home/hyoin/service/install/serial:/opt/ros/humble LD_LIBRARY_PATH=/home/hyoin/service/install/serial/lib:${LD_LIBRARY_PATH} PATH=/home/hyoin/service/install/serial/bin:${PATH} /usr/bin/cmake --build /home/hyoin/service/build/md -- -j8 -l8
[8.984s] Invoking command in '/home/hyoin/service/build/md': AMENT_PREFIX_PATH=/home/hyoin/service/install/serial:${AMENT_PREFIX_PATH} CMAKE_PREFIX_PATH=/home/hyoin/service/install/serial:/opt/ros/humble LD_LIBRARY_PATH=/home/hyoin/service/install/serial/lib:${LD_LIBRARY_PATH} PATH=/home/hyoin/service/install/serial/bin:${PATH} /usr/bin/cmake --install /home/hyoin/service/build/md
[8.989s] -- Install configuration: ""
[8.990s] -- Execute custom install script
[8.990s] -- Up-to-date symlink: /home/hyoin/service/install/md/share/ament_index/resource_index/rosidl_interfaces/md
[8.990s] -- Up-to-date symlink: /home/hyoin/service/install/md/include/md/md/msg/detail/md_robot_msg1__functions.h
[8.990s] -- Up-to-date symlink: /home/hyoin/service/install/md/include/md/md/msg/detail/md_robot_msg1__struct.h
[8.990s] -- Up-to-date symlink: /home/hyoin/service/install/md/include/md/md/msg/detail/md_robot_msg1__type_support.h
[8.990s] -- Up-to-date symlink: /home/hyoin/service/install/md/include/md/md/msg/detail/md_robot_msg2__functions.h
[8.990s] -- Up-to-date symlink: /home/hyoin/service/install/md/include/md/md/msg/detail/md_robot_msg2__struct.h
[8.990s] -- Up-to-date symlink: /home/hyoin/service/install/md/include/md/md/msg/detail/md_robot_msg2__type_support.h
[8.990s] -- Up-to-date symlink: /home/hyoin/service/install/md/include/md/md/msg/md_robot_msg1.h
[8.990s] -- Up-to-date symlink: /home/hyoin/service/install/md/include/md/md/msg/md_robot_msg2.h
[8.991s] -- Up-to-date symlink: /home/hyoin/service/install/md/include/md/md/msg/rosidl_generator_c__visibility_control.h
[8.991s] -- Up-to-date symlink: /home/hyoin/service/install/md/share/md/environment/library_path.sh
[8.991s] -- Up-to-date symlink: /home/hyoin/service/install/md/share/md/environment/library_path.dsv
[8.991s] -- Up-to-date symlink: /home/hyoin/service/install/md/include/md/md/msg/detail/md_robot_msg1__rosidl_typesupport_fastrtps_c.h
[8.991s] -- Up-to-date symlink: /home/hyoin/service/install/md/include/md/md/msg/detail/md_robot_msg2__rosidl_typesupport_fastrtps_c.h
[8.991s] -- Up-to-date symlink: /home/hyoin/service/install/md/include/md/md/msg/rosidl_typesupport_fastrtps_c__visibility_control.h
[8.991s] -- Up-to-date symlink: /home/hyoin/service/install/md/include/md/md/msg/detail/md_robot_msg1__builder.hpp
[8.991s] -- Up-to-date symlink: /home/hyoin/service/install/md/include/md/md/msg/detail/md_robot_msg1__struct.hpp
[8.991s] -- Up-to-date symlink: /home/hyoin/service/install/md/include/md/md/msg/detail/md_robot_msg1__traits.hpp
[8.991s] -- Up-to-date symlink: /home/hyoin/service/install/md/include/md/md/msg/detail/md_robot_msg1__type_support.hpp
[8.991s] -- Up-to-date symlink: /home/hyoin/service/install/md/include/md/md/msg/detail/md_robot_msg2__builder.hpp
[8.992s] -- Up-to-date symlink: /home/hyoin/service/install/md/include/md/md/msg/detail/md_robot_msg2__struct.hpp
[8.992s] -- Up-to-date symlink: /home/hyoin/service/install/md/include/md/md/msg/detail/md_robot_msg2__traits.hpp
[8.992s] -- Up-to-date symlink: /home/hyoin/service/install/md/include/md/md/msg/detail/md_robot_msg2__type_support.hpp
[8.992s] -- Up-to-date symlink: /home/hyoin/service/install/md/include/md/md/msg/md_robot_msg1.hpp
[8.992s] -- Up-to-date symlink: /home/hyoin/service/install/md/include/md/md/msg/md_robot_msg2.hpp
[8.992s] -- Up-to-date symlink: /home/hyoin/service/install/md/include/md/md/msg/rosidl_generator_cpp__visibility_control.hpp
[8.992s] -- Up-to-date symlink: /home/hyoin/service/install/md/include/md/md/msg/detail/md_robot_msg1__rosidl_typesupport_fastrtps_cpp.hpp
[8.992s] -- Up-to-date symlink: /home/hyoin/service/install/md/include/md/md/msg/detail/md_robot_msg2__rosidl_typesupport_fastrtps_cpp.hpp
[8.992s] -- Up-to-date symlink: /home/hyoin/service/install/md/include/md/md/msg/rosidl_typesupport_fastrtps_cpp__visibility_control.h
[8.992s] -- Up-to-date symlink: /home/hyoin/service/install/md/include/md/md/msg/detail/md_robot_msg1__rosidl_typesupport_introspection_c.h
[8.992s] -- Up-to-date symlink: /home/hyoin/service/install/md/include/md/md/msg/detail/md_robot_msg2__rosidl_typesupport_introspection_c.h
[8.992s] -- Up-to-date symlink: /home/hyoin/service/install/md/include/md/md/msg/rosidl_typesupport_introspection_c__visibility_control.h
[8.993s] -- Up-to-date symlink: /home/hyoin/service/install/md/include/md/md/msg/detail/md_robot_msg1__rosidl_typesupport_introspection_cpp.hpp
[8.993s] -- Up-to-date symlink: /home/hyoin/service/install/md/include/md/md/msg/detail/md_robot_msg2__rosidl_typesupport_introspection_cpp.hpp
[8.993s] -- Up-to-date symlink: /home/hyoin/service/install/md/share/md/environment/pythonpath.sh
[8.993s] -- Up-to-date symlink: /home/hyoin/service/install/md/share/md/environment/pythonpath.dsv
[8.993s] -- Up-to-date symlink: /home/hyoin/service/install/md/local/lib/python3.10/dist-packages/md-0.0.0-py3.10.egg-info/PKG-INFO
[8.993s] -- Up-to-date symlink: /home/hyoin/service/install/md/local/lib/python3.10/dist-packages/md-0.0.0-py3.10.egg-info/SOURCES.txt
[8.993s] -- Up-to-date symlink: /home/hyoin/service/install/md/local/lib/python3.10/dist-packages/md-0.0.0-py3.10.egg-info/dependency_links.txt
[8.993s] -- Up-to-date symlink: /home/hyoin/service/install/md/local/lib/python3.10/dist-packages/md-0.0.0-py3.10.egg-info/top_level.txt
[8.994s] -- Up-to-date symlink: /home/hyoin/service/install/md/local/lib/python3.10/dist-packages/md/__init__.py
[8.994s] -- Up-to-date symlink: /home/hyoin/service/install/md/local/lib/python3.10/dist-packages/md/_md_s.ep.rosidl_typesupport_c.c
[8.994s] -- Up-to-date symlink: /home/hyoin/service/install/md/local/lib/python3.10/dist-packages/md/_md_s.ep.rosidl_typesupport_fastrtps_c.c
[8.994s] -- Up-to-date symlink: /home/hyoin/service/install/md/local/lib/python3.10/dist-packages/md/_md_s.ep.rosidl_typesupport_introspection_c.c
[8.994s] -- Up-to-date symlink: /home/hyoin/service/install/md/local/lib/python3.10/dist-packages/md/libmd__rosidl_generator_py.so
[8.994s] -- Up-to-date symlink: /home/hyoin/service/install/md/local/lib/python3.10/dist-packages/md/md_s__rosidl_typesupport_c.cpython-310-x86_64-linux-gnu.so
[8.994s] -- Up-to-date symlink: /home/hyoin/service/install/md/local/lib/python3.10/dist-packages/md/md_s__rosidl_typesupport_fastrtps_c.cpython-310-x86_64-linux-gnu.so
[8.994s] -- Up-to-date symlink: /home/hyoin/service/install/md/local/lib/python3.10/dist-packages/md/md_s__rosidl_typesupport_introspection_c.cpython-310-x86_64-linux-gnu.so
[8.994s] -- Up-to-date symlink: /home/hyoin/service/install/md/local/lib/python3.10/dist-packages/md/msg/__init__.py
[8.994s] -- Up-to-date symlink: /home/hyoin/service/install/md/local/lib/python3.10/dist-packages/md/msg/_md_robot_msg1.py
[8.994s] -- Up-to-date symlink: /home/hyoin/service/install/md/local/lib/python3.10/dist-packages/md/msg/_md_robot_msg1_s.c
[8.994s] -- Up-to-date symlink: /home/hyoin/service/install/md/local/lib/python3.10/dist-packages/md/msg/_md_robot_msg2.py
[8.994s] -- Up-to-date symlink: /home/hyoin/service/install/md/local/lib/python3.10/dist-packages/md/msg/_md_robot_msg2_s.c
[8.994s] -- Up-to-date symlink: /home/hyoin/service/install/md/local/lib/python3.10/dist-packages/md/md_s__rosidl_typesupport_fastrtps_c.cpython-310-x86_64-linux-gnu.so
[8.994s] -- Up-to-date symlink: /home/hyoin/service/install/md/local/lib/python3.10/dist-packages/md/md_s__rosidl_typesupport_introspection_c.cpython-310-x86_64-linux-gnu.so
[8.995s] -- Up-to-date symlink: /home/hyoin/service/install/md/local/lib/python3.10/dist-packages/md/md_s__rosidl_typesupport_c.cpython-310-x86_64-linux-gnu.so
[8.995s] -- Up-to-date symlink: /home/hyoin/service/install/md/share/md/msg/MdRobotMsg1.idl
[8.995s] -- Up-to-date symlink: /home/hyoin/service/install/md/share/md/msg/MdRobotMsg2.idl
[8.995s] -- Up-to-date symlink: /home/hyoin/service/install/md/share/md/msg/MdRobotMsg1.msg
[8.995s] -- Up-to-date symlink: /home/hyoin/service/install/md/share/md/msg/MdRobotMsg2.msg
[8.995s] -- Up-to-date symlink: /home/hyoin/service/install/md/lib//md_robot_node
[8.995s] -- Up-to-date symlink: /home/hyoin/service/install/md/include//md_robot_node/com.hpp
[8.995s] -- Up-to-date symlink: /home/hyoin/service/install/md/include//md_robot_node/global.hpp
[8.995s] -- Up-to-date symlink: /home/hyoin/service/install/md/include//md_robot_node/main.hpp
[8.995s] -- Up-to-date symlink: /home/hyoin/service/install/md/include//md_robot_node/robot.hpp
[8.995s] -- Up-to-date symlink: /home/hyoin/service/install/md/share/md/launch/md_robot_node.launch.py
[8.996s] -- Up-to-date symlink: /home/hyoin/service/install/md/share/md/launch/md_robot_node_use_MDUI.launch.py
[8.996s] -- Up-to-date symlink: /home/hyoin/service/install/md/share/ament_index/resource_index/package_run_dependencies/md
[8.996s] -- Up-to-date symlink: /home/hyoin/service/install/md/share/ament_index/resource_index/parent_prefix_path/md
[8.996s] -- Up-to-date symlink: /home/hyoin/service/install/md/share/md/environment/ament_prefix_path.sh
[8.996s] -- Up-to-date symlink: /home/hyoin/service/install/md/share/md/environment/ament_prefix_path.dsv
[8.996s] -- Up-to-date symlink: /home/hyoin/service/install/md/share/md/environment/path.sh
[8.996s] -- Up-to-date symlink: /home/hyoin/service/install/md/share/md/environment/path.dsv
[8.996s] -- Up-to-date symlink: /home/hyoin/service/install/md/share/md/local_setup.bash
[8.996s] -- Up-to-date symlink: /home/hyoin/service/install/md/share/md/local_setup.sh
[8.996s] -- Up-to-date symlink: /home/hyoin/service/install/md/share/md/local_setup.zsh
[8.996s] -- Up-to-date symlink: /home/hyoin/service/install/md/share/md/local_setup.dsv
[8.996s] -- Symlinking: /home/hyoin/service/install/md/share/md/package.dsv
[9.002s] -- Up-to-date symlink: /home/hyoin/service/install/md/share/ament_index/resource_index/packages/md
[9.002s] -- Up-to-date symlink: /home/hyoin/service/install/md/share/md/cmake/rosidl_cmake-extras.cmake
[9.002s] -- Up-to-date symlink: /home/hyoin/service/install/md/share/md/cmake/ament_cmake_export_dependencies-extras.cmake
[9.002s] -- Up-to-date symlink: /home/hyoin/service/install/md/share/md/cmake/ament_cmake_export_include_directories-extras.cmake
[9.002s] -- Up-to-date symlink: /home/hyoin/service/install/md/share/md/cmake/ament_cmake_export_libraries-extras.cmake
[9.003s] -- Up-to-date symlink: /home/hyoin/service/install/md/share/md/cmake/ament_cmake_export_targets-extras.cmake
[9.003s] -- Up-to-date symlink: /home/hyoin/service/install/md/share/md/cmake/rosidl_cmake_export_typesupport_targets-extras.cmake
[9.003s] -- Up-to-date symlink: /home/hyoin/service/install/md/share/md/cmake/rosidl_cmake_export_typesupport_libraries-extras.cmake
[9.003s] -- Up-to-date symlink: /home/hyoin/service/install/md/share/md/cmake/mdConfig.cmake
[9.003s] -- Up-to-date symlink: /home/hyoin/service/install/md/share/md/cmake/mdConfig-version.cmake
[9.003s] -- Up-to-date symlink: /home/hyoin/service/install/md/share/md/package.xml
[9.003s] -- Up-to-date: /home/hyoin/service/install/md/lib/libmd__rosidl_generator_c.so
[9.003s] -- Up-to-date: /home/hyoin/service/install/md/lib/libmd__rosidl_typesupport_fastrtps_c.so
[9.003s] -- Up-to-date: /home/hyoin/service/install/md/lib/libmd__rosidl_typesupport_fastrtps_cpp.so
[9.003s] -- Up-to-date: /home/hyoin/service/install/md/lib/libmd__rosidl_typesupport_introspection_c.so
[9.003s] -- Up-to-date: /home/hyoin/service/install/md/lib/libmd__rosidl_typesupport_c.so
[9.004s] -- Up-to-date: /home/hyoin/service/install/md/lib/libmd__rosidl_typesupport_introspection_cpp.so
[9.004s] -- Up-to-date: /home/hyoin/service/install/md/lib/libmd__rosidl_typesupport_cpp.so
[9.023s] Listing '/home/hyoin/service/install/md/local/lib/python3.10/dist-packages/md'...
[9.023s] Compiling '/home/hyoin/service/install/md/local/lib/python3.10/dist-packages/md/__init__.py'...
[9.023s] Listing '/home/hyoin/service/install/md/local/lib/python3.10/dist-packages/md/msg'...
[9.026s] -- Up-to-date: /home/hyoin/service/install/md/lib/libmd__rosidl_generator_py.so
[9.026s] -- Up-to-date: /home/hyoin/service/install/md/share/md/cmake/export_md__rosidl_generator_cExport.cmake
[9.026s] -- Up-to-date: /home/hyoin/service/install/md/share/md/cmake/export_md__rosidl_generator_cExport-noconfig.cmake
[9.026s] -- Up-to-date: /home/hyoin/service/install/md/share/md/cmake/export_md__rosidl_typesupport_fastrtps_cExport.cmake
[9.026s] -- Up-to-date: /home/hyoin/service/install/md/share/md/cmake/export_md__rosidl_typesupport_fastrtps_cExport-noconfig.cmake
[9.026s] -- Up-to-date: /home/hyoin/service/install/md/share/md/cmake/export_md__rosidl_generator_cppExport.cmake
[9.026s] -- Up-to-date: /home/hyoin/service/install/md/share/md/cmake/export_md__rosidl_typesupport_fastrtps_cppExport.cmake
[9.026s] -- Up-to-date: /home/hyoin/service/install/md/share/md/cmake/export_md__rosidl_typesupport_fastrtps_cppExport-noconfig.cmake
[9.026s] -- Up-to-date: /home/hyoin/service/install/md/share/md/cmake/md__rosidl_typesupport_introspection_cExport.cmake
[9.026s] -- Up-to-date: /home/hyoin/service/install/md/share/md/cmake/md__rosidl_typesupport_introspection_cExport-noconfig.cmake
[9.026s] -- Up-to-date: /home/hyoin/service/install/md/share/md/cmake/md__rosidl_typesupport_cExport.cmake
[9.026s] -- Up-to-date: /home/hyoin/service/install/md/share/md/cmake/md__rosidl_typesupport_cExport-noconfig.cmake
[9.026s] -- Up-to-date: /home/hyoin/service/install/md/share/md/cmake/md__rosidl_typesupport_introspection_cppExport.cmake
[9.026s] -- Up-to-date: /home/hyoin/service/install/md/share/md/cmake/md__rosidl_typesupport_introspection_cppExport-noconfig.cmake
[9.026s] -- Up-to-date: /home/hyoin/service/install/md/share/md/cmake/md__rosidl_typesupport_cppExport.cmake
[9.026s] -- Up-to-date: /home/hyoin/service/install/md/share/md/cmake/md__rosidl_typesupport_cppExport-noconfig.cmake
[9.026s] -- Up-to-date: /home/hyoin/service/install/md/share/md/cmake/export_md__rosidl_generator_pyExport.cmake
[9.026s] -- Up-to-date: /home/hyoin/service/install/md/share/md/cmake/export_md__rosidl_generator_pyExport-noconfig.cmake
[9.028s] Invoked command in '/home/hyoin/service/build/md' returned '0': AMENT_PREFIX_PATH=/home/hyoin/service/install/serial:${AMENT_PREFIX_PATH} CMAKE_PREFIX_PATH=/home/hyoin/service/install/serial:/opt/ros/humble LD_LIBRARY_PATH=/home/hyoin/service/install/serial/lib:${LD_LIBRARY_PATH} PATH=/home/hyoin/service/install/serial/bin:${PATH} /usr/bin/cmake --install /home/hyoin/service/build/md
