[  1%] Built target md__cpp
[ 11%] Built target md__rosidl_generator_c
[ 11%] Built target ament_cmake_python_symlink_md
[ 41%] Built target md__rosidl_typesupport_fastrtps_c
[ 41%] Built target md__rosidl_typesupport_cpp
[ 41%] Built target md__rosidl_typesupport_fastrtps_cpp
[ 52%] Built target md__rosidl_typesupport_introspection_cpp
[ 60%] Built target md__rosidl_typesupport_introspection_c
[ 70%] Built target md__rosidl_typesupport_c
[35m[1mConsolidate compiler generated dependencies of target md_robot_node[0m
[ 70%] Built target md
[ 72%] [32mBuilding CXX object CMakeFiles/md_robot_node.dir/src/md_robot_node/main.cpp.o[0m
[ 74%] [32mBuilding CXX object CMakeFiles/md_robot_node.dir/src/md_robot_node/com.cpp.o[0m
[ 76%] [32mBuilding CXX object CMakeFiles/md_robot_node.dir/src/md_robot_node/robot.cpp.o[0m
[ 78%] Built target md__py
[ 86%] Built target md__rosidl_generator_py
[ 94%] Built target md__rosidl_typesupport_introspection_c__pyext
[ 94%] Built target md__rosidl_typesupport_fastrtps_c__pyext
[ 98%] Built target md__rosidl_typesupport_c__pyext
running egg_info
writing md.egg-info/PKG-INFO
writing dependency_links to md.egg-info/dependency_links.txt
writing top-level names to md.egg-info/top_level.txt
reading manifest file 'md.egg-info/SOURCES.txt'
writing manifest file 'md.egg-info/SOURCES.txt'
[ 98%] Built target ament_cmake_python_build_md_egg
