[0.415s] Invoking command in '/home/hyoin/service/build/turtlebot3_example': AMENT_PREFIX_PATH=/home/hyoin/service/install/turtlebot3_msgs:${AMENT_PREFIX_PATH} CMAKE_PREFIX_PATH=/home/hyoin/service/install/turtlebot3_msgs LD_LIBRARY_PATH=/home/hyoin/service/install/turtlebot3_msgs/lib:${LD_LIBRARY_PATH} PYTHONPATH=/home/hyoin/service/build/turtlebot3_example/prefix_override:/usr/lib/python3/dist-packages/colcon_core/task/python/colcon_distutils_commands:/home/hyoin/service/install/turtlebot3_example/lib/python3.10/site-packages:/home/hyoin/service/install/turtlebot3_msgs/local/lib/python3.10/dist-packages:${PYTHONPATH} /usr/bin/python3 -W ignore:setup.py install is deprecated -W ignore:easy_install command is deprecated setup.py develop --editable --build-directory /home/hyoin/service/build/turtlebot3_example/build --no-deps symlink_data
[0.580s] running develop
[0.675s] running egg_info
[0.675s] writing turtlebot3_example.egg-info/PKG-INFO
[0.676s] writing dependency_links to turtlebot3_example.egg-info/dependency_links.txt
[0.676s] writing entry points to turtlebot3_example.egg-info/entry_points.txt
[0.676s] writing requirements to turtlebot3_example.egg-info/requires.txt
[0.676s] writing top-level names to turtlebot3_example.egg-info/top_level.txt
[0.677s] reading manifest file 'turtlebot3_example.egg-info/SOURCES.txt'
[0.678s] writing manifest file 'turtlebot3_example.egg-info/SOURCES.txt'
[0.679s] running build_ext
[0.679s] Creating /home/hyoin/service/install/turtlebot3_example/lib/python3.10/site-packages/turtlebot3-example.egg-link (link to .)
[0.679s] Installing turtlebot3_obstacle_detection script to /home/hyoin/service/install/turtlebot3_example/lib/turtlebot3_example
[0.679s] Installing turtlebot3_patrol_client script to /home/hyoin/service/install/turtlebot3_example/lib/turtlebot3_example
[0.680s] Installing turtlebot3_patrol_server script to /home/hyoin/service/install/turtlebot3_example/lib/turtlebot3_example
[0.680s] Installing turtlebot3_position_control script to /home/hyoin/service/install/turtlebot3_example/lib/turtlebot3_example
[0.680s] 
[0.680s] Installed /home/hyoin/service/build/turtlebot3_example
[0.680s] running symlink_data
[0.698s] Invoked command in '/home/hyoin/service/build/turtlebot3_example' returned '0': AMENT_PREFIX_PATH=/home/hyoin/service/install/turtlebot3_msgs:${AMENT_PREFIX_PATH} CMAKE_PREFIX_PATH=/home/hyoin/service/install/turtlebot3_msgs LD_LIBRARY_PATH=/home/hyoin/service/install/turtlebot3_msgs/lib:${LD_LIBRARY_PATH} PYTHONPATH=/home/hyoin/service/build/turtlebot3_example/prefix_override:/usr/lib/python3/dist-packages/colcon_core/task/python/colcon_distutils_commands:/home/hyoin/service/install/turtlebot3_example/lib/python3.10/site-packages:/home/hyoin/service/install/turtlebot3_msgs/local/lib/python3.10/dist-packages:${PYTHONPATH} /usr/bin/python3 -W ignore:setup.py install is deprecated -W ignore:easy_install command is deprecated setup.py develop --editable --build-directory /home/hyoin/service/build/turtlebot3_example/build --no-deps symlink_data
