[0.016s] Invoking command in '/home/hyoin/service/build/turtlebot3_description': CMAKE_PREFIX_PATH=${CMAKE_PREFIX_PATH}:/home/hyoin/service/install/turtlebot3_teleop:/home/hyoin/service/install/turtlebot3_example:/opt/ros/humble /usr/bin/cmake /home/hyoin/service/src/turtlebot3/turtlebot3_description -DCMAKE_INSTALL_PREFIX=/home/hyoin/service/install/turtlebot3_description
[0.056s] -- The C compiler identification is GNU 11.4.0
[0.102s] -- The CXX compiler identification is GNU 11.4.0
[0.108s] -- Detecting C compiler ABI info
[0.165s] -- Detecting C compiler ABI info - done
[0.173s] -- Check for working C compiler: /usr/bin/cc - skipped
[0.173s] -- Detecting C compile features
[0.173s] -- Detecting C compile features - done
[0.179s] -- Detecting CXX compiler ABI info
[0.243s] -- Detecting CXX compiler ABI info - done
[0.250s] -- Check for working CXX compiler: /usr/bin/c++ - skipped
[0.250s] -- Detecting CXX compile features
[0.250s] -- Detecting CXX compile features - done
[0.251s] -- Found ament_cmake: 1.3.11 (/opt/ros/humble/share/ament_cmake/cmake)
[0.410s] -- Found Python3: /usr/bin/python3 (found version "3.10.12") found components: Interpreter 
[0.508s] -- Found urdf: 2.6.1 (/opt/ros/humble/share/urdf/cmake)
[0.635s] -- Configuring done
[0.638s] -- Generating done
[0.640s] -- Build files have been written to: /home/hyoin/service/build/turtlebot3_description
[0.645s] Invoked command in '/home/hyoin/service/build/turtlebot3_description' returned '0': CMAKE_PREFIX_PATH=${CMAKE_PREFIX_PATH}:/home/hyoin/service/install/turtlebot3_teleop:/home/hyoin/service/install/turtlebot3_example:/opt/ros/humble /usr/bin/cmake /home/hyoin/service/src/turtlebot3/turtlebot3_description -DCMAKE_INSTALL_PREFIX=/home/hyoin/service/install/turtlebot3_description
[0.646s] Invoking command in '/home/hyoin/service/build/turtlebot3_description': CMAKE_PREFIX_PATH=${CMAKE_PREFIX_PATH}:/home/hyoin/service/install/turtlebot3_teleop:/home/hyoin/service/install/turtlebot3_example:/opt/ros/humble /usr/bin/cmake --build /home/hyoin/service/build/turtlebot3_description -- -j8 -l8
[0.671s] Invoked command in '/home/hyoin/service/build/turtlebot3_description' returned '0': CMAKE_PREFIX_PATH=${CMAKE_PREFIX_PATH}:/home/hyoin/service/install/turtlebot3_teleop:/home/hyoin/service/install/turtlebot3_example:/opt/ros/humble /usr/bin/cmake --build /home/hyoin/service/build/turtlebot3_description -- -j8 -l8
[0.672s] Invoking command in '/home/hyoin/service/build/turtlebot3_description': CMAKE_PREFIX_PATH=${CMAKE_PREFIX_PATH}:/home/hyoin/service/install/turtlebot3_teleop:/home/hyoin/service/install/turtlebot3_example:/opt/ros/humble /usr/bin/cmake --install /home/hyoin/service/build/turtlebot3_description
[0.677s] -- Install configuration: ""
[0.677s] -- Installing: /home/hyoin/service/install/turtlebot3_description/share/turtlebot3_description/meshes
[0.677s] -- Installing: /home/hyoin/service/install/turtlebot3_description/share/turtlebot3_description/meshes/sensors
[0.677s] -- Installing: /home/hyoin/service/install/turtlebot3_description/share/turtlebot3_description/meshes/sensors/r200.jpg
[0.678s] -- Installing: /home/hyoin/service/install/turtlebot3_description/share/turtlebot3_description/meshes/sensors/astra.dae
[0.682s] -- Installing: /home/hyoin/service/install/turtlebot3_description/share/turtlebot3_description/meshes/sensors/lds.stl
[0.682s] -- Installing: /home/hyoin/service/install/turtlebot3_description/share/turtlebot3_description/meshes/sensors/astra.jpg
[0.683s] -- Installing: /home/hyoin/service/install/turtlebot3_description/share/turtlebot3_description/meshes/sensors/r200.dae
[0.683s] -- Installing: /home/hyoin/service/install/turtlebot3_description/share/turtlebot3_description/meshes/wheels
[0.683s] -- Installing: /home/hyoin/service/install/turtlebot3_description/share/turtlebot3_description/meshes/wheels/right_tire.stl
[0.683s] -- Installing: /home/hyoin/service/install/turtlebot3_description/share/turtlebot3_description/meshes/wheels/left_tire.stl
[0.684s] -- Installing: /home/hyoin/service/install/turtlebot3_description/share/turtlebot3_description/meshes/bases
[0.684s] -- Installing: /home/hyoin/service/install/turtlebot3_description/share/turtlebot3_description/meshes/bases/waffle_pi_base.stl
[0.688s] -- Installing: /home/hyoin/service/install/turtlebot3_description/share/turtlebot3_description/meshes/bases/burger_base.stl
[0.691s] -- Installing: /home/hyoin/service/install/turtlebot3_description/share/turtlebot3_description/meshes/bases/waffle_base.stl
[0.699s] -- Installing: /home/hyoin/service/install/turtlebot3_description/share/turtlebot3_description/rviz
[0.700s] -- Installing: /home/hyoin/service/install/turtlebot3_description/share/turtlebot3_description/rviz/model.rviz
[0.700s] -- Installing: /home/hyoin/service/install/turtlebot3_description/share/turtlebot3_description/urdf
[0.700s] -- Installing: /home/hyoin/service/install/turtlebot3_description/share/turtlebot3_description/urdf/turtlebot3_waffle.urdf
[0.700s] -- Installing: /home/hyoin/service/install/turtlebot3_description/share/turtlebot3_description/urdf/turtlebot3_burger.urdf
[0.700s] -- Installing: /home/hyoin/service/install/turtlebot3_description/share/turtlebot3_description/urdf/turtlebot3_waffle_pi.urdf
[0.700s] -- Installing: /home/hyoin/service/install/turtlebot3_description/share/turtlebot3_description/urdf/common_properties.urdf
[0.700s] -- Installing: /home/hyoin/service/install/turtlebot3_description/share/ament_index/resource_index/package_run_dependencies/turtlebot3_description
[0.700s] -- Installing: /home/hyoin/service/install/turtlebot3_description/share/ament_index/resource_index/parent_prefix_path/turtlebot3_description
[0.700s] -- Installing: /home/hyoin/service/install/turtlebot3_description/share/turtlebot3_description/environment/ament_prefix_path.sh
[0.700s] -- Installing: /home/hyoin/service/install/turtlebot3_description/share/turtlebot3_description/environment/ament_prefix_path.dsv
[0.700s] -- Installing: /home/hyoin/service/install/turtlebot3_description/share/turtlebot3_description/environment/path.sh
[0.700s] -- Installing: /home/hyoin/service/install/turtlebot3_description/share/turtlebot3_description/environment/path.dsv
[0.701s] -- Installing: /home/hyoin/service/install/turtlebot3_description/share/turtlebot3_description/local_setup.bash
[0.701s] -- Installing: /home/hyoin/service/install/turtlebot3_description/share/turtlebot3_description/local_setup.sh
[0.701s] -- Installing: /home/hyoin/service/install/turtlebot3_description/share/turtlebot3_description/local_setup.zsh
[0.701s] -- Installing: /home/hyoin/service/install/turtlebot3_description/share/turtlebot3_description/local_setup.dsv
[0.701s] -- Installing: /home/hyoin/service/install/turtlebot3_description/share/turtlebot3_description/package.dsv
[0.701s] -- Installing: /home/hyoin/service/install/turtlebot3_description/share/ament_index/resource_index/packages/turtlebot3_description
[0.701s] -- Installing: /home/hyoin/service/install/turtlebot3_description/share/turtlebot3_description/cmake/turtlebot3_descriptionConfig.cmake
[0.701s] -- Installing: /home/hyoin/service/install/turtlebot3_description/share/turtlebot3_description/cmake/turtlebot3_descriptionConfig-version.cmake
[0.701s] -- Installing: /home/hyoin/service/install/turtlebot3_description/share/turtlebot3_description/package.xml
[0.703s] Invoked command in '/home/hyoin/service/build/turtlebot3_description' returned '0': CMAKE_PREFIX_PATH=${CMAKE_PREFIX_PATH}:/home/hyoin/service/install/turtlebot3_teleop:/home/hyoin/service/install/turtlebot3_example:/opt/ros/humble /usr/bin/cmake --install /home/hyoin/service/build/turtlebot3_description
