[0.020s] Invoking command in '/home/hyoin/service/build/turtlebot3_cartographer': CMAKE_PREFIX_PATH=/opt/ros/humble /usr/bin/cmake --build /home/hyoin/service/build/turtlebot3_cartographer -- -j8 -l8
[0.279s] Invoked command in '/home/hyoin/service/build/turtlebot3_cartographer' returned '0': CMAKE_PREFIX_PATH=/opt/ros/humble /usr/bin/cmake --build /home/hyoin/service/build/turtlebot3_cartographer -- -j8 -l8
[0.280s] Invoking command in '/home/hyoin/service/build/turtlebot3_cartographer': CMAKE_PREFIX_PATH=/opt/ros/humble /usr/bin/cmake --install /home/hyoin/service/build/turtlebot3_cartographer
[0.295s] -- Install configuration: ""
[0.295s] -- Execute custom install script
[0.295s] -- Up-to-date symlink: /home/hyoin/service/install/turtlebot3_cartographer/share/turtlebot3_cartographer/config/turtlebot3_lds_2d.lua
[0.295s] -- Up-to-date symlink: /home/hyoin/service/install/turtlebot3_cartographer/share/turtlebot3_cartographer/launch/cartographer.launch.py
[0.295s] -- Up-to-date symlink: /home/hyoin/service/install/turtlebot3_cartographer/share/turtlebot3_cartographer/launch/occupancy_grid.launch.py
[0.295s] -- Up-to-date symlink: /home/hyoin/service/install/turtlebot3_cartographer/share/turtlebot3_cartographer/rviz/tb3_cartographer.rviz
[0.295s] -- Up-to-date symlink: /home/hyoin/service/install/turtlebot3_cartographer/share/ament_index/resource_index/package_run_dependencies/turtlebot3_cartographer
[0.295s] -- Up-to-date symlink: /home/hyoin/service/install/turtlebot3_cartographer/share/ament_index/resource_index/parent_prefix_path/turtlebot3_cartographer
[0.295s] -- Up-to-date symlink: /home/hyoin/service/install/turtlebot3_cartographer/share/turtlebot3_cartographer/environment/ament_prefix_path.sh
[0.297s] -- Up-to-date symlink: /home/hyoin/service/install/turtlebot3_cartographer/share/turtlebot3_cartographer/environment/ament_prefix_path.dsv
[0.297s] -- Up-to-date symlink: /home/hyoin/service/install/turtlebot3_cartographer/share/turtlebot3_cartographer/environment/path.sh
[0.298s] -- Up-to-date symlink: /home/hyoin/service/install/turtlebot3_cartographer/share/turtlebot3_cartographer/environment/path.dsv
[0.298s] -- Up-to-date symlink: /home/hyoin/service/install/turtlebot3_cartographer/share/turtlebot3_cartographer/local_setup.bash
[0.298s] -- Up-to-date symlink: /home/hyoin/service/install/turtlebot3_cartographer/share/turtlebot3_cartographer/local_setup.sh
[0.298s] -- Up-to-date symlink: /home/hyoin/service/install/turtlebot3_cartographer/share/turtlebot3_cartographer/local_setup.zsh
[0.298s] -- Up-to-date symlink: /home/hyoin/service/install/turtlebot3_cartographer/share/turtlebot3_cartographer/local_setup.dsv
[0.298s] -- Symlinking: /home/hyoin/service/install/turtlebot3_cartographer/share/turtlebot3_cartographer/package.dsv
[0.299s] -- Up-to-date symlink: /home/hyoin/service/install/turtlebot3_cartographer/share/ament_index/resource_index/packages/turtlebot3_cartographer
[0.299s] -- Up-to-date symlink: /home/hyoin/service/install/turtlebot3_cartographer/share/turtlebot3_cartographer/cmake/turtlebot3_cartographerConfig.cmake
[0.299s] -- Up-to-date symlink: /home/hyoin/service/install/turtlebot3_cartographer/share/turtlebot3_cartographer/cmake/turtlebot3_cartographerConfig-version.cmake
[0.299s] -- Up-to-date symlink: /home/hyoin/service/install/turtlebot3_cartographer/share/turtlebot3_cartographer/package.xml
[0.324s] Invoked command in '/home/hyoin/service/build/turtlebot3_cartographer' returned '0': CMAKE_PREFIX_PATH=/opt/ros/humble /usr/bin/cmake --install /home/hyoin/service/build/turtlebot3_cartographer
