[0.017s] Invoking command in '/home/hyoin/service/build/turtlebot3_description': CMAKE_PREFIX_PATH=/opt/ros/humble /usr/bin/cmake /home/hyoin/service/src/turtlebot3/turtlebot3_description -DAMENT_CMAKE_SYMLINK_INSTALL=1 -DCMAKE_INSTALL_PREFIX=/home/hyoin/service/install/turtlebot3_description
[0.085s] -- The C compiler identification is GNU 11.4.0
[0.153s] -- The CXX compiler identification is GNU 11.4.0
[0.164s] -- Detecting C compiler ABI info
[0.226s] -- Detecting C compiler ABI info - done
[0.234s] -- Check for working C compiler: /usr/bin/cc - skipped
[0.234s] -- Detecting C compile features
[0.236s] -- Detecting C compile features - done
[0.242s] -- Detecting CXX compiler ABI info
[0.316s] -- Detecting CXX compiler ABI info - done
[0.325s] -- Check for working CXX compiler: /usr/bin/c++ - skipped
[0.325s] -- Detecting CXX compile features
[0.326s] -- Detecting CXX compile features - done
[0.329s] -- Found ament_cmake: 1.3.11 (/opt/ros/humble/share/ament_cmake/cmake)
[0.493s] -- Found Python3: /usr/bin/python3 (found version "3.10.12") found components: Interpreter 
[0.567s] -- Override CMake install command with custom implementation using symlinks instead of copying resources
[0.599s] -- Found urdf: 2.6.1 (/opt/ros/humble/share/urdf/cmake)
[0.731s] -- Configuring done
[0.731s] -- Generating done
[0.732s] -- Build files have been written to: /home/hyoin/service/build/turtlebot3_description
[0.746s] Invoked command in '/home/hyoin/service/build/turtlebot3_description' returned '0': CMAKE_PREFIX_PATH=/opt/ros/humble /usr/bin/cmake /home/hyoin/service/src/turtlebot3/turtlebot3_description -DAMENT_CMAKE_SYMLINK_INSTALL=1 -DCMAKE_INSTALL_PREFIX=/home/hyoin/service/install/turtlebot3_description
[0.746s] Invoking command in '/home/hyoin/service/build/turtlebot3_description': CMAKE_PREFIX_PATH=/opt/ros/humble /usr/bin/cmake --build /home/hyoin/service/build/turtlebot3_description -- -j8 -l8
[1.077s] Invoked command in '/home/hyoin/service/build/turtlebot3_description' returned '0': CMAKE_PREFIX_PATH=/opt/ros/humble /usr/bin/cmake --build /home/hyoin/service/build/turtlebot3_description -- -j8 -l8
[1.078s] Invoking command in '/home/hyoin/service/build/turtlebot3_description': CMAKE_PREFIX_PATH=/opt/ros/humble /usr/bin/cmake --install /home/hyoin/service/build/turtlebot3_description
[1.121s] -- Install configuration: ""
[1.121s] -- Execute custom install script
[1.121s] -- Symlinking: /home/hyoin/service/install/turtlebot3_description/share/turtlebot3_description/meshes/bases/burger_base.stl
[1.122s] -- Symlinking: /home/hyoin/service/install/turtlebot3_description/share/turtlebot3_description/meshes/bases/waffle_base.stl
[1.132s] -- Symlinking: /home/hyoin/service/install/turtlebot3_description/share/turtlebot3_description/meshes/bases/waffle_pi_base.stl
[1.154s] -- Symlinking: /home/hyoin/service/install/turtlebot3_description/share/turtlebot3_description/meshes/sensors/astra.dae
[1.172s] -- Symlinking: /home/hyoin/service/install/turtlebot3_description/share/turtlebot3_description/meshes/sensors/astra.jpg
[1.192s] -- Symlinking: /home/hyoin/service/install/turtlebot3_description/share/turtlebot3_description/meshes/sensors/lds.stl
[1.206s] -- Symlinking: /home/hyoin/service/install/turtlebot3_description/share/turtlebot3_description/meshes/sensors/r200.dae
[1.226s] -- Symlinking: /home/hyoin/service/install/turtlebot3_description/share/turtlebot3_description/meshes/sensors/r200.jpg
[1.246s] -- Symlinking: /home/hyoin/service/install/turtlebot3_description/share/turtlebot3_description/meshes/wheels/left_tire.stl
[1.267s] -- Symlinking: /home/hyoin/service/install/turtlebot3_description/share/turtlebot3_description/meshes/wheels/right_tire.stl
[1.282s] -- Symlinking: /home/hyoin/service/install/turtlebot3_description/share/turtlebot3_description/rviz/model.rviz
[1.300s] -- Symlinking: /home/hyoin/service/install/turtlebot3_description/share/turtlebot3_description/urdf/common_properties.urdf
[1.315s] -- Symlinking: /home/hyoin/service/install/turtlebot3_description/share/turtlebot3_description/urdf/turtlebot3_burger.urdf
[1.336s] -- Symlinking: /home/hyoin/service/install/turtlebot3_description/share/turtlebot3_description/urdf/turtlebot3_waffle.urdf
[1.350s] -- Symlinking: /home/hyoin/service/install/turtlebot3_description/share/turtlebot3_description/urdf/turtlebot3_waffle_pi.urdf
[1.359s] -- Symlinking: /home/hyoin/service/install/turtlebot3_description/share/ament_index/resource_index/package_run_dependencies/turtlebot3_description
[1.369s] -- Symlinking: /home/hyoin/service/install/turtlebot3_description/share/ament_index/resource_index/parent_prefix_path/turtlebot3_description
[1.378s] -- Symlinking: /home/hyoin/service/install/turtlebot3_description/share/turtlebot3_description/environment/ament_prefix_path.sh
[1.387s] -- Symlinking: /home/hyoin/service/install/turtlebot3_description/share/turtlebot3_description/environment/ament_prefix_path.dsv
[1.398s] -- Symlinking: /home/hyoin/service/install/turtlebot3_description/share/turtlebot3_description/environment/path.sh
[1.406s] -- Symlinking: /home/hyoin/service/install/turtlebot3_description/share/turtlebot3_description/environment/path.dsv
[1.417s] -- Symlinking: /home/hyoin/service/install/turtlebot3_description/share/turtlebot3_description/local_setup.bash
[1.425s] -- Symlinking: /home/hyoin/service/install/turtlebot3_description/share/turtlebot3_description/local_setup.sh
[1.434s] -- Symlinking: /home/hyoin/service/install/turtlebot3_description/share/turtlebot3_description/local_setup.zsh
[1.443s] -- Symlinking: /home/hyoin/service/install/turtlebot3_description/share/turtlebot3_description/local_setup.dsv
[1.452s] -- Symlinking: /home/hyoin/service/install/turtlebot3_description/share/turtlebot3_description/package.dsv
[1.468s] -- Symlinking: /home/hyoin/service/install/turtlebot3_description/share/ament_index/resource_index/packages/turtlebot3_description
[1.477s] -- Symlinking: /home/hyoin/service/install/turtlebot3_description/share/turtlebot3_description/cmake/turtlebot3_descriptionConfig.cmake
[1.487s] -- Symlinking: /home/hyoin/service/install/turtlebot3_description/share/turtlebot3_description/cmake/turtlebot3_descriptionConfig-version.cmake
[1.500s] -- Symlinking: /home/hyoin/service/install/turtlebot3_description/share/turtlebot3_description/package.xml
[1.525s] Invoked command in '/home/hyoin/service/build/turtlebot3_description' returned '0': CMAKE_PREFIX_PATH=/opt/ros/humble /usr/bin/cmake --install /home/hyoin/service/build/turtlebot3_description
