[0.019s] Invoking command in '/home/hyoin/service/build/serial': CMAKE_PREFIX_PATH=/opt/ros/humble /usr/bin/cmake --build /home/hyoin/service/build/serial -- -j8 -l8
[0.253s] [ 14%] Built target gtest_main
[0.254s] [ 28%] Built target gtest
[0.254s] [ 57%] Built target serial
[0.254s] [ 71%] Built target serial-test
[0.254s] [ 85%] Built target serial_example
[0.254s] [100%] Built target serial-test-timer
[0.266s] Invoked command in '/home/hyoin/service/build/serial' returned '0': CMAKE_PREFIX_PATH=/opt/ros/humble /usr/bin/cmake --build /home/hyoin/service/build/serial -- -j8 -l8
[0.268s] Invoking command in '/home/hyoin/service/build/serial': CMAKE_PREFIX_PATH=/opt/ros/humble /usr/bin/cmake --install /home/hyoin/service/build/serial
[0.285s] -- Install configuration: ""
[0.285s] -- Execute custom install script
[0.285s] -- Up-to-date symlink: /home/hyoin/service/install/serial/lib/libserial.a
[0.286s] -- Up-to-date symlink: /home/hyoin/service/install/serial/include/serial/impl/unix.h
[0.286s] -- Up-to-date symlink: /home/hyoin/service/install/serial/include/serial/impl/win.h
[0.286s] -- Up-to-date symlink: /home/hyoin/service/install/serial/include/serial/serial.h
[0.286s] -- Up-to-date symlink: /home/hyoin/service/install/serial/include/serial/v8stdint.h
[0.286s] -- Up-to-date symlink: /home/hyoin/service/install/serial/bin/serial_example
[0.286s] -- Up-to-date symlink: /home/hyoin/service/install/serial/share/serial/environment/library_path.sh
[0.286s] -- Up-to-date symlink: /home/hyoin/service/install/serial/share/serial/environment/library_path.dsv
[0.286s] -- Up-to-date symlink: /home/hyoin/service/install/serial/share/ament_index/resource_index/package_run_dependencies/serial
[0.287s] -- Up-to-date symlink: /home/hyoin/service/install/serial/share/ament_index/resource_index/parent_prefix_path/serial
[0.287s] -- Up-to-date symlink: /home/hyoin/service/install/serial/share/serial/environment/ament_prefix_path.sh
[0.287s] -- Up-to-date symlink: /home/hyoin/service/install/serial/share/serial/environment/ament_prefix_path.dsv
[0.287s] -- Up-to-date symlink: /home/hyoin/service/install/serial/share/serial/environment/path.sh
[0.287s] -- Up-to-date symlink: /home/hyoin/service/install/serial/share/serial/environment/path.dsv
[0.287s] -- Up-to-date symlink: /home/hyoin/service/install/serial/share/serial/local_setup.bash
[0.287s] -- Up-to-date symlink: /home/hyoin/service/install/serial/share/serial/local_setup.sh
[0.287s] -- Up-to-date symlink: /home/hyoin/service/install/serial/share/serial/local_setup.zsh
[0.287s] -- Up-to-date symlink: /home/hyoin/service/install/serial/share/serial/local_setup.dsv
[0.287s] -- Symlinking: /home/hyoin/service/install/serial/share/serial/package.dsv
[0.292s] -- Up-to-date symlink: /home/hyoin/service/install/serial/share/ament_index/resource_index/packages/serial
[0.292s] -- Up-to-date symlink: /home/hyoin/service/install/serial/share/serial/cmake/ament_cmake_export_include_directories-extras.cmake
[0.292s] -- Up-to-date symlink: /home/hyoin/service/install/serial/share/serial/cmake/ament_cmake_export_libraries-extras.cmake
[0.292s] -- Up-to-date symlink: /home/hyoin/service/install/serial/share/serial/cmake/serialConfig.cmake
[0.292s] -- Up-to-date symlink: /home/hyoin/service/install/serial/share/serial/cmake/serialConfig-version.cmake
[0.292s] -- Up-to-date symlink: /home/hyoin/service/install/serial/share/serial/package.xml
[0.326s] Invoked command in '/home/hyoin/service/build/serial' returned '0': CMAKE_PREFIX_PATH=/opt/ros/humble /usr/bin/cmake --install /home/hyoin/service/build/serial
