In file included from [01m[K/opt/ros/humble/include/rclcpp/rclcpp/logging.hpp:24[m[K,
                 from [01m[K/opt/ros/humble/include/rclcpp/rclcpp/client.hpp:40[m[K,
                 from [01m[K/opt/ros/humble/include/rclcpp/rclcpp/callback_group.hpp:24[m[K,
                 from [01m[K/opt/ros/humble/include/rclcpp/rclcpp/any_executable.hpp:20[m[K,
                 from [01m[K/opt/ros/humble/include/rclcpp/rclcpp/memory_strategy.hpp:25[m[K,
                 from [01m[K/opt/ros/humble/include/rclcpp/rclcpp/memory_strategies.hpp:18[m[K,
                 from [01m[K/opt/ros/humble/include/rclcpp/rclcpp/executor_options.hpp:20[m[K,
                 from [01m[K/opt/ros/humble/include/rclcpp/rclcpp/executor.hpp:37[m[K,
                 from [01m[K/opt/ros/humble/include/rclcpp/rclcpp/executors/multi_threaded_executor.hpp:25[m[K,
                 from [01m[K/opt/ros/humble/include/rclcpp/rclcpp/executors.hpp:21[m[K,
                 from [01m[K/opt/ros/humble/include/rclcpp/rclcpp/rclcpp.hpp:155[m[K,
                 from [01m[K/home/hyoin/service/src/md/src/md_robot_node/com.cpp:1[m[K:
[01m[K/home/hyoin/service/src/md/src/md_robot_node/com.cpp:[m[K In function ‘[01m[Kint MdReceiveProc(MDRobotNode&)[m[K’:
[01m[K/home/hyoin/service/src/md/src/md_robot_node/com.cpp:108:56:[m[K [01;35m[Kwarning: [m[Kformat ‘[01m[K%d[m[K’ expects argument of type ‘[01m[Kint[m[K’, but argument 5 has type ‘[01m[Kint32_t*[m[K’ {aka ‘[01m[Kint*[m[K’} [[01;35m[K]8;;https://gcc.gnu.org/onlinedocs/gcc/Warning-Options.html#index-Wformat=-Wformat=]8;;[m[K]
  108 |                 RCLCPP_INFO(rclcpp::get_logger("com"), [01;35m[K"왼쪽 엔코더 : %d, 오른쪽 엔코더  %d"[m[K, [32m[K&node.getCurrPidMainData().mtr_pos_id1[m[K,&node.getCurrPidMainData().mtr_pos_id2);
      |                                                        [01;35m[K^~~~~~~~~~~~~~~~~~~~~~~~~~~~~~~~~~~~~[m[K  [32m[K~~~~~~~~~~~~~~~~~~~~~~~~~~~~~~~~~~~~~~[m[K
      |                                                                                               [32m[K|[m[K
      |                                                                                               [32m[Kint32_t* {aka int*}[m[K
[01m[K/home/hyoin/service/src/md/src/md_robot_node/com.cpp:108:72:[m[K [01;36m[Knote: [m[Kformat string is defined here
  108 |                 RCLCPP_INFO(rclcpp::get_logger("com"), "왼쪽 엔코더 : [01;36m[K%d[m[K, 오른쪽 엔코더  %d", &node.getCurrPidMainData().mtr_pos_id1,&node.getCurrPidMainData().mtr_pos_id2);
      |                                                                       [01;36m[K~^[m[K
      |                                                                        [01;36m[K|[m[K
      |                                                                        [01;36m[Kint[m[K
      |                                                                       [32m[K%n[m[K
In file included from [01m[K/opt/ros/humble/include/rclcpp/rclcpp/logging.hpp:24[m[K,
                 from [01m[K/opt/ros/humble/include/rclcpp/rclcpp/client.hpp:40[m[K,
                 from [01m[K/opt/ros/humble/include/rclcpp/rclcpp/callback_group.hpp:24[m[K,
                 from [01m[K/opt/ros/humble/include/rclcpp/rclcpp/any_executable.hpp:20[m[K,
                 from [01m[K/opt/ros/humble/include/rclcpp/rclcpp/memory_strategy.hpp:25[m[K,
                 from [01m[K/opt/ros/humble/include/rclcpp/rclcpp/memory_strategies.hpp:18[m[K,
                 from [01m[K/opt/ros/humble/include/rclcpp/rclcpp/executor_options.hpp:20[m[K,
                 from [01m[K/opt/ros/humble/include/rclcpp/rclcpp/executor.hpp:37[m[K,
                 from [01m[K/opt/ros/humble/include/rclcpp/rclcpp/executors/multi_threaded_executor.hpp:25[m[K,
                 from [01m[K/opt/ros/humble/include/rclcpp/rclcpp/executors.hpp:21[m[K,
                 from [01m[K/opt/ros/humble/include/rclcpp/rclcpp/rclcpp.hpp:155[m[K,
                 from [01m[K/home/hyoin/service/src/md/src/md_robot_node/com.cpp:1[m[K:
[01m[K/home/hyoin/service/src/md/src/md_robot_node/com.cpp:108:56:[m[K [01;35m[Kwarning: [m[Kformat ‘[01m[K%d[m[K’ expects argument of type ‘[01m[Kint[m[K’, but argument 6 has type ‘[01m[Kint32_t*[m[K’ {aka ‘[01m[Kint*[m[K’} [[01;35m[K]8;;https://gcc.gnu.org/onlinedocs/gcc/Warning-Options.html#index-Wformat=-Wformat=]8;;[m[K]
  108 |                 RCLCPP_INFO(rclcpp::get_logger("com"), [01;35m[K"왼쪽 엔코더 : %d, 오른쪽 엔코더  %d"[m[K, &node.getCurrPidMainData().mtr_pos_id1,[32m[K&node.getCurrPidMainData().mtr_pos_id2[m[K);
      |                                                        [01;35m[K^~~~~~~~~~~~~~~~~~~~~~~~~~~~~~~~~~~~~[m[K                                         [32m[K~~~~~~~~~~~~~~~~~~~~~~~~~~~~~~~~~~~~~~[m[K
      |                                                                                                                                      [32m[K|[m[K
      |                                                                                                                                      [32m[Kint32_t* {aka int*}[m[K
[01m[K/home/hyoin/service/src/md/src/md_robot_node/com.cpp:108:91:[m[K [01;36m[Knote: [m[Kformat string is defined here
  108 |                 RCLCPP_INFO(rclcpp::get_logger("com"), "왼쪽 엔코더 : %d, 오른쪽 엔코더  [01;36m[K%d[m[K", &node.getCurrPidMainData().mtr_pos_id1,&node.getCurrPidMainData().mtr_pos_id2);
      |                                                                                          [01;36m[K~^[m[K
      |                                                                                           [01;36m[K|[m[K
      |                                                                                           [01;36m[Kint[m[K
      |                                                                                          [32m[K%n[m[K
