[  1%] Built target md__cpp
[  1%] Built target ament_cmake_python_symlink_md
[ 11%] Built target md__rosidl_generator_c
[ 35%] Built target md__rosidl_typesupport_introspection_c
[ 35%] Built target md__rosidl_typesupport_cpp
[ 41%] Built target md__rosidl_typesupport_fastrtps_cpp
[ 50%] Built target md__rosidl_typesupport_introspection_cpp
[ 60%] Built target md__rosidl_typesupport_c
[ 70%] Built target md__rosidl_typesupport_fastrtps_c
[35m[1mConsolidate compiler generated dependencies of target md_robot_node[0m
[ 70%] Built target md
[ 72%] [32mBuilding CXX object CMakeFiles/md_robot_node.dir/src/md_robot_node/main.cpp.o[0m
[ 74%] [32mBuilding CXX object CMakeFiles/md_robot_node.dir/src/md_robot_node/com.cpp.o[0m
[ 76%] [32mBuilding CXX object CMakeFiles/md_robot_node.dir/src/md_robot_node/robot.cpp.o[0m
[ 78%] Built target md__py
[ 86%] Built target md__rosidl_generator_py
[ 90%] Built target md__rosidl_typesupport_fastrtps_c__pyext
[ 94%] Built target md__rosidl_typesupport_c__pyext
[ 98%] Built target md__rosidl_typesupport_introspection_c__pyext
running egg_info
writing md.egg-info/PKG-INFO
writing dependency_links to md.egg-info/dependency_links.txt
writing top-level names to md.egg-info/top_level.txt
reading manifest file 'md.egg-info/SOURCES.txt'
writing manifest file 'md.egg-info/SOURCES.txt'
[ 98%] Built target ament_cmake_python_build_md_egg
In file included from [01m[K/opt/ros/humble/include/rclcpp/rclcpp/logging.hpp:24[m[K,
                 from [01m[K/opt/ros/humble/include/rclcpp/rclcpp/client.hpp:40[m[K,
                 from [01m[K/opt/ros/humble/include/rclcpp/rclcpp/callback_group.hpp:24[m[K,
                 from [01m[K/opt/ros/humble/include/rclcpp/rclcpp/any_executable.hpp:20[m[K,
                 from [01m[K/opt/ros/humble/include/rclcpp/rclcpp/memory_strategy.hpp:25[m[K,
                 from [01m[K/opt/ros/humble/include/rclcpp/rclcpp/memory_strategies.hpp:18[m[K,
                 from [01m[K/opt/ros/humble/include/rclcpp/rclcpp/executor_options.hpp:20[m[K,
                 from [01m[K/opt/ros/humble/include/rclcpp/rclcpp/executor.hpp:37[m[K,
                 from [01m[K/opt/ros/humble/include/rclcpp/rclcpp/executors/multi_threaded_executor.hpp:25[m[K,
                 from [01m[K/opt/ros/humble/include/rclcpp/rclcpp/executors.hpp:21[m[K,
                 from [01m[K/opt/ros/humble/include/rclcpp/rclcpp/rclcpp.hpp:155[m[K,
                 from [01m[K/home/hyoin/service/src/md/src/md_robot_node/com.cpp:1[m[K:
[01m[K/home/hyoin/service/src/md/src/md_robot_node/com.cpp:[m[K In function ‘[01m[Kint MdReceiveProc(MDRobotNode&)[m[K’:
[01m[K/home/hyoin/service/src/md/src/md_robot_node/com.cpp:108:56:[m[K [01;35m[Kwarning: [m[Kformat ‘[01m[K%d[m[K’ expects argument of type ‘[01m[Kint[m[K’, but argument 5 has type ‘[01m[Kint32_t*[m[K’ {aka ‘[01m[Kint*[m[K’} [[01;35m[K]8;;https://gcc.gnu.org/onlinedocs/gcc/Warning-Options.html#index-Wformat=-Wformat=]8;;[m[K]
  108 |                 RCLCPP_INFO(rclcpp::get_logger("com"), [01;35m[K"왼쪽 엔코더 : %d, 오른쪽 엔코더  %d"[m[K, [32m[K&node.getCurrPidMainData().mtr_pos_id1[m[K,&node.getCurrPidMainData().mtr_pos_id2);
      |                                                        [01;35m[K^~~~~~~~~~~~~~~~~~~~~~~~~~~~~~~~~~~~~[m[K  [32m[K~~~~~~~~~~~~~~~~~~~~~~~~~~~~~~~~~~~~~~[m[K
      |                                                                                               [32m[K|[m[K
      |                                                                                               [32m[Kint32_t* {aka int*}[m[K
[01m[K/home/hyoin/service/src/md/src/md_robot_node/com.cpp:108:72:[m[K [01;36m[Knote: [m[Kformat string is defined here
  108 |                 RCLCPP_INFO(rclcpp::get_logger("com"), "왼쪽 엔코더 : [01;36m[K%d[m[K, 오른쪽 엔코더  %d", &node.getCurrPidMainData().mtr_pos_id1,&node.getCurrPidMainData().mtr_pos_id2);
      |                                                                       [01;36m[K~^[m[K
      |                                                                        [01;36m[K|[m[K
      |                                                                        [01;36m[Kint[m[K
      |                                                                       [32m[K%n[m[K
In file included from [01m[K/opt/ros/humble/include/rclcpp/rclcpp/logging.hpp:24[m[K,
                 from [01m[K/opt/ros/humble/include/rclcpp/rclcpp/client.hpp:40[m[K,
                 from [01m[K/opt/ros/humble/include/rclcpp/rclcpp/callback_group.hpp:24[m[K,
                 from [01m[K/opt/ros/humble/include/rclcpp/rclcpp/any_executable.hpp:20[m[K,
                 from [01m[K/opt/ros/humble/include/rclcpp/rclcpp/memory_strategy.hpp:25[m[K,
                 from [01m[K/opt/ros/humble/include/rclcpp/rclcpp/memory_strategies.hpp:18[m[K,
                 from [01m[K/opt/ros/humble/include/rclcpp/rclcpp/executor_options.hpp:20[m[K,
                 from [01m[K/opt/ros/humble/include/rclcpp/rclcpp/executor.hpp:37[m[K,
                 from [01m[K/opt/ros/humble/include/rclcpp/rclcpp/executors/multi_threaded_executor.hpp:25[m[K,
                 from [01m[K/opt/ros/humble/include/rclcpp/rclcpp/executors.hpp:21[m[K,
                 from [01m[K/opt/ros/humble/include/rclcpp/rclcpp/rclcpp.hpp:155[m[K,
                 from [01m[K/home/hyoin/service/src/md/src/md_robot_node/com.cpp:1[m[K:
[01m[K/home/hyoin/service/src/md/src/md_robot_node/com.cpp:108:56:[m[K [01;35m[Kwarning: [m[Kformat ‘[01m[K%d[m[K’ expects argument of type ‘[01m[Kint[m[K’, but argument 6 has type ‘[01m[Kint32_t*[m[K’ {aka ‘[01m[Kint*[m[K’} [[01;35m[K]8;;https://gcc.gnu.org/onlinedocs/gcc/Warning-Options.html#index-Wformat=-Wformat=]8;;[m[K]
  108 |                 RCLCPP_INFO(rclcpp::get_logger("com"), [01;35m[K"왼쪽 엔코더 : %d, 오른쪽 엔코더  %d"[m[K, &node.getCurrPidMainData().mtr_pos_id1,[32m[K&node.getCurrPidMainData().mtr_pos_id2[m[K);
      |                                                        [01;35m[K^~~~~~~~~~~~~~~~~~~~~~~~~~~~~~~~~~~~~[m[K                                         [32m[K~~~~~~~~~~~~~~~~~~~~~~~~~~~~~~~~~~~~~~[m[K
      |                                                                                                                                      [32m[K|[m[K
      |                                                                                                                                      [32m[Kint32_t* {aka int*}[m[K
[01m[K/home/hyoin/service/src/md/src/md_robot_node/com.cpp:108:91:[m[K [01;36m[Knote: [m[Kformat string is defined here
  108 |                 RCLCPP_INFO(rclcpp::get_logger("com"), "왼쪽 엔코더 : %d, 오른쪽 엔코더  [01;36m[K%d[m[K", &node.getCurrPidMainData().mtr_pos_id1,&node.getCurrPidMainData().mtr_pos_id2);
      |                                                                                          [01;36m[K~^[m[K
      |                                                                                           [01;36m[K|[m[K
      |                                                                                           [01;36m[Kint[m[K
      |                                                                                          [32m[K%n[m[K
[100%] [32m[1mLinking CXX executable md_robot_node[0m
[100%] Built target md_robot_node
-- Install configuration: ""
-- Execute custom install script
-- Up-to-date symlink: /home/hyoin/service/install/md/share/ament_index/resource_index/rosidl_interfaces/md
-- Up-to-date symlink: /home/hyoin/service/install/md/include/md/md/msg/detail/md_robot_msg1__functions.h
-- Up-to-date symlink: /home/hyoin/service/install/md/include/md/md/msg/detail/md_robot_msg1__struct.h
-- Up-to-date symlink: /home/hyoin/service/install/md/include/md/md/msg/detail/md_robot_msg1__type_support.h
-- Up-to-date symlink: /home/hyoin/service/install/md/include/md/md/msg/detail/md_robot_msg2__functions.h
-- Up-to-date symlink: /home/hyoin/service/install/md/include/md/md/msg/detail/md_robot_msg2__struct.h
-- Up-to-date symlink: /home/hyoin/service/install/md/include/md/md/msg/detail/md_robot_msg2__type_support.h
-- Up-to-date symlink: /home/hyoin/service/install/md/include/md/md/msg/detail/pose__functions.h
-- Up-to-date symlink: /home/hyoin/service/install/md/include/md/md/msg/detail/pose__struct.h
-- Up-to-date symlink: /home/hyoin/service/install/md/include/md/md/msg/detail/pose__type_support.h
-- Up-to-date symlink: /home/hyoin/service/install/md/include/md/md/msg/md_robot_msg1.h
-- Up-to-date symlink: /home/hyoin/service/install/md/include/md/md/msg/md_robot_msg2.h
-- Up-to-date symlink: /home/hyoin/service/install/md/include/md/md/msg/pose.h
-- Up-to-date symlink: /home/hyoin/service/install/md/include/md/md/msg/rosidl_generator_c__visibility_control.h
-- Up-to-date symlink: /home/hyoin/service/install/md/share/md/environment/library_path.sh
-- Up-to-date symlink: /home/hyoin/service/install/md/share/md/environment/library_path.dsv
-- Up-to-date symlink: /home/hyoin/service/install/md/include/md/md/msg/detail/md_robot_msg1__rosidl_typesupport_fastrtps_c.h
-- Up-to-date symlink: /home/hyoin/service/install/md/include/md/md/msg/detail/md_robot_msg2__rosidl_typesupport_fastrtps_c.h
-- Up-to-date symlink: /home/hyoin/service/install/md/include/md/md/msg/detail/pose__rosidl_typesupport_fastrtps_c.h
-- Up-to-date symlink: /home/hyoin/service/install/md/include/md/md/msg/rosidl_typesupport_fastrtps_c__visibility_control.h
-- Up-to-date symlink: /home/hyoin/service/install/md/include/md/md/msg/detail/md_robot_msg1__builder.hpp
-- Up-to-date symlink: /home/hyoin/service/install/md/include/md/md/msg/detail/md_robot_msg1__struct.hpp
-- Up-to-date symlink: /home/hyoin/service/install/md/include/md/md/msg/detail/md_robot_msg1__traits.hpp
-- Up-to-date symlink: /home/hyoin/service/install/md/include/md/md/msg/detail/md_robot_msg1__type_support.hpp
-- Up-to-date symlink: /home/hyoin/service/install/md/include/md/md/msg/detail/md_robot_msg2__builder.hpp
-- Up-to-date symlink: /home/hyoin/service/install/md/include/md/md/msg/detail/md_robot_msg2__struct.hpp
-- Up-to-date symlink: /home/hyoin/service/install/md/include/md/md/msg/detail/md_robot_msg2__traits.hpp
-- Up-to-date symlink: /home/hyoin/service/install/md/include/md/md/msg/detail/md_robot_msg2__type_support.hpp
-- Up-to-date symlink: /home/hyoin/service/install/md/include/md/md/msg/detail/pose__builder.hpp
-- Up-to-date symlink: /home/hyoin/service/install/md/include/md/md/msg/detail/pose__struct.hpp
-- Up-to-date symlink: /home/hyoin/service/install/md/include/md/md/msg/detail/pose__traits.hpp
-- Up-to-date symlink: /home/hyoin/service/install/md/include/md/md/msg/detail/pose__type_support.hpp
-- Up-to-date symlink: /home/hyoin/service/install/md/include/md/md/msg/md_robot_msg1.hpp
-- Up-to-date symlink: /home/hyoin/service/install/md/include/md/md/msg/md_robot_msg2.hpp
-- Up-to-date symlink: /home/hyoin/service/install/md/include/md/md/msg/pose.hpp
-- Up-to-date symlink: /home/hyoin/service/install/md/include/md/md/msg/rosidl_generator_cpp__visibility_control.hpp
-- Up-to-date symlink: /home/hyoin/service/install/md/include/md/md/msg/detail/md_robot_msg1__rosidl_typesupport_fastrtps_cpp.hpp
-- Up-to-date symlink: /home/hyoin/service/install/md/include/md/md/msg/detail/md_robot_msg2__rosidl_typesupport_fastrtps_cpp.hpp
-- Up-to-date symlink: /home/hyoin/service/install/md/include/md/md/msg/detail/pose__rosidl_typesupport_fastrtps_cpp.hpp
-- Up-to-date symlink: /home/hyoin/service/install/md/include/md/md/msg/rosidl_typesupport_fastrtps_cpp__visibility_control.h
-- Up-to-date symlink: /home/hyoin/service/install/md/include/md/md/msg/detail/md_robot_msg1__rosidl_typesupport_introspection_c.h
-- Up-to-date symlink: /home/hyoin/service/install/md/include/md/md/msg/detail/md_robot_msg2__rosidl_typesupport_introspection_c.h
-- Up-to-date symlink: /home/hyoin/service/install/md/include/md/md/msg/detail/pose__rosidl_typesupport_introspection_c.h
-- Up-to-date symlink: /home/hyoin/service/install/md/include/md/md/msg/rosidl_typesupport_introspection_c__visibility_control.h
-- Up-to-date symlink: /home/hyoin/service/install/md/include/md/md/msg/detail/md_robot_msg1__rosidl_typesupport_introspection_cpp.hpp
-- Up-to-date symlink: /home/hyoin/service/install/md/include/md/md/msg/detail/md_robot_msg2__rosidl_typesupport_introspection_cpp.hpp
-- Up-to-date symlink: /home/hyoin/service/install/md/include/md/md/msg/detail/pose__rosidl_typesupport_introspection_cpp.hpp
-- Up-to-date symlink: /home/hyoin/service/install/md/share/md/environment/pythonpath.sh
-- Up-to-date symlink: /home/hyoin/service/install/md/share/md/environment/pythonpath.dsv
-- Up-to-date symlink: /home/hyoin/service/install/md/local/lib/python3.10/dist-packages/md-0.0.0-py3.10.egg-info/PKG-INFO
-- Up-to-date symlink: /home/hyoin/service/install/md/local/lib/python3.10/dist-packages/md-0.0.0-py3.10.egg-info/SOURCES.txt
-- Up-to-date symlink: /home/hyoin/service/install/md/local/lib/python3.10/dist-packages/md-0.0.0-py3.10.egg-info/dependency_links.txt
-- Up-to-date symlink: /home/hyoin/service/install/md/local/lib/python3.10/dist-packages/md-0.0.0-py3.10.egg-info/top_level.txt
-- Up-to-date symlink: /home/hyoin/service/install/md/local/lib/python3.10/dist-packages/md/__init__.py
-- Up-to-date symlink: /home/hyoin/service/install/md/local/lib/python3.10/dist-packages/md/_md_s.ep.rosidl_typesupport_c.c
-- Up-to-date symlink: /home/hyoin/service/install/md/local/lib/python3.10/dist-packages/md/_md_s.ep.rosidl_typesupport_fastrtps_c.c
-- Up-to-date symlink: /home/hyoin/service/install/md/local/lib/python3.10/dist-packages/md/_md_s.ep.rosidl_typesupport_introspection_c.c
-- Up-to-date symlink: /home/hyoin/service/install/md/local/lib/python3.10/dist-packages/md/libmd__rosidl_generator_py.so
-- Up-to-date symlink: /home/hyoin/service/install/md/local/lib/python3.10/dist-packages/md/md_s__rosidl_typesupport_c.cpython-310-x86_64-linux-gnu.so
-- Up-to-date symlink: /home/hyoin/service/install/md/local/lib/python3.10/dist-packages/md/md_s__rosidl_typesupport_fastrtps_c.cpython-310-x86_64-linux-gnu.so
-- Up-to-date symlink: /home/hyoin/service/install/md/local/lib/python3.10/dist-packages/md/md_s__rosidl_typesupport_introspection_c.cpython-310-x86_64-linux-gnu.so
-- Up-to-date symlink: /home/hyoin/service/install/md/local/lib/python3.10/dist-packages/md/msg/__init__.py
-- Up-to-date symlink: /home/hyoin/service/install/md/local/lib/python3.10/dist-packages/md/msg/_md_robot_msg1.py
-- Up-to-date symlink: /home/hyoin/service/install/md/local/lib/python3.10/dist-packages/md/msg/_md_robot_msg1_s.c
-- Up-to-date symlink: /home/hyoin/service/install/md/local/lib/python3.10/dist-packages/md/msg/_md_robot_msg2.py
-- Up-to-date symlink: /home/hyoin/service/install/md/local/lib/python3.10/dist-packages/md/msg/_md_robot_msg2_s.c
-- Up-to-date symlink: /home/hyoin/service/install/md/local/lib/python3.10/dist-packages/md/msg/_pose.py
-- Up-to-date symlink: /home/hyoin/service/install/md/local/lib/python3.10/dist-packages/md/msg/_pose_s.c
-- Up-to-date symlink: /home/hyoin/service/install/md/local/lib/python3.10/dist-packages/md/md_s__rosidl_typesupport_fastrtps_c.cpython-310-x86_64-linux-gnu.so
-- Up-to-date symlink: /home/hyoin/service/install/md/local/lib/python3.10/dist-packages/md/md_s__rosidl_typesupport_introspection_c.cpython-310-x86_64-linux-gnu.so
-- Up-to-date symlink: /home/hyoin/service/install/md/local/lib/python3.10/dist-packages/md/md_s__rosidl_typesupport_c.cpython-310-x86_64-linux-gnu.so
-- Up-to-date symlink: /home/hyoin/service/install/md/share/md/msg/MdRobotMsg1.idl
-- Up-to-date symlink: /home/hyoin/service/install/md/share/md/msg/MdRobotMsg2.idl
-- Up-to-date symlink: /home/hyoin/service/install/md/share/md/msg/Pose.idl
-- Up-to-date symlink: /home/hyoin/service/install/md/share/md/msg/MdRobotMsg1.msg
-- Up-to-date symlink: /home/hyoin/service/install/md/share/md/msg/MdRobotMsg2.msg
-- Up-to-date symlink: /home/hyoin/service/install/md/share/md/msg/Pose.msg
-- Up-to-date symlink: /home/hyoin/service/install/md/lib//md_robot_node
-- Up-to-date symlink: /home/hyoin/service/install/md/include//md_robot_node/com.hpp
-- Up-to-date symlink: /home/hyoin/service/install/md/include//md_robot_node/global.hpp
-- Up-to-date symlink: /home/hyoin/service/install/md/include//md_robot_node/main.hpp
-- Up-to-date symlink: /home/hyoin/service/install/md/include//md_robot_node/robot.hpp
-- Up-to-date symlink: /home/hyoin/service/install/md/share/md/launch/md_robot_node.launch.py
-- Up-to-date symlink: /home/hyoin/service/install/md/share/md/launch/md_robot_node_use_MDUI.launch.py
-- Up-to-date symlink: /home/hyoin/service/install/md/share/ament_index/resource_index/package_run_dependencies/md
-- Up-to-date symlink: /home/hyoin/service/install/md/share/ament_index/resource_index/parent_prefix_path/md
-- Up-to-date symlink: /home/hyoin/service/install/md/share/md/environment/ament_prefix_path.sh
-- Up-to-date symlink: /home/hyoin/service/install/md/share/md/environment/ament_prefix_path.dsv
-- Up-to-date symlink: /home/hyoin/service/install/md/share/md/environment/path.sh
-- Up-to-date symlink: /home/hyoin/service/install/md/share/md/environment/path.dsv
-- Up-to-date symlink: /home/hyoin/service/install/md/share/md/local_setup.bash
-- Up-to-date symlink: /home/hyoin/service/install/md/share/md/local_setup.sh
-- Up-to-date symlink: /home/hyoin/service/install/md/share/md/local_setup.zsh
-- Up-to-date symlink: /home/hyoin/service/install/md/share/md/local_setup.dsv
-- Symlinking: /home/hyoin/service/install/md/share/md/package.dsv
-- Up-to-date symlink: /home/hyoin/service/install/md/share/ament_index/resource_index/packages/md
-- Up-to-date symlink: /home/hyoin/service/install/md/share/md/cmake/rosidl_cmake-extras.cmake
-- Up-to-date symlink: /home/hyoin/service/install/md/share/md/cmake/ament_cmake_export_dependencies-extras.cmake
-- Up-to-date symlink: /home/hyoin/service/install/md/share/md/cmake/ament_cmake_export_include_directories-extras.cmake
-- Up-to-date symlink: /home/hyoin/service/install/md/share/md/cmake/ament_cmake_export_libraries-extras.cmake
-- Up-to-date symlink: /home/hyoin/service/install/md/share/md/cmake/ament_cmake_export_targets-extras.cmake
-- Up-to-date symlink: /home/hyoin/service/install/md/share/md/cmake/rosidl_cmake_export_typesupport_targets-extras.cmake
-- Up-to-date symlink: /home/hyoin/service/install/md/share/md/cmake/rosidl_cmake_export_typesupport_libraries-extras.cmake
-- Up-to-date symlink: /home/hyoin/service/install/md/share/md/cmake/mdConfig.cmake
-- Up-to-date symlink: /home/hyoin/service/install/md/share/md/cmake/mdConfig-version.cmake
-- Up-to-date symlink: /home/hyoin/service/install/md/share/md/package.xml
-- Up-to-date: /home/hyoin/service/install/md/lib/libmd__rosidl_generator_c.so
-- Up-to-date: /home/hyoin/service/install/md/lib/libmd__rosidl_typesupport_fastrtps_c.so
-- Up-to-date: /home/hyoin/service/install/md/lib/libmd__rosidl_typesupport_fastrtps_cpp.so
-- Up-to-date: /home/hyoin/service/install/md/lib/libmd__rosidl_typesupport_introspection_c.so
-- Up-to-date: /home/hyoin/service/install/md/lib/libmd__rosidl_typesupport_c.so
-- Up-to-date: /home/hyoin/service/install/md/lib/libmd__rosidl_typesupport_introspection_cpp.so
-- Up-to-date: /home/hyoin/service/install/md/lib/libmd__rosidl_typesupport_cpp.so
Listing '/home/hyoin/service/install/md/local/lib/python3.10/dist-packages/md'...
Compiling '/home/hyoin/service/install/md/local/lib/python3.10/dist-packages/md/__init__.py'...
Listing '/home/hyoin/service/install/md/local/lib/python3.10/dist-packages/md/msg'...
-- Up-to-date: /home/hyoin/service/install/md/lib/libmd__rosidl_generator_py.so
-- Up-to-date: /home/hyoin/service/install/md/share/md/cmake/export_md__rosidl_generator_cExport.cmake
-- Up-to-date: /home/hyoin/service/install/md/share/md/cmake/export_md__rosidl_generator_cExport-noconfig.cmake
-- Up-to-date: /home/hyoin/service/install/md/share/md/cmake/export_md__rosidl_typesupport_fastrtps_cExport.cmake
-- Up-to-date: /home/hyoin/service/install/md/share/md/cmake/export_md__rosidl_typesupport_fastrtps_cExport-noconfig.cmake
-- Up-to-date: /home/hyoin/service/install/md/share/md/cmake/export_md__rosidl_generator_cppExport.cmake
-- Up-to-date: /home/hyoin/service/install/md/share/md/cmake/export_md__rosidl_typesupport_fastrtps_cppExport.cmake
-- Up-to-date: /home/hyoin/service/install/md/share/md/cmake/export_md__rosidl_typesupport_fastrtps_cppExport-noconfig.cmake
-- Up-to-date: /home/hyoin/service/install/md/share/md/cmake/md__rosidl_typesupport_introspection_cExport.cmake
-- Up-to-date: /home/hyoin/service/install/md/share/md/cmake/md__rosidl_typesupport_introspection_cExport-noconfig.cmake
-- Up-to-date: /home/hyoin/service/install/md/share/md/cmake/md__rosidl_typesupport_cExport.cmake
-- Up-to-date: /home/hyoin/service/install/md/share/md/cmake/md__rosidl_typesupport_cExport-noconfig.cmake
-- Up-to-date: /home/hyoin/service/install/md/share/md/cmake/md__rosidl_typesupport_introspection_cppExport.cmake
-- Up-to-date: /home/hyoin/service/install/md/share/md/cmake/md__rosidl_typesupport_introspection_cppExport-noconfig.cmake
-- Up-to-date: /home/hyoin/service/install/md/share/md/cmake/md__rosidl_typesupport_cppExport.cmake
-- Up-to-date: /home/hyoin/service/install/md/share/md/cmake/md__rosidl_typesupport_cppExport-noconfig.cmake
-- Up-to-date: /home/hyoin/service/install/md/share/md/cmake/export_md__rosidl_generator_pyExport.cmake
-- Up-to-date: /home/hyoin/service/install/md/share/md/cmake/export_md__rosidl_generator_pyExport-noconfig.cmake
