[0.203s] Invoking command in '/home/hyoin/service/build/dynamixel_sdk_examples': AMENT_PREFIX_PATH=/home/hyoin/service/install/dynamixel_sdk_custom_interfaces:/home/hyoin/service/install/dynamixel_sdk:${AMENT_PREFIX_PATH} CMAKE_PREFIX_PATH=/home/hyoin/service/install/dynamixel_sdk_custom_interfaces:/home/hyoin/service/install/dynamixel_sdk:/opt/ros/humble LD_LIBRARY_PATH=/home/hyoin/service/install/dynamixel_sdk_custom_interfaces/lib:/home/hyoin/service/install/dynamixel_sdk/lib:${LD_LIBRARY_PATH} PYTHONPATH=/home/hyoin/service/install/dynamixel_sdk_custom_interfaces/local/lib/python3.10/dist-packages:${PYTHONPATH} /usr/bin/cmake --build /home/hyoin/service/build/dynamixel_sdk_examples -- -j8 -l8
[0.242s] [100%] Built target read_write_node
[0.246s] Invoked command in '/home/hyoin/service/build/dynamixel_sdk_examples' returned '0': AMENT_PREFIX_PATH=/home/hyoin/service/install/dynamixel_sdk_custom_interfaces:/home/hyoin/service/install/dynamixel_sdk:${AMENT_PREFIX_PATH} CMAKE_PREFIX_PATH=/home/hyoin/service/install/dynamixel_sdk_custom_interfaces:/home/hyoin/service/install/dynamixel_sdk:/opt/ros/humble LD_LIBRARY_PATH=/home/hyoin/service/install/dynamixel_sdk_custom_interfaces/lib:/home/hyoin/service/install/dynamixel_sdk/lib:${LD_LIBRARY_PATH} PYTHONPATH=/home/hyoin/service/install/dynamixel_sdk_custom_interfaces/local/lib/python3.10/dist-packages:${PYTHONPATH} /usr/bin/cmake --build /home/hyoin/service/build/dynamixel_sdk_examples -- -j8 -l8
[0.248s] Invoking command in '/home/hyoin/service/build/dynamixel_sdk_examples': AMENT_PREFIX_PATH=/home/hyoin/service/install/dynamixel_sdk_custom_interfaces:/home/hyoin/service/install/dynamixel_sdk:${AMENT_PREFIX_PATH} CMAKE_PREFIX_PATH=/home/hyoin/service/install/dynamixel_sdk_custom_interfaces:/home/hyoin/service/install/dynamixel_sdk:/opt/ros/humble LD_LIBRARY_PATH=/home/hyoin/service/install/dynamixel_sdk_custom_interfaces/lib:/home/hyoin/service/install/dynamixel_sdk/lib:${LD_LIBRARY_PATH} PYTHONPATH=/home/hyoin/service/install/dynamixel_sdk_custom_interfaces/local/lib/python3.10/dist-packages:${PYTHONPATH} /usr/bin/cmake --install /home/hyoin/service/build/dynamixel_sdk_examples
[0.253s] -- Install configuration: ""
[0.254s] -- Execute custom install script
[0.254s] -- Up-to-date symlink: /home/hyoin/service/install/dynamixel_sdk_examples/lib/dynamixel_sdk_examples/read_write_node
[0.254s] -- Up-to-date symlink: /home/hyoin/service/install/dynamixel_sdk_examples/share/ament_index/resource_index/package_run_dependencies/dynamixel_sdk_examples
[0.254s] -- Up-to-date symlink: /home/hyoin/service/install/dynamixel_sdk_examples/share/ament_index/resource_index/parent_prefix_path/dynamixel_sdk_examples
[0.254s] -- Up-to-date symlink: /home/hyoin/service/install/dynamixel_sdk_examples/share/dynamixel_sdk_examples/environment/ament_prefix_path.sh
[0.255s] -- Up-to-date symlink: /home/hyoin/service/install/dynamixel_sdk_examples/share/dynamixel_sdk_examples/environment/ament_prefix_path.dsv
[0.255s] -- Up-to-date symlink: /home/hyoin/service/install/dynamixel_sdk_examples/share/dynamixel_sdk_examples/environment/path.sh
[0.255s] -- Up-to-date symlink: /home/hyoin/service/install/dynamixel_sdk_examples/share/dynamixel_sdk_examples/environment/path.dsv
[0.255s] -- Up-to-date symlink: /home/hyoin/service/install/dynamixel_sdk_examples/share/dynamixel_sdk_examples/local_setup.bash
[0.255s] -- Up-to-date symlink: /home/hyoin/service/install/dynamixel_sdk_examples/share/dynamixel_sdk_examples/local_setup.sh
[0.255s] -- Up-to-date symlink: /home/hyoin/service/install/dynamixel_sdk_examples/share/dynamixel_sdk_examples/local_setup.zsh
[0.255s] -- Up-to-date symlink: /home/hyoin/service/install/dynamixel_sdk_examples/share/dynamixel_sdk_examples/local_setup.dsv
[0.255s] -- Symlinking: /home/hyoin/service/install/dynamixel_sdk_examples/share/dynamixel_sdk_examples/package.dsv
[0.264s] -- Up-to-date symlink: /home/hyoin/service/install/dynamixel_sdk_examples/share/ament_index/resource_index/packages/dynamixel_sdk_examples
[0.264s] -- Up-to-date symlink: /home/hyoin/service/install/dynamixel_sdk_examples/share/dynamixel_sdk_examples/cmake/dynamixel_sdk_examplesConfig.cmake
[0.265s] -- Up-to-date symlink: /home/hyoin/service/install/dynamixel_sdk_examples/share/dynamixel_sdk_examples/cmake/dynamixel_sdk_examplesConfig-version.cmake
[0.265s] -- Up-to-date symlink: /home/hyoin/service/install/dynamixel_sdk_examples/share/dynamixel_sdk_examples/package.xml
[0.267s] Invoked command in '/home/hyoin/service/build/dynamixel_sdk_examples' returned '0': AMENT_PREFIX_PATH=/home/hyoin/service/install/dynamixel_sdk_custom_interfaces:/home/hyoin/service/install/dynamixel_sdk:${AMENT_PREFIX_PATH} CMAKE_PREFIX_PATH=/home/hyoin/service/install/dynamixel_sdk_custom_interfaces:/home/hyoin/service/install/dynamixel_sdk:/opt/ros/humble LD_LIBRARY_PATH=/home/hyoin/service/install/dynamixel_sdk_custom_interfaces/lib:/home/hyoin/service/install/dynamixel_sdk/lib:${LD_LIBRARY_PATH} PYTHONPATH=/home/hyoin/service/install/dynamixel_sdk_custom_interfaces/local/lib/python3.10/dist-packages:${PYTHONPATH} /usr/bin/cmake --install /home/hyoin/service/build/dynamixel_sdk_examples
