[0.007s] Invoking command in '/home/hyoin/service/build/md': AMENT_PREFIX_PATH=/home/hyoin/service/install/serial:${AMENT_PREFIX_PATH} CMAKE_PREFIX_PATH=/home/hyoin/service/install/serial:/opt/ros/humble LD_LIBRARY_PATH=/home/hyoin/service/install/serial/lib:${LD_LIBRARY_PATH} PATH=/home/hyoin/service/install/serial/bin:${PATH} /usr/bin/cmake --build /home/hyoin/service/build/md -- -j8 -l8
[0.049s] [  1%] Built target md__cpp
[0.050s] [ 11%] Built target md__rosidl_generator_c
[0.056s] [ 11%] Built target ament_cmake_python_symlink_md
[0.078s] [ 21%] Built target md__rosidl_typesupport_cpp
[0.086s] [ 31%] Built target md__rosidl_typesupport_fastrtps_cpp
[0.087s] [ 41%] Built target md__rosidl_typesupport_introspection_cpp
[0.088s] [ 50%] Built target md__rosidl_typesupport_fastrtps_c
[0.092s] [ 60%] Built target md__rosidl_typesupport_c
[0.095s] [ 70%] Built target md__rosidl_typesupport_introspection_c
[0.099s] [35m[1mConsolidate compiler generated dependencies of target md_robot_node[0m
[0.120s] [ 70%] Built target md
[0.124s] [ 72%] [32mBuilding CXX object CMakeFiles/md_robot_node.dir/src/md_robot_node/main.cpp.o[0m
[0.124s] [ 74%] [32mBuilding CXX object CMakeFiles/md_robot_node.dir/src/md_robot_node/robot.cpp.o[0m
[0.124s] [ 76%] [32mBuilding CXX object CMakeFiles/md_robot_node.dir/src/md_robot_node/com.cpp.o[0m
[0.142s] [ 78%] Built target md__py
[0.170s] [ 86%] Built target md__rosidl_generator_py
[0.214s] [ 90%] Built target md__rosidl_typesupport_fastrtps_c__pyext
[0.220s] [ 94%] Built target md__rosidl_typesupport_c__pyext
[0.224s] [ 98%] Built target md__rosidl_typesupport_introspection_c__pyext
[0.346s] running egg_info
[0.347s] writing md.egg-info/PKG-INFO
[0.347s] writing dependency_links to md.egg-info/dependency_links.txt
[0.348s] writing top-level names to md.egg-info/top_level.txt
[0.350s] reading manifest file 'md.egg-info/SOURCES.txt'
[0.351s] writing manifest file 'md.egg-info/SOURCES.txt'
[0.379s] [ 98%] Built target ament_cmake_python_build_md_egg
[8.906s] [100%] [32m[1mLinking CXX executable md_robot_node[0m
[9.351s] [100%] Built target md_robot_node
[9.362s] Invoked command in '/home/hyoin/service/build/md' returned '0': AMENT_PREFIX_PATH=/home/hyoin/service/install/serial:${AMENT_PREFIX_PATH} CMAKE_PREFIX_PATH=/home/hyoin/service/install/serial:/opt/ros/humble LD_LIBRARY_PATH=/home/hyoin/service/install/serial/lib:${LD_LIBRARY_PATH} PATH=/home/hyoin/service/install/serial/bin:${PATH} /usr/bin/cmake --build /home/hyoin/service/build/md -- -j8 -l8
[9.363s] Invoking command in '/home/hyoin/service/build/md': AMENT_PREFIX_PATH=/home/hyoin/service/install/serial:${AMENT_PREFIX_PATH} CMAKE_PREFIX_PATH=/home/hyoin/service/install/serial:/opt/ros/humble LD_LIBRARY_PATH=/home/hyoin/service/install/serial/lib:${LD_LIBRARY_PATH} PATH=/home/hyoin/service/install/serial/bin:${PATH} /usr/bin/cmake --install /home/hyoin/service/build/md
[9.368s] -- Install configuration: ""
[9.368s] -- Execute custom install script
[9.368s] -- Up-to-date symlink: /home/hyoin/service/install/md/share/ament_index/resource_index/rosidl_interfaces/md
[9.368s] -- Up-to-date symlink: /home/hyoin/service/install/md/include/md/md/msg/detail/md_robot_msg1__functions.h
[9.369s] -- Up-to-date symlink: /home/hyoin/service/install/md/include/md/md/msg/detail/md_robot_msg1__struct.h
[9.369s] -- Up-to-date symlink: /home/hyoin/service/install/md/include/md/md/msg/detail/md_robot_msg1__type_support.h
[9.369s] -- Up-to-date symlink: /home/hyoin/service/install/md/include/md/md/msg/detail/md_robot_msg2__functions.h
[9.369s] -- Up-to-date symlink: /home/hyoin/service/install/md/include/md/md/msg/detail/md_robot_msg2__struct.h
[9.369s] -- Up-to-date symlink: /home/hyoin/service/install/md/include/md/md/msg/detail/md_robot_msg2__type_support.h
[9.369s] -- Symlinking: /home/hyoin/service/install/md/include/md/md/msg/detail/pose__functions.h
[9.375s] -- Symlinking: /home/hyoin/service/install/md/include/md/md/msg/detail/pose__struct.h
[9.380s] -- Symlinking: /home/hyoin/service/install/md/include/md/md/msg/detail/pose__type_support.h
[9.385s] -- Up-to-date symlink: /home/hyoin/service/install/md/include/md/md/msg/md_robot_msg1.h
[9.386s] -- Up-to-date symlink: /home/hyoin/service/install/md/include/md/md/msg/md_robot_msg2.h
[9.386s] -- Symlinking: /home/hyoin/service/install/md/include/md/md/msg/pose.h
[9.391s] -- Up-to-date symlink: /home/hyoin/service/install/md/include/md/md/msg/rosidl_generator_c__visibility_control.h
[9.391s] -- Up-to-date symlink: /home/hyoin/service/install/md/share/md/environment/library_path.sh
[9.391s] -- Up-to-date symlink: /home/hyoin/service/install/md/share/md/environment/library_path.dsv
[9.391s] -- Up-to-date symlink: /home/hyoin/service/install/md/include/md/md/msg/detail/md_robot_msg1__rosidl_typesupport_fastrtps_c.h
[9.391s] -- Up-to-date symlink: /home/hyoin/service/install/md/include/md/md/msg/detail/md_robot_msg2__rosidl_typesupport_fastrtps_c.h
[9.391s] -- Symlinking: /home/hyoin/service/install/md/include/md/md/msg/detail/pose__rosidl_typesupport_fastrtps_c.h
[9.397s] -- Up-to-date symlink: /home/hyoin/service/install/md/include/md/md/msg/rosidl_typesupport_fastrtps_c__visibility_control.h
[9.397s] -- Up-to-date symlink: /home/hyoin/service/install/md/include/md/md/msg/detail/md_robot_msg1__builder.hpp
[9.397s] -- Up-to-date symlink: /home/hyoin/service/install/md/include/md/md/msg/detail/md_robot_msg1__struct.hpp
[9.397s] -- Up-to-date symlink: /home/hyoin/service/install/md/include/md/md/msg/detail/md_robot_msg1__traits.hpp
[9.397s] -- Up-to-date symlink: /home/hyoin/service/install/md/include/md/md/msg/detail/md_robot_msg1__type_support.hpp
[9.397s] -- Up-to-date symlink: /home/hyoin/service/install/md/include/md/md/msg/detail/md_robot_msg2__builder.hpp
[9.397s] -- Up-to-date symlink: /home/hyoin/service/install/md/include/md/md/msg/detail/md_robot_msg2__struct.hpp
[9.397s] -- Up-to-date symlink: /home/hyoin/service/install/md/include/md/md/msg/detail/md_robot_msg2__traits.hpp
[9.398s] -- Up-to-date symlink: /home/hyoin/service/install/md/include/md/md/msg/detail/md_robot_msg2__type_support.hpp
[9.398s] -- Symlinking: /home/hyoin/service/install/md/include/md/md/msg/detail/pose__builder.hpp
[9.403s] -- Symlinking: /home/hyoin/service/install/md/include/md/md/msg/detail/pose__struct.hpp
[9.408s] -- Symlinking: /home/hyoin/service/install/md/include/md/md/msg/detail/pose__traits.hpp
[9.413s] -- Symlinking: /home/hyoin/service/install/md/include/md/md/msg/detail/pose__type_support.hpp
[9.418s] -- Up-to-date symlink: /home/hyoin/service/install/md/include/md/md/msg/md_robot_msg1.hpp
[9.419s] -- Up-to-date symlink: /home/hyoin/service/install/md/include/md/md/msg/md_robot_msg2.hpp
[9.419s] -- Symlinking: /home/hyoin/service/install/md/include/md/md/msg/pose.hpp
[9.424s] -- Up-to-date symlink: /home/hyoin/service/install/md/include/md/md/msg/rosidl_generator_cpp__visibility_control.hpp
[9.424s] -- Up-to-date symlink: /home/hyoin/service/install/md/include/md/md/msg/detail/md_robot_msg1__rosidl_typesupport_fastrtps_cpp.hpp
[9.424s] -- Up-to-date symlink: /home/hyoin/service/install/md/include/md/md/msg/detail/md_robot_msg2__rosidl_typesupport_fastrtps_cpp.hpp
[9.425s] -- Symlinking: /home/hyoin/service/install/md/include/md/md/msg/detail/pose__rosidl_typesupport_fastrtps_cpp.hpp
[9.430s] -- Up-to-date symlink: /home/hyoin/service/install/md/include/md/md/msg/rosidl_typesupport_fastrtps_cpp__visibility_control.h
[9.430s] -- Up-to-date symlink: /home/hyoin/service/install/md/include/md/md/msg/detail/md_robot_msg1__rosidl_typesupport_introspection_c.h
[9.430s] -- Up-to-date symlink: /home/hyoin/service/install/md/include/md/md/msg/detail/md_robot_msg2__rosidl_typesupport_introspection_c.h
[9.430s] -- Symlinking: /home/hyoin/service/install/md/include/md/md/msg/detail/pose__rosidl_typesupport_introspection_c.h
[9.436s] -- Up-to-date symlink: /home/hyoin/service/install/md/include/md/md/msg/rosidl_typesupport_introspection_c__visibility_control.h
[9.436s] -- Up-to-date symlink: /home/hyoin/service/install/md/include/md/md/msg/detail/md_robot_msg1__rosidl_typesupport_introspection_cpp.hpp
[9.436s] -- Up-to-date symlink: /home/hyoin/service/install/md/include/md/md/msg/detail/md_robot_msg2__rosidl_typesupport_introspection_cpp.hpp
[9.436s] -- Symlinking: /home/hyoin/service/install/md/include/md/md/msg/detail/pose__rosidl_typesupport_introspection_cpp.hpp
[9.442s] -- Up-to-date symlink: /home/hyoin/service/install/md/share/md/environment/pythonpath.sh
[9.442s] -- Up-to-date symlink: /home/hyoin/service/install/md/share/md/environment/pythonpath.dsv
[9.442s] -- Up-to-date symlink: /home/hyoin/service/install/md/local/lib/python3.10/dist-packages/md-0.0.0-py3.10.egg-info/PKG-INFO
[9.442s] -- Up-to-date symlink: /home/hyoin/service/install/md/local/lib/python3.10/dist-packages/md-0.0.0-py3.10.egg-info/SOURCES.txt
[9.442s] -- Up-to-date symlink: /home/hyoin/service/install/md/local/lib/python3.10/dist-packages/md-0.0.0-py3.10.egg-info/dependency_links.txt
[9.442s] -- Up-to-date symlink: /home/hyoin/service/install/md/local/lib/python3.10/dist-packages/md-0.0.0-py3.10.egg-info/top_level.txt
[9.443s] -- Up-to-date symlink: /home/hyoin/service/install/md/local/lib/python3.10/dist-packages/md/__init__.py
[9.443s] -- Up-to-date symlink: /home/hyoin/service/install/md/local/lib/python3.10/dist-packages/md/_md_s.ep.rosidl_typesupport_c.c
[9.443s] -- Up-to-date symlink: /home/hyoin/service/install/md/local/lib/python3.10/dist-packages/md/_md_s.ep.rosidl_typesupport_fastrtps_c.c
[9.443s] -- Up-to-date symlink: /home/hyoin/service/install/md/local/lib/python3.10/dist-packages/md/_md_s.ep.rosidl_typesupport_introspection_c.c
[9.443s] -- Up-to-date symlink: /home/hyoin/service/install/md/local/lib/python3.10/dist-packages/md/libmd__rosidl_generator_py.so
[9.443s] -- Up-to-date symlink: /home/hyoin/service/install/md/local/lib/python3.10/dist-packages/md/md_s__rosidl_typesupport_c.cpython-310-x86_64-linux-gnu.so
[9.443s] -- Up-to-date symlink: /home/hyoin/service/install/md/local/lib/python3.10/dist-packages/md/md_s__rosidl_typesupport_fastrtps_c.cpython-310-x86_64-linux-gnu.so
[9.443s] -- Up-to-date symlink: /home/hyoin/service/install/md/local/lib/python3.10/dist-packages/md/md_s__rosidl_typesupport_introspection_c.cpython-310-x86_64-linux-gnu.so
[9.443s] -- Up-to-date symlink: /home/hyoin/service/install/md/local/lib/python3.10/dist-packages/md/msg/__init__.py
[9.443s] -- Up-to-date symlink: /home/hyoin/service/install/md/local/lib/python3.10/dist-packages/md/msg/_md_robot_msg1.py
[9.443s] -- Up-to-date symlink: /home/hyoin/service/install/md/local/lib/python3.10/dist-packages/md/msg/_md_robot_msg1_s.c
[9.443s] -- Up-to-date symlink: /home/hyoin/service/install/md/local/lib/python3.10/dist-packages/md/msg/_md_robot_msg2.py
[9.443s] -- Up-to-date symlink: /home/hyoin/service/install/md/local/lib/python3.10/dist-packages/md/msg/_md_robot_msg2_s.c
[9.444s] -- Symlinking: /home/hyoin/service/install/md/local/lib/python3.10/dist-packages/md/msg/_pose.py
[9.449s] -- Symlinking: /home/hyoin/service/install/md/local/lib/python3.10/dist-packages/md/msg/_pose_s.c
[9.454s] -- Up-to-date symlink: /home/hyoin/service/install/md/local/lib/python3.10/dist-packages/md/md_s__rosidl_typesupport_fastrtps_c.cpython-310-x86_64-linux-gnu.so
[9.454s] -- Up-to-date symlink: /home/hyoin/service/install/md/local/lib/python3.10/dist-packages/md/md_s__rosidl_typesupport_introspection_c.cpython-310-x86_64-linux-gnu.so
[9.454s] -- Up-to-date symlink: /home/hyoin/service/install/md/local/lib/python3.10/dist-packages/md/md_s__rosidl_typesupport_c.cpython-310-x86_64-linux-gnu.so
[9.454s] -- Up-to-date symlink: /home/hyoin/service/install/md/share/md/msg/MdRobotMsg1.idl
[9.455s] -- Up-to-date symlink: /home/hyoin/service/install/md/share/md/msg/MdRobotMsg2.idl
[9.455s] -- Symlinking: /home/hyoin/service/install/md/share/md/msg/Pose.idl
[9.460s] -- Up-to-date symlink: /home/hyoin/service/install/md/share/md/msg/MdRobotMsg1.msg
[9.460s] -- Up-to-date symlink: /home/hyoin/service/install/md/share/md/msg/MdRobotMsg2.msg
[9.460s] -- Symlinking: /home/hyoin/service/install/md/share/md/msg/Pose.msg
[9.466s] -- Up-to-date symlink: /home/hyoin/service/install/md/lib//md_robot_node
[9.466s] -- Up-to-date symlink: /home/hyoin/service/install/md/include//md_robot_node/com.hpp
[9.466s] -- Up-to-date symlink: /home/hyoin/service/install/md/include//md_robot_node/global.hpp
[9.466s] -- Up-to-date symlink: /home/hyoin/service/install/md/include//md_robot_node/main.hpp
[9.466s] -- Up-to-date symlink: /home/hyoin/service/install/md/include//md_robot_node/robot.hpp
[9.466s] -- Up-to-date symlink: /home/hyoin/service/install/md/share/md/launch/md_robot_node.launch.py
[9.466s] -- Up-to-date symlink: /home/hyoin/service/install/md/share/md/launch/md_robot_node_use_MDUI.launch.py
[9.466s] -- Up-to-date symlink: /home/hyoin/service/install/md/share/ament_index/resource_index/package_run_dependencies/md
[9.467s] -- Up-to-date symlink: /home/hyoin/service/install/md/share/ament_index/resource_index/parent_prefix_path/md
[9.467s] -- Up-to-date symlink: /home/hyoin/service/install/md/share/md/environment/ament_prefix_path.sh
[9.467s] -- Up-to-date symlink: /home/hyoin/service/install/md/share/md/environment/ament_prefix_path.dsv
[9.467s] -- Up-to-date symlink: /home/hyoin/service/install/md/share/md/environment/path.sh
[9.467s] -- Up-to-date symlink: /home/hyoin/service/install/md/share/md/environment/path.dsv
[9.467s] -- Up-to-date symlink: /home/hyoin/service/install/md/share/md/local_setup.bash
[9.467s] -- Up-to-date symlink: /home/hyoin/service/install/md/share/md/local_setup.sh
[9.467s] -- Up-to-date symlink: /home/hyoin/service/install/md/share/md/local_setup.zsh
[9.467s] -- Up-to-date symlink: /home/hyoin/service/install/md/share/md/local_setup.dsv
[9.467s] -- Symlinking: /home/hyoin/service/install/md/share/md/package.dsv
[9.473s] -- Up-to-date symlink: /home/hyoin/service/install/md/share/ament_index/resource_index/packages/md
[9.473s] -- Up-to-date symlink: /home/hyoin/service/install/md/share/md/cmake/rosidl_cmake-extras.cmake
[9.473s] -- Up-to-date symlink: /home/hyoin/service/install/md/share/md/cmake/ament_cmake_export_dependencies-extras.cmake
[9.473s] -- Up-to-date symlink: /home/hyoin/service/install/md/share/md/cmake/ament_cmake_export_include_directories-extras.cmake
[9.474s] -- Up-to-date symlink: /home/hyoin/service/install/md/share/md/cmake/ament_cmake_export_libraries-extras.cmake
[9.474s] -- Up-to-date symlink: /home/hyoin/service/install/md/share/md/cmake/ament_cmake_export_targets-extras.cmake
[9.474s] -- Up-to-date symlink: /home/hyoin/service/install/md/share/md/cmake/rosidl_cmake_export_typesupport_targets-extras.cmake
[9.474s] -- Up-to-date symlink: /home/hyoin/service/install/md/share/md/cmake/rosidl_cmake_export_typesupport_libraries-extras.cmake
[9.474s] -- Up-to-date symlink: /home/hyoin/service/install/md/share/md/cmake/mdConfig.cmake
[9.474s] -- Up-to-date symlink: /home/hyoin/service/install/md/share/md/cmake/mdConfig-version.cmake
[9.474s] -- Up-to-date symlink: /home/hyoin/service/install/md/share/md/package.xml
[9.474s] -- Installing: /home/hyoin/service/install/md/lib/libmd__rosidl_generator_c.so
[9.483s] -- Set runtime path of "/home/hyoin/service/install/md/lib/libmd__rosidl_generator_c.so" to ""
[9.483s] -- Installing: /home/hyoin/service/install/md/lib/libmd__rosidl_typesupport_fastrtps_c.so
[9.483s] -- Set runtime path of "/home/hyoin/service/install/md/lib/libmd__rosidl_typesupport_fastrtps_c.so" to ""
[9.483s] -- Installing: /home/hyoin/service/install/md/lib/libmd__rosidl_typesupport_fastrtps_cpp.so
[9.483s] -- Set runtime path of "/home/hyoin/service/install/md/lib/libmd__rosidl_typesupport_fastrtps_cpp.so" to ""
[9.483s] -- Installing: /home/hyoin/service/install/md/lib/libmd__rosidl_typesupport_introspection_c.so
[9.484s] -- Set runtime path of "/home/hyoin/service/install/md/lib/libmd__rosidl_typesupport_introspection_c.so" to ""
[9.484s] -- Installing: /home/hyoin/service/install/md/lib/libmd__rosidl_typesupport_c.so
[9.484s] -- Set runtime path of "/home/hyoin/service/install/md/lib/libmd__rosidl_typesupport_c.so" to ""
[9.484s] -- Installing: /home/hyoin/service/install/md/lib/libmd__rosidl_typesupport_introspection_cpp.so
[9.484s] -- Set runtime path of "/home/hyoin/service/install/md/lib/libmd__rosidl_typesupport_introspection_cpp.so" to ""
[9.484s] -- Installing: /home/hyoin/service/install/md/lib/libmd__rosidl_typesupport_cpp.so
[9.484s] -- Set runtime path of "/home/hyoin/service/install/md/lib/libmd__rosidl_typesupport_cpp.so" to ""
[9.508s] Listing '/home/hyoin/service/install/md/local/lib/python3.10/dist-packages/md'...
[9.508s] Compiling '/home/hyoin/service/install/md/local/lib/python3.10/dist-packages/md/__init__.py'...
[9.508s] Listing '/home/hyoin/service/install/md/local/lib/python3.10/dist-packages/md/msg'...
[9.508s] Compiling '/home/hyoin/service/install/md/local/lib/python3.10/dist-packages/md/msg/__init__.py'...
[9.508s] Compiling '/home/hyoin/service/install/md/local/lib/python3.10/dist-packages/md/msg/_md_robot_msg1.py'...
[9.508s] Compiling '/home/hyoin/service/install/md/local/lib/python3.10/dist-packages/md/msg/_md_robot_msg2.py'...
[9.508s] Compiling '/home/hyoin/service/install/md/local/lib/python3.10/dist-packages/md/msg/_pose.py'...
[9.511s] -- Installing: /home/hyoin/service/install/md/lib/libmd__rosidl_generator_py.so
[9.511s] -- Set runtime path of "/home/hyoin/service/install/md/lib/libmd__rosidl_generator_py.so" to ""
[9.511s] -- Up-to-date: /home/hyoin/service/install/md/share/md/cmake/export_md__rosidl_generator_cExport.cmake
[9.511s] -- Up-to-date: /home/hyoin/service/install/md/share/md/cmake/export_md__rosidl_generator_cExport-noconfig.cmake
[9.511s] -- Up-to-date: /home/hyoin/service/install/md/share/md/cmake/export_md__rosidl_typesupport_fastrtps_cExport.cmake
[9.511s] -- Up-to-date: /home/hyoin/service/install/md/share/md/cmake/export_md__rosidl_typesupport_fastrtps_cExport-noconfig.cmake
[9.511s] -- Up-to-date: /home/hyoin/service/install/md/share/md/cmake/export_md__rosidl_generator_cppExport.cmake
[9.511s] -- Up-to-date: /home/hyoin/service/install/md/share/md/cmake/export_md__rosidl_typesupport_fastrtps_cppExport.cmake
[9.511s] -- Up-to-date: /home/hyoin/service/install/md/share/md/cmake/export_md__rosidl_typesupport_fastrtps_cppExport-noconfig.cmake
[9.511s] -- Up-to-date: /home/hyoin/service/install/md/share/md/cmake/md__rosidl_typesupport_introspection_cExport.cmake
[9.511s] -- Up-to-date: /home/hyoin/service/install/md/share/md/cmake/md__rosidl_typesupport_introspection_cExport-noconfig.cmake
[9.511s] -- Up-to-date: /home/hyoin/service/install/md/share/md/cmake/md__rosidl_typesupport_cExport.cmake
[9.512s] -- Up-to-date: /home/hyoin/service/install/md/share/md/cmake/md__rosidl_typesupport_cExport-noconfig.cmake
[9.512s] -- Up-to-date: /home/hyoin/service/install/md/share/md/cmake/md__rosidl_typesupport_introspection_cppExport.cmake
[9.512s] -- Up-to-date: /home/hyoin/service/install/md/share/md/cmake/md__rosidl_typesupport_introspection_cppExport-noconfig.cmake
[9.512s] -- Up-to-date: /home/hyoin/service/install/md/share/md/cmake/md__rosidl_typesupport_cppExport.cmake
[9.512s] -- Up-to-date: /home/hyoin/service/install/md/share/md/cmake/md__rosidl_typesupport_cppExport-noconfig.cmake
[9.512s] -- Up-to-date: /home/hyoin/service/install/md/share/md/cmake/export_md__rosidl_generator_pyExport.cmake
[9.512s] -- Up-to-date: /home/hyoin/service/install/md/share/md/cmake/export_md__rosidl_generator_pyExport-noconfig.cmake
[9.514s] Invoked command in '/home/hyoin/service/build/md' returned '0': AMENT_PREFIX_PATH=/home/hyoin/service/install/serial:${AMENT_PREFIX_PATH} CMAKE_PREFIX_PATH=/home/hyoin/service/install/serial:/opt/ros/humble LD_LIBRARY_PATH=/home/hyoin/service/install/serial/lib:${LD_LIBRARY_PATH} PATH=/home/hyoin/service/install/serial/bin:${PATH} /usr/bin/cmake --install /home/hyoin/service/build/md
