[0.509s] Invoking command in '/home/hyoin/service/build/turtlebot3_example': AMENT_PREFIX_PATH=/home/hyoin/service/install/turtlebot3_msgs:${AMENT_PREFIX_PATH} CMAKE_PREFIX_PATH=/home/hyoin/service/install/turtlebot3_msgs LD_LIBRARY_PATH=/home/hyoin/service/install/turtlebot3_msgs/lib:${LD_LIBRARY_PATH} PYTHONPATH=/home/hyoin/service/build/turtlebot3_example/prefix_override:/usr/lib/python3/dist-packages/colcon_core/task/python/colcon_distutils_commands:/home/hyoin/service/install/turtlebot3_example/lib/python3.10/site-packages:/home/hyoin/service/install/turtlebot3_msgs/local/lib/python3.10/dist-packages:${PYTHONPATH} /usr/bin/python3 -W ignore:setup.py install is deprecated -W ignore:easy_install command is deprecated setup.py develop --uninstall --editable --build-directory /home/hyoin/service/build/turtlebot3_example/build
[0.797s] running develop
[0.964s] Removing /home/hyoin/service/install/turtlebot3_example/lib/python3.10/site-packages/turtlebot3-example.egg-link (link to .)
[0.984s] Invoked command in '/home/hyoin/service/build/turtlebot3_example' returned '0': AMENT_PREFIX_PATH=/home/hyoin/service/install/turtlebot3_msgs:${AMENT_PREFIX_PATH} CMAKE_PREFIX_PATH=/home/hyoin/service/install/turtlebot3_msgs LD_LIBRARY_PATH=/home/hyoin/service/install/turtlebot3_msgs/lib:${LD_LIBRARY_PATH} PYTHONPATH=/home/hyoin/service/build/turtlebot3_example/prefix_override:/usr/lib/python3/dist-packages/colcon_core/task/python/colcon_distutils_commands:/home/hyoin/service/install/turtlebot3_example/lib/python3.10/site-packages:/home/hyoin/service/install/turtlebot3_msgs/local/lib/python3.10/dist-packages:${PYTHONPATH} /usr/bin/python3 -W ignore:setup.py install is deprecated -W ignore:easy_install command is deprecated setup.py develop --uninstall --editable --build-directory /home/hyoin/service/build/turtlebot3_example/build
[0.985s] Invoking command in '/home/hyoin/service/src/turtlebot3/turtlebot3_example': AMENT_PREFIX_PATH=/home/hyoin/service/install/turtlebot3_msgs:${AMENT_PREFIX_PATH} CMAKE_PREFIX_PATH=/home/hyoin/service/install/turtlebot3_msgs LD_LIBRARY_PATH=/home/hyoin/service/install/turtlebot3_msgs/lib:${LD_LIBRARY_PATH} PYTHONPATH=/home/hyoin/service/build/turtlebot3_example/prefix_override:/usr/lib/python3/dist-packages/colcon_core/task/python/colcon_distutils_commands:/home/hyoin/service/install/turtlebot3_example/lib/python3.10/site-packages:/home/hyoin/service/install/turtlebot3_msgs/local/lib/python3.10/dist-packages:${PYTHONPATH} /usr/bin/python3 -W ignore:setup.py install is deprecated -W ignore:easy_install command is deprecated setup.py egg_info --egg-base ../../../build/turtlebot3_example build --build-base /home/hyoin/service/build/turtlebot3_example/build install --record /home/hyoin/service/build/turtlebot3_example/install.log --single-version-externally-managed install_data --force
[1.139s] running egg_info
[1.139s] writing ../../../build/turtlebot3_example/turtlebot3_example.egg-info/PKG-INFO
[1.139s] writing dependency_links to ../../../build/turtlebot3_example/turtlebot3_example.egg-info/dependency_links.txt
[1.140s] writing entry points to ../../../build/turtlebot3_example/turtlebot3_example.egg-info/entry_points.txt
[1.140s] writing requirements to ../../../build/turtlebot3_example/turtlebot3_example.egg-info/requires.txt
[1.140s] writing top-level names to ../../../build/turtlebot3_example/turtlebot3_example.egg-info/top_level.txt
[1.141s] reading manifest file '../../../build/turtlebot3_example/turtlebot3_example.egg-info/SOURCES.txt'
[1.142s] writing manifest file '../../../build/turtlebot3_example/turtlebot3_example.egg-info/SOURCES.txt'
[1.142s] running build
[1.142s] running build_py
[1.143s] running install
[1.143s] running install_lib
[1.143s] creating /home/hyoin/service/install/turtlebot3_example/lib/python3.10/site-packages/turtlebot3_example
[1.143s] copying /home/hyoin/service/build/turtlebot3_example/build/lib/turtlebot3_example/__init__.py -> /home/hyoin/service/install/turtlebot3_example/lib/python3.10/site-packages/turtlebot3_example
[1.143s] creating /home/hyoin/service/install/turtlebot3_example/lib/python3.10/site-packages/turtlebot3_example/turtlebot3_patrol_client
[1.144s] copying /home/hyoin/service/build/turtlebot3_example/build/lib/turtlebot3_example/turtlebot3_patrol_client/__init__.py -> /home/hyoin/service/install/turtlebot3_example/lib/python3.10/site-packages/turtlebot3_example/turtlebot3_patrol_client
[1.144s] copying /home/hyoin/service/build/turtlebot3_example/build/lib/turtlebot3_example/turtlebot3_patrol_client/main.py -> /home/hyoin/service/install/turtlebot3_example/lib/python3.10/site-packages/turtlebot3_example/turtlebot3_patrol_client
[1.144s] copying /home/hyoin/service/build/turtlebot3_example/build/lib/turtlebot3_example/turtlebot3_patrol_client/turtlebot3_patrol_client.py -> /home/hyoin/service/install/turtlebot3_example/lib/python3.10/site-packages/turtlebot3_example/turtlebot3_patrol_client
[1.144s] creating /home/hyoin/service/install/turtlebot3_example/lib/python3.10/site-packages/turtlebot3_example/turtlebot3_patrol_server
[1.144s] copying /home/hyoin/service/build/turtlebot3_example/build/lib/turtlebot3_example/turtlebot3_patrol_server/__init__.py -> /home/hyoin/service/install/turtlebot3_example/lib/python3.10/site-packages/turtlebot3_example/turtlebot3_patrol_server
[1.144s] copying /home/hyoin/service/build/turtlebot3_example/build/lib/turtlebot3_example/turtlebot3_patrol_server/turtlebot3_patrol_server.py -> /home/hyoin/service/install/turtlebot3_example/lib/python3.10/site-packages/turtlebot3_example/turtlebot3_patrol_server
[1.144s] copying /home/hyoin/service/build/turtlebot3_example/build/lib/turtlebot3_example/turtlebot3_patrol_server/turtlebot3_path.py -> /home/hyoin/service/install/turtlebot3_example/lib/python3.10/site-packages/turtlebot3_example/turtlebot3_patrol_server
[1.144s] copying /home/hyoin/service/build/turtlebot3_example/build/lib/turtlebot3_example/turtlebot3_patrol_server/main.py -> /home/hyoin/service/install/turtlebot3_example/lib/python3.10/site-packages/turtlebot3_example/turtlebot3_patrol_server
[1.144s] creating /home/hyoin/service/install/turtlebot3_example/lib/python3.10/site-packages/turtlebot3_example/turtlebot3_obstacle_detection
[1.144s] copying /home/hyoin/service/build/turtlebot3_example/build/lib/turtlebot3_example/turtlebot3_obstacle_detection/turtlebot3_obstacle_detection.py -> /home/hyoin/service/install/turtlebot3_example/lib/python3.10/site-packages/turtlebot3_example/turtlebot3_obstacle_detection
[1.144s] copying /home/hyoin/service/build/turtlebot3_example/build/lib/turtlebot3_example/turtlebot3_obstacle_detection/__init__.py -> /home/hyoin/service/install/turtlebot3_example/lib/python3.10/site-packages/turtlebot3_example/turtlebot3_obstacle_detection
[1.144s] copying /home/hyoin/service/build/turtlebot3_example/build/lib/turtlebot3_example/turtlebot3_obstacle_detection/main.py -> /home/hyoin/service/install/turtlebot3_example/lib/python3.10/site-packages/turtlebot3_example/turtlebot3_obstacle_detection
[1.145s] creating /home/hyoin/service/install/turtlebot3_example/lib/python3.10/site-packages/turtlebot3_example/turtlebot3_position_control
[1.145s] copying /home/hyoin/service/build/turtlebot3_example/build/lib/turtlebot3_example/turtlebot3_position_control/turtlebot3_position_control.py -> /home/hyoin/service/install/turtlebot3_example/lib/python3.10/site-packages/turtlebot3_example/turtlebot3_position_control
[1.145s] copying /home/hyoin/service/build/turtlebot3_example/build/lib/turtlebot3_example/turtlebot3_position_control/__init__.py -> /home/hyoin/service/install/turtlebot3_example/lib/python3.10/site-packages/turtlebot3_example/turtlebot3_position_control
[1.145s] copying /home/hyoin/service/build/turtlebot3_example/build/lib/turtlebot3_example/turtlebot3_position_control/turtlebot3_path.py -> /home/hyoin/service/install/turtlebot3_example/lib/python3.10/site-packages/turtlebot3_example/turtlebot3_position_control
[1.145s] copying /home/hyoin/service/build/turtlebot3_example/build/lib/turtlebot3_example/turtlebot3_position_control/main.py -> /home/hyoin/service/install/turtlebot3_example/lib/python3.10/site-packages/turtlebot3_example/turtlebot3_position_control
[1.145s] byte-compiling /home/hyoin/service/install/turtlebot3_example/lib/python3.10/site-packages/turtlebot3_example/__init__.py to __init__.cpython-310.pyc
[1.145s] byte-compiling /home/hyoin/service/install/turtlebot3_example/lib/python3.10/site-packages/turtlebot3_example/turtlebot3_patrol_client/__init__.py to __init__.cpython-310.pyc
[1.145s] byte-compiling /home/hyoin/service/install/turtlebot3_example/lib/python3.10/site-packages/turtlebot3_example/turtlebot3_patrol_client/main.py to main.cpython-310.pyc
[1.145s] byte-compiling /home/hyoin/service/install/turtlebot3_example/lib/python3.10/site-packages/turtlebot3_example/turtlebot3_patrol_client/turtlebot3_patrol_client.py to turtlebot3_patrol_client.cpython-310.pyc
[1.146s] byte-compiling /home/hyoin/service/install/turtlebot3_example/lib/python3.10/site-packages/turtlebot3_example/turtlebot3_patrol_server/__init__.py to __init__.cpython-310.pyc
[1.146s] byte-compiling /home/hyoin/service/install/turtlebot3_example/lib/python3.10/site-packages/turtlebot3_example/turtlebot3_patrol_server/turtlebot3_patrol_server.py to turtlebot3_patrol_server.cpython-310.pyc
[1.146s] byte-compiling /home/hyoin/service/install/turtlebot3_example/lib/python3.10/site-packages/turtlebot3_example/turtlebot3_patrol_server/turtlebot3_path.py to turtlebot3_path.cpython-310.pyc
[1.146s] byte-compiling /home/hyoin/service/install/turtlebot3_example/lib/python3.10/site-packages/turtlebot3_example/turtlebot3_patrol_server/main.py to main.cpython-310.pyc
[1.146s] byte-compiling /home/hyoin/service/install/turtlebot3_example/lib/python3.10/site-packages/turtlebot3_example/turtlebot3_obstacle_detection/turtlebot3_obstacle_detection.py to turtlebot3_obstacle_detection.cpython-310.pyc
[1.147s] byte-compiling /home/hyoin/service/install/turtlebot3_example/lib/python3.10/site-packages/turtlebot3_example/turtlebot3_obstacle_detection/__init__.py to __init__.cpython-310.pyc
[1.147s] byte-compiling /home/hyoin/service/install/turtlebot3_example/lib/python3.10/site-packages/turtlebot3_example/turtlebot3_obstacle_detection/main.py to main.cpython-310.pyc
[1.147s] byte-compiling /home/hyoin/service/install/turtlebot3_example/lib/python3.10/site-packages/turtlebot3_example/turtlebot3_position_control/turtlebot3_position_control.py to turtlebot3_position_control.cpython-310.pyc
[1.148s] byte-compiling /home/hyoin/service/install/turtlebot3_example/lib/python3.10/site-packages/turtlebot3_example/turtlebot3_position_control/__init__.py to __init__.cpython-310.pyc
[1.148s] byte-compiling /home/hyoin/service/install/turtlebot3_example/lib/python3.10/site-packages/turtlebot3_example/turtlebot3_position_control/turtlebot3_path.py to turtlebot3_path.cpython-310.pyc
[1.148s] byte-compiling /home/hyoin/service/install/turtlebot3_example/lib/python3.10/site-packages/turtlebot3_example/turtlebot3_position_control/main.py to main.cpython-310.pyc
[1.148s] running install_data
[1.148s] copying resource/turtlebot3_example -> /home/hyoin/service/install/turtlebot3_example/share/ament_index/resource_index/packages
[1.148s] copying package.xml -> /home/hyoin/service/install/turtlebot3_example/share/turtlebot3_example
[1.148s] running install_egg_info
[1.150s] Copying ../../../build/turtlebot3_example/turtlebot3_example.egg-info to /home/hyoin/service/install/turtlebot3_example/lib/python3.10/site-packages/turtlebot3_example-2.1.5-py3.10.egg-info
[1.150s] running install_scripts
[1.165s] Installing turtlebot3_obstacle_detection script to /home/hyoin/service/install/turtlebot3_example/lib/turtlebot3_example
[1.165s] Installing turtlebot3_patrol_client script to /home/hyoin/service/install/turtlebot3_example/lib/turtlebot3_example
[1.165s] Installing turtlebot3_patrol_server script to /home/hyoin/service/install/turtlebot3_example/lib/turtlebot3_example
[1.165s] Installing turtlebot3_position_control script to /home/hyoin/service/install/turtlebot3_example/lib/turtlebot3_example
[1.165s] writing list of installed files to '/home/hyoin/service/build/turtlebot3_example/install.log'
[1.183s] Invoked command in '/home/hyoin/service/src/turtlebot3/turtlebot3_example' returned '0': AMENT_PREFIX_PATH=/home/hyoin/service/install/turtlebot3_msgs:${AMENT_PREFIX_PATH} CMAKE_PREFIX_PATH=/home/hyoin/service/install/turtlebot3_msgs LD_LIBRARY_PATH=/home/hyoin/service/install/turtlebot3_msgs/lib:${LD_LIBRARY_PATH} PYTHONPATH=/home/hyoin/service/build/turtlebot3_example/prefix_override:/usr/lib/python3/dist-packages/colcon_core/task/python/colcon_distutils_commands:/home/hyoin/service/install/turtlebot3_example/lib/python3.10/site-packages:/home/hyoin/service/install/turtlebot3_msgs/local/lib/python3.10/dist-packages:${PYTHONPATH} /usr/bin/python3 -W ignore:setup.py install is deprecated -W ignore:easy_install command is deprecated setup.py egg_info --egg-base ../../../build/turtlebot3_example build --build-base /home/hyoin/service/build/turtlebot3_example/build install --record /home/hyoin/service/build/turtlebot3_example/install.log --single-version-externally-managed install_data --force
