[0.019s] Invoking command in '/home/hyoin/service/build/turtlebot3_navigation2': CMAKE_PREFIX_PATH=/opt/ros/humble /usr/bin/cmake --build /home/hyoin/service/build/turtlebot3_navigation2 -- -j8 -l8
[0.309s] Invoked command in '/home/hyoin/service/build/turtlebot3_navigation2' returned '0': CMAKE_PREFIX_PATH=/opt/ros/humble /usr/bin/cmake --build /home/hyoin/service/build/turtlebot3_navigation2 -- -j8 -l8
[0.310s] Invoking command in '/home/hyoin/service/build/turtlebot3_navigation2': CMAKE_PREFIX_PATH=/opt/ros/humble /usr/bin/cmake --install /home/hyoin/service/build/turtlebot3_navigation2
[0.321s] -- Install configuration: ""
[0.321s] -- Execute custom install script
[0.321s] -- Up-to-date symlink: /home/hyoin/service/install/turtlebot3_navigation2/share/turtlebot3_navigation2/launch/navigation2.launch.py
[0.321s] -- Up-to-date symlink: /home/hyoin/service/install/turtlebot3_navigation2/share/turtlebot3_navigation2/map/map.pgm
[0.322s] -- Up-to-date symlink: /home/hyoin/service/install/turtlebot3_navigation2/share/turtlebot3_navigation2/map/map.yaml
[0.322s] -- Up-to-date symlink: /home/hyoin/service/install/turtlebot3_navigation2/share/turtlebot3_navigation2/param/burger.yaml
[0.325s] -- Up-to-date symlink: /home/hyoin/service/install/turtlebot3_navigation2/share/turtlebot3_navigation2/param/waffle.yaml
[0.326s] -- Up-to-date symlink: /home/hyoin/service/install/turtlebot3_navigation2/share/turtlebot3_navigation2/param/waffle_pi.yaml
[0.326s] -- Up-to-date symlink: /home/hyoin/service/install/turtlebot3_navigation2/share/turtlebot3_navigation2/rviz/tb3_navigation2.rviz
[0.327s] -- Up-to-date symlink: /home/hyoin/service/install/turtlebot3_navigation2/share/ament_index/resource_index/package_run_dependencies/turtlebot3_navigation2
[0.327s] -- Up-to-date symlink: /home/hyoin/service/install/turtlebot3_navigation2/share/ament_index/resource_index/parent_prefix_path/turtlebot3_navigation2
[0.327s] -- Up-to-date symlink: /home/hyoin/service/install/turtlebot3_navigation2/share/turtlebot3_navigation2/environment/ament_prefix_path.sh
[0.327s] -- Up-to-date symlink: /home/hyoin/service/install/turtlebot3_navigation2/share/turtlebot3_navigation2/environment/ament_prefix_path.dsv
[0.328s] -- Up-to-date symlink: /home/hyoin/service/install/turtlebot3_navigation2/share/turtlebot3_navigation2/environment/path.sh
[0.328s] -- Up-to-date symlink: /home/hyoin/service/install/turtlebot3_navigation2/share/turtlebot3_navigation2/environment/path.dsv
[0.329s] -- Up-to-date symlink: /home/hyoin/service/install/turtlebot3_navigation2/share/turtlebot3_navigation2/local_setup.bash
[0.329s] -- Up-to-date symlink: /home/hyoin/service/install/turtlebot3_navigation2/share/turtlebot3_navigation2/local_setup.sh
[0.329s] -- Up-to-date symlink: /home/hyoin/service/install/turtlebot3_navigation2/share/turtlebot3_navigation2/local_setup.zsh
[0.329s] -- Up-to-date symlink: /home/hyoin/service/install/turtlebot3_navigation2/share/turtlebot3_navigation2/local_setup.dsv
[0.329s] -- Symlinking: /home/hyoin/service/install/turtlebot3_navigation2/share/turtlebot3_navigation2/package.dsv
[0.331s] -- Up-to-date symlink: /home/hyoin/service/install/turtlebot3_navigation2/share/ament_index/resource_index/packages/turtlebot3_navigation2
[0.331s] -- Up-to-date symlink: /home/hyoin/service/install/turtlebot3_navigation2/share/turtlebot3_navigation2/cmake/turtlebot3_navigation2Config.cmake
[0.331s] -- Up-to-date symlink: /home/hyoin/service/install/turtlebot3_navigation2/share/turtlebot3_navigation2/cmake/turtlebot3_navigation2Config-version.cmake
[0.331s] -- Up-to-date symlink: /home/hyoin/service/install/turtlebot3_navigation2/share/turtlebot3_navigation2/package.xml
[0.367s] Invoked command in '/home/hyoin/service/build/turtlebot3_navigation2' returned '0': CMAKE_PREFIX_PATH=/opt/ros/humble /usr/bin/cmake --install /home/hyoin/service/build/turtlebot3_navigation2
