[  2%] Built target md__cpp
[ 11%] Built target md__rosidl_generator_c
[ 11%] Built target ament_cmake_python_symlink_md
[ 20%] Built target md__rosidl_typesupport_cpp
[ 30%] Built target md__rosidl_typesupport_introspection_cpp
[ 39%] Built target md__rosidl_typesupport_fastrtps_cpp
[ 48%] Built target md__rosidl_typesupport_fastrtps_c
[ 58%] Built target md__rosidl_typesupport_introspection_c
[ 67%] Built target md__rosidl_typesupport_c
[35m[1mConsolidate compiler generated dependencies of target md_robot_node[0m
[ 67%] Built target md
[ 69%] [32mBuilding CXX object CMakeFiles/md_robot_node.dir/src/md_robot_node/main.cpp.o[0m
[ 72%] [32mBuilding CXX object CMakeFiles/md_robot_node.dir/src/md_robot_node/com.cpp.o[0m
[ 74%] [32mBuilding CXX object CMakeFiles/md_robot_node.dir/src/md_robot_node/robot.cpp.o[0m
[ 76%] Built target md__py
[ 83%] Built target md__rosidl_generator_py
[ 88%] Built target md__rosidl_typesupport_fastrtps_c__pyext
[ 93%] Built target md__rosidl_typesupport_c__pyext
[ 97%] Built target md__rosidl_typesupport_introspection_c__pyext
running egg_info
writing md.egg-info/PKG-INFO
writing dependency_links to md.egg-info/dependency_links.txt
writing top-level names to md.egg-info/top_level.txt
reading manifest file 'md.egg-info/SOURCES.txt'
writing manifest file 'md.egg-info/SOURCES.txt'
[ 97%] Built target ament_cmake_python_build_md_egg
