[0.496s] Invoking command in '/home/hyoin/service/src/turtlebot3/turtlebot3_example': AMENT_PREFIX_PATH=/home/hyoin/service/install/turtlebot3_msgs:${AMENT_PREFIX_PATH} CMAKE_PREFIX_PATH=/home/hyoin/service/install/turtlebot3_msgs LD_LIBRARY_PATH=/home/hyoin/service/install/turtlebot3_msgs/lib:${LD_LIBRARY_PATH} PYTHONPATH=/home/hyoin/service/build/turtlebot3_example/prefix_override:/usr/lib/python3/dist-packages/colcon_core/task/python/colcon_distutils_commands:/home/hyoin/service/install/turtlebot3_example/lib/python3.10/site-packages:/home/hyoin/service/install/turtlebot3_msgs/local/lib/python3.10/dist-packages:${PYTHONPATH} /usr/bin/python3 -W ignore:setup.py install is deprecated -W ignore:easy_install command is deprecated setup.py egg_info --egg-base ../../../build/turtlebot3_example build --build-base /home/hyoin/service/build/turtlebot3_example/build install --record /home/hyoin/service/build/turtlebot3_example/install.log --single-version-externally-managed install_data
[0.644s] running egg_info
[0.644s] writing ../../../build/turtlebot3_example/turtlebot3_example.egg-info/PKG-INFO
[0.644s] writing dependency_links to ../../../build/turtlebot3_example/turtlebot3_example.egg-info/dependency_links.txt
[0.644s] writing entry points to ../../../build/turtlebot3_example/turtlebot3_example.egg-info/entry_points.txt
[0.644s] writing requirements to ../../../build/turtlebot3_example/turtlebot3_example.egg-info/requires.txt
[0.644s] writing top-level names to ../../../build/turtlebot3_example/turtlebot3_example.egg-info/top_level.txt
[0.646s] reading manifest file '../../../build/turtlebot3_example/turtlebot3_example.egg-info/SOURCES.txt'
[0.646s] writing manifest file '../../../build/turtlebot3_example/turtlebot3_example.egg-info/SOURCES.txt'
[0.646s] running build
[0.647s] running build_py
[0.647s] running install
[0.648s] running install_lib
[0.649s] running install_data
[0.649s] running install_egg_info
[0.650s] removing '/home/hyoin/service/install/turtlebot3_example/lib/python3.10/site-packages/turtlebot3_example-2.1.5-py3.10.egg-info' (and everything under it)
[0.650s] Copying ../../../build/turtlebot3_example/turtlebot3_example.egg-info to /home/hyoin/service/install/turtlebot3_example/lib/python3.10/site-packages/turtlebot3_example-2.1.5-py3.10.egg-info
[0.651s] running install_scripts
[0.665s] Installing turtlebot3_obstacle_detection script to /home/hyoin/service/install/turtlebot3_example/lib/turtlebot3_example
[0.665s] Installing turtlebot3_patrol_client script to /home/hyoin/service/install/turtlebot3_example/lib/turtlebot3_example
[0.665s] Installing turtlebot3_patrol_server script to /home/hyoin/service/install/turtlebot3_example/lib/turtlebot3_example
[0.665s] Installing turtlebot3_position_control script to /home/hyoin/service/install/turtlebot3_example/lib/turtlebot3_example
[0.665s] writing list of installed files to '/home/hyoin/service/build/turtlebot3_example/install.log'
[0.681s] Invoked command in '/home/hyoin/service/src/turtlebot3/turtlebot3_example' returned '0': AMENT_PREFIX_PATH=/home/hyoin/service/install/turtlebot3_msgs:${AMENT_PREFIX_PATH} CMAKE_PREFIX_PATH=/home/hyoin/service/install/turtlebot3_msgs LD_LIBRARY_PATH=/home/hyoin/service/install/turtlebot3_msgs/lib:${LD_LIBRARY_PATH} PYTHONPATH=/home/hyoin/service/build/turtlebot3_example/prefix_override:/usr/lib/python3/dist-packages/colcon_core/task/python/colcon_distutils_commands:/home/hyoin/service/install/turtlebot3_example/lib/python3.10/site-packages:/home/hyoin/service/install/turtlebot3_msgs/local/lib/python3.10/dist-packages:${PYTHONPATH} /usr/bin/python3 -W ignore:setup.py install is deprecated -W ignore:easy_install command is deprecated setup.py egg_info --egg-base ../../../build/turtlebot3_example build --build-base /home/hyoin/service/build/turtlebot3_example/build install --record /home/hyoin/service/build/turtlebot3_example/install.log --single-version-externally-managed install_data
