-- Found ament_cmake: 1.3.11 (/opt/ros/humble/share/ament_cmake/cmake)
-- Override CMake install command with custom implementation using symlinks instead of copying resources
-- Found rclcpp: 16.0.11 (/opt/ros/humble/share/rclcpp/cmake)
-- Found rosidl_generator_c: 3.1.6 (/opt/ros/humble/share/rosidl_generator_c/cmake)
-- Found rosidl_adapter: 3.1.6 (/opt/ros/humble/share/rosidl_adapter/cmake)
-- Found rosidl_generator_cpp: 3.1.6 (/opt/ros/humble/share/rosidl_generator_cpp/cmake)
-- Using all available rosidl_typesupport_c: rosidl_typesupport_fastrtps_c;rosidl_typesupport_introspection_c
-- Using all available rosidl_typesupport_cpp: rosidl_typesupport_fastrtps_cpp;rosidl_typesupport_introspection_cpp
-- Found rmw_implementation_cmake: 6.1.2 (/opt/ros/humble/share/rmw_implementation_cmake/cmake)
-- Found rmw_fastrtps_cpp: 6.2.7 (/opt/ros/humble/share/rmw_fastrtps_cpp/cmake)
-- Using RMW implementation 'rmw_fastrtps_cpp' as default
-- Found rclcpp_components: 16.0.11 (/opt/ros/humble/share/rclcpp_components/cmake)
-- Found geometry_msgs: 4.2.4 (/opt/ros/humble/share/geometry_msgs/cmake)
-- Found sensor_msgs: 4.2.4 (/opt/ros/humble/share/sensor_msgs/cmake)
-- Found nav_msgs: 4.2.4 (/opt/ros/humble/share/nav_msgs/cmake)
-- Found serial: 1.2.1 (/home/hyoin/service/install/serial/share/serial/cmake)
-- Found rosidl_default_generators: 1.2.0 (/opt/ros/humble/share/rosidl_default_generators/cmake)
-- Found ament_cmake_ros: 0.10.0 (/opt/ros/humble/share/ament_cmake_ros/cmake)
-- Using all available rosidl_typesupport_c: rosidl_typesupport_fastrtps_c;rosidl_typesupport_introspection_c
-- Using all available rosidl_typesupport_cpp: rosidl_typesupport_fastrtps_cpp;rosidl_typesupport_introspection_cpp
-- Found python_cmake_module: 0.10.0 (/opt/ros/humble/share/python_cmake_module/cmake)
-- Using PYTHON_EXECUTABLE: /usr/bin/python3
-- Using PYTHON_INCLUDE_DIRS: /usr/include/python3.10
-- Using PYTHON_LIBRARIES: /usr/lib/x86_64-linux-gnu/libpython3.10.so
-- Configuring done
-- Generating done
-- Build files have been written to: /home/hyoin/service/build/md
[  1%] [34m[1mGenerating C code for ROS interfaces[0m
[  3%] [34m[1mGenerating C++ code for ROS interfaces[0m
[  3%] Built target ament_cmake_python_symlink_md
running egg_info
writing md.egg-info/PKG-INFO
writing dependency_links to md.egg-info/dependency_links.txt
writing top-level names to md.egg-info/top_level.txt
reading manifest file 'md.egg-info/SOURCES.txt'
writing manifest file 'md.egg-info/SOURCES.txt'
[  3%] Built target ament_cmake_python_build_md_egg
[  3%] Built target md__cpp
[35m[1mConsolidate compiler generated dependencies of target md__rosidl_generator_c[0m
[  7%] [34m[1mGenerating C++ type support for eProsima Fast-RTPS[0m
[  7%] [34m[1mGenerating C++ introspection for ROS interfaces[0m
[  9%] [34m[1mGenerating C++ type support dispatch for ROS interfaces[0m
[ 11%] [32mBuilding C object CMakeFiles/md__rosidl_generator_c.dir/rosidl_generator_c/md/msg/detail/pose__functions.c.o[0m
[ 13%] [32mBuilding C object CMakeFiles/md__rosidl_generator_c.dir/rosidl_generator_c/md/msg/detail/md_robot_msg1__functions.c.o[0m
[ 15%] [32mBuilding C object CMakeFiles/md__rosidl_generator_c.dir/rosidl_generator_c/md/msg/detail/md_robot_msg2__functions.c.o[0m
[ 17%] [32m[1mLinking C shared library libmd__rosidl_generator_c.so[0m
[ 17%] Built target md__rosidl_generator_c
[ 19%] [34m[1mGenerating C introspection for ROS interfaces[0m
[ 21%] [34m[1mGenerating C type support for eProsima Fast-RTPS[0m
[ 23%] [34m[1mGenerating C type support dispatch for ROS interfaces[0m
[35m[1mConsolidate compiler generated dependencies of target md__rosidl_typesupport_introspection_cpp[0m
[ 29%] [32mBuilding CXX object CMakeFiles/md__rosidl_typesupport_introspection_cpp.dir/rosidl_typesupport_introspection_cpp/md/msg/detail/pose__type_support.cpp.o[0m
[ 29%] [32mBuilding CXX object CMakeFiles/md__rosidl_typesupport_introspection_cpp.dir/rosidl_typesupport_introspection_cpp/md/msg/detail/md_robot_msg2__type_support.cpp.o[0m
[ 29%] [32mBuilding CXX object CMakeFiles/md__rosidl_typesupport_introspection_cpp.dir/rosidl_typesupport_introspection_cpp/md/msg/detail/md_robot_msg1__type_support.cpp.o[0m
[35m[1mConsolidate compiler generated dependencies of target md__rosidl_typesupport_cpp[0m
[ 31%] [32mBuilding CXX object CMakeFiles/md__rosidl_typesupport_cpp.dir/rosidl_typesupport_cpp/md/msg/md_robot_msg1__type_support.cpp.o[0m
[35m[1mConsolidate compiler generated dependencies of target md__rosidl_typesupport_introspection_c[0m
[ 33%] [32mBuilding C object CMakeFiles/md__rosidl_typesupport_introspection_c.dir/rosidl_typesupport_introspection_c/md/msg/detail/md_robot_msg1__type_support.c.o[0m
[ 35%] [32mBuilding C object CMakeFiles/md__rosidl_typesupport_introspection_c.dir/rosidl_typesupport_introspection_c/md/msg/detail/md_robot_msg2__type_support.c.o[0m
[35m[1mConsolidate compiler generated dependencies of target md__rosidl_typesupport_c[0m
[35m[1mConsolidate compiler generated dependencies of target md__rosidl_typesupport_fastrtps_cpp[0m
[ 37%] [32mBuilding CXX object CMakeFiles/md__rosidl_typesupport_c.dir/rosidl_typesupport_c/md/msg/md_robot_msg1__type_support.cpp.o[0m
[ 39%] [32mBuilding C object CMakeFiles/md__rosidl_typesupport_introspection_c.dir/rosidl_typesupport_introspection_c/md/msg/detail/pose__type_support.c.o[0m
[ 41%] [32mBuilding CXX object CMakeFiles/md__rosidl_typesupport_fastrtps_cpp.dir/rosidl_typesupport_fastrtps_cpp/md/msg/detail/dds_fastrtps/md_robot_msg1__type_support.cpp.o[0m
[ 43%] [32mBuilding CXX object CMakeFiles/md__rosidl_typesupport_c.dir/rosidl_typesupport_c/md/msg/md_robot_msg2__type_support.cpp.o[0m
[ 45%] [32m[1mLinking C shared library libmd__rosidl_typesupport_introspection_c.so[0m
[ 47%] [32mBuilding CXX object CMakeFiles/md__rosidl_typesupport_c.dir/rosidl_typesupport_c/md/msg/pose__type_support.cpp.o[0m
[ 47%] Built target md__rosidl_typesupport_introspection_c
[35m[1mConsolidate compiler generated dependencies of target md__rosidl_typesupport_fastrtps_c[0m
[ 49%] [32mBuilding CXX object CMakeFiles/md__rosidl_typesupport_fastrtps_cpp.dir/rosidl_typesupport_fastrtps_cpp/md/msg/detail/dds_fastrtps/md_robot_msg2__type_support.cpp.o[0m
[ 50%] [32m[1mLinking CXX shared library libmd__rosidl_typesupport_c.so[0m
[ 52%] [32mBuilding CXX object CMakeFiles/md__rosidl_typesupport_fastrtps_c.dir/rosidl_typesupport_fastrtps_c/md/msg/detail/md_robot_msg1__type_support_c.cpp.o[0m
[ 52%] Built target md__rosidl_typesupport_c
[ 54%] [32mBuilding CXX object CMakeFiles/md__rosidl_typesupport_fastrtps_cpp.dir/rosidl_typesupport_fastrtps_cpp/md/msg/detail/dds_fastrtps/pose__type_support.cpp.o[0m
[ 56%] [32mBuilding CXX object CMakeFiles/md__rosidl_typesupport_cpp.dir/rosidl_typesupport_cpp/md/msg/md_robot_msg2__type_support.cpp.o[0m
[ 58%] [32mBuilding CXX object CMakeFiles/md__rosidl_typesupport_fastrtps_c.dir/rosidl_typesupport_fastrtps_c/md/msg/detail/md_robot_msg2__type_support_c.cpp.o[0m
[ 60%] [32mBuilding CXX object CMakeFiles/md__rosidl_typesupport_fastrtps_c.dir/rosidl_typesupport_fastrtps_c/md/msg/detail/pose__type_support_c.cpp.o[0m
[ 62%] [32m[1mLinking CXX shared library libmd__rosidl_typesupport_introspection_cpp.so[0m
[ 62%] Built target md__rosidl_typesupport_introspection_cpp
[ 64%] [32mBuilding CXX object CMakeFiles/md__rosidl_typesupport_cpp.dir/rosidl_typesupport_cpp/md/msg/pose__type_support.cpp.o[0m
[ 66%] [32m[1mLinking CXX shared library libmd__rosidl_typesupport_fastrtps_cpp.so[0m
[ 68%] [32m[1mLinking CXX shared library libmd__rosidl_typesupport_cpp.so[0m
[ 70%] [32m[1mLinking CXX shared library libmd__rosidl_typesupport_fastrtps_c.so[0m
[ 70%] Built target md__rosidl_typesupport_cpp
[35m[1mConsolidate compiler generated dependencies of target md_robot_node[0m
[ 70%] Built target md__rosidl_typesupport_fastrtps_cpp
[ 72%] [32mBuilding CXX object CMakeFiles/md_robot_node.dir/src/md_robot_node/main.cpp.o[0m
[ 74%] [32mBuilding CXX object CMakeFiles/md_robot_node.dir/src/md_robot_node/com.cpp.o[0m
[ 76%] [32mBuilding CXX object CMakeFiles/md_robot_node.dir/src/md_robot_node/robot.cpp.o[0m
[ 76%] Built target md__rosidl_typesupport_fastrtps_c
[ 76%] Built target md
[ 78%] [34m[1mGenerating Python code for ROS interfaces[0m
[ 78%] Built target md__py
[35m[1mConsolidate compiler generated dependencies of target md__rosidl_generator_py[0m
[ 82%] [32mBuilding C object CMakeFiles/md__rosidl_generator_py.dir/rosidl_generator_py/md/msg/_md_robot_msg1_s.c.o[0m
[ 82%] [32mBuilding C object CMakeFiles/md__rosidl_generator_py.dir/rosidl_generator_py/md/msg/_md_robot_msg2_s.c.o[0m
[ 84%] [32mBuilding C object CMakeFiles/md__rosidl_generator_py.dir/rosidl_generator_py/md/msg/_pose_s.c.o[0m
[ 86%] [32m[1mLinking C shared library rosidl_generator_py/md/libmd__rosidl_generator_py.so[0m
[ 86%] Built target md__rosidl_generator_py
[35m[1mConsolidate compiler generated dependencies of target md__rosidl_typesupport_fastrtps_c__pyext[0m
[35m[1mConsolidate compiler generated dependencies of target md__rosidl_typesupport_c__pyext[0m
[35m[1mConsolidate compiler generated dependencies of target md__rosidl_typesupport_introspection_c__pyext[0m
[ 88%] [32mBuilding C object CMakeFiles/md__rosidl_typesupport_fastrtps_c__pyext.dir/rosidl_generator_py/md/_md_s.ep.rosidl_typesupport_fastrtps_c.c.o[0m
[ 92%] [32mBuilding C object CMakeFiles/md__rosidl_typesupport_introspection_c__pyext.dir/rosidl_generator_py/md/_md_s.ep.rosidl_typesupport_introspection_c.c.o[0m
[ 92%] [32mBuilding C object CMakeFiles/md__rosidl_typesupport_c__pyext.dir/rosidl_generator_py/md/_md_s.ep.rosidl_typesupport_c.c.o[0m
[ 94%] [32m[1mLinking C shared library rosidl_generator_py/md/md_s__rosidl_typesupport_c.cpython-310-x86_64-linux-gnu.so[0m
[ 96%] [32m[1mLinking C shared library rosidl_generator_py/md/md_s__rosidl_typesupport_fastrtps_c.cpython-310-x86_64-linux-gnu.so[0m
[ 98%] [32m[1mLinking C shared library rosidl_generator_py/md/md_s__rosidl_typesupport_introspection_c.cpython-310-x86_64-linux-gnu.so[0m
[ 98%] Built target md__rosidl_typesupport_c__pyext
[ 98%] Built target md__rosidl_typesupport_fastrtps_c__pyext
[ 98%] Built target md__rosidl_typesupport_introspection_c__pyext
