[0.006s] Invoking command in '/home/hyoin/service/build/md': CMAKE_PREFIX_PATH=/home/hyoin/service/install/serial:/home/hyoin/service/install/turtlebot3:/home/hyoin/service/install/turtlebot3_bringup:/home/hyoin/service/install/turtlebot3_node:/home/hyoin/service/install/turtlebot3_navigation2:/home/hyoin/service/install/turtlebot3_msgs:/home/hyoin/service/install/turtlebot3_description:/home/hyoin/service/install/turtlebot3_cartographer:/home/hyoin/service/install/md:/home/hyoin/service/install/turtlebot3_teleop:/home/hyoin/service/install/turtlebot3_example:/opt/ros/humble /usr/bin/cmake /home/hyoin/service/src/md -DAMENT_CMAKE_SYMLINK_INSTALL=1 -DCMAKE_INSTALL_PREFIX=/home/hyoin/service/install/md
[0.041s] -- The C compiler identification is GNU 11.4.0
[0.077s] -- The CXX compiler identification is GNU 11.4.0
[0.082s] -- Detecting C compiler ABI info
[0.128s] -- Detecting C compiler ABI info - done
[0.133s] -- Check for working C compiler: /usr/bin/cc - skipped
[0.133s] -- Detecting C compile features
[0.133s] -- Detecting C compile features - done
[0.136s] -- Detecting CXX compiler ABI info
[0.188s] -- Detecting CXX compiler ABI info - done
[0.194s] -- Check for working CXX compiler: /usr/bin/c++ - skipped
[0.194s] -- Detecting CXX compile features
[0.194s] -- Detecting CXX compile features - done
[0.196s] -- Found ament_cmake: 1.3.11 (/opt/ros/humble/share/ament_cmake/cmake)
[0.295s] -- Found Python3: /usr/bin/python3 (found version "3.10.12") found components: Interpreter 
[0.338s] -- Override CMake install command with custom implementation using symlinks instead of copying resources
[0.362s] -- Found rclcpp: 16.0.11 (/opt/ros/humble/share/rclcpp/cmake)
[0.388s] -- Found rosidl_generator_c: 3.1.6 (/opt/ros/humble/share/rosidl_generator_c/cmake)
[0.391s] -- Found rosidl_adapter: 3.1.6 (/opt/ros/humble/share/rosidl_adapter/cmake)
[0.396s] -- Found rosidl_generator_cpp: 3.1.6 (/opt/ros/humble/share/rosidl_generator_cpp/cmake)
[0.405s] -- Using all available rosidl_typesupport_c: rosidl_typesupport_fastrtps_c;rosidl_typesupport_introspection_c
[0.415s] -- Using all available rosidl_typesupport_cpp: rosidl_typesupport_fastrtps_cpp;rosidl_typesupport_introspection_cpp
[0.443s] -- Found rmw_implementation_cmake: 6.1.2 (/opt/ros/humble/share/rmw_implementation_cmake/cmake)
[0.445s] -- Found rmw_fastrtps_cpp: 6.2.7 (/opt/ros/humble/share/rmw_fastrtps_cpp/cmake)
[0.503s] -- Found OpenSSL: /usr/lib/x86_64-linux-gnu/libcrypto.so (found version "3.0.2")  
[0.521s] -- Found FastRTPS: /opt/ros/humble/include  
[0.549s] -- Using RMW implementation 'rmw_fastrtps_cpp' as default
[0.553s] -- Looking for pthread.h
[0.610s] -- Looking for pthread.h - found
[0.610s] -- Performing Test CMAKE_HAVE_LIBC_PTHREAD
[0.671s] -- Performing Test CMAKE_HAVE_LIBC_PTHREAD - Success
[0.671s] -- Found Threads: TRUE  
[0.703s] -- Found rclcpp_components: 16.0.11 (/opt/ros/humble/share/rclcpp_components/cmake)
[0.720s] -- Found geometry_msgs: 4.2.4 (/opt/ros/humble/share/geometry_msgs/cmake)
[0.728s] -- Found sensor_msgs: 4.2.4 (/opt/ros/humble/share/sensor_msgs/cmake)
[0.740s] -- Found nav_msgs: 4.2.4 (/opt/ros/humble/share/nav_msgs/cmake)
[0.751s] -- Found serial: 1.2.1 (/home/hyoin/service/install/serial/share/serial/cmake)
[0.753s] -- Found rosidl_default_generators: 1.2.0 (/opt/ros/humble/share/rosidl_default_generators/cmake)
[0.947s] -- Found ament_cmake_ros: 0.10.0 (/opt/ros/humble/share/ament_cmake_ros/cmake)
[1.208s] -- Using all available rosidl_typesupport_c: rosidl_typesupport_fastrtps_c;rosidl_typesupport_introspection_c
[1.310s] -- Using all available rosidl_typesupport_cpp: rosidl_typesupport_fastrtps_cpp;rosidl_typesupport_introspection_cpp
[1.325s] -- Found PythonInterp: /usr/bin/python3 (found suitable version "3.10.12", minimum required is "3.6") 
[1.326s] -- Found python_cmake_module: 0.10.0 (/opt/ros/humble/share/python_cmake_module/cmake)
[1.350s] -- Found PythonLibs: /usr/lib/x86_64-linux-gnu/libpython3.10.so (found suitable version "3.10.12", minimum required is "3.5") 
[1.351s] -- Using PYTHON_EXECUTABLE: /usr/bin/python3
[1.351s] -- Using PYTHON_INCLUDE_DIRS: /usr/include/python3.10
[1.351s] -- Using PYTHON_LIBRARIES: /usr/lib/x86_64-linux-gnu/libpython3.10.so
[1.369s] -- Found PythonExtra: .so  
[1.420s] -- Configuring done
[1.444s] -- Generating done
[1.453s] -- Build files have been written to: /home/hyoin/service/build/md
[1.460s] Invoked command in '/home/hyoin/service/build/md' returned '0': CMAKE_PREFIX_PATH=/home/hyoin/service/install/serial:/home/hyoin/service/install/turtlebot3:/home/hyoin/service/install/turtlebot3_bringup:/home/hyoin/service/install/turtlebot3_node:/home/hyoin/service/install/turtlebot3_navigation2:/home/hyoin/service/install/turtlebot3_msgs:/home/hyoin/service/install/turtlebot3_description:/home/hyoin/service/install/turtlebot3_cartographer:/home/hyoin/service/install/md:/home/hyoin/service/install/turtlebot3_teleop:/home/hyoin/service/install/turtlebot3_example:/opt/ros/humble /usr/bin/cmake /home/hyoin/service/src/md -DAMENT_CMAKE_SYMLINK_INSTALL=1 -DCMAKE_INSTALL_PREFIX=/home/hyoin/service/install/md
[1.461s] Invoking command in '/home/hyoin/service/build/md': CMAKE_PREFIX_PATH=/home/hyoin/service/install/serial:/home/hyoin/service/install/turtlebot3:/home/hyoin/service/install/turtlebot3_bringup:/home/hyoin/service/install/turtlebot3_node:/home/hyoin/service/install/turtlebot3_navigation2:/home/hyoin/service/install/turtlebot3_msgs:/home/hyoin/service/install/turtlebot3_description:/home/hyoin/service/install/turtlebot3_cartographer:/home/hyoin/service/install/md:/home/hyoin/service/install/turtlebot3_teleop:/home/hyoin/service/install/turtlebot3_example:/opt/ros/humble /usr/bin/cmake --build /home/hyoin/service/build/md -- -j8 -l8
[1.486s] [  2%] [34m[1mGenerating C code for ROS interfaces[0m
[1.493s] [  4%] [34m[1mGenerating C++ code for ROS interfaces[0m
[1.497s] [  4%] Built target ament_cmake_python_symlink_md
[1.646s] running egg_info
[1.647s] creating md.egg-info
[1.647s] writing md.egg-info/PKG-INFO
[1.647s] writing dependency_links to md.egg-info/dependency_links.txt
[1.647s] writing top-level names to md.egg-info/top_level.txt
[1.647s] writing manifest file 'md.egg-info/SOURCES.txt'
[1.648s] reading manifest file 'md.egg-info/SOURCES.txt'
[1.649s] writing manifest file 'md.egg-info/SOURCES.txt'
[1.665s] [  4%] Built target ament_cmake_python_build_md_egg
[1.713s] [  6%] [32mBuilding C object CMakeFiles/md__rosidl_generator_c.dir/rosidl_generator_c/md/msg/detail/md_robot_msg1__functions.c.o[0m
[1.716s] [  9%] [32mBuilding C object CMakeFiles/md__rosidl_generator_c.dir/rosidl_generator_c/md/msg/detail/md_robot_msg2__functions.c.o[0m
[1.721s] [  9%] Built target md__cpp
[1.728s] [ 13%] [34m[1mGenerating C++ type support for eProsima Fast-RTPS[0m
[1.728s] [ 13%] [34m[1mGenerating C++ type support dispatch for ROS interfaces[0m
[1.730s] [ 16%] [34m[1mGenerating C++ introspection for ROS interfaces[0m
[1.751s] [ 18%] [32m[1mLinking C shared library libmd__rosidl_generator_c.so[0m
[1.774s] [ 18%] Built target md__rosidl_generator_c
[1.783s] [ 23%] [34m[1mGenerating C type support for eProsima Fast-RTPS[0m
[1.783s] [ 23%] [34m[1mGenerating C introspection for ROS interfaces[0m
[1.784s] [ 25%] [34m[1mGenerating C type support dispatch for ROS interfaces[0m
[1.935s] [ 27%] [32mBuilding CXX object CMakeFiles/md__rosidl_typesupport_cpp.dir/rosidl_typesupport_cpp/md/msg/md_robot_msg1__type_support.cpp.o[0m
[1.938s] [ 30%] [32mBuilding CXX object CMakeFiles/md__rosidl_typesupport_cpp.dir/rosidl_typesupport_cpp/md/msg/md_robot_msg2__type_support.cpp.o[0m
[1.950s] [ 32%] [32mBuilding CXX object CMakeFiles/md__rosidl_typesupport_introspection_cpp.dir/rosidl_typesupport_introspection_cpp/md/msg/detail/md_robot_msg1__type_support.cpp.o[0m
[1.951s] [ 34%] [32mBuilding CXX object CMakeFiles/md__rosidl_typesupport_introspection_cpp.dir/rosidl_typesupport_introspection_cpp/md/msg/detail/md_robot_msg2__type_support.cpp.o[0m
[2.115s] [ 37%] [32mBuilding CXX object CMakeFiles/md__rosidl_typesupport_fastrtps_cpp.dir/rosidl_typesupport_fastrtps_cpp/md/msg/detail/dds_fastrtps/md_robot_msg1__type_support.cpp.o[0m
[2.138s] [ 39%] [32mBuilding CXX object CMakeFiles/md__rosidl_typesupport_c.dir/rosidl_typesupport_c/md/msg/md_robot_msg1__type_support.cpp.o[0m
[2.170s] [ 41%] [32mBuilding CXX object CMakeFiles/md__rosidl_typesupport_c.dir/rosidl_typesupport_c/md/msg/md_robot_msg2__type_support.cpp.o[0m
[2.203s] [ 44%] [32mBuilding C object CMakeFiles/md__rosidl_typesupport_introspection_c.dir/rosidl_typesupport_introspection_c/md/msg/detail/md_robot_msg1__type_support.c.o[0m
[2.203s] [ 46%] [32m[1mLinking CXX shared library libmd__rosidl_typesupport_c.so[0m
[2.214s] [ 48%] [32mBuilding CXX object CMakeFiles/md__rosidl_typesupport_fastrtps_c.dir/rosidl_typesupport_fastrtps_c/md/msg/detail/md_robot_msg1__type_support_c.cpp.o[0m
[2.240s] [ 51%] [32mBuilding C object CMakeFiles/md__rosidl_typesupport_introspection_c.dir/rosidl_typesupport_introspection_c/md/msg/detail/md_robot_msg2__type_support.c.o[0m
[2.249s] [ 53%] [32mBuilding CXX object CMakeFiles/md__rosidl_typesupport_fastrtps_cpp.dir/rosidl_typesupport_fastrtps_cpp/md/msg/detail/dds_fastrtps/md_robot_msg2__type_support.cpp.o[0m
[2.250s] [ 53%] Built target md__rosidl_typesupport_c
[2.261s] [ 55%] [32mBuilding CXX object CMakeFiles/md__rosidl_typesupport_fastrtps_c.dir/rosidl_typesupport_fastrtps_c/md/msg/detail/md_robot_msg2__type_support_c.cpp.o[0m
[2.263s] [ 58%] [32m[1mLinking CXX shared library libmd__rosidl_typesupport_cpp.so[0m
[2.277s] [ 60%] [32m[1mLinking C shared library libmd__rosidl_typesupport_introspection_c.so[0m
[2.310s] [ 60%] Built target md__rosidl_typesupport_cpp
[2.310s] [ 60%] Built target md__rosidl_typesupport_introspection_c
[2.332s] [ 65%] [32mBuilding CXX object CMakeFiles/md_robot_node.dir/src/md_robot_node/main.cpp.o[0m
[2.333s] [ 65%] [32mBuilding CXX object CMakeFiles/md_robot_node.dir/src/md_robot_node/com.cpp.o[0m
[2.387s] [ 67%] [32mBuilding CXX object CMakeFiles/md_robot_node.dir/src/md_robot_node/robot.cpp.o[0m
[2.405s] [ 69%] [32m[1mLinking CXX shared library libmd__rosidl_typesupport_introspection_cpp.so[0m
[2.453s] [ 69%] Built target md__rosidl_typesupport_introspection_cpp
[2.588s] [ 72%] [32m[1mLinking CXX shared library libmd__rosidl_typesupport_fastrtps_c.so[0m
[2.644s] [ 72%] Built target md__rosidl_typesupport_fastrtps_c
[2.689s] [ 74%] [32m[1mLinking CXX shared library libmd__rosidl_typesupport_fastrtps_cpp.so[0m
[2.743s] [ 74%] Built target md__rosidl_typesupport_fastrtps_cpp
[2.758s] [ 74%] Built target md
[2.772s] [ 76%] [34m[1mGenerating Python code for ROS interfaces[0m
[3.115s] [ 76%] Built target md__py
[3.132s] [ 79%] [32mBuilding C object CMakeFiles/md__rosidl_generator_py.dir/rosidl_generator_py/md/msg/_md_robot_msg1_s.c.o[0m
[3.134s] [ 81%] [32mBuilding C object CMakeFiles/md__rosidl_generator_py.dir/rosidl_generator_py/md/msg/_md_robot_msg2_s.c.o[0m
[3.258s] [ 83%] [32m[1mLinking C shared library rosidl_generator_py/md/libmd__rosidl_generator_py.so[0m
[3.287s] [ 83%] Built target md__rosidl_generator_py
[3.302s] [ 86%] [32mBuilding C object CMakeFiles/md__rosidl_typesupport_fastrtps_c__pyext.dir/rosidl_generator_py/md/_md_s.ep.rosidl_typesupport_fastrtps_c.c.o[0m
[3.306s] [ 90%] [32mBuilding C object CMakeFiles/md__rosidl_typesupport_c__pyext.dir/rosidl_generator_py/md/_md_s.ep.rosidl_typesupport_c.c.o[0m
[3.306s] [ 90%] [32mBuilding C object CMakeFiles/md__rosidl_typesupport_introspection_c__pyext.dir/rosidl_generator_py/md/_md_s.ep.rosidl_typesupport_introspection_c.c.o[0m
[3.379s] [ 93%] [32m[1mLinking C shared library rosidl_generator_py/md/md_s__rosidl_typesupport_fastrtps_c.cpython-310-x86_64-linux-gnu.so[0m
[3.408s] [ 93%] Built target md__rosidl_typesupport_fastrtps_c__pyext
[3.426s] [ 95%] [32m[1mLinking C shared library rosidl_generator_py/md/md_s__rosidl_typesupport_introspection_c.cpython-310-x86_64-linux-gnu.so[0m
[3.427s] [ 97%] [32m[1mLinking C shared library rosidl_generator_py/md/md_s__rosidl_typesupport_c.cpython-310-x86_64-linux-gnu.so[0m
[3.457s] [ 97%] Built target md__rosidl_typesupport_c__pyext
[3.464s] [ 97%] Built target md__rosidl_typesupport_introspection_c__pyext
[10.409s] [100%] [32m[1mLinking CXX executable md_robot_node[0m
[10.828s] [100%] Built target md_robot_node
[10.839s] Invoked command in '/home/hyoin/service/build/md' returned '0': CMAKE_PREFIX_PATH=/home/hyoin/service/install/serial:/home/hyoin/service/install/turtlebot3:/home/hyoin/service/install/turtlebot3_bringup:/home/hyoin/service/install/turtlebot3_node:/home/hyoin/service/install/turtlebot3_navigation2:/home/hyoin/service/install/turtlebot3_msgs:/home/hyoin/service/install/turtlebot3_description:/home/hyoin/service/install/turtlebot3_cartographer:/home/hyoin/service/install/md:/home/hyoin/service/install/turtlebot3_teleop:/home/hyoin/service/install/turtlebot3_example:/opt/ros/humble /usr/bin/cmake --build /home/hyoin/service/build/md -- -j8 -l8
[10.840s] Invoking command in '/home/hyoin/service/build/md': CMAKE_PREFIX_PATH=/home/hyoin/service/install/serial:/home/hyoin/service/install/turtlebot3:/home/hyoin/service/install/turtlebot3_bringup:/home/hyoin/service/install/turtlebot3_node:/home/hyoin/service/install/turtlebot3_navigation2:/home/hyoin/service/install/turtlebot3_msgs:/home/hyoin/service/install/turtlebot3_description:/home/hyoin/service/install/turtlebot3_cartographer:/home/hyoin/service/install/md:/home/hyoin/service/install/turtlebot3_teleop:/home/hyoin/service/install/turtlebot3_example:/opt/ros/humble /usr/bin/cmake --install /home/hyoin/service/build/md
[10.844s] -- Install configuration: ""
[10.845s] -- Execute custom install script
[10.845s] -- Symlinking: /home/hyoin/service/install/md/share/ament_index/resource_index/rosidl_interfaces/md
[10.851s] -- Symlinking: /home/hyoin/service/install/md/include/md/md/msg/detail/md_robot_msg1__functions.h
[10.856s] -- Symlinking: /home/hyoin/service/install/md/include/md/md/msg/detail/md_robot_msg1__struct.h
[10.863s] -- Symlinking: /home/hyoin/service/install/md/include/md/md/msg/detail/md_robot_msg1__type_support.h
[10.871s] -- Symlinking: /home/hyoin/service/install/md/include/md/md/msg/detail/md_robot_msg2__functions.h
[10.876s] -- Symlinking: /home/hyoin/service/install/md/include/md/md/msg/detail/md_robot_msg2__struct.h
[10.881s] -- Symlinking: /home/hyoin/service/install/md/include/md/md/msg/detail/md_robot_msg2__type_support.h
[10.886s] -- Symlinking: /home/hyoin/service/install/md/include/md/md/msg/md_robot_msg1.h
[10.891s] -- Symlinking: /home/hyoin/service/install/md/include/md/md/msg/md_robot_msg2.h
[10.896s] -- Symlinking: /home/hyoin/service/install/md/include/md/md/msg/rosidl_generator_c__visibility_control.h
[10.901s] -- Symlinking: /home/hyoin/service/install/md/share/md/environment/library_path.sh
[10.906s] -- Symlinking: /home/hyoin/service/install/md/share/md/environment/library_path.dsv
[10.911s] -- Symlinking: /home/hyoin/service/install/md/include/md/md/msg/detail/md_robot_msg1__rosidl_typesupport_fastrtps_c.h
[10.916s] -- Symlinking: /home/hyoin/service/install/md/include/md/md/msg/detail/md_robot_msg2__rosidl_typesupport_fastrtps_c.h
[10.921s] -- Symlinking: /home/hyoin/service/install/md/include/md/md/msg/rosidl_typesupport_fastrtps_c__visibility_control.h
[10.926s] -- Symlinking: /home/hyoin/service/install/md/include/md/md/msg/detail/md_robot_msg1__builder.hpp
[10.932s] -- Symlinking: /home/hyoin/service/install/md/include/md/md/msg/detail/md_robot_msg1__struct.hpp
[10.937s] -- Symlinking: /home/hyoin/service/install/md/include/md/md/msg/detail/md_robot_msg1__traits.hpp
[10.943s] -- Symlinking: /home/hyoin/service/install/md/include/md/md/msg/detail/md_robot_msg1__type_support.hpp
[10.949s] -- Symlinking: /home/hyoin/service/install/md/include/md/md/msg/detail/md_robot_msg2__builder.hpp
[10.954s] -- Symlinking: /home/hyoin/service/install/md/include/md/md/msg/detail/md_robot_msg2__struct.hpp
[10.960s] -- Symlinking: /home/hyoin/service/install/md/include/md/md/msg/detail/md_robot_msg2__traits.hpp
[10.966s] -- Symlinking: /home/hyoin/service/install/md/include/md/md/msg/detail/md_robot_msg2__type_support.hpp
[10.972s] -- Symlinking: /home/hyoin/service/install/md/include/md/md/msg/md_robot_msg1.hpp
[10.977s] -- Symlinking: /home/hyoin/service/install/md/include/md/md/msg/md_robot_msg2.hpp
[10.982s] -- Symlinking: /home/hyoin/service/install/md/include/md/md/msg/rosidl_generator_cpp__visibility_control.hpp
[10.987s] -- Symlinking: /home/hyoin/service/install/md/include/md/md/msg/detail/md_robot_msg1__rosidl_typesupport_fastrtps_cpp.hpp
[10.992s] -- Symlinking: /home/hyoin/service/install/md/include/md/md/msg/detail/md_robot_msg2__rosidl_typesupport_fastrtps_cpp.hpp
[10.999s] -- Symlinking: /home/hyoin/service/install/md/include/md/md/msg/rosidl_typesupport_fastrtps_cpp__visibility_control.h
[11.005s] -- Symlinking: /home/hyoin/service/install/md/include/md/md/msg/detail/md_robot_msg1__rosidl_typesupport_introspection_c.h
[11.011s] -- Symlinking: /home/hyoin/service/install/md/include/md/md/msg/detail/md_robot_msg2__rosidl_typesupport_introspection_c.h
[11.016s] -- Symlinking: /home/hyoin/service/install/md/include/md/md/msg/rosidl_typesupport_introspection_c__visibility_control.h
[11.022s] -- Symlinking: /home/hyoin/service/install/md/include/md/md/msg/detail/md_robot_msg1__rosidl_typesupport_introspection_cpp.hpp
[11.029s] -- Symlinking: /home/hyoin/service/install/md/include/md/md/msg/detail/md_robot_msg2__rosidl_typesupport_introspection_cpp.hpp
[11.034s] -- Symlinking: /home/hyoin/service/install/md/share/md/environment/pythonpath.sh
[11.040s] -- Symlinking: /home/hyoin/service/install/md/share/md/environment/pythonpath.dsv
[11.046s] -- Symlinking: /home/hyoin/service/install/md/local/lib/python3.10/dist-packages/md-0.0.0-py3.10.egg-info/PKG-INFO
[11.052s] -- Symlinking: /home/hyoin/service/install/md/local/lib/python3.10/dist-packages/md-0.0.0-py3.10.egg-info/SOURCES.txt
[11.057s] -- Symlinking: /home/hyoin/service/install/md/local/lib/python3.10/dist-packages/md-0.0.0-py3.10.egg-info/dependency_links.txt
[11.063s] -- Symlinking: /home/hyoin/service/install/md/local/lib/python3.10/dist-packages/md-0.0.0-py3.10.egg-info/top_level.txt
[11.069s] -- Symlinking: /home/hyoin/service/install/md/local/lib/python3.10/dist-packages/md/__init__.py
[11.074s] -- Symlinking: /home/hyoin/service/install/md/local/lib/python3.10/dist-packages/md/_md_s.ep.rosidl_typesupport_c.c
[11.080s] -- Symlinking: /home/hyoin/service/install/md/local/lib/python3.10/dist-packages/md/_md_s.ep.rosidl_typesupport_fastrtps_c.c
[11.085s] -- Symlinking: /home/hyoin/service/install/md/local/lib/python3.10/dist-packages/md/_md_s.ep.rosidl_typesupport_introspection_c.c
[11.090s] -- Symlinking: /home/hyoin/service/install/md/local/lib/python3.10/dist-packages/md/libmd__rosidl_generator_py.so
[11.095s] -- Symlinking: /home/hyoin/service/install/md/local/lib/python3.10/dist-packages/md/md_s__rosidl_typesupport_c.cpython-310-x86_64-linux-gnu.so
[11.101s] -- Symlinking: /home/hyoin/service/install/md/local/lib/python3.10/dist-packages/md/md_s__rosidl_typesupport_fastrtps_c.cpython-310-x86_64-linux-gnu.so
[11.107s] -- Symlinking: /home/hyoin/service/install/md/local/lib/python3.10/dist-packages/md/md_s__rosidl_typesupport_introspection_c.cpython-310-x86_64-linux-gnu.so
[11.113s] -- Symlinking: /home/hyoin/service/install/md/local/lib/python3.10/dist-packages/md/msg/__init__.py
[11.118s] -- Symlinking: /home/hyoin/service/install/md/local/lib/python3.10/dist-packages/md/msg/_md_robot_msg1.py
[11.124s] -- Symlinking: /home/hyoin/service/install/md/local/lib/python3.10/dist-packages/md/msg/_md_robot_msg1_s.c
[11.130s] -- Symlinking: /home/hyoin/service/install/md/local/lib/python3.10/dist-packages/md/msg/_md_robot_msg2.py
[11.135s] -- Symlinking: /home/hyoin/service/install/md/local/lib/python3.10/dist-packages/md/msg/_md_robot_msg2_s.c
[11.141s] -- Up-to-date symlink: /home/hyoin/service/install/md/local/lib/python3.10/dist-packages/md/md_s__rosidl_typesupport_fastrtps_c.cpython-310-x86_64-linux-gnu.so
[11.141s] -- Up-to-date symlink: /home/hyoin/service/install/md/local/lib/python3.10/dist-packages/md/md_s__rosidl_typesupport_introspection_c.cpython-310-x86_64-linux-gnu.so
[11.141s] -- Up-to-date symlink: /home/hyoin/service/install/md/local/lib/python3.10/dist-packages/md/md_s__rosidl_typesupport_c.cpython-310-x86_64-linux-gnu.so
[11.141s] -- Symlinking: /home/hyoin/service/install/md/share/md/msg/MdRobotMsg1.idl
[11.147s] -- Symlinking: /home/hyoin/service/install/md/share/md/msg/MdRobotMsg2.idl
[11.152s] -- Symlinking: /home/hyoin/service/install/md/share/md/msg/MdRobotMsg1.msg
[11.157s] -- Symlinking: /home/hyoin/service/install/md/share/md/msg/MdRobotMsg2.msg
[11.163s] -- Symlinking: /home/hyoin/service/install/md/lib//md_robot_node
[11.169s] -- Symlinking: /home/hyoin/service/install/md/include//md_robot_node/com.hpp
[11.175s] -- Symlinking: /home/hyoin/service/install/md/include//md_robot_node/global.hpp
[11.181s] -- Symlinking: /home/hyoin/service/install/md/include//md_robot_node/main.hpp
[11.186s] -- Symlinking: /home/hyoin/service/install/md/include//md_robot_node/robot.hpp
[11.192s] -- Symlinking: /home/hyoin/service/install/md/share/md/launch/md_robot_node.launch.py
[11.198s] -- Symlinking: /home/hyoin/service/install/md/share/md/launch/md_robot_node_use_MDUI.launch.py
[11.203s] -- Symlinking: /home/hyoin/service/install/md/share/ament_index/resource_index/package_run_dependencies/md
[11.209s] -- Symlinking: /home/hyoin/service/install/md/share/ament_index/resource_index/parent_prefix_path/md
[11.213s] -- Symlinking: /home/hyoin/service/install/md/share/md/environment/ament_prefix_path.sh
[11.218s] -- Symlinking: /home/hyoin/service/install/md/share/md/environment/ament_prefix_path.dsv
[11.224s] -- Symlinking: /home/hyoin/service/install/md/share/md/environment/path.sh
[11.229s] -- Symlinking: /home/hyoin/service/install/md/share/md/environment/path.dsv
[11.235s] -- Symlinking: /home/hyoin/service/install/md/share/md/local_setup.bash
[11.240s] -- Symlinking: /home/hyoin/service/install/md/share/md/local_setup.sh
[11.245s] -- Symlinking: /home/hyoin/service/install/md/share/md/local_setup.zsh
[11.250s] -- Symlinking: /home/hyoin/service/install/md/share/md/local_setup.dsv
[11.256s] -- Symlinking: /home/hyoin/service/install/md/share/md/package.dsv
[11.261s] -- Symlinking: /home/hyoin/service/install/md/share/ament_index/resource_index/packages/md
[11.266s] -- Symlinking: /home/hyoin/service/install/md/share/md/cmake/rosidl_cmake-extras.cmake
[11.272s] -- Symlinking: /home/hyoin/service/install/md/share/md/cmake/ament_cmake_export_dependencies-extras.cmake
[11.277s] -- Symlinking: /home/hyoin/service/install/md/share/md/cmake/ament_cmake_export_include_directories-extras.cmake
[11.282s] -- Symlinking: /home/hyoin/service/install/md/share/md/cmake/ament_cmake_export_libraries-extras.cmake
[11.287s] -- Symlinking: /home/hyoin/service/install/md/share/md/cmake/ament_cmake_export_targets-extras.cmake
[11.292s] -- Symlinking: /home/hyoin/service/install/md/share/md/cmake/rosidl_cmake_export_typesupport_targets-extras.cmake
[11.297s] -- Symlinking: /home/hyoin/service/install/md/share/md/cmake/rosidl_cmake_export_typesupport_libraries-extras.cmake
[11.303s] -- Symlinking: /home/hyoin/service/install/md/share/md/cmake/mdConfig.cmake
[11.308s] -- Symlinking: /home/hyoin/service/install/md/share/md/cmake/mdConfig-version.cmake
[11.312s] -- Symlinking: /home/hyoin/service/install/md/share/md/package.xml
[11.318s] -- Installing: /home/hyoin/service/install/md/lib/libmd__rosidl_generator_c.so
[11.318s] -- Set runtime path of "/home/hyoin/service/install/md/lib/libmd__rosidl_generator_c.so" to ""
[11.318s] -- Installing: /home/hyoin/service/install/md/lib/libmd__rosidl_typesupport_fastrtps_c.so
[11.318s] -- Set runtime path of "/home/hyoin/service/install/md/lib/libmd__rosidl_typesupport_fastrtps_c.so" to ""
[11.318s] -- Installing: /home/hyoin/service/install/md/lib/libmd__rosidl_typesupport_fastrtps_cpp.so
[11.318s] -- Set runtime path of "/home/hyoin/service/install/md/lib/libmd__rosidl_typesupport_fastrtps_cpp.so" to ""
[11.319s] -- Installing: /home/hyoin/service/install/md/lib/libmd__rosidl_typesupport_introspection_c.so
[11.319s] -- Set runtime path of "/home/hyoin/service/install/md/lib/libmd__rosidl_typesupport_introspection_c.so" to ""
[11.319s] -- Installing: /home/hyoin/service/install/md/lib/libmd__rosidl_typesupport_c.so
[11.319s] -- Set runtime path of "/home/hyoin/service/install/md/lib/libmd__rosidl_typesupport_c.so" to ""
[11.319s] -- Installing: /home/hyoin/service/install/md/lib/libmd__rosidl_typesupport_introspection_cpp.so
[11.319s] -- Set runtime path of "/home/hyoin/service/install/md/lib/libmd__rosidl_typesupport_introspection_cpp.so" to ""
[11.319s] -- Installing: /home/hyoin/service/install/md/lib/libmd__rosidl_typesupport_cpp.so
[11.320s] -- Set runtime path of "/home/hyoin/service/install/md/lib/libmd__rosidl_typesupport_cpp.so" to ""
[11.342s] Listing '/home/hyoin/service/install/md/local/lib/python3.10/dist-packages/md'...
[11.342s] Compiling '/home/hyoin/service/install/md/local/lib/python3.10/dist-packages/md/__init__.py'...
[11.342s] Listing '/home/hyoin/service/install/md/local/lib/python3.10/dist-packages/md/msg'...
[11.342s] Compiling '/home/hyoin/service/install/md/local/lib/python3.10/dist-packages/md/msg/__init__.py'...
[11.342s] Compiling '/home/hyoin/service/install/md/local/lib/python3.10/dist-packages/md/msg/_md_robot_msg1.py'...
[11.342s] Compiling '/home/hyoin/service/install/md/local/lib/python3.10/dist-packages/md/msg/_md_robot_msg2.py'...
[11.344s] -- Installing: /home/hyoin/service/install/md/lib/libmd__rosidl_generator_py.so
[11.344s] -- Set runtime path of "/home/hyoin/service/install/md/lib/libmd__rosidl_generator_py.so" to ""
[11.345s] -- Installing: /home/hyoin/service/install/md/share/md/cmake/export_md__rosidl_generator_cExport.cmake
[11.345s] -- Installing: /home/hyoin/service/install/md/share/md/cmake/export_md__rosidl_generator_cExport-noconfig.cmake
[11.345s] -- Installing: /home/hyoin/service/install/md/share/md/cmake/export_md__rosidl_typesupport_fastrtps_cExport.cmake
[11.345s] -- Installing: /home/hyoin/service/install/md/share/md/cmake/export_md__rosidl_typesupport_fastrtps_cExport-noconfig.cmake
[11.345s] -- Installing: /home/hyoin/service/install/md/share/md/cmake/export_md__rosidl_generator_cppExport.cmake
[11.345s] -- Installing: /home/hyoin/service/install/md/share/md/cmake/export_md__rosidl_typesupport_fastrtps_cppExport.cmake
[11.345s] -- Installing: /home/hyoin/service/install/md/share/md/cmake/export_md__rosidl_typesupport_fastrtps_cppExport-noconfig.cmake
[11.345s] -- Installing: /home/hyoin/service/install/md/share/md/cmake/md__rosidl_typesupport_introspection_cExport.cmake
[11.345s] -- Installing: /home/hyoin/service/install/md/share/md/cmake/md__rosidl_typesupport_introspection_cExport-noconfig.cmake
[11.345s] -- Installing: /home/hyoin/service/install/md/share/md/cmake/md__rosidl_typesupport_cExport.cmake
[11.346s] -- Installing: /home/hyoin/service/install/md/share/md/cmake/md__rosidl_typesupport_cExport-noconfig.cmake
[11.346s] -- Installing: /home/hyoin/service/install/md/share/md/cmake/md__rosidl_typesupport_introspection_cppExport.cmake
[11.346s] -- Installing: /home/hyoin/service/install/md/share/md/cmake/md__rosidl_typesupport_introspection_cppExport-noconfig.cmake
[11.346s] -- Installing: /home/hyoin/service/install/md/share/md/cmake/md__rosidl_typesupport_cppExport.cmake
[11.346s] -- Installing: /home/hyoin/service/install/md/share/md/cmake/md__rosidl_typesupport_cppExport-noconfig.cmake
[11.346s] -- Installing: /home/hyoin/service/install/md/share/md/cmake/export_md__rosidl_generator_pyExport.cmake
[11.346s] -- Installing: /home/hyoin/service/install/md/share/md/cmake/export_md__rosidl_generator_pyExport-noconfig.cmake
[11.348s] Invoked command in '/home/hyoin/service/build/md' returned '0': CMAKE_PREFIX_PATH=/home/hyoin/service/install/serial:/home/hyoin/service/install/turtlebot3:/home/hyoin/service/install/turtlebot3_bringup:/home/hyoin/service/install/turtlebot3_node:/home/hyoin/service/install/turtlebot3_navigation2:/home/hyoin/service/install/turtlebot3_msgs:/home/hyoin/service/install/turtlebot3_description:/home/hyoin/service/install/turtlebot3_cartographer:/home/hyoin/service/install/md:/home/hyoin/service/install/turtlebot3_teleop:/home/hyoin/service/install/turtlebot3_example:/opt/ros/humble /usr/bin/cmake --install /home/hyoin/service/build/md
