[0.016s] Invoking command in '/home/hyoin/service/build/turtlebot3_navigation2': CMAKE_PREFIX_PATH=${CMAKE_PREFIX_PATH}:/home/hyoin/service/install/turtlebot3_teleop:/home/hyoin/service/install/turtlebot3_example:/opt/ros/humble /usr/bin/cmake /home/hyoin/service/src/turtlebot3/turtlebot3_navigation2 -DCMAKE_INSTALL_PREFIX=/home/hyoin/service/install/turtlebot3_navigation2
[0.065s] -- The C compiler identification is GNU 11.4.0
[0.121s] -- The CXX compiler identification is GNU 11.4.0
[0.127s] -- Detecting C compiler ABI info
[0.178s] -- Detecting C compiler ABI info - done
[0.187s] -- Check for working C compiler: /usr/bin/cc - skipped
[0.187s] -- Detecting C compile features
[0.188s] -- Detecting C compile features - done
[0.191s] -- Detecting CXX compiler ABI info
[0.261s] -- Detecting CXX compiler ABI info - done
[0.278s] -- Check for working CXX compiler: /usr/bin/c++ - skipped
[0.278s] -- Detecting CXX compile features
[0.278s] -- Detecting CXX compile features - done
[0.278s] -- Found ament_cmake: 1.3.11 (/opt/ros/humble/share/ament_cmake/cmake)
[0.408s] -- Found Python3: /usr/bin/python3 (found version "3.10.12") found components: Interpreter 
[0.573s] -- Configuring done
[0.576s] -- Generating done
[0.577s] -- Build files have been written to: /home/hyoin/service/build/turtlebot3_navigation2
[0.581s] Invoked command in '/home/hyoin/service/build/turtlebot3_navigation2' returned '0': CMAKE_PREFIX_PATH=${CMAKE_PREFIX_PATH}:/home/hyoin/service/install/turtlebot3_teleop:/home/hyoin/service/install/turtlebot3_example:/opt/ros/humble /usr/bin/cmake /home/hyoin/service/src/turtlebot3/turtlebot3_navigation2 -DCMAKE_INSTALL_PREFIX=/home/hyoin/service/install/turtlebot3_navigation2
[0.583s] Invoking command in '/home/hyoin/service/build/turtlebot3_navigation2': CMAKE_PREFIX_PATH=${CMAKE_PREFIX_PATH}:/home/hyoin/service/install/turtlebot3_teleop:/home/hyoin/service/install/turtlebot3_example:/opt/ros/humble /usr/bin/cmake --build /home/hyoin/service/build/turtlebot3_navigation2 -- -j8 -l8
[0.617s] Invoked command in '/home/hyoin/service/build/turtlebot3_navigation2' returned '0': CMAKE_PREFIX_PATH=${CMAKE_PREFIX_PATH}:/home/hyoin/service/install/turtlebot3_teleop:/home/hyoin/service/install/turtlebot3_example:/opt/ros/humble /usr/bin/cmake --build /home/hyoin/service/build/turtlebot3_navigation2 -- -j8 -l8
[0.618s] Invoking command in '/home/hyoin/service/build/turtlebot3_navigation2': CMAKE_PREFIX_PATH=${CMAKE_PREFIX_PATH}:/home/hyoin/service/install/turtlebot3_teleop:/home/hyoin/service/install/turtlebot3_example:/opt/ros/humble /usr/bin/cmake --install /home/hyoin/service/build/turtlebot3_navigation2
[0.624s] -- Install configuration: ""
[0.624s] -- Installing: /home/hyoin/service/install/turtlebot3_navigation2/share/turtlebot3_navigation2/launch
[0.624s] -- Installing: /home/hyoin/service/install/turtlebot3_navigation2/share/turtlebot3_navigation2/launch/navigation2.launch.py
[0.624s] -- Installing: /home/hyoin/service/install/turtlebot3_navigation2/share/turtlebot3_navigation2/map
[0.624s] -- Installing: /home/hyoin/service/install/turtlebot3_navigation2/share/turtlebot3_navigation2/map/map.pgm
[0.624s] -- Installing: /home/hyoin/service/install/turtlebot3_navigation2/share/turtlebot3_navigation2/map/map.yaml
[0.624s] -- Installing: /home/hyoin/service/install/turtlebot3_navigation2/share/turtlebot3_navigation2/param
[0.624s] -- Installing: /home/hyoin/service/install/turtlebot3_navigation2/share/turtlebot3_navigation2/param/waffle.yaml
[0.624s] -- Installing: /home/hyoin/service/install/turtlebot3_navigation2/share/turtlebot3_navigation2/param/burger.yaml
[0.624s] -- Installing: /home/hyoin/service/install/turtlebot3_navigation2/share/turtlebot3_navigation2/param/waffle_pi.yaml
[0.624s] -- Installing: /home/hyoin/service/install/turtlebot3_navigation2/share/turtlebot3_navigation2/rviz
[0.624s] -- Installing: /home/hyoin/service/install/turtlebot3_navigation2/share/turtlebot3_navigation2/rviz/tb3_navigation2.rviz
[0.625s] -- Installing: /home/hyoin/service/install/turtlebot3_navigation2/share/ament_index/resource_index/package_run_dependencies/turtlebot3_navigation2
[0.625s] -- Installing: /home/hyoin/service/install/turtlebot3_navigation2/share/ament_index/resource_index/parent_prefix_path/turtlebot3_navigation2
[0.625s] -- Installing: /home/hyoin/service/install/turtlebot3_navigation2/share/turtlebot3_navigation2/environment/ament_prefix_path.sh
[0.625s] -- Installing: /home/hyoin/service/install/turtlebot3_navigation2/share/turtlebot3_navigation2/environment/ament_prefix_path.dsv
[0.626s] -- Installing: /home/hyoin/service/install/turtlebot3_navigation2/share/turtlebot3_navigation2/environment/path.sh
[0.626s] -- Installing: /home/hyoin/service/install/turtlebot3_navigation2/share/turtlebot3_navigation2/environment/path.dsv
[0.626s] -- Installing: /home/hyoin/service/install/turtlebot3_navigation2/share/turtlebot3_navigation2/local_setup.bash
[0.626s] -- Installing: /home/hyoin/service/install/turtlebot3_navigation2/share/turtlebot3_navigation2/local_setup.sh
[0.626s] -- Installing: /home/hyoin/service/install/turtlebot3_navigation2/share/turtlebot3_navigation2/local_setup.zsh
[0.626s] -- Installing: /home/hyoin/service/install/turtlebot3_navigation2/share/turtlebot3_navigation2/local_setup.dsv
[0.626s] -- Installing: /home/hyoin/service/install/turtlebot3_navigation2/share/turtlebot3_navigation2/package.dsv
[0.626s] -- Installing: /home/hyoin/service/install/turtlebot3_navigation2/share/ament_index/resource_index/packages/turtlebot3_navigation2
[0.626s] -- Installing: /home/hyoin/service/install/turtlebot3_navigation2/share/turtlebot3_navigation2/cmake/turtlebot3_navigation2Config.cmake
[0.626s] -- Installing: /home/hyoin/service/install/turtlebot3_navigation2/share/turtlebot3_navigation2/cmake/turtlebot3_navigation2Config-version.cmake
[0.626s] -- Installing: /home/hyoin/service/install/turtlebot3_navigation2/share/turtlebot3_navigation2/package.xml
[0.628s] Invoked command in '/home/hyoin/service/build/turtlebot3_navigation2' returned '0': CMAKE_PREFIX_PATH=${CMAKE_PREFIX_PATH}:/home/hyoin/service/install/turtlebot3_teleop:/home/hyoin/service/install/turtlebot3_example:/opt/ros/humble /usr/bin/cmake --install /home/hyoin/service/build/turtlebot3_navigation2
