[0.019s] Invoking command in '/home/hyoin/service/build/turtlebot3_bringup': AMENT_PREFIX_PATH=/home/hyoin/service/install/turtlebot3_node:/home/hyoin/service/install/turtlebot3_msgs:/home/hyoin/service/install/turtlebot3_description:/home/hyoin/service/install/dynamixel_sdk:${AMENT_PREFIX_PATH} CMAKE_PREFIX_PATH=/home/hyoin/service/install/turtlebot3_node:/home/hyoin/service/install/turtlebot3_msgs:/home/hyoin/service/install/turtlebot3_description:/home/hyoin/service/install/dynamixel_sdk:/opt/ros/humble LD_LIBRARY_PATH=/home/hyoin/service/install/turtlebot3_msgs/lib:/home/hyoin/service/install/dynamixel_sdk/lib:${LD_LIBRARY_PATH} PYTHONPATH=/home/hyoin/service/install/turtlebot3_msgs/local/lib/python3.10/dist-packages:${PYTHONPATH} /usr/bin/cmake --build /home/hyoin/service/build/turtlebot3_bringup -- -j8 -l8
[0.058s] Invoked command in '/home/hyoin/service/build/turtlebot3_bringup' returned '0': AMENT_PREFIX_PATH=/home/hyoin/service/install/turtlebot3_node:/home/hyoin/service/install/turtlebot3_msgs:/home/hyoin/service/install/turtlebot3_description:/home/hyoin/service/install/dynamixel_sdk:${AMENT_PREFIX_PATH} CMAKE_PREFIX_PATH=/home/hyoin/service/install/turtlebot3_node:/home/hyoin/service/install/turtlebot3_msgs:/home/hyoin/service/install/turtlebot3_description:/home/hyoin/service/install/dynamixel_sdk:/opt/ros/humble LD_LIBRARY_PATH=/home/hyoin/service/install/turtlebot3_msgs/lib:/home/hyoin/service/install/dynamixel_sdk/lib:${LD_LIBRARY_PATH} PYTHONPATH=/home/hyoin/service/install/turtlebot3_msgs/local/lib/python3.10/dist-packages:${PYTHONPATH} /usr/bin/cmake --build /home/hyoin/service/build/turtlebot3_bringup -- -j8 -l8
[0.060s] Invoking command in '/home/hyoin/service/build/turtlebot3_bringup': AMENT_PREFIX_PATH=/home/hyoin/service/install/turtlebot3_node:/home/hyoin/service/install/turtlebot3_msgs:/home/hyoin/service/install/turtlebot3_description:/home/hyoin/service/install/dynamixel_sdk:${AMENT_PREFIX_PATH} CMAKE_PREFIX_PATH=/home/hyoin/service/install/turtlebot3_node:/home/hyoin/service/install/turtlebot3_msgs:/home/hyoin/service/install/turtlebot3_description:/home/hyoin/service/install/dynamixel_sdk:/opt/ros/humble LD_LIBRARY_PATH=/home/hyoin/service/install/turtlebot3_msgs/lib:/home/hyoin/service/install/dynamixel_sdk/lib:${LD_LIBRARY_PATH} PYTHONPATH=/home/hyoin/service/install/turtlebot3_msgs/local/lib/python3.10/dist-packages:${PYTHONPATH} /usr/bin/cmake --install /home/hyoin/service/build/turtlebot3_bringup
[0.068s] -- Install configuration: ""
[0.068s] -- Execute custom install script
[0.068s] -- Up-to-date symlink: /home/hyoin/service/install/turtlebot3_bringup/share/turtlebot3_bringup/launch/robot.launch.py
[0.069s] -- Up-to-date symlink: /home/hyoin/service/install/turtlebot3_bringup/share/turtlebot3_bringup/launch/rviz2.launch.py
[0.069s] -- Up-to-date symlink: /home/hyoin/service/install/turtlebot3_bringup/share/turtlebot3_bringup/launch/turtlebot3_state_publisher.launch.py
[0.069s] -- Up-to-date symlink: /home/hyoin/service/install/turtlebot3_bringup/share/turtlebot3_bringup/param/burger.yaml
[0.069s] -- Up-to-date symlink: /home/hyoin/service/install/turtlebot3_bringup/share/turtlebot3_bringup/param/waffle.yaml
[0.069s] -- Up-to-date symlink: /home/hyoin/service/install/turtlebot3_bringup/share/turtlebot3_bringup/param/waffle_pi.yaml
[0.069s] -- Up-to-date symlink: /home/hyoin/service/install/turtlebot3_bringup/share/turtlebot3_bringup/script/99-turtlebot3-cdc.rules
[0.069s] -- Up-to-date symlink: /home/hyoin/service/install/turtlebot3_bringup/share/turtlebot3_bringup/script/create_udev_rules
[0.070s] -- Up-to-date symlink: /home/hyoin/service/install/turtlebot3_bringup/share/ament_index/resource_index/package_run_dependencies/turtlebot3_bringup
[0.070s] -- Up-to-date symlink: /home/hyoin/service/install/turtlebot3_bringup/share/ament_index/resource_index/parent_prefix_path/turtlebot3_bringup
[0.070s] -- Up-to-date symlink: /home/hyoin/service/install/turtlebot3_bringup/share/turtlebot3_bringup/environment/ament_prefix_path.sh
[0.070s] -- Up-to-date symlink: /home/hyoin/service/install/turtlebot3_bringup/share/turtlebot3_bringup/environment/ament_prefix_path.dsv
[0.071s] -- Up-to-date symlink: /home/hyoin/service/install/turtlebot3_bringup/share/turtlebot3_bringup/environment/path.sh
[0.071s] -- Up-to-date symlink: /home/hyoin/service/install/turtlebot3_bringup/share/turtlebot3_bringup/environment/path.dsv
[0.071s] -- Up-to-date symlink: /home/hyoin/service/install/turtlebot3_bringup/share/turtlebot3_bringup/local_setup.bash
[0.071s] -- Up-to-date symlink: /home/hyoin/service/install/turtlebot3_bringup/share/turtlebot3_bringup/local_setup.sh
[0.071s] -- Up-to-date symlink: /home/hyoin/service/install/turtlebot3_bringup/share/turtlebot3_bringup/local_setup.zsh
[0.071s] -- Up-to-date symlink: /home/hyoin/service/install/turtlebot3_bringup/share/turtlebot3_bringup/local_setup.dsv
[0.071s] -- Symlinking: /home/hyoin/service/install/turtlebot3_bringup/share/turtlebot3_bringup/package.dsv
[0.081s] -- Up-to-date symlink: /home/hyoin/service/install/turtlebot3_bringup/share/ament_index/resource_index/packages/turtlebot3_bringup
[0.081s] -- Up-to-date symlink: /home/hyoin/service/install/turtlebot3_bringup/share/turtlebot3_bringup/cmake/turtlebot3_bringupConfig.cmake
[0.081s] -- Up-to-date symlink: /home/hyoin/service/install/turtlebot3_bringup/share/turtlebot3_bringup/cmake/turtlebot3_bringupConfig-version.cmake
[0.081s] -- Up-to-date symlink: /home/hyoin/service/install/turtlebot3_bringup/share/turtlebot3_bringup/package.xml
[0.084s] Invoked command in '/home/hyoin/service/build/turtlebot3_bringup' returned '0': AMENT_PREFIX_PATH=/home/hyoin/service/install/turtlebot3_node:/home/hyoin/service/install/turtlebot3_msgs:/home/hyoin/service/install/turtlebot3_description:/home/hyoin/service/install/dynamixel_sdk:${AMENT_PREFIX_PATH} CMAKE_PREFIX_PATH=/home/hyoin/service/install/turtlebot3_node:/home/hyoin/service/install/turtlebot3_msgs:/home/hyoin/service/install/turtlebot3_description:/home/hyoin/service/install/dynamixel_sdk:/opt/ros/humble LD_LIBRARY_PATH=/home/hyoin/service/install/turtlebot3_msgs/lib:/home/hyoin/service/install/dynamixel_sdk/lib:${LD_LIBRARY_PATH} PYTHONPATH=/home/hyoin/service/install/turtlebot3_msgs/local/lib/python3.10/dist-packages:${PYTHONPATH} /usr/bin/cmake --install /home/hyoin/service/build/turtlebot3_bringup
