[0.019s] Invoking command in '/home/hyoin/service/build/serial': CMAKE_PREFIX_PATH=/opt/ros/humble /usr/bin/cmake /home/hyoin/service/src/serial -DCMAKE_INSTALL_PREFIX=/home/hyoin/service/install/serial
[0.032s] -- Found ament_cmake: 1.3.11 (/opt/ros/humble/share/ament_cmake/cmake)
[0.153s] -- Override CMake install command with custom implementation using symlinks instead of copying resources
[0.163s] -- Found ament_cmake_gtest: 1.3.11 (/opt/ros/humble/share/ament_cmake_gtest/cmake)
[0.163s] -- Found gtest sources under '/opt/ros/humble/src/gtest_vendor': C++ tests using 'Google Test' will be built
[0.242s] -- Configuring done
[0.253s] -- Generating done
[0.257s] -- Build files have been written to: /home/hyoin/service/build/serial
[0.294s] Invoked command in '/home/hyoin/service/build/serial' returned '0': CMAKE_PREFIX_PATH=/opt/ros/humble /usr/bin/cmake /home/hyoin/service/src/serial -DCMAKE_INSTALL_PREFIX=/home/hyoin/service/install/serial
[0.295s] Invoking command in '/home/hyoin/service/build/serial': CMAKE_PREFIX_PATH=/opt/ros/humble /usr/bin/cmake --build /home/hyoin/service/build/serial -- -j8 -l8
[0.336s] [35m[1mConsolidate compiler generated dependencies of target serial[0m
[0.336s] [35m[1mConsolidate compiler generated dependencies of target gtest_main[0m
[0.336s] [35m[1mConsolidate compiler generated dependencies of target gtest[0m
[0.346s] [ 28%] Built target serial
[0.354s] [ 42%] Built target gtest_main
[0.354s] [ 57%] Built target gtest
[0.359s] [35m[1mConsolidate compiler generated dependencies of target serial_example[0m
[0.369s] [ 71%] Built target serial_example
[0.369s] [35m[1mConsolidate compiler generated dependencies of target serial-test-timer[0m
[0.373s] [35m[1mConsolidate compiler generated dependencies of target serial-test[0m
[0.380s] [100%] Built target serial-test
[0.380s] [100%] Built target serial-test-timer
[0.404s] Invoked command in '/home/hyoin/service/build/serial' returned '0': CMAKE_PREFIX_PATH=/opt/ros/humble /usr/bin/cmake --build /home/hyoin/service/build/serial -- -j8 -l8
[0.404s] Invoking command in '/home/hyoin/service/build/serial': CMAKE_PREFIX_PATH=/opt/ros/humble /usr/bin/cmake --install /home/hyoin/service/build/serial
[0.417s] -- Install configuration: ""
[0.417s] -- Execute custom install script
[0.417s] -- Up-to-date symlink: /home/hyoin/service/install/serial/lib/libserial.a
[0.417s] -- Up-to-date symlink: /home/hyoin/service/install/serial/include/serial/impl/unix.h
[0.417s] -- Up-to-date symlink: /home/hyoin/service/install/serial/include/serial/impl/win.h
[0.418s] -- Up-to-date symlink: /home/hyoin/service/install/serial/include/serial/serial.h
[0.418s] -- Up-to-date symlink: /home/hyoin/service/install/serial/include/serial/v8stdint.h
[0.418s] -- Up-to-date symlink: /home/hyoin/service/install/serial/bin/serial_example
[0.418s] -- Up-to-date symlink: /home/hyoin/service/install/serial/share/serial/environment/library_path.sh
[0.418s] -- Up-to-date symlink: /home/hyoin/service/install/serial/share/serial/environment/library_path.dsv
[0.418s] -- Up-to-date symlink: /home/hyoin/service/install/serial/share/ament_index/resource_index/package_run_dependencies/serial
[0.418s] -- Up-to-date symlink: /home/hyoin/service/install/serial/share/ament_index/resource_index/parent_prefix_path/serial
[0.418s] -- Up-to-date symlink: /home/hyoin/service/install/serial/share/serial/environment/ament_prefix_path.sh
[0.418s] -- Up-to-date symlink: /home/hyoin/service/install/serial/share/serial/environment/ament_prefix_path.dsv
[0.418s] -- Up-to-date symlink: /home/hyoin/service/install/serial/share/serial/environment/path.sh
[0.418s] -- Up-to-date symlink: /home/hyoin/service/install/serial/share/serial/environment/path.dsv
[0.418s] -- Up-to-date symlink: /home/hyoin/service/install/serial/share/serial/local_setup.bash
[0.418s] -- Up-to-date symlink: /home/hyoin/service/install/serial/share/serial/local_setup.sh
[0.418s] -- Up-to-date symlink: /home/hyoin/service/install/serial/share/serial/local_setup.zsh
[0.418s] -- Up-to-date symlink: /home/hyoin/service/install/serial/share/serial/local_setup.dsv
[0.418s] -- Symlinking: /home/hyoin/service/install/serial/share/serial/package.dsv
[0.421s] -- Up-to-date symlink: /home/hyoin/service/install/serial/share/ament_index/resource_index/packages/serial
[0.421s] -- Up-to-date symlink: /home/hyoin/service/install/serial/share/serial/cmake/ament_cmake_export_include_directories-extras.cmake
[0.422s] -- Up-to-date symlink: /home/hyoin/service/install/serial/share/serial/cmake/ament_cmake_export_libraries-extras.cmake
[0.422s] -- Up-to-date symlink: /home/hyoin/service/install/serial/share/serial/cmake/serialConfig.cmake
[0.422s] -- Up-to-date symlink: /home/hyoin/service/install/serial/share/serial/cmake/serialConfig-version.cmake
[0.422s] -- Up-to-date symlink: /home/hyoin/service/install/serial/share/serial/package.xml
[0.424s] Invoked command in '/home/hyoin/service/build/serial' returned '0': CMAKE_PREFIX_PATH=/opt/ros/humble /usr/bin/cmake --install /home/hyoin/service/build/serial
