[0.009s] Invoking command in '/home/hyoin/service/build/turtlebot3_node': AMENT_PREFIX_PATH=/home/hyoin/service/install/turtlebot3_msgs:/home/hyoin/service/install/dynamixel_sdk:${AMENT_PREFIX_PATH} CMAKE_PREFIX_PATH=/home/hyoin/service/install/turtlebot3_msgs:/home/hyoin/service/install/dynamixel_sdk:/opt/ros/humble LD_LIBRARY_PATH=/home/hyoin/service/install/turtlebot3_msgs/lib:/home/hyoin/service/install/dynamixel_sdk/lib:${LD_LIBRARY_PATH} PYTHONPATH=/home/hyoin/service/install/turtlebot3_msgs/local/lib/python3.10/dist-packages:${PYTHONPATH} /usr/bin/cmake /home/hyoin/service/src/turtlebot3/turtlebot3_node -DCMAKE_INSTALL_PREFIX=/home/hyoin/service/install/turtlebot3_node
[0.016s] -- Found ament_cmake: 1.3.11 (/opt/ros/humble/share/ament_cmake/cmake)
[0.108s] -- Override CMake install command with custom implementation using symlinks instead of copying resources
[0.113s] -- Found dynamixel_sdk: 3.7.60 (/home/hyoin/service/install/dynamixel_sdk/share/dynamixel_sdk/cmake)
[0.113s] -- Found geometry_msgs: 4.2.4 (/opt/ros/humble/share/geometry_msgs/cmake)
[0.130s] -- Found rosidl_generator_c: 3.1.6 (/opt/ros/humble/share/rosidl_generator_c/cmake)
[0.131s] -- Found rosidl_adapter: 3.1.6 (/opt/ros/humble/share/rosidl_adapter/cmake)
[0.135s] -- Found rosidl_generator_cpp: 3.1.6 (/opt/ros/humble/share/rosidl_generator_cpp/cmake)
[0.142s] -- Using all available rosidl_typesupport_c: rosidl_typesupport_fastrtps_c;rosidl_typesupport_introspection_c
[0.150s] -- Using all available rosidl_typesupport_cpp: rosidl_typesupport_fastrtps_cpp;rosidl_typesupport_introspection_cpp
[0.174s] -- Found message_filters: 4.3.5 (/opt/ros/humble/share/message_filters/cmake)
[0.194s] -- Found rmw_implementation_cmake: 6.1.2 (/opt/ros/humble/share/rmw_implementation_cmake/cmake)
[0.194s] -- Found rmw_fastrtps_cpp: 6.2.7 (/opt/ros/humble/share/rmw_fastrtps_cpp/cmake)
[0.281s] -- Using RMW implementation 'rmw_fastrtps_cpp' as default
[0.309s] -- Found nav_msgs: 4.2.4 (/opt/ros/humble/share/nav_msgs/cmake)
[0.320s] -- Found sensor_msgs: 4.2.4 (/opt/ros/humble/share/sensor_msgs/cmake)
[0.333s] -- Found std_srvs: 4.2.4 (/opt/ros/humble/share/std_srvs/cmake)
[0.339s] -- Found tf2: 0.25.9 (/opt/ros/humble/share/tf2/cmake)
[0.341s] -- Found tf2_ros: 0.25.9 (/opt/ros/humble/share/tf2_ros/cmake)
[0.392s] -- Found turtlebot3_msgs: 2.2.3 (/home/hyoin/service/install/turtlebot3_msgs/share/turtlebot3_msgs/cmake)
[0.456s] -- Configuring done
[0.468s] -- Generating done
[0.472s] -- Build files have been written to: /home/hyoin/service/build/turtlebot3_node
[0.488s] Invoked command in '/home/hyoin/service/build/turtlebot3_node' returned '0': AMENT_PREFIX_PATH=/home/hyoin/service/install/turtlebot3_msgs:/home/hyoin/service/install/dynamixel_sdk:${AMENT_PREFIX_PATH} CMAKE_PREFIX_PATH=/home/hyoin/service/install/turtlebot3_msgs:/home/hyoin/service/install/dynamixel_sdk:/opt/ros/humble LD_LIBRARY_PATH=/home/hyoin/service/install/turtlebot3_msgs/lib:/home/hyoin/service/install/dynamixel_sdk/lib:${LD_LIBRARY_PATH} PYTHONPATH=/home/hyoin/service/install/turtlebot3_msgs/local/lib/python3.10/dist-packages:${PYTHONPATH} /usr/bin/cmake /home/hyoin/service/src/turtlebot3/turtlebot3_node -DCMAKE_INSTALL_PREFIX=/home/hyoin/service/install/turtlebot3_node
[0.489s] Invoking command in '/home/hyoin/service/build/turtlebot3_node': AMENT_PREFIX_PATH=/home/hyoin/service/install/turtlebot3_msgs:/home/hyoin/service/install/dynamixel_sdk:${AMENT_PREFIX_PATH} CMAKE_PREFIX_PATH=/home/hyoin/service/install/turtlebot3_msgs:/home/hyoin/service/install/dynamixel_sdk:/opt/ros/humble LD_LIBRARY_PATH=/home/hyoin/service/install/turtlebot3_msgs/lib:/home/hyoin/service/install/dynamixel_sdk/lib:${LD_LIBRARY_PATH} PYTHONPATH=/home/hyoin/service/install/turtlebot3_msgs/local/lib/python3.10/dist-packages:${PYTHONPATH} /usr/bin/cmake --build /home/hyoin/service/build/turtlebot3_node -- -j8 -l8
[0.520s] [35m[1mConsolidate compiler generated dependencies of target turtlebot3_node_lib[0m
[0.541s] [ 85%] Built target turtlebot3_node_lib
[0.548s] [35m[1mConsolidate compiler generated dependencies of target turtlebot3_ros[0m
[0.559s] [100%] Built target turtlebot3_ros
[0.567s] Invoked command in '/home/hyoin/service/build/turtlebot3_node' returned '0': AMENT_PREFIX_PATH=/home/hyoin/service/install/turtlebot3_msgs:/home/hyoin/service/install/dynamixel_sdk:${AMENT_PREFIX_PATH} CMAKE_PREFIX_PATH=/home/hyoin/service/install/turtlebot3_msgs:/home/hyoin/service/install/dynamixel_sdk:/opt/ros/humble LD_LIBRARY_PATH=/home/hyoin/service/install/turtlebot3_msgs/lib:/home/hyoin/service/install/dynamixel_sdk/lib:${LD_LIBRARY_PATH} PYTHONPATH=/home/hyoin/service/install/turtlebot3_msgs/local/lib/python3.10/dist-packages:${PYTHONPATH} /usr/bin/cmake --build /home/hyoin/service/build/turtlebot3_node -- -j8 -l8
[0.567s] Invoking command in '/home/hyoin/service/build/turtlebot3_node': AMENT_PREFIX_PATH=/home/hyoin/service/install/turtlebot3_msgs:/home/hyoin/service/install/dynamixel_sdk:${AMENT_PREFIX_PATH} CMAKE_PREFIX_PATH=/home/hyoin/service/install/turtlebot3_msgs:/home/hyoin/service/install/dynamixel_sdk:/opt/ros/humble LD_LIBRARY_PATH=/home/hyoin/service/install/turtlebot3_msgs/lib:/home/hyoin/service/install/dynamixel_sdk/lib:${LD_LIBRARY_PATH} PYTHONPATH=/home/hyoin/service/install/turtlebot3_msgs/local/lib/python3.10/dist-packages:${PYTHONPATH} /usr/bin/cmake --install /home/hyoin/service/build/turtlebot3_node
[0.573s] -- Install configuration: ""
[0.573s] -- Execute custom install script
[0.573s] -- Up-to-date symlink: /home/hyoin/service/install/turtlebot3_node/share/turtlebot3_node/param/burger.yaml
[0.573s] -- Up-to-date symlink: /home/hyoin/service/install/turtlebot3_node/share/turtlebot3_node/param/waffle.yaml
[0.573s] -- Up-to-date symlink: /home/hyoin/service/install/turtlebot3_node/share/turtlebot3_node/param/waffle_pi.yaml
[0.573s] -- Up-to-date symlink: /home/hyoin/service/install/turtlebot3_node/lib/turtlebot3_node/turtlebot3_ros
[0.574s] -- Up-to-date symlink: /home/hyoin/service/install/turtlebot3_node/share/ament_index/resource_index/package_run_dependencies/turtlebot3_node
[0.574s] -- Up-to-date symlink: /home/hyoin/service/install/turtlebot3_node/share/ament_index/resource_index/parent_prefix_path/turtlebot3_node
[0.574s] -- Up-to-date symlink: /home/hyoin/service/install/turtlebot3_node/share/turtlebot3_node/environment/ament_prefix_path.sh
[0.574s] -- Up-to-date symlink: /home/hyoin/service/install/turtlebot3_node/share/turtlebot3_node/environment/ament_prefix_path.dsv
[0.574s] -- Up-to-date symlink: /home/hyoin/service/install/turtlebot3_node/share/turtlebot3_node/environment/path.sh
[0.574s] -- Up-to-date symlink: /home/hyoin/service/install/turtlebot3_node/share/turtlebot3_node/environment/path.dsv
[0.574s] -- Up-to-date symlink: /home/hyoin/service/install/turtlebot3_node/share/turtlebot3_node/local_setup.bash
[0.574s] -- Up-to-date symlink: /home/hyoin/service/install/turtlebot3_node/share/turtlebot3_node/local_setup.sh
[0.574s] -- Up-to-date symlink: /home/hyoin/service/install/turtlebot3_node/share/turtlebot3_node/local_setup.zsh
[0.574s] -- Up-to-date symlink: /home/hyoin/service/install/turtlebot3_node/share/turtlebot3_node/local_setup.dsv
[0.574s] -- Symlinking: /home/hyoin/service/install/turtlebot3_node/share/turtlebot3_node/package.dsv
[0.580s] -- Up-to-date symlink: /home/hyoin/service/install/turtlebot3_node/share/ament_index/resource_index/packages/turtlebot3_node
[0.580s] -- Up-to-date symlink: /home/hyoin/service/install/turtlebot3_node/share/turtlebot3_node/cmake/ament_cmake_export_include_directories-extras.cmake
[0.580s] -- Up-to-date symlink: /home/hyoin/service/install/turtlebot3_node/share/turtlebot3_node/cmake/turtlebot3_nodeConfig.cmake
[0.580s] -- Up-to-date symlink: /home/hyoin/service/install/turtlebot3_node/share/turtlebot3_node/cmake/turtlebot3_nodeConfig-version.cmake
[0.581s] -- Up-to-date symlink: /home/hyoin/service/install/turtlebot3_node/share/turtlebot3_node/package.xml
[0.582s] Invoked command in '/home/hyoin/service/build/turtlebot3_node' returned '0': AMENT_PREFIX_PATH=/home/hyoin/service/install/turtlebot3_msgs:/home/hyoin/service/install/dynamixel_sdk:${AMENT_PREFIX_PATH} CMAKE_PREFIX_PATH=/home/hyoin/service/install/turtlebot3_msgs:/home/hyoin/service/install/dynamixel_sdk:/opt/ros/humble LD_LIBRARY_PATH=/home/hyoin/service/install/turtlebot3_msgs/lib:/home/hyoin/service/install/dynamixel_sdk/lib:${LD_LIBRARY_PATH} PYTHONPATH=/home/hyoin/service/install/turtlebot3_msgs/local/lib/python3.10/dist-packages:${PYTHONPATH} /usr/bin/cmake --install /home/hyoin/service/build/turtlebot3_node
