[0.016s] Invoking command in '/home/hyoin/service/build/serial': CMAKE_PREFIX_PATH=${CMAKE_PREFIX_PATH}:/home/hyoin/service/install/turtlebot3_teleop:/home/hyoin/service/install/turtlebot3_example:/opt/ros/humble /usr/bin/cmake /home/hyoin/service/src/serial -DCMAKE_INSTALL_PREFIX=/home/hyoin/service/install/serial
[0.024s] -- Found ament_cmake: 1.3.11 (/opt/ros/humble/share/ament_cmake/cmake)
[0.112s] -- Override CMake install command with custom implementation using symlinks instead of copying resources
[0.118s] -- Found ament_cmake_gtest: 1.3.11 (/opt/ros/humble/share/ament_cmake_gtest/cmake)
[0.118s] -- Found gtest sources under '/opt/ros/humble/src/gtest_vendor': C++ tests using 'Google Test' will be built
[0.186s] -- Configuring done
[0.192s] -- Generating done
[0.195s] -- Build files have been written to: /home/hyoin/service/build/serial
[0.246s] Invoked command in '/home/hyoin/service/build/serial' returned '0': CMAKE_PREFIX_PATH=${CMAKE_PREFIX_PATH}:/home/hyoin/service/install/turtlebot3_teleop:/home/hyoin/service/install/turtlebot3_example:/opt/ros/humble /usr/bin/cmake /home/hyoin/service/src/serial -DCMAKE_INSTALL_PREFIX=/home/hyoin/service/install/serial
[0.248s] Invoking command in '/home/hyoin/service/build/serial': CMAKE_PREFIX_PATH=${CMAKE_PREFIX_PATH}:/home/hyoin/service/install/turtlebot3_teleop:/home/hyoin/service/install/turtlebot3_example:/opt/ros/humble /usr/bin/cmake --build /home/hyoin/service/build/serial -- -j8 -l8
[0.279s] [35m[1mConsolidate compiler generated dependencies of target serial[0m
[0.279s] [35m[1mConsolidate compiler generated dependencies of target gtest_main[0m
[0.279s] [35m[1mConsolidate compiler generated dependencies of target gtest[0m
[0.286s] [ 14%] Built target gtest_main
[0.289s] [ 42%] Built target serial
[0.291s] [ 57%] Built target gtest
[0.299s] [35m[1mConsolidate compiler generated dependencies of target serial_example[0m
[0.300s] [35m[1mConsolidate compiler generated dependencies of target serial-test-timer[0m
[0.300s] [35m[1mConsolidate compiler generated dependencies of target serial-test[0m
[0.311s] [ 71%] Built target serial_example
[0.314s] [100%] Built target serial-test-timer
[0.314s] [100%] Built target serial-test
[0.325s] Invoked command in '/home/hyoin/service/build/serial' returned '0': CMAKE_PREFIX_PATH=${CMAKE_PREFIX_PATH}:/home/hyoin/service/install/turtlebot3_teleop:/home/hyoin/service/install/turtlebot3_example:/opt/ros/humble /usr/bin/cmake --build /home/hyoin/service/build/serial -- -j8 -l8
[0.335s] Invoking command in '/home/hyoin/service/build/serial': CMAKE_PREFIX_PATH=${CMAKE_PREFIX_PATH}:/home/hyoin/service/install/turtlebot3_teleop:/home/hyoin/service/install/turtlebot3_example:/opt/ros/humble /usr/bin/cmake --install /home/hyoin/service/build/serial
[0.343s] -- Install configuration: ""
[0.344s] -- Execute custom install script
[0.344s] -- Up-to-date symlink: /home/hyoin/service/install/serial/lib/libserial.a
[0.344s] -- Up-to-date symlink: /home/hyoin/service/install/serial/include/serial/impl/unix.h
[0.344s] -- Up-to-date symlink: /home/hyoin/service/install/serial/include/serial/impl/win.h
[0.344s] -- Up-to-date symlink: /home/hyoin/service/install/serial/include/serial/serial.h
[0.345s] -- Up-to-date symlink: /home/hyoin/service/install/serial/include/serial/v8stdint.h
[0.345s] -- Up-to-date symlink: /home/hyoin/service/install/serial/bin/serial_example
[0.345s] -- Up-to-date symlink: /home/hyoin/service/install/serial/share/serial/environment/library_path.sh
[0.345s] -- Up-to-date symlink: /home/hyoin/service/install/serial/share/serial/environment/library_path.dsv
[0.345s] -- Up-to-date symlink: /home/hyoin/service/install/serial/share/ament_index/resource_index/package_run_dependencies/serial
[0.345s] -- Up-to-date symlink: /home/hyoin/service/install/serial/share/ament_index/resource_index/parent_prefix_path/serial
[0.346s] -- Up-to-date symlink: /home/hyoin/service/install/serial/share/serial/environment/ament_prefix_path.sh
[0.346s] -- Up-to-date symlink: /home/hyoin/service/install/serial/share/serial/environment/ament_prefix_path.dsv
[0.346s] -- Up-to-date symlink: /home/hyoin/service/install/serial/share/serial/environment/path.sh
[0.346s] -- Up-to-date symlink: /home/hyoin/service/install/serial/share/serial/environment/path.dsv
[0.346s] -- Up-to-date symlink: /home/hyoin/service/install/serial/share/serial/local_setup.bash
[0.346s] -- Up-to-date symlink: /home/hyoin/service/install/serial/share/serial/local_setup.sh
[0.347s] -- Up-to-date symlink: /home/hyoin/service/install/serial/share/serial/local_setup.zsh
[0.347s] -- Up-to-date symlink: /home/hyoin/service/install/serial/share/serial/local_setup.dsv
[0.347s] -- Symlinking: /home/hyoin/service/install/serial/share/serial/package.dsv
[0.356s] -- Up-to-date symlink: /home/hyoin/service/install/serial/share/ament_index/resource_index/packages/serial
[0.356s] -- Up-to-date symlink: /home/hyoin/service/install/serial/share/serial/cmake/ament_cmake_export_include_directories-extras.cmake
[0.357s] -- Up-to-date symlink: /home/hyoin/service/install/serial/share/serial/cmake/ament_cmake_export_libraries-extras.cmake
[0.357s] -- Up-to-date symlink: /home/hyoin/service/install/serial/share/serial/cmake/serialConfig.cmake
[0.357s] -- Up-to-date symlink: /home/hyoin/service/install/serial/share/serial/cmake/serialConfig-version.cmake
[0.357s] -- Up-to-date symlink: /home/hyoin/service/install/serial/share/serial/package.xml
[0.360s] Invoked command in '/home/hyoin/service/build/serial' returned '0': CMAKE_PREFIX_PATH=${CMAKE_PREFIX_PATH}:/home/hyoin/service/install/turtlebot3_teleop:/home/hyoin/service/install/turtlebot3_example:/opt/ros/humble /usr/bin/cmake --install /home/hyoin/service/build/serial
