[0.007s] Invoking command in '/home/hyoin/service/build/serial': CMAKE_PREFIX_PATH=${CMAKE_PREFIX_PATH}:/home/hyoin/service/install/turtlebot3_teleop:/home/hyoin/service/install/turtlebot3_example:/opt/ros/humble /usr/bin/cmake /home/hyoin/service/src/serial -DAMENT_CMAKE_SYMLINK_INSTALL=1 -DCMAKE_INSTALL_PREFIX=/home/hyoin/service/install/serial
[0.063s] -- The C compiler identification is GNU 11.4.0
[0.104s] -- The CXX compiler identification is GNU 11.4.0
[0.110s] -- Detecting C compiler ABI info
[0.158s] -- Detecting C compiler ABI info - done
[0.168s] -- Check for working C compiler: /usr/bin/cc - skipped
[0.168s] -- Detecting C compile features
[0.168s] -- Detecting C compile features - done
[0.171s] -- Detecting CXX compiler ABI info
[0.225s] -- Detecting CXX compiler ABI info - done
[0.231s] -- Check for working CXX compiler: /usr/bin/c++ - skipped
[0.231s] -- Detecting CXX compile features
[0.231s] -- Detecting CXX compile features - done
[0.233s] -- Found ament_cmake: 1.3.11 (/opt/ros/humble/share/ament_cmake/cmake)
[0.333s] -- Found Python3: /usr/bin/python3 (found version "3.10.12") found components: Interpreter 
[0.374s] -- Override CMake install command with custom implementation using symlinks instead of copying resources
[0.399s] -- Found ament_cmake_gtest: 1.3.11 (/opt/ros/humble/share/ament_cmake_gtest/cmake)
[0.400s] -- Found gtest sources under '/opt/ros/humble/src/gtest_vendor': C++ tests using 'Google Test' will be built
[0.402s] -- Looking for pthread.h
[0.449s] -- Looking for pthread.h - found
[0.449s] -- Performing Test CMAKE_HAVE_LIBC_PTHREAD
[0.497s] -- Performing Test CMAKE_HAVE_LIBC_PTHREAD - Success
[0.498s] -- Found Threads: TRUE  
[0.544s] -- Configuring done
[0.550s] -- Generating done
[0.552s] -- Build files have been written to: /home/hyoin/service/build/serial
[0.557s] Invoked command in '/home/hyoin/service/build/serial' returned '0': CMAKE_PREFIX_PATH=${CMAKE_PREFIX_PATH}:/home/hyoin/service/install/turtlebot3_teleop:/home/hyoin/service/install/turtlebot3_example:/opt/ros/humble /usr/bin/cmake /home/hyoin/service/src/serial -DAMENT_CMAKE_SYMLINK_INSTALL=1 -DCMAKE_INSTALL_PREFIX=/home/hyoin/service/install/serial
[0.557s] Invoking command in '/home/hyoin/service/build/serial': CMAKE_PREFIX_PATH=${CMAKE_PREFIX_PATH}:/home/hyoin/service/install/turtlebot3_teleop:/home/hyoin/service/install/turtlebot3_example:/opt/ros/humble /usr/bin/cmake --build /home/hyoin/service/build/serial -- -j8 -l8
[0.587s] [ 14%] [32mBuilding CXX object gtest/CMakeFiles/gtest_main.dir/src/gtest_main.cc.o[0m
[0.587s] [ 14%] [32mBuilding CXX object CMakeFiles/serial.dir/src/serial.cc.o[0m
[0.589s] [ 21%] [32mBuilding CXX object gtest/CMakeFiles/gtest.dir/src/gtest-all.cc.o[0m
[0.589s] [ 35%] [32mBuilding CXX object CMakeFiles/serial.dir/src/impl/unix.cc.o[0m
[0.589s] [ 35%] [32mBuilding CXX object CMakeFiles/serial.dir/src/impl/list_ports/list_ports_linux.cc.o[0m
[1.082s] [ 42%] [32m[1mLinking CXX static library libserial.a[0m
[1.107s] [ 42%] Built target serial
[1.122s] [ 50%] [32mBuilding CXX object CMakeFiles/serial_example.dir/examples/serial_example.cc.o[0m
[1.402s] [ 57%] [32m[1mLinking CXX static library libgtest_main.a[0m
[1.404s] [ 64%] [32m[1mLinking CXX executable serial_example[0m
[1.424s] [ 64%] Built target gtest_main
[1.461s] [ 64%] Built target serial_example
[2.794s] [ 71%] [32m[1mLinking CXX static library libgtest.a[0m
[2.831s] [ 71%] Built target gtest
[2.844s] [ 85%] [32mBuilding CXX object tests/CMakeFiles/serial-test.dir/unix_serial_tests.cc.o[0m
[2.844s] [ 85%] [32mBuilding CXX object tests/CMakeFiles/serial-test-timer.dir/unit/unix_timer_tests.cc.o[0m
[3.475s] [ 92%] [32m[1mLinking CXX executable serial-test-timer[0m
[3.529s] [100%] [32m[1mLinking CXX executable serial-test[0m
[3.562s] [100%] Built target serial-test-timer
[3.619s] [100%] Built target serial-test
[3.626s] Invoked command in '/home/hyoin/service/build/serial' returned '0': CMAKE_PREFIX_PATH=${CMAKE_PREFIX_PATH}:/home/hyoin/service/install/turtlebot3_teleop:/home/hyoin/service/install/turtlebot3_example:/opt/ros/humble /usr/bin/cmake --build /home/hyoin/service/build/serial -- -j8 -l8
[3.633s] Invoking command in '/home/hyoin/service/build/serial': CMAKE_PREFIX_PATH=${CMAKE_PREFIX_PATH}:/home/hyoin/service/install/turtlebot3_teleop:/home/hyoin/service/install/turtlebot3_example:/opt/ros/humble /usr/bin/cmake --install /home/hyoin/service/build/serial
[3.638s] -- Install configuration: ""
[3.638s] -- Execute custom install script
[3.638s] -- Symlinking: /home/hyoin/service/install/serial/lib/libserial.a
[3.644s] -- Symlinking: /home/hyoin/service/install/serial/include/serial/impl/unix.h
[3.650s] -- Symlinking: /home/hyoin/service/install/serial/include/serial/impl/win.h
[3.656s] -- Symlinking: /home/hyoin/service/install/serial/include/serial/serial.h
[3.661s] -- Symlinking: /home/hyoin/service/install/serial/include/serial/v8stdint.h
[3.667s] -- Symlinking: /home/hyoin/service/install/serial/bin/serial_example
[3.673s] -- Symlinking: /home/hyoin/service/install/serial/share/serial/environment/library_path.sh
[3.679s] -- Symlinking: /home/hyoin/service/install/serial/share/serial/environment/library_path.dsv
[3.684s] -- Symlinking: /home/hyoin/service/install/serial/share/ament_index/resource_index/package_run_dependencies/serial
[3.690s] -- Symlinking: /home/hyoin/service/install/serial/share/ament_index/resource_index/parent_prefix_path/serial
[3.696s] -- Symlinking: /home/hyoin/service/install/serial/share/serial/environment/ament_prefix_path.sh
[3.702s] -- Symlinking: /home/hyoin/service/install/serial/share/serial/environment/ament_prefix_path.dsv
[3.708s] -- Symlinking: /home/hyoin/service/install/serial/share/serial/environment/path.sh
[3.715s] -- Symlinking: /home/hyoin/service/install/serial/share/serial/environment/path.dsv
[3.721s] -- Symlinking: /home/hyoin/service/install/serial/share/serial/local_setup.bash
[3.726s] -- Symlinking: /home/hyoin/service/install/serial/share/serial/local_setup.sh
[3.732s] -- Symlinking: /home/hyoin/service/install/serial/share/serial/local_setup.zsh
[3.738s] -- Symlinking: /home/hyoin/service/install/serial/share/serial/local_setup.dsv
[3.744s] -- Symlinking: /home/hyoin/service/install/serial/share/serial/package.dsv
[3.749s] -- Symlinking: /home/hyoin/service/install/serial/share/ament_index/resource_index/packages/serial
[3.755s] -- Symlinking: /home/hyoin/service/install/serial/share/serial/cmake/ament_cmake_export_include_directories-extras.cmake
[3.761s] -- Symlinking: /home/hyoin/service/install/serial/share/serial/cmake/ament_cmake_export_libraries-extras.cmake
[3.766s] -- Symlinking: /home/hyoin/service/install/serial/share/serial/cmake/serialConfig.cmake
[3.772s] -- Symlinking: /home/hyoin/service/install/serial/share/serial/cmake/serialConfig-version.cmake
[3.778s] -- Symlinking: /home/hyoin/service/install/serial/share/serial/package.xml
[3.785s] Invoked command in '/home/hyoin/service/build/serial' returned '0': CMAKE_PREFIX_PATH=${CMAKE_PREFIX_PATH}:/home/hyoin/service/install/turtlebot3_teleop:/home/hyoin/service/install/turtlebot3_example:/opt/ros/humble /usr/bin/cmake --install /home/hyoin/service/build/serial
