[0.020s] Invoking command in '/home/hyoin/service/build/turtlebot3_navigation2': CMAKE_PREFIX_PATH=/opt/ros/humble /usr/bin/cmake /home/hyoin/service/src/turtlebot3/turtlebot3_navigation2 -DAMENT_CMAKE_SYMLINK_INSTALL=1 -DCMAKE_INSTALL_PREFIX=/home/hyoin/service/install/turtlebot3_navigation2
[0.669s] -- The C compiler identification is GNU 11.4.0
[0.670s] -- The CXX compiler identification is GNU 11.4.0
[0.670s] -- Detecting C compiler ABI info
[0.670s] -- Detecting C compiler ABI info - done
[0.670s] -- Check for working C compiler: /usr/bin/cc - skipped
[0.670s] -- Detecting C compile features
[0.670s] -- Detecting C compile features - done
[0.670s] -- Detecting CXX compiler ABI info
[0.670s] -- Detecting CXX compiler ABI info - done
[0.670s] -- Check for working CXX compiler: /usr/bin/c++ - skipped
[0.670s] -- Detecting CXX compile features
[0.670s] -- Detecting CXX compile features - done
[0.670s] -- Found ament_cmake: 1.3.11 (/opt/ros/humble/share/ament_cmake/cmake)
[0.670s] -- Found Python3: /usr/bin/python3 (found version "3.10.12") found components: Interpreter 
[0.670s] -- Override CMake install command with custom implementation using symlinks instead of copying resources
[0.670s] -- Configuring done
[0.670s] -- Generating done
[0.670s] -- Build files have been written to: /home/hyoin/service/build/turtlebot3_navigation2
[0.674s] Invoked command in '/home/hyoin/service/build/turtlebot3_navigation2' returned '0': CMAKE_PREFIX_PATH=/opt/ros/humble /usr/bin/cmake /home/hyoin/service/src/turtlebot3/turtlebot3_navigation2 -DAMENT_CMAKE_SYMLINK_INSTALL=1 -DCMAKE_INSTALL_PREFIX=/home/hyoin/service/install/turtlebot3_navigation2
[0.674s] Invoking command in '/home/hyoin/service/build/turtlebot3_navigation2': CMAKE_PREFIX_PATH=/opt/ros/humble /usr/bin/cmake --build /home/hyoin/service/build/turtlebot3_navigation2 -- -j8 -l8
[0.732s] Invoked command in '/home/hyoin/service/build/turtlebot3_navigation2' returned '0': CMAKE_PREFIX_PATH=/opt/ros/humble /usr/bin/cmake --build /home/hyoin/service/build/turtlebot3_navigation2 -- -j8 -l8
[0.733s] Invoking command in '/home/hyoin/service/build/turtlebot3_navigation2': CMAKE_PREFIX_PATH=/opt/ros/humble /usr/bin/cmake --install /home/hyoin/service/build/turtlebot3_navigation2
[1.032s] -- Install configuration: ""
[1.032s] -- Execute custom install script
[1.032s] -- Symlinking: /home/hyoin/service/install/turtlebot3_navigation2/share/turtlebot3_navigation2/launch/navigation2.launch.py
[1.033s] -- Symlinking: /home/hyoin/service/install/turtlebot3_navigation2/share/turtlebot3_navigation2/map/map.pgm
[1.033s] -- Symlinking: /home/hyoin/service/install/turtlebot3_navigation2/share/turtlebot3_navigation2/map/map.yaml
[1.033s] -- Symlinking: /home/hyoin/service/install/turtlebot3_navigation2/share/turtlebot3_navigation2/param/burger.yaml
[1.033s] -- Symlinking: /home/hyoin/service/install/turtlebot3_navigation2/share/turtlebot3_navigation2/param/waffle.yaml
[1.033s] -- Symlinking: /home/hyoin/service/install/turtlebot3_navigation2/share/turtlebot3_navigation2/param/waffle_pi.yaml
[1.033s] -- Symlinking: /home/hyoin/service/install/turtlebot3_navigation2/share/turtlebot3_navigation2/rviz/tb3_navigation2.rviz
[1.033s] -- Symlinking: /home/hyoin/service/install/turtlebot3_navigation2/share/ament_index/resource_index/package_run_dependencies/turtlebot3_navigation2
[1.033s] -- Symlinking: /home/hyoin/service/install/turtlebot3_navigation2/share/ament_index/resource_index/parent_prefix_path/turtlebot3_navigation2
[1.033s] -- Symlinking: /home/hyoin/service/install/turtlebot3_navigation2/share/turtlebot3_navigation2/environment/ament_prefix_path.sh
[1.033s] -- Symlinking: /home/hyoin/service/install/turtlebot3_navigation2/share/turtlebot3_navigation2/environment/ament_prefix_path.dsv
[1.033s] -- Symlinking: /home/hyoin/service/install/turtlebot3_navigation2/share/turtlebot3_navigation2/environment/path.sh
[1.033s] -- Symlinking: /home/hyoin/service/install/turtlebot3_navigation2/share/turtlebot3_navigation2/environment/path.dsv
[1.033s] -- Symlinking: /home/hyoin/service/install/turtlebot3_navigation2/share/turtlebot3_navigation2/local_setup.bash
[1.033s] -- Symlinking: /home/hyoin/service/install/turtlebot3_navigation2/share/turtlebot3_navigation2/local_setup.sh
[1.035s] -- Symlinking: /home/hyoin/service/install/turtlebot3_navigation2/share/turtlebot3_navigation2/local_setup.zsh
[1.035s] -- Symlinking: /home/hyoin/service/install/turtlebot3_navigation2/share/turtlebot3_navigation2/local_setup.dsv
[1.035s] -- Symlinking: /home/hyoin/service/install/turtlebot3_navigation2/share/turtlebot3_navigation2/package.dsv
[1.035s] -- Symlinking: /home/hyoin/service/install/turtlebot3_navigation2/share/ament_index/resource_index/packages/turtlebot3_navigation2
[1.035s] -- Symlinking: /home/hyoin/service/install/turtlebot3_navigation2/share/turtlebot3_navigation2/cmake/turtlebot3_navigation2Config.cmake
[1.035s] -- Symlinking: /home/hyoin/service/install/turtlebot3_navigation2/share/turtlebot3_navigation2/cmake/turtlebot3_navigation2Config-version.cmake
[1.057s] -- Symlinking: /home/hyoin/service/install/turtlebot3_navigation2/share/turtlebot3_navigation2/package.xml
[1.125s] Invoked command in '/home/hyoin/service/build/turtlebot3_navigation2' returned '0': CMAKE_PREFIX_PATH=/opt/ros/humble /usr/bin/cmake --install /home/hyoin/service/build/turtlebot3_navigation2
